#
# A fatal error has been detected by the Java Runtime Environment:
#
#  EXCEPTION_ACCESS_VIOLATION (0xc0000005) at pc=0x000000006dd84bc2, pid=5396, tid=4512
#
# JRE version: Java(TM) SE Runtime Environment (8.0_05-b13) (build 1.8.0_05-b13)
# Java VM: Java HotSpot(TM) 64-Bit Server VM (25.5-b02 mixed mode windows-amd64 compressed oops)
# Problematic frame:
# V  [jvm.dll+0x424bc2]
#
# Failed to write core dump. Minidumps are not enabled by default on client versions of Windows
#
# If you would like to submit a bug report, please visit:
#   http://bugreport.sun.com/bugreport/crash.jsp
#

---------------  T H R E A D  ---------------

Current thread (0x00000000143a2800):  JavaThread "C2 CompilerThread1" daemon [_thread_in_native, id=4512, stack(0x0000000015db0000,0x0000000015eb0000)]

siginfo: ExceptionCode=0xc0000005, reading address 0x0000000000000000

Registers:
RAX=0x00000000191f5d88, RBX=0x0000000000000600, RCX=0x0000000000000000, RDX=0x0000000018ebeb90
RSP=0x0000000015eac5b0, RBP=0x00000000000000c0, RSI=0x00000000000000b8, RDI=0x0000000000000000
R8 =0x000000006d960000, R9 =0x0000000015eac8d0, R10=0x00000000ffffffff, R11=0x00000000159ac940
R12=0x00000000191f64a0, R13=0x0000000017d1be88, R14=0x0000000000000008, R15=0x0000000017d1be88
RIP=0x000000006dd84bc2, EFLAGS=0x0000000000010206

Top of Stack: (sp=0x0000000015eac5b0)
0x0000000015eac5b0:   00000000000000dc 00000000000000b0
0x0000000015eac5c0:   000000000000000a 0000000018eba390
0x0000000015eac5d0:   0000000000000001 0000000000000600
0x0000000015eac5e0:   0000000000000180 00000000000000c0
0x0000000015eac5f0:   0000000017309c40 00000000143a4310
0x0000000015eac600:   0000000000000750 0000000018eba390
0x0000000015eac610:   0000000015eac8d0 00000000191f2e20
0x0000000015eac620:   0000000000000020 0000000000000009
0x0000000015eac630:   00000000191f6470 00000000000000dc
0x0000000015eac640:   0000000017d1be88 000000006dd8579d
0x0000000015eac650:   00000000191f6470 000000000000001c
0x0000000015eac660:   00000000000000dc 0000000015eac8d0
0x0000000015eac670:   0000000018ebeb90 00000000000000dc
0x0000000015eac680:   00000000191f2e20 0000000000000020
0x0000000015eac690:   00000000179db240 0000000015eaec40
0x0000000015eac6a0:   00000000179db870 00000000191f6470 

Instructions: (pc=0x000000006dd84bc2)
0x000000006dd84ba2:   c6 48 63 f0 48 03 f1 eb 04 48 83 ce ff 48 8b 84
0x000000006dd84bb2:   24 a0 00 00 00 48 8b 40 08 48 8b 3c 03 48 8b cf
0x000000006dd84bc2:   48 8b 07 ff 50 28 4c 8d 05 31 b4 bd ff 48 63 50
0x000000006dd84bd2:   10 4c 8b d8 48 8b ca 48 c1 e1 05 42 80 bc 01 c0 


Register to memory mapping:

RAX=0x00000000191f5d88 is an unknown value
RBX=0x0000000000000600 is an unknown value
RCX=0x0000000000000000 is an unknown value
RDX=0x0000000018ebeb90 is an unknown value
RSP=0x0000000015eac5b0 is pointing into the stack for thread: 0x00000000143a2800
RBP=0x00000000000000c0 is an unknown value
RSI=0x00000000000000b8 is an unknown value
RDI=0x0000000000000000 is an unknown value
R8 =0x000000006d960000 is an unknown value
R9 =0x0000000015eac8d0 is pointing into the stack for thread: 0x00000000143a2800
R10=0x00000000ffffffff is an unknown value
R11=0x00000000159ac940 is an unknown value
R12=0x00000000191f64a0 is an unknown value
R13=0x0000000017d1be88 is an unknown value
R14=0x0000000000000008 is an unknown value
R15=0x0000000017d1be88 is an unknown value


Stack: [0x0000000015db0000,0x0000000015eb0000],  sp=0x0000000015eac5b0,  free space=1009k
Native frames: (J=compiled Java code, j=interpreted, Vv=VM code, C=native code)
V  [jvm.dll+0x424bc2]
V  [jvm.dll+0x42579d]
V  [jvm.dll+0x425cdf]
V  [jvm.dll+0x4c5874]
V  [jvm.dll+0x44123c]
V  [jvm.dll+0x4436a9]
V  [jvm.dll+0x427532]
V  [jvm.dll+0x96702]
V  [jvm.dll+0x96ef3]
V  [jvm.dll+0x2232c4]
V  [jvm.dll+0x27baca]
C  [msvcr100.dll+0x21d9f]
C  [msvcr100.dll+0x21e3b]
C  [KERNEL32.DLL+0x8364]
C  [ntdll.dll+0x670d1]


Current CompileTask:
C2:  33234 7563       4       groovy.lang.MetaClassImpl::findPropertyMethod (356 bytes)


---------------  P R O C E S S  ---------------

Java Threads: ( => current thread )
  0x000000001ad2e800 JavaThread "seguridad.Role.data" daemon [_thread_blocked, id=2040, stack(0x000000001ea60000,0x000000001eb60000)]
  0x000000001ad33000 JavaThread "net.sf.ehcache.CacheManager@45260bf5" daemon [_thread_blocked, id=6008, stack(0x000000001dae0000,0x000000001dbe0000)]
  0x0000000016525000 JavaThread "PoolCleaner[1705072168:1493678567970]" daemon [_thread_blocked, id=11232, stack(0x000000001b9a0000,0x000000001baa0000)]
  0x0000000017270800 JavaThread "FileSystemWatcher: files=#239 cl=groovy.lang.GroovyClassLoader@65a15628" daemon [_thread_blocked, id=5616, stack(0x000000001a2d0000,0x000000001a3d0000)]
  0x0000000018374000 JavaThread "localhost-startStop-1" daemon [_thread_in_native, id=10212, stack(0x000000001a1d0000,0x000000001a2d0000)]
  0x0000000018372800 JavaThread "Tomcat-startStop-1" daemon [_thread_blocked, id=9608, stack(0x000000001a0d0000,0x000000001a1d0000)]
  0x0000000018fad800 JavaThread "Thread-3" [_thread_in_native, id=2112, stack(0x0000000019dd0000,0x0000000019ed0000)]
  0x000000001845c000 JavaThread "Thread-2" [_thread_blocked, id=12196, stack(0x0000000019960000,0x0000000019a60000)]
  0x00000000165bf800 JavaThread "NonBlockingInputStreamThread" daemon [_thread_blocked, id=4328, stack(0x0000000017020000,0x0000000017120000)]
  0x0000000015a75000 JavaThread "Service Thread" daemon [_thread_blocked, id=2956, stack(0x0000000015fb0000,0x00000000160b0000)]
  0x00000000143aa000 JavaThread "C1 CompilerThread2" daemon [_thread_blocked, id=2124, stack(0x0000000015eb0000,0x0000000015fb0000)]
=>0x00000000143a2800 JavaThread "C2 CompilerThread1" daemon [_thread_in_native, id=4512, stack(0x0000000015db0000,0x0000000015eb0000)]
  0x00000000143a2000 JavaThread "C2 CompilerThread0" daemon [_thread_in_native, id=7352, stack(0x0000000015cb0000,0x0000000015db0000)]
  0x000000001434f800 JavaThread "Attach Listener" daemon [_thread_blocked, id=2268, stack(0x00000000157b0000,0x00000000158b0000)]
  0x000000001434e800 JavaThread "Signal Dispatcher" daemon [_thread_blocked, id=10012, stack(0x00000000156b0000,0x00000000157b0000)]
  0x0000000014318800 JavaThread "Finalizer" daemon [_thread_blocked, id=6564, stack(0x00000000155b0000,0x00000000156b0000)]
  0x0000000014317800 JavaThread "Reference Handler" daemon [_thread_blocked, id=9540, stack(0x00000000154b0000,0x00000000155b0000)]
  0x00000000024e3800 JavaThread "main" [_thread_blocked, id=2084, stack(0x00000000022e0000,0x00000000023e0000)]

Other Threads:
  0x0000000014316000 VMThread [stack: 0x00000000153b0000,0x00000000154b0000] [id=7880]
  0x0000000015a7a800 WatcherThread [stack: 0x00000000160b0000,0x00000000161b0000] [id=5168]

VM state:not at safepoint (normal execution)

VM Mutex/Monitor currently owned by a thread: None

Heap:
 PSYoungGen      total 199680K, used 53985K [0x00000000f0000000, 0x0000000100000000, 0x0000000100000000)
  eden space 160768K, 9% used [0x00000000f0000000,0x00000000f0f32c68,0x00000000f9d00000)
  from space 38912K, 98% used [0x00000000f9d00000,0x00000000fc285970,0x00000000fc300000)
  to   space 53248K, 0% used [0x00000000fcc00000,0x00000000fcc00000,0x0000000100000000)
 ParOldGen       total 107520K, used 93859K [0x00000000d0000000, 0x00000000d6900000, 0x00000000f0000000)
  object space 107520K, 87% used [0x00000000d0000000,0x00000000d5ba8c78,0x00000000d6900000)
 Metaspace       used 70104K, capacity 72122K, committed 72288K, reserved 1114112K
  class space    used 7454K, capacity 7984K, committed 8064K, reserved 1048576K

Card table byte_map: [0x00000000119a0000,0x0000000011b30000] byte_map_base: 0x0000000011320000

Marking Bits: (ParMarkBitMap*) 0x000000006e1113b0
 Begin Bits: [0x0000000012030000, 0x0000000012c30000)
 End Bits:   [0x0000000012c30000, 0x0000000013830000)

Polling page: 0x0000000002200000

CodeCache: size=245760Kb used=26946Kb max_used=26946Kb free=218813Kb
 bounds [0x00000000025e0000, 0x0000000004050000, 0x00000000115e0000]
 total_blobs=7486 nmethods=6710 adapters=686
 compilation: enabled

Compilation events (10 events):
Event: 33.081 Thread 0x00000000143a2800 nmethod 7562 0x00000000040241d0 code [0x0000000004024380, 0x0000000004024f48]
Event: 33.081 Thread 0x00000000143a2800 7616       4       org.codehaus.groovy.runtime.metaclass.MetaMethodIndex::getMethods (91 bytes)
Event: 33.085 Thread 0x00000000143a2800 nmethod 7616 0x0000000004020f50 code [0x00000000040210a0, 0x0000000004021488]
Event: 33.085 Thread 0x00000000143a2800 7578       4       org.codehaus.groovy.runtime.metaclass.MetaMethodIndex::isMatchingMethod (68 bytes)
Event: 33.087 Thread 0x00000000143a2800 nmethod 7578 0x0000000004020b50 code [0x0000000004020ca0, 0x0000000004020dd8]
Event: 33.087 Thread 0x00000000143a2800 7563       4       groovy.lang.MetaClassImpl::findPropertyMethod (356 bytes)
Event: 33.094 Thread 0x00000000143aa000 7673   !   2       com.sun.beans.TypeResolver::resolve (274 bytes)
Event: 33.096 Thread 0x00000000143aa000 nmethod 7673 0x000000000401f010 code [0x000000000401f320, 0x0000000004020238]
Event: 33.127 Thread 0x00000000143aa000 7676       2       org.codehaus.groovy.util.ArrayIterator::next (19 bytes)
Event: 33.127 Thread 0x00000000143aa000 nmethod 7676 0x000000000401e8d0 code [0x000000000401ea40, 0x000000000401ebc8]

GC Heap History (10 events):
Event: 28.352 GC heap after
Heap after GC invocations=67 (full 6):
 PSYoungGen      total 216576K, used 30492K [0x00000000f0000000, 0x0000000100000000, 0x0000000100000000)
  eden space 173056K, 0% used [0x00000000f0000000,0x00000000f0000000,0x00000000fa900000)
  from space 43520K, 70% used [0x00000000fa900000,0x00000000fc6c72a8,0x00000000fd380000)
  to   space 45056K, 0% used [0x00000000fd400000,0x00000000fd400000,0x0000000100000000)
 ParOldGen       total 92672K, used 82000K [0x00000000d0000000, 0x00000000d5a80000, 0x00000000f0000000)
  object space 92672K, 88% used [0x00000000d0000000,0x00000000d50143f0,0x00000000d5a80000)
 Metaspace       used 65461K, capacity 67422K, committed 67808K, reserved 1110016K
  class space    used 6844K, capacity 7381K, committed 7424K, reserved 1048576K
}
Event: 29.179 GC heap before
{Heap before GC invocations=68 (full 6):
 PSYoungGen      total 216576K, used 203548K [0x00000000f0000000, 0x0000000100000000, 0x0000000100000000)
  eden space 173056K, 100% used [0x00000000f0000000,0x00000000fa900000,0x00000000fa900000)
  from space 43520K, 70% used [0x00000000fa900000,0x00000000fc6c72a8,0x00000000fd380000)
  to   space 45056K, 0% used [0x00000000fd400000,0x00000000fd400000,0x0000000100000000)
 ParOldGen       total 92672K, used 82000K [0x00000000d0000000, 0x00000000d5a80000, 0x00000000f0000000)
  object space 92672K, 88% used [0x00000000d0000000,0x00000000d50143f0,0x00000000d5a80000)
 Metaspace       used 66255K, capacity 68164K, committed 68448K, reserved 1110016K
  class space    used 6955K, capacity 7478K, committed 7552K, reserved 1048576K
Event: 29.216 GC heap after
Heap after GC invocations=68 (full 6):
 PSYoungGen      total 216064K, used 28721K [0x00000000f0000000, 0x0000000100000000, 0x0000000100000000)
  eden space 171008K, 0% used [0x00000000f0000000,0x00000000f0000000,0x00000000fa700000)
  from space 45056K, 63% used [0x00000000fd400000,0x00000000ff00c7f0,0x0000000100000000)
  to   space 45568K, 0% used [0x00000000fa700000,0x00000000fa700000,0x00000000fd380000)
 ParOldGen       total 92672K, used 84780K [0x00000000d0000000, 0x00000000d5a80000, 0x00000000f0000000)
  object space 92672K, 91% used [0x00000000d0000000,0x00000000d52cb268,0x00000000d5a80000)
 Metaspace       used 66255K, capacity 68164K, committed 68448K, reserved 1110016K
  class space    used 6955K, capacity 7478K, committed 7552K, reserved 1048576K
}
Event: 30.782 GC heap before
{Heap before GC invocations=69 (full 6):
 PSYoungGen      total 216064K, used 199729K [0x00000000f0000000, 0x0000000100000000, 0x0000000100000000)
  eden space 171008K, 100% used [0x00000000f0000000,0x00000000fa700000,0x00000000fa700000)
  from space 45056K, 63% used [0x00000000fd400000,0x00000000ff00c7f0,0x0000000100000000)
  to   space 45568K, 0% used [0x00000000fa700000,0x00000000fa700000,0x00000000fd380000)
 ParOldGen       total 92672K, used 84780K [0x00000000d0000000, 0x00000000d5a80000, 0x00000000f0000000)
  object space 92672K, 91% used [0x00000000d0000000,0x00000000d52cb268,0x00000000d5a80000)
 Metaspace       used 68386K, capacity 70314K, committed 70752K, reserved 1112064K
  class space    used 7192K, capacity 7703K, committed 7808K, reserved 1048576K
Event: 30.818 GC heap after
Heap after GC invocations=69 (full 6):
 PSYoungGen      total 209408K, used 38288K [0x00000000f0000000, 0x0000000100000000, 0x0000000100000000)
  eden space 171008K, 0% used [0x00000000f0000000,0x00000000f0000000,0x00000000fa700000)
  from space 38400K, 99% used [0x00000000fa700000,0x00000000fcc64250,0x00000000fcc80000)
  to   space 49664K, 0% used [0x00000000fcf80000,0x00000000fcf80000,0x0000000100000000)
 ParOldGen       total 92672K, used 86172K [0x00000000d0000000, 0x00000000d5a80000, 0x00000000f0000000)
  object space 92672K, 92% used [0x00000000d0000000,0x00000000d5427268,0x00000000d5a80000)
 Metaspace       used 68386K, capacity 70314K, committed 70752K, reserved 1112064K
  class space    used 7192K, capacity 7703K, committed 7808K, reserved 1048576K
}
Event: 30.818 GC heap before
{Heap before GC invocations=70 (full 7):
 PSYoungGen      total 209408K, used 38288K [0x00000000f0000000, 0x0000000100000000, 0x0000000100000000)
  eden space 171008K, 0% used [0x00000000f0000000,0x00000000f0000000,0x00000000fa700000)
  from space 38400K, 99% used [0x00000000fa700000,0x00000000fcc64250,0x00000000fcc80000)
  to   space 49664K, 0% used [0x00000000fcf80000,0x00000000fcf80000,0x0000000100000000)
 ParOldGen       total 92672K, used 86172K [0x00000000d0000000, 0x00000000d5a80000, 0x00000000f0000000)
  object space 92672K, 92% used [0x00000000d0000000,0x00000000d5427268,0x00000000d5a80000)
 Metaspace       used 68386K, capacity 70314K, committed 70752K, reserved 1112064K
  class space    used 7192K, capacity 7703K, committed 7808K, reserved 1048576K
Event: 31.619 GC heap after
Heap after GC invocations=70 (full 7):
 PSYoungGen      total 209408K, used 31329K [0x00000000f0000000, 0x0000000100000000, 0x0000000100000000)
  eden space 171008K, 0% used [0x00000000f0000000,0x00000000f0000000,0x00000000fa700000)
  from space 38400K, 81% used [0x00000000fa700000,0x00000000fc598578,0x00000000fcc80000)
  to   space 49664K, 0% used [0x00000000fcf80000,0x00000000fcf80000,0x0000000100000000)
 ParOldGen       total 107520K, used 92434K [0x00000000d0000000, 0x00000000d6900000, 0x00000000f0000000)
  object space 107520K, 85% used [0x00000000d0000000,0x00000000d5a44ab8,0x00000000d6900000)
 Metaspace       used 68382K, capacity 70308K, committed 70752K, reserved 1112064K
  class space    used 7191K, capacity 7702K, committed 7808K, reserved 1048576K
}
Event: 32.378 GC heap before
{Heap before GC invocations=71 (full 7):
 PSYoungGen      total 209408K, used 202337K [0x00000000f0000000, 0x0000000100000000, 0x0000000100000000)
  eden space 171008K, 100% used [0x00000000f0000000,0x00000000fa700000,0x00000000fa700000)
  from space 38400K, 81% used [0x00000000fa700000,0x00000000fc598578,0x00000000fcc80000)
  to   space 49664K, 0% used [0x00000000fcf80000,0x00000000fcf80000,0x0000000100000000)
 ParOldGen       total 107520K, used 92434K [0x00000000d0000000, 0x00000000d6900000, 0x00000000f0000000)
  object space 107520K, 85% used [0x00000000d0000000,0x00000000d5a44ab8,0x00000000d6900000)
 Metaspace       used 68993K, capacity 70920K, committed 71264K, reserved 1112064K
  class space    used 7271K, capacity 7772K, committed 7808K, reserved 1048576K
Event: 32.414 GC heap after
Heap after GC invocations=71 (full 7):
 PSYoungGen      total 210432K, used 32538K [0x00000000f0000000, 0x0000000100000000, 0x0000000100000000)
  eden space 160768K, 0% used [0x00000000f0000000,0x00000000f0000000,0x00000000f9d00000)
  from space 49664K, 65% used [0x00000000fcf80000,0x00000000fef46bb8,0x0000000100000000)
  to   space 50688K, 0% used [0x00000000f9d00000,0x00000000f9d00000,0x00000000fce80000)
 ParOldGen       total 107520K, used 93715K [0x00000000d0000000, 0x00000000d6900000, 0x00000000f0000000)
  object space 107520K, 87% used [0x00000000d0000000,0x00000000d5b84c78,0x00000000d6900000)
 Metaspace       used 68993K, capacity 70920K, committed 71264K, reserved 1112064K
  class space    used 7271K, capacity 7772K, committed 7808K, reserved 1048576K
}
Event: 33.143 GC heap before
{Heap before GC invocations=72 (full 7):
 PSYoungGen      total 210432K, used 192790K [0x00000000f0000000, 0x0000000100000000, 0x0000000100000000)
  eden space 160768K, 99% used [0x00000000f0000000,0x00000000f9c7f010,0x00000000f9d00000)
  from space 49664K, 65% used [0x00000000fcf80000,0x00000000fef46bb8,0x0000000100000000)
  to   space 50688K, 0% used [0x00000000f9d00000,0x00000000f9d00000,0x00000000fce80000)
 ParOldGen       total 107520K, used 93715K [0x00000000d0000000, 0x00000000d6900000, 0x00000000f0000000)
  object space 107520K, 87% used [0x00000000d0000000,0x00000000d5b84c78,0x00000000d6900000)
 Metaspace       used 70021K, capacity 72034K, committed 72288K, reserved 1114112K
  class space    used 7443K, capacity 7979K, committed 8064K, reserved 1048576K

Deoptimization events (10 events):
Event: 31.641 Thread 0x0000000018374000 Uncommon trap: reason=null_check action=make_not_entrant pc=0x0000000003ee73f0 method=java.beans.PropertyDescriptor.findPropertyType(Ljava/lang/reflect/Method;Ljava/lang/reflect/Method;)Ljava/lang/Class; @ 157
Event: 31.840 Thread 0x0000000018374000 Uncommon trap: reason=null_check action=make_not_entrant pc=0x0000000003f32d10 method=org.springframework.util.ClassUtils.isAssignable(Ljava/lang/Class;Ljava/lang/Class;)Z @ 70
Event: 31.972 Thread 0x0000000018374000 Uncommon trap: reason=unreached action=reinterpret pc=0x0000000002ae8130 method=org.springframework.util.ObjectUtils.nullSafeEquals(Ljava/lang/Object;Ljava/lang/Object;)Z @ 8
Event: 32.695 Thread 0x0000000018374000 Uncommon trap: reason=class_check action=maybe_recompile pc=0x000000000371b638 method=sun.reflect.generics.scope.AbstractScope.lookup(Ljava/lang/String;)Ljava/lang/reflect/TypeVariable; @ 60
Event: 32.695 Thread 0x0000000018374000 Uncommon trap: reason=class_check action=maybe_recompile pc=0x000000000371b638 method=sun.reflect.generics.scope.AbstractScope.lookup(Ljava/lang/String;)Ljava/lang/reflect/TypeVariable; @ 60
Event: 32.698 Thread 0x0000000018374000 Uncommon trap: reason=class_check action=maybe_recompile pc=0x000000000371b638 method=sun.reflect.generics.scope.AbstractScope.lookup(Ljava/lang/String;)Ljava/lang/reflect/TypeVariable; @ 60
Event: 33.017 Thread 0x0000000018374000 Uncommon trap: reason=unreached action=reinterpret pc=0x0000000003f92058 method=org.springframework.beans.factory.support.AbstractBeanFactory.isTypeMatch(Ljava/lang/String;Ljava/lang/Class;)Z @ 135
Event: 33.061 Thread 0x0000000018374000 Uncommon trap: reason=class_check action=maybe_recompile pc=0x000000000371b638 method=sun.reflect.generics.scope.AbstractScope.lookup(Ljava/lang/String;)Ljava/lang/reflect/TypeVariable; @ 60
Event: 33.061 Thread 0x0000000018374000 Uncommon trap: reason=class_check action=maybe_recompile pc=0x00000000032b42d0 method=sun.reflect.generics.scope.AbstractScope.lookup(Ljava/lang/String;)Ljava/lang/reflect/TypeVariable; @ 60
Event: 33.124 Thread 0x0000000018374000 Uncommon trap: reason=null_check action=make_not_entrant pc=0x00000000036ebad4 method=org.springsource.loaded.ri.ReflectiveInterceptor.jlClassGetModifiers(Ljava/lang/Class;)I @ 10

Internal exceptions (10 events):
Event: 33.130 Thread 0x0000000018374000 Exception <a 'java/security/PrivilegedActionException'> (0x00000000f9ac4cb8) thrown at [D:\re\workspace\8-2-build-windows-amd64-cygwin\jdk8u5\2488\hotspot\src\share\vm\prims\jvm.cpp, line 1248]
Event: 33.130 Thread 0x0000000018374000 Exception <a 'java/security/PrivilegedActionException'> (0x00000000f9ac9cd0) thrown at [D:\re\workspace\8-2-build-windows-amd64-cygwin\jdk8u5\2488\hotspot\src\share\vm\prims\jvm.cpp, line 1248]
Event: 33.130 Thread 0x0000000018374000 Exception <a 'java/security/PrivilegedActionException'> (0x00000000f9adcfc0) thrown at [D:\re\workspace\8-2-build-windows-amd64-cygwin\jdk8u5\2488\hotspot\src\share\vm\prims\jvm.cpp, line 1248]
Event: 33.131 Thread 0x0000000018374000 Exception <a 'java/security/PrivilegedActionException'> (0x00000000f9af5628) thrown at [D:\re\workspace\8-2-build-windows-amd64-cygwin\jdk8u5\2488\hotspot\src\share\vm\prims\jvm.cpp, line 1248]
Event: 33.131 Thread 0x0000000018374000 Exception <a 'java/security/PrivilegedActionException'> (0x00000000f9afa960) thrown at [D:\re\workspace\8-2-build-windows-amd64-cygwin\jdk8u5\2488\hotspot\src\share\vm\prims\jvm.cpp, line 1248]
Event: 33.131 Thread 0x0000000018374000 Exception <a 'java/security/PrivilegedActionException'> (0x00000000f9b0dc50) thrown at [D:\re\workspace\8-2-build-windows-amd64-cygwin\jdk8u5\2488\hotspot\src\share\vm\prims\jvm.cpp, line 1248]
Event: 33.131 Thread 0x0000000018374000 Exception <a 'java/security/PrivilegedActionException'> (0x00000000f9b38588) thrown at [D:\re\workspace\8-2-build-windows-amd64-cygwin\jdk8u5\2488\hotspot\src\share\vm\prims\jvm.cpp, line 1248]
Event: 33.131 Thread 0x0000000018374000 Exception <a 'java/lang/ClassNotFoundException': org/grails/datastore/gorm/AbstractGormApi$_initializeMethods_closure2Customizer> (0x00000000f9b394d8) thrown at [D:\re\workspace\8-2-build-windows-amd64-cygwin\jdk8u5\2488\hotspot\src\share\vm\classfile\syst
Event: 33.132 Thread 0x0000000018374000 Exception <a 'java/security/PrivilegedActionException'> (0x00000000f9b459d0) thrown at [D:\re\workspace\8-2-build-windows-amd64-cygwin\jdk8u5\2488\hotspot\src\share\vm\prims\jvm.cpp, line 1248]
Event: 33.132 Thread 0x0000000018374000 Exception <a 'java/security/PrivilegedActionException'> (0x00000000f9b49608) thrown at [D:\re\workspace\8-2-build-windows-amd64-cygwin\jdk8u5\2488\hotspot\src\share\vm\prims\jvm.cpp, line 1248]

Events (10 events):
Event: 33.130 loading class org/grails/datastore/gorm/AbstractGormApi$_initializeMethods_closure2BeanInfo done
Event: 33.130 loading class org/grails/datastore/gorm/AbstractGormApi$_initializeMethods_closure2Customizer
Event: 33.130 loading class org/grails/datastore/gorm/AbstractGormApi$_initializeMethods_closure2Customizer done
Event: 33.131 loading class org/grails/datastore/gorm/AbstractGormApi$_initializeMethods_closure2Customizer
Event: 33.131 loading class org/grails/datastore/gorm/AbstractGormApi$_initializeMethods_closure2Customizer done
Event: 33.131 loading class org/grails/datastore/gorm/AbstractGormApi$_initializeMethods_closure2Customizer
Event: 33.131 loading class org/grails/datastore/gorm/AbstractGormApi$_initializeMethods_closure2Customizer done
Event: 33.132 loading class org/grails/datastore/gorm/utils/ReflectionUtils
Event: 33.132 loading class org/grails/datastore/gorm/utils/ReflectionUtils done
Event: 33.143 Executing VM operation: ParallelGCFailedAllocation


Dynamic libraries:
0x00007ff6ca010000 - 0x00007ff6ca044000 	C:\Program Files\Java\jdk1.8.0_05\bin\java.exe
0x00007fff95b80000 - 0x00007fff95d51000 	C:\WINDOWS\SYSTEM32\ntdll.dll
0x00007fff93970000 - 0x00007fff93a1b000 	C:\WINDOWS\System32\KERNEL32.DLL
0x00007fff92ed0000 - 0x00007fff930ed000 	C:\WINDOWS\System32\KERNELBASE.dll
0x00007fff93f20000 - 0x00007fff93fc2000 	C:\WINDOWS\System32\ADVAPI32.dll
0x00007fff933c0000 - 0x00007fff9345e000 	C:\WINDOWS\System32\msvcrt.dll
0x00007fff93b80000 - 0x00007fff93bd9000 	C:\WINDOWS\System32\sechost.dll
0x00007fff93170000 - 0x00007fff93291000 	C:\WINDOWS\System32\RPCRT4.dll
0x00007fff93be0000 - 0x00007fff93d45000 	C:\WINDOWS\System32\USER32.dll
0x00007fff930f0000 - 0x00007fff9310e000 	C:\WINDOWS\System32\win32u.dll
0x00007fff93930000 - 0x00007fff93964000 	C:\WINDOWS\System32\GDI32.dll
0x00007fff92d40000 - 0x00007fff92ec2000 	C:\WINDOWS\System32\gdi32full.dll
0x00007fff89fe0000 - 0x00007fff8a25a000 	C:\WINDOWS\WinSxS\amd64_microsoft.windows.common-controls_6595b64144ccf1df_6.0.14393.953_none_42151e83c686086b\COMCTL32.dll
0x00007fff93660000 - 0x00007fff93928000 	C:\WINDOWS\System32\combase.dll
0x00007fff92120000 - 0x00007fff92215000 	C:\WINDOWS\System32\ucrtbase.dll
0x00007fff92ab0000 - 0x00007fff92b1a000 	C:\WINDOWS\System32\bcryptPrimitives.dll
0x00007fff93630000 - 0x00007fff9365e000 	C:\WINDOWS\System32\IMM32.DLL
0x000000006e190000 - 0x000000006e262000 	C:\Program Files\Java\jdk1.8.0_05\jre\bin\msvcr100.dll
0x000000006d960000 - 0x000000006e18a000 	C:\Program Files\Java\jdk1.8.0_05\jre\bin\server\jvm.dll
0x00007fff932a0000 - 0x00007fff932a8000 	C:\WINDOWS\System32\PSAPI.DLL
0x00007fff864d0000 - 0x00007fff864d9000 	C:\WINDOWS\SYSTEM32\WSOCK32.dll
0x00007fff8e4a0000 - 0x00007fff8e4c3000 	C:\WINDOWS\SYSTEM32\WINMM.dll
0x00007fff935c0000 - 0x00007fff9362a000 	C:\WINDOWS\System32\WS2_32.dll
0x00007fff8e470000 - 0x00007fff8e49b000 	C:\WINDOWS\SYSTEM32\WINMMBASE.dll
0x00007fff92cf0000 - 0x00007fff92d32000 	C:\WINDOWS\System32\cfgmgr32.dll
0x000000006d950000 - 0x000000006d95f000 	C:\Program Files\Java\jdk1.8.0_05\jre\bin\verify.dll
0x000000006d920000 - 0x000000006d948000 	C:\Program Files\Java\jdk1.8.0_05\jre\bin\java.dll
0x000000006d8f0000 - 0x000000006d913000 	C:\Program Files\Java\jdk1.8.0_05\jre\bin\instrument.dll
0x000000006d8d0000 - 0x000000006d8e6000 	C:\Program Files\Java\jdk1.8.0_05\jre\bin\zip.dll
0x00007fff944d0000 - 0x00007fff959d8000 	C:\WINDOWS\System32\SHELL32.dll
0x00007fff92220000 - 0x00007fff928fa000 	C:\WINDOWS\System32\windows.storage.dll
0x00007fff92020000 - 0x00007fff9206c000 	C:\WINDOWS\System32\powrprof.dll
0x00007fff93560000 - 0x00007fff935b2000 	C:\WINDOWS\System32\shlwapi.dll
0x00007fff92000000 - 0x00007fff9200f000 	C:\WINDOWS\System32\kernel.appcore.dll
0x00007fff92070000 - 0x00007fff92119000 	C:\WINDOWS\System32\shcore.dll
0x00007fff91fe0000 - 0x00007fff91ff4000 	C:\WINDOWS\System32\profapi.dll
0x00007fff91af0000 - 0x00007fff91b07000 	C:\WINDOWS\SYSTEM32\CRYPTSP.dll
0x00007fff911b0000 - 0x00007fff911e3000 	C:\WINDOWS\system32\rsaenh.dll
0x00007fff91e80000 - 0x00007fff91eab000 	C:\WINDOWS\SYSTEM32\bcrypt.dll
0x00007fff914b0000 - 0x00007fff914cf000 	C:\WINDOWS\SYSTEM32\USERENV.dll
0x00007fff918b0000 - 0x00007fff918bb000 	C:\WINDOWS\SYSTEM32\CRYPTBASE.dll
0x000000006d8b0000 - 0x000000006d8ca000 	C:\Program Files\Java\jdk1.8.0_05\jre\bin\net.dll
0x00007fff91660000 - 0x00007fff916bc000 	C:\WINDOWS\system32\mswsock.dll
0x00007fff913b0000 - 0x00007fff913e8000 	C:\WINDOWS\SYSTEM32\IPHLPAPI.DLL
0x00007fff94090000 - 0x00007fff94098000 	C:\WINDOWS\System32\NSI.dll
0x00007fff8b8d0000 - 0x00007fff8b8e6000 	C:\WINDOWS\SYSTEM32\dhcpcsvc6.DLL
0x00007fff8b8b0000 - 0x00007fff8b8ca000 	C:\WINDOWS\SYSTEM32\dhcpcsvc.DLL
0x000000006d890000 - 0x000000006d8a1000 	C:\Program Files\Java\jdk1.8.0_05\jre\bin\nio.dll
0x00007fff89960000 - 0x00007fff8996a000 	C:\Users\Martín.Martín-PC\AppData\Local\Temp\jansi-64-8974675446095135026.dll
0x000000006d840000 - 0x000000006d84d000 	C:\Program Files\Java\jdk1.8.0_05\jre\bin\management.dll
0x00007fff913f0000 - 0x00007fff91491000 	C:\WINDOWS\SYSTEM32\DNSAPI.dll
0x0000000074090000 - 0x00000000740b6000 	C:\Program Files\Bonjour\mdnsNSP.dll
0x00007fff88da0000 - 0x00007fff88daa000 	C:\Windows\System32\rasadhlp.dll
0x00007fff8b5c0000 - 0x00007fff8b62a000 	C:\WINDOWS\System32\fwpuclnt.dll
0x000000006d860000 - 0x000000006d884000 	C:\Program Files\Java\jdk1.8.0_05\jre\bin\sunec.dll
0x00007fff77500000 - 0x00007fff77516000 	C:\WINDOWS\system32\napinsp.dll
0x00007fff77520000 - 0x00007fff7753a000 	C:\WINDOWS\system32\pnrpnsp.dll
0x00007fff8f400000 - 0x00007fff8f418000 	C:\WINDOWS\system32\NLAapi.dll
0x00007fff77540000 - 0x00007fff7754e000 	C:\WINDOWS\System32\winrnr.dll
0x00007fff91cc0000 - 0x00007fff91e52000 	C:\WINDOWS\SYSTEM32\dbghelp.dll

VM Arguments:
jvm_args: -Dfile.encoding=UTF-8 -Xmx768M -Xms64M -Dgrails.fork.parent.process.port=25356 -Dgrails.fork.active=true -Dgrails.build.execution.context=C:\Users\Martín.Martín-PC\AppData\Local\Temp\PFPorcino9077379483569842917grails-execution-context -Dgrails.home=C:\grails-2.4.4 -javaagent:C:\grails-2.4.4\lib\org.springframework\springloaded\jars\springloaded-1.2.1.RELEASE.jar -Xverify:none -Dspringloaded.synchronize=true -Djdk.reflect.allowGetCallerClass=true -Dspringloaded=profile=grails;cacheDir=C:\Users\Martín.Martín-PC\.grails\2.4.4 
java_command: org.grails.plugins.tomcat.fork.ForkedTomcatServer
java_class_path (initial): C:\Program Files\Java\jdk1.8.0_05\lib\tools.jar;C:\grails-2.4.4\lib\org.codehaus.groovy\groovy-all\jars\groovy-all-2.3.7.jar;C:\grails-2.4.4\lib\org.slf4j\jcl-over-slf4j\jars\jcl-over-slf4j-1.7.5.jar;C:\grails-2.4.4\lib\org.codehaus.gant\gant_groovy1.8\jars\gant_groovy1.8-1.9.6.jar;C:\grails-2.4.4\lib\org.apache.tomcat.embed\tomcat-embed-logging-log4j\jars\tomcat-embed-logging-log4j-7.0.50.jar;C:\grails-2.4.4\dist\grails-plugin-log4j-2.4.4.jar;C:\grails-2.4.4\lib\log4j\log4j\jars\log4j-1.2.17.jar;C:\grails-2.4.4\dist\grails-bootstrap-2.4.4.jar;C:\grails-2.4.4\lib\org.slf4j\slf4j-api\jars\slf4j-api-1.7.5.jar;C:\grails-2.4.4\lib\jline\jline\jars\jline-2.12.jar;C:\grails-2.4.4\lib\org.apache.ant\ant\jars\ant-1.8.4.jar;C:\grails-2.4.4\lib\org.apache.ant\ant-launcher\jars\ant-launcher-1.8.4.jar;C:\grails-2.4.4\lib\org.apache.ant\ant-trax\jars\ant-trax-1.7.1.jar;C:\grails-2.4.4\lib\org.apache.ant\ant-junit\jars\ant-junit-1.8.4.jar;C:\grails-2.4.4\lib\org.apache.ivy\ivy\jars\ivy-2.3.0.jar;C:\grails-2.4.4\lib\org.fusesource.jansi\jansi\jars\jansi-1.11.jar;C:\Users\Martín.Martín-PC\.m2\repository\org\apache\tomcat\tomcat-catalina-ant\7.0.55\tomcat-catalina-ant-7.0.55.jar;C:\Users\Martín.Martín-PC\.m2\repository\org\apache\tomcat\embed\tomcat-embed-jasper\7.0.55\tomcat-embed-jasper-7.0.55.jar;C:\Users\Martín.Martín-PC\.m2\repository\org\apache\tomcat\embed\tomcat-embed-el\7.0.55\tomcat-embed-el-7.0.55.jar;C:\Users\Martín.Martín-PC\.m2\repository\org\apache\tomcat\embed\tomcat-embed-logging-log4j\7.0.55\tomcat-embed-logging-log4j-7.0.55.jar;C:\Users\Martín.Martín-PC\.m2\repository\org\apache\tomcat\embed\tomcat-embed-websocket\7.0.55\tomcat-embed-websocket-7.0.55.jar;C:\Users\Martín.Martín-PC\.m2\repository\org\apache\tomcat\embed\tomcat-embed-core\7.0.55\tomcat-embed-core-7.0.55.jar;C:\Users\Martín.Martín-PC\.m2\repository\org\eclipse\jdt\core\compiler\ecj\3.7.2\ecj-3.7.2.jar;C:\Users\Martín.Martín-PC\IdeaProjects\PFPorcino\target\work\plugins\tom
Launcher Type: SUN_STANDARD

Environment Variables:
JAVA_HOME=C:\Program Files\Java\jdk1.8.0_05
JRE_HOME=C:\Program Files\Java\jdk1.8.0_05\jre
CLASSPATH=.;C:\Program Files\Java\jdk1.8.0_05\lib;C:\Program Files\Java\jdk1.8.0_05\jre\lib
PATH=C:\Program Files (x86)\NVIDIA Corporation\PhysX\Common;c:\windows\system32;c:\windows;c:\windows\system32\wbem;c:\windows\system32\windowspowershell\v1.0\;c:\program files (x86)\ati technologies\ati.ace\core-static;c:\program files\matlab\r2012b\runtime\win64;c:\program files\matlab\r2012b\bin;c:\program files\microsoft sql server\110\tools\binn\;c:\program files (x86)\windows kits\8.1\windows performance toolkit\;c:\program files (x86)\microsoft sdks\typescript\1.0\;c:\program files\statgraphics\statgraphics centurion xvi.ii\;c:\program files (x86)\quicktime\qtsystem\;c:\program files (x86)\amd\ati.ace\core-static;C:\WINDOWS\system32;C:\WINDOWS;C:\WINDOWS\System32\Wbem;C:\WINDOWS\System32\WindowsPowerShell\v1.0\;C:\Program Files\Microsoft SQL Server\120\Tools\Binn\;C:\Program Files\Microsoft SQL Server\Client SDK\ODBC\110\Tools\Binn\;C:\Program Files (x86)\Microsoft SQL Server\120\Tools\Binn\;C:\Program Files\Microsoft SQL Server\120\DTS\Binn\;C:\Program Files (x86)\Microsoft SQL Server\120\Tools\Binn\ManagementStudio\;C:\Program Files (x86)\Microsoft SQL Server\120\DTS\Binn\;C:\Program Files\Java\jdk1.8.0_05\bin;;C:\Users\Martín.Martín-PC\AppData\Local\Microsoft\WindowsApps
USERNAME=Martín
OS=Windows_NT
PROCESSOR_IDENTIFIER=Intel64 Family 6 Model 60 Stepping 3, GenuineIntel



---------------  S Y S T E M  ---------------

OS: Windows 8.1 , 64 bit Build 9600 

CPU:total 4 (2 cores per cpu, 2 threads per core) family 6 model 60 stepping 3, cmov, cx8, fxsr, mmx, sse, sse2, sse3, ssse3, sse4.1, sse4.2, popcnt, avx, avx2, aes, clmul, erms, ht, tsc, tscinvbit

Memory: 4k page, physical 6176556k(829776k free), swap 9080280k(1447236k free)

vm_info: Java HotSpot(TM) 64-Bit Server VM (25.5-b02) for windows-amd64 JRE (1.8.0_05-b13), built on Mar 18 2014 01:08:39 by "java_re" with MS VC++ 10.0 (VS2010)

time: Mon May 01 17:43:02 2017
elapsed time: 33 seconds

