#
# A fatal error has been detected by the Java Runtime Environment:
#
#  EXCEPTION_ACCESS_VIOLATION (0xc0000005) at pc=0x0000000071054bc2, pid=10488, tid=9644
#
# JRE version: Java(TM) SE Runtime Environment (8.0_05-b13) (build 1.8.0_05-b13)
# Java VM: Java HotSpot(TM) 64-Bit Server VM (25.5-b02 mixed mode windows-amd64 compressed oops)
# Problematic frame:
# V  [jvm.dll+0x424bc2]
#
# Failed to write core dump. Minidumps are not enabled by default on client versions of Windows
#
# If you would like to submit a bug report, please visit:
#   http://bugreport.sun.com/bugreport/crash.jsp
#

---------------  T H R E A D  ---------------

Current thread (0x00000000158ed000):  JavaThread "C2 CompilerThread1" daemon [_thread_in_native, id=9644, stack(0x0000000015d40000,0x0000000015e40000)]

siginfo: ExceptionCode=0xc0000005, reading address 0x0000000000000000

Registers:
RAX=0x000000001cdcd3d8, RBX=0x0000000000000600, RCX=0x0000000000000000, RDX=0x000000001d099060
RSP=0x0000000015e3c290, RBP=0x00000000000000c0, RSI=0x00000000000000b8, RDI=0x0000000000000000
R8 =0x0000000070c30000, R9 =0x0000000015e3c5b0, R10=0x00000000ffffffff, R11=0x00000000159538b0
R12=0x000000001cdcdaf0, R13=0x0000000016539808, R14=0x0000000000000008, R15=0x0000000016539808
RIP=0x0000000071054bc2, EFLAGS=0x0000000000010206

Top of Stack: (sp=0x0000000015e3c290)
0x0000000015e3c290:   00000000000000dc 000000001d0947c0
0x0000000015e3c2a0:   0000000000000000 0000000017cc1720
0x0000000015e3c2b0:   0000000000000001 0000000000000600
0x0000000015e3c2c0:   0000000000000180 00000000000000c0
0x0000000015e3c2d0:   000000001d211910 0000000014329920
0x0000000015e3c2e0:   0000000000000740 000000001d0947c0
0x0000000015e3c2f0:   0000000015e3c5b0 000000001cdca460
0x0000000015e3c300:   0000000000000020 0000000000000009
0x0000000015e3c310:   000000001cdcdac0 00000000000000dc
0x0000000015e3c320:   0000000016539808 000000007105579d
0x0000000015e3c330:   000000001cdcdac0 000000000000001c
0x0000000015e3c340:   00000000000000dc 0000000015e3c5b0
0x0000000015e3c350:   000000001d099060 00000000000000dc
0x0000000015e3c360:   000000001cdca460 0000000000000020
0x0000000015e3c370:   000000001c72aec8 0000000015e3e920
0x0000000015e3c380:   000000001c72b4f8 000000001cdcdac0 

Instructions: (pc=0x0000000071054bc2)
0x0000000071054ba2:   c6 48 63 f0 48 03 f1 eb 04 48 83 ce ff 48 8b 84
0x0000000071054bb2:   24 a0 00 00 00 48 8b 40 08 48 8b 3c 03 48 8b cf
0x0000000071054bc2:   48 8b 07 ff 50 28 4c 8d 05 31 b4 bd ff 48 63 50
0x0000000071054bd2:   10 4c 8b d8 48 8b ca 48 c1 e1 05 42 80 bc 01 c0 


Register to memory mapping:

RAX=0x000000001cdcd3d8 is an unknown value
RBX=0x0000000000000600 is an unknown value
RCX=0x0000000000000000 is an unknown value
RDX=0x000000001d099060 is an unknown value
RSP=0x0000000015e3c290 is pointing into the stack for thread: 0x00000000158ed000
RBP=0x00000000000000c0 is an unknown value
RSI=0x00000000000000b8 is an unknown value
RDI=0x0000000000000000 is an unknown value
R8 =0x0000000070c30000 is an unknown value
R9 =0x0000000015e3c5b0 is pointing into the stack for thread: 0x00000000158ed000
R10=0x00000000ffffffff is an unknown value
R11=0x00000000159538b0 is an unknown value
R12=0x000000001cdcdaf0 is an unknown value
R13=0x0000000016539808 is an unknown value
R14=0x0000000000000008 is an unknown value
R15=0x0000000016539808 is an unknown value


Stack: [0x0000000015d40000,0x0000000015e40000],  sp=0x0000000015e3c290,  free space=1008k
Native frames: (J=compiled Java code, j=interpreted, Vv=VM code, C=native code)
V  [jvm.dll+0x424bc2]
V  [jvm.dll+0x42579d]
V  [jvm.dll+0x425cdf]
V  [jvm.dll+0x4c5874]
V  [jvm.dll+0x44123c]
V  [jvm.dll+0x4436a9]
V  [jvm.dll+0x427532]
V  [jvm.dll+0x96702]
V  [jvm.dll+0x96ef3]
V  [jvm.dll+0x2232c4]
V  [jvm.dll+0x27baca]
C  [msvcr100.dll+0x21d9f]
C  [msvcr100.dll+0x21e3b]
C  [KERNEL32.DLL+0x8364]
C  [ntdll.dll+0x670d1]


Current CompileTask:
C2:  31715 7031       4       groovy.lang.MetaClassImpl::findPropertyMethod (356 bytes)


---------------  P R O C E S S  ---------------

Java Threads: ( => current thread )
  0x00000000179fa800 JavaThread "net.sf.ehcache.CacheManager@79e13ec2" daemon [_thread_blocked, id=6444, stack(0x000000001df80000,0x000000001e080000)]
  0x00000000181ef000 JavaThread "PoolCleaner[434437292:1493326647075]" daemon [_thread_blocked, id=5684, stack(0x000000001b990000,0x000000001ba90000)]
  0x0000000015c14000 JavaThread "FileSystemWatcher: files=#140 cl=groovy.lang.GroovyClassLoader@19e4fcac" daemon [_thread_blocked, id=3088, stack(0x000000001b490000,0x000000001b590000)]
  0x000000001879f800 JavaThread "localhost-startStop-1" daemon [_thread_in_Java, id=9876, stack(0x000000001a3c0000,0x000000001a4c0000)]
  0x000000001879e800 JavaThread "Tomcat-startStop-1" daemon [_thread_blocked, id=5372, stack(0x000000001a2c0000,0x000000001a3c0000)]
  0x000000001919c000 JavaThread "Thread-3" [_thread_in_native, id=6136, stack(0x0000000019fc0000,0x000000001a0c0000)]
  0x00000000187a1800 JavaThread "Thread-2" [_thread_blocked, id=10896, stack(0x0000000019ac0000,0x0000000019bc0000)]
  0x000000001647e000 JavaThread "NonBlockingInputStreamThread" daemon [_thread_blocked, id=9364, stack(0x0000000017280000,0x0000000017380000)]
  0x0000000015a65800 JavaThread "Service Thread" daemon [_thread_blocked, id=6896, stack(0x0000000015f40000,0x0000000016040000)]
  0x00000000158ed800 JavaThread "C1 CompilerThread2" daemon [_thread_blocked, id=10720, stack(0x0000000015e40000,0x0000000015f40000)]
=>0x00000000158ed000 JavaThread "C2 CompilerThread1" daemon [_thread_in_native, id=9644, stack(0x0000000015d40000,0x0000000015e40000)]
  0x0000000015928000 JavaThread "C2 CompilerThread0" daemon [_thread_in_native, id=6380, stack(0x0000000015c40000,0x0000000015d40000)]
  0x00000000142cf800 JavaThread "Attach Listener" daemon [_thread_blocked, id=5332, stack(0x0000000015740000,0x0000000015840000)]
  0x00000000142cf000 JavaThread "Signal Dispatcher" daemon [_thread_blocked, id=5440, stack(0x0000000015640000,0x0000000015740000)]
  0x0000000014298800 JavaThread "Finalizer" daemon [_thread_blocked, id=1880, stack(0x0000000015540000,0x0000000015640000)]
  0x0000000014297800 JavaThread "Reference Handler" daemon [_thread_blocked, id=904, stack(0x0000000015440000,0x0000000015540000)]
  0x0000000002463800 JavaThread "main" [_thread_blocked, id=652, stack(0x00000000021c0000,0x00000000022c0000)]

Other Threads:
  0x0000000014296000 VMThread [stack: 0x0000000015340000,0x0000000015440000] [id=9432]
  0x0000000015a59800 WatcherThread [stack: 0x0000000016040000,0x0000000016140000] [id=6656]

VM state:not at safepoint (normal execution)

VM Mutex/Monitor currently owned by a thread: None

Heap:
 PSYoungGen      total 204288K, used 177464K [0x00000000f0000000, 0x0000000100000000, 0x0000000100000000)
  eden space 152576K, 90% used [0x00000000f0000000,0x00000000f8672880,0x00000000f9500000)
  from space 51712K, 76% used [0x00000000fcd80000,0x00000000ff45b838,0x0000000100000000)
  to   space 54784K, 0% used [0x00000000f9500000,0x00000000f9500000,0x00000000fca80000)
 ParOldGen       total 73216K, used 66036K [0x00000000d0000000, 0x00000000d4780000, 0x00000000f0000000)
  object space 73216K, 90% used [0x00000000d0000000,0x00000000d407d298,0x00000000d4780000)
 Metaspace       used 63368K, capacity 65262K, committed 65636K, reserved 1107968K
  class space    used 6893K, capacity 7427K, committed 7552K, reserved 1048576K

Card table byte_map: [0x0000000011920000,0x0000000011ab0000] byte_map_base: 0x00000000112a0000

Marking Bits: (ParMarkBitMap*) 0x00000000713e13b0
 Begin Bits: [0x0000000011fb0000, 0x0000000012bb0000)
 End Bits:   [0x0000000012bb0000, 0x00000000137b0000)

Polling page: 0x0000000000950000

CodeCache: size=245760Kb used=24148Kb max_used=24176Kb free=221611Kb
 bounds [0x0000000002560000, 0x0000000003d20000, 0x0000000011560000]
 total_blobs=6837 nmethods=6070 adapters=677
 compilation: enabled

Compilation events (10 events):
Event: 31.581 Thread 0x00000000158ed800 7053       3       java.lang.ClassLoader::findResources (4 bytes)
Event: 31.581 Thread 0x00000000158ed800 nmethod 7053 0x00000000030e4550 code [0x00000000030e46c0, 0x00000000030e4870]
Event: 31.581 Thread 0x00000000158ed800 7054       3       org.codehaus.groovy.runtime.callsite.PogoMetaMethodSite::checkCall (25 bytes)
Event: 31.582 Thread 0x00000000158ed800 nmethod 7054 0x0000000002a5fd10 code [0x0000000002a5fec0, 0x0000000002a60588]
Event: 31.592 Thread 0x00000000158ed800 7055       3       grails.util.Environment::getCurrent (20 bytes)
Event: 31.592 Thread 0x00000000158ed800 nmethod 7055 0x00000000031e0250 code [0x00000000031e03e0, 0x00000000031e0738]
Event: 31.592 Thread 0x00000000158ed800 7057       3       org.codehaus.groovy.grails.plugins.DefaultGrailsPlugin::supportsValueInIncludeExcludeMap (70 bytes)
Event: 31.592 Thread 0x00000000158ed800 nmethod 7057 0x00000000026f0350 code [0x00000000026f0520, 0x00000000026f0d88]
Event: 31.592 Thread 0x00000000158ed800 7056   !   3       grails.util.Environment::resolveCurrentEnvironment (74 bytes)
Event: 31.594 Thread 0x00000000158ed800 nmethod 7056 0x0000000003cef6d0 code [0x0000000003cefb20, 0x0000000003cf1e18]

GC Heap History (10 events):
Event: 27.127 GC heap before
{Heap before GC invocations=65 (full 4):
 PSYoungGen      total 216064K, used 209015K [0x00000000f0000000, 0x0000000100000000, 0x0000000100000000)
  eden space 176128K, 99% used [0x00000000f0000000,0x00000000fabfc4e8,0x00000000fac00000)
  from space 39936K, 82% used [0x00000000fd900000,0x00000000ff921938,0x0000000100000000)
  to   space 43008K, 0% used [0x00000000fac00000,0x00000000fac00000,0x00000000fd600000)
 ParOldGen       total 64000K, used 52168K [0x00000000d0000000, 0x00000000d3e80000, 0x00000000f0000000)
  object space 64000K, 81% used [0x00000000d0000000,0x00000000d32f2098,0x00000000d3e80000)
 Metaspace       used 58820K, capacity 60646K, committed 61156K, reserved 1103872K
  class space    used 6298K, capacity 6835K, committed 6912K, reserved 1048576K
Event: 27.157 GC heap after
Heap after GC invocations=65 (full 4):
 PSYoungGen      total 209920K, used 33361K [0x00000000f0000000, 0x0000000100000000, 0x0000000100000000)
  eden space 176128K, 0% used [0x00000000f0000000,0x00000000f0000000,0x00000000fac00000)
  from space 33792K, 98% used [0x00000000fac00000,0x00000000fcc947c8,0x00000000fcd00000)
  to   space 45568K, 0% used [0x00000000fd380000,0x00000000fd380000,0x0000000100000000)
 ParOldGen       total 64000K, used 53944K [0x00000000d0000000, 0x00000000d3e80000, 0x00000000f0000000)
  object space 64000K, 84% used [0x00000000d0000000,0x00000000d34ae098,0x00000000d3e80000)
 Metaspace       used 58820K, capacity 60646K, committed 61156K, reserved 1103872K
  class space    used 6298K, capacity 6835K, committed 6912K, reserved 1048576K
}
Event: 28.087 GC heap before
{Heap before GC invocations=66 (full 4):
 PSYoungGen      total 209920K, used 209489K [0x00000000f0000000, 0x0000000100000000, 0x0000000100000000)
  eden space 176128K, 100% used [0x00000000f0000000,0x00000000fac00000,0x00000000fac00000)
  from space 33792K, 98% used [0x00000000fac00000,0x00000000fcc947c8,0x00000000fcd00000)
  to   space 45568K, 0% used [0x00000000fd380000,0x00000000fd380000,0x0000000100000000)
 ParOldGen       total 64000K, used 53944K [0x00000000d0000000, 0x00000000d3e80000, 0x00000000f0000000)
  object space 64000K, 84% used [0x00000000d0000000,0x00000000d34ae098,0x00000000d3e80000)
 Metaspace       used 59658K, capacity 61466K, committed 61796K, reserved 1103872K
  class space    used 6408K, capacity 6946K, committed 7040K, reserved 1048576K
Event: 28.120 GC heap after
Heap after GC invocations=66 (full 4):
 PSYoungGen      total 211456K, used 34928K [0x00000000f0000000, 0x0000000100000000, 0x0000000100000000)
  eden space 165888K, 0% used [0x00000000f0000000,0x00000000f0000000,0x00000000fa200000)
  from space 45568K, 76% used [0x00000000fd380000,0x00000000ff59c2d8,0x0000000100000000)
  to   space 48128K, 0% used [0x00000000fa200000,0x00000000fa200000,0x00000000fd100000)
 ParOldGen       total 64000K, used 58264K [0x00000000d0000000, 0x00000000d3e80000, 0x00000000f0000000)
  object space 64000K, 91% used [0x00000000d0000000,0x00000000d38e60a8,0x00000000d3e80000)
 Metaspace       used 59658K, capacity 61466K, committed 61796K, reserved 1103872K
  class space    used 6408K, capacity 6946K, committed 7040K, reserved 1048576K
}
Event: 29.227 GC heap before
{Heap before GC invocations=67 (full 4):
 PSYoungGen      total 211456K, used 200816K [0x00000000f0000000, 0x0000000100000000, 0x0000000100000000)
  eden space 165888K, 100% used [0x00000000f0000000,0x00000000fa200000,0x00000000fa200000)
  from space 45568K, 76% used [0x00000000fd380000,0x00000000ff59c2d8,0x0000000100000000)
  to   space 48128K, 0% used [0x00000000fa200000,0x00000000fa200000,0x00000000fd100000)
 ParOldGen       total 64000K, used 58264K [0x00000000d0000000, 0x00000000d3e80000, 0x00000000f0000000)
  object space 64000K, 91% used [0x00000000d0000000,0x00000000d38e60a8,0x00000000d3e80000)
 Metaspace       used 61025K, capacity 62766K, committed 63204K, reserved 1105920K
  class space    used 6534K, capacity 7081K, committed 7168K, reserved 1048576K
Event: 29.275 GC heap after
Heap after GC invocations=67 (full 4):
 PSYoungGen      total 205312K, used 38978K [0x00000000f0000000, 0x0000000100000000, 0x0000000100000000)
  eden space 165888K, 0% used [0x00000000f0000000,0x00000000f0000000,0x00000000fa200000)
  from space 39424K, 98% used [0x00000000fa200000,0x00000000fc810b50,0x00000000fc880000)
  to   space 51712K, 0% used [0x00000000fcd80000,0x00000000fcd80000,0x0000000100000000)
 ParOldGen       total 64000K, used 61712K [0x00000000d0000000, 0x00000000d3e80000, 0x00000000f0000000)
  object space 64000K, 96% used [0x00000000d0000000,0x00000000d3c440b8,0x00000000d3e80000)
 Metaspace       used 61025K, capacity 62766K, committed 63204K, reserved 1105920K
  class space    used 6534K, capacity 7081K, committed 7168K, reserved 1048576K
}
Event: 29.275 GC heap before
{Heap before GC invocations=68 (full 5):
 PSYoungGen      total 205312K, used 38978K [0x00000000f0000000, 0x0000000100000000, 0x0000000100000000)
  eden space 165888K, 0% used [0x00000000f0000000,0x00000000f0000000,0x00000000fa200000)
  from space 39424K, 98% used [0x00000000fa200000,0x00000000fc810b50,0x00000000fc880000)
  to   space 51712K, 0% used [0x00000000fcd80000,0x00000000fcd80000,0x0000000100000000)
 ParOldGen       total 64000K, used 61712K [0x00000000d0000000, 0x00000000d3e80000, 0x00000000f0000000)
  object space 64000K, 96% used [0x00000000d0000000,0x00000000d3c440b8,0x00000000d3e80000)
 Metaspace       used 61025K, capacity 62766K, committed 63204K, reserved 1105920K
  class space    used 6534K, capacity 7081K, committed 7168K, reserved 1048576K
Event: 29.888 GC heap after
Heap after GC invocations=68 (full 5):
 PSYoungGen      total 205312K, used 35053K [0x00000000f0000000, 0x0000000100000000, 0x0000000100000000)
  eden space 165888K, 0% used [0x00000000f0000000,0x00000000f0000000,0x00000000fa200000)
  from space 39424K, 88% used [0x00000000fa200000,0x00000000fc43b700,0x00000000fc880000)
  to   space 51712K, 0% used [0x00000000fcd80000,0x00000000fcd80000,0x0000000100000000)
 ParOldGen       total 73216K, used 63531K [0x00000000d0000000, 0x00000000d4780000, 0x00000000f0000000)
  object space 73216K, 86% used [0x00000000d0000000,0x00000000d3e0ac30,0x00000000d4780000)
 Metaspace       used 61025K, capacity 62766K, committed 63204K, reserved 1105920K
  class space    used 6534K, capacity 7081K, committed 7168K, reserved 1048576K
}
Event: 30.828 GC heap before
{Heap before GC invocations=69 (full 5):
 PSYoungGen      total 205312K, used 200941K [0x00000000f0000000, 0x0000000100000000, 0x0000000100000000)
  eden space 165888K, 100% used [0x00000000f0000000,0x00000000fa200000,0x00000000fa200000)
  from space 39424K, 88% used [0x00000000fa200000,0x00000000fc43b700,0x00000000fc880000)
  to   space 51712K, 0% used [0x00000000fcd80000,0x00000000fcd80000,0x0000000100000000)
 ParOldGen       total 73216K, used 63531K [0x00000000d0000000, 0x00000000d4780000, 0x00000000f0000000)
  object space 73216K, 86% used [0x00000000d0000000,0x00000000d3e0ac30,0x00000000d4780000)
 Metaspace       used 62699K, capacity 64532K, committed 64996K, reserved 1107968K
  class space    used 6778K, capacity 7306K, committed 7424K, reserved 1048576K
Event: 30.871 GC heap after
Heap after GC invocations=69 (full 5):
 PSYoungGen      total 204288K, used 39790K [0x00000000f0000000, 0x0000000100000000, 0x0000000100000000)
  eden space 152576K, 0% used [0x00000000f0000000,0x00000000f0000000,0x00000000f9500000)
  from space 51712K, 76% used [0x00000000fcd80000,0x00000000ff45b838,0x0000000100000000)
  to   space 54784K, 0% used [0x00000000f9500000,0x00000000f9500000,0x00000000fca80000)
 ParOldGen       total 73216K, used 66036K [0x00000000d0000000, 0x00000000d4780000, 0x00000000f0000000)
  object space 73216K, 90% used [0x00000000d0000000,0x00000000d407d298,0x00000000d4780000)
 Metaspace       used 62699K, capacity 64532K, committed 64996K, reserved 1107968K
  class space    used 6778K, capacity 7306K, committed 7424K, reserved 1048576K
}

Deoptimization events (10 events):
Event: 30.329 Thread 0x000000001879f800 Uncommon trap: reason=class_check action=maybe_recompile pc=0x00000000039b045c method=java.lang.reflect.Executable.getAnnotation(Ljava/lang/Class;)Ljava/lang/annotation/Annotation; @ 19
Event: 30.589 Thread 0x000000001879f800 Uncommon trap: reason=null_check action=make_not_entrant pc=0x0000000002787830 method=java.beans.Introspector.isAssignable(Ljava/lang/Class;Ljava/lang/Class;)Z @ 18
Event: 31.375 Thread 0x000000001879f800 Uncommon trap: reason=class_check action=maybe_recompile pc=0x00000000039b045c method=java.lang.reflect.Executable.getAnnotation(Ljava/lang/Class;)Ljava/lang/annotation/Annotation; @ 19
Event: 31.383 Thread 0x000000001879f800 Uncommon trap: reason=class_check action=maybe_recompile pc=0x00000000036a93b0 method=groovy.lang.MetaClassImpl.getProperty(Ljava/lang/Class;Ljava/lang/Object;Ljava/lang/String;ZZ)Ljava/lang/Object; @ 206
Event: 31.400 Thread 0x000000001879f800 Uncommon trap: reason=class_check action=maybe_recompile pc=0x00000000036a93b0 method=groovy.lang.MetaClassImpl.getProperty(Ljava/lang/Class;Ljava/lang/Object;Ljava/lang/String;ZZ)Ljava/lang/Object; @ 206
Event: 31.400 Thread 0x000000001879f800 Uncommon trap: reason=class_check action=maybe_recompile pc=0x00000000036a93b0 method=groovy.lang.MetaClassImpl.getProperty(Ljava/lang/Class;Ljava/lang/Object;Ljava/lang/String;ZZ)Ljava/lang/Object; @ 206
Event: 31.400 Thread 0x000000001879f800 Uncommon trap: reason=class_check action=maybe_recompile pc=0x00000000036a93b0 method=groovy.lang.MetaClassImpl.getProperty(Ljava/lang/Class;Ljava/lang/Object;Ljava/lang/String;ZZ)Ljava/lang/Object; @ 206
Event: 31.599 Thread 0x000000001879f800 Uncommon trap: reason=class_check action=maybe_recompile pc=0x0000000002a2c718 method=sun.reflect.generics.scope.AbstractScope.lookup(Ljava/lang/String;)Ljava/lang/reflect/TypeVariable; @ 60
Event: 31.599 Thread 0x000000001879f800 Uncommon trap: reason=class_check action=maybe_recompile pc=0x0000000002a2c718 method=sun.reflect.generics.scope.AbstractScope.lookup(Ljava/lang/String;)Ljava/lang/reflect/TypeVariable; @ 60
Event: 31.602 Thread 0x000000001879f800 Uncommon trap: reason=class_check action=maybe_recompile pc=0x0000000002a2c718 method=sun.reflect.generics.scope.AbstractScope.lookup(Ljava/lang/String;)Ljava/lang/reflect/TypeVariable; @ 60

Internal exceptions (10 events):
Event: 31.627 Thread 0x000000001879f800 Exception <a 'java/security/PrivilegedActionException'> (0x00000000f79040b8) thrown at [D:\re\workspace\8-2-build-windows-amd64-cygwin\jdk8u5\2488\hotspot\src\share\vm\prims\jvm.cpp, line 1248]
Event: 31.627 Thread 0x000000001879f800 Exception <a 'java/security/PrivilegedActionException'> (0x00000000f7922000) thrown at [D:\re\workspace\8-2-build-windows-amd64-cygwin\jdk8u5\2488\hotspot\src\share\vm\prims\jvm.cpp, line 1248]
Event: 31.628 Thread 0x000000001879f800 Exception <a 'java/security/PrivilegedActionException'> (0x00000000f79283b0) thrown at [D:\re\workspace\8-2-build-windows-amd64-cygwin\jdk8u5\2488\hotspot\src\share\vm\prims\jvm.cpp, line 1248]
Event: 31.628 Thread 0x000000001879f800 Exception <a 'java/security/PrivilegedActionException'> (0x00000000f793ff60) thrown at [D:\re\workspace\8-2-build-windows-amd64-cygwin\jdk8u5\2488\hotspot\src\share\vm\prims\jvm.cpp, line 1248]
Event: 31.628 Thread 0x000000001879f800 Exception <a 'java/security/PrivilegedActionException'> (0x00000000f7974878) thrown at [D:\re\workspace\8-2-build-windows-amd64-cygwin\jdk8u5\2488\hotspot\src\share\vm\prims\jvm.cpp, line 1248]
Event: 31.628 Thread 0x000000001879f800 Exception <a 'java/lang/ClassNotFoundException': org/codehaus/groovy/grails/plugins/DomainClassGrailsPlugin$_registerConstraintsProperty_closure19Customizer> (0x00000000f7975800) thrown at [D:\re\workspace\8-2-build-windows-amd64-cygwin\jdk8u5\2488\hotspot
Event: 31.629 Thread 0x000000001879f800 Exception <a 'java/security/PrivilegedActionException'> (0x00000000f79876b8) thrown at [D:\re\workspace\8-2-build-windows-amd64-cygwin\jdk8u5\2488\hotspot\src\share\vm\prims\jvm.cpp, line 1248]
Event: 31.629 Thread 0x000000001879f800 Exception <a 'java/security/PrivilegedActionException'> (0x00000000f798cf48) thrown at [D:\re\workspace\8-2-build-windows-amd64-cygwin\jdk8u5\2488\hotspot\src\share\vm\prims\jvm.cpp, line 1248]
Event: 31.630 Thread 0x000000001879f800 Exception <a 'java/security/PrivilegedActionException'> (0x00000000f79a3d00) thrown at [D:\re\workspace\8-2-build-windows-amd64-cygwin\jdk8u5\2488\hotspot\src\share\vm\prims\jvm.cpp, line 1248]
Event: 31.630 Thread 0x000000001879f800 Exception <a 'java/security/PrivilegedActionException'> (0x00000000f79ab0d0) thrown at [D:\re\workspace\8-2-build-windows-amd64-cygwin\jdk8u5\2488\hotspot\src\share\vm\prims\jvm.cpp, line 1248]

Events (10 events):
Event: 31.627 loading class org/codehaus/groovy/grails/plugins/DomainClassGrailsPlugin$_registerConstraintsProperty_closure19Customizer
Event: 31.627 loading class org/codehaus/groovy/grails/plugins/DomainClassGrailsPlugin$_registerConstraintsProperty_closure19Customizer done
Event: 31.627 loading class org/codehaus/groovy/grails/plugins/DomainClassGrailsPlugin$_registerConstraintsProperty_closure19Customizer
Event: 31.627 loading class org/codehaus/groovy/grails/plugins/DomainClassGrailsPlugin$_registerConstraintsProperty_closure19Customizer done
Event: 31.628 loading class org/codehaus/groovy/grails/plugins/DomainClassGrailsPlugin$_registerConstraintsProperty_closure19Customizer
Event: 31.628 loading class org/codehaus/groovy/grails/plugins/DomainClassGrailsPlugin$_registerConstraintsProperty_closure19Customizer done
Event: 31.629 loading class org/codehaus/groovy/grails/plugins/DomainClassGrailsPlugin$_registerConstraintsProperty_closure20
Event: 31.629 loading class org/codehaus/groovy/grails/plugins/DomainClassGrailsPlugin$_registerConstraintsProperty_closure20 done
Event: 31.630 loading class groovy/runtime/metaclass/org/codehaus/groovy/grails/plugins/DomainClassGrailsPlugin$_registerConstraintsProperty_closure20MetaClass
Event: 31.630 loading class groovy/runtime/metaclass/org/codehaus/groovy/grails/plugins/DomainClassGrailsPlugin$_registerConstraintsProperty_closure20MetaClass done


Dynamic libraries:
0x00007ff6035f0000 - 0x00007ff603624000 	C:\Program Files\Java\jdk1.8.0_05\bin\java.exe
0x00007fff95b80000 - 0x00007fff95d51000 	C:\WINDOWS\SYSTEM32\ntdll.dll
0x00007fff93970000 - 0x00007fff93a1b000 	C:\WINDOWS\System32\KERNEL32.DLL
0x00007fff92ed0000 - 0x00007fff930ed000 	C:\WINDOWS\System32\KERNELBASE.dll
0x00007fff93f20000 - 0x00007fff93fc2000 	C:\WINDOWS\System32\ADVAPI32.dll
0x00007fff933c0000 - 0x00007fff9345e000 	C:\WINDOWS\System32\msvcrt.dll
0x00007fff93b80000 - 0x00007fff93bd9000 	C:\WINDOWS\System32\sechost.dll
0x00007fff93170000 - 0x00007fff93291000 	C:\WINDOWS\System32\RPCRT4.dll
0x00007fff93be0000 - 0x00007fff93d45000 	C:\WINDOWS\System32\USER32.dll
0x00007fff930f0000 - 0x00007fff9310e000 	C:\WINDOWS\System32\win32u.dll
0x00007fff93930000 - 0x00007fff93964000 	C:\WINDOWS\System32\GDI32.dll
0x00007fff92d40000 - 0x00007fff92ec2000 	C:\WINDOWS\System32\gdi32full.dll
0x00007fff89fe0000 - 0x00007fff8a25a000 	C:\WINDOWS\WinSxS\amd64_microsoft.windows.common-controls_6595b64144ccf1df_6.0.14393.953_none_42151e83c686086b\COMCTL32.dll
0x00007fff93660000 - 0x00007fff93928000 	C:\WINDOWS\System32\combase.dll
0x00007fff92120000 - 0x00007fff92215000 	C:\WINDOWS\System32\ucrtbase.dll
0x00007fff92ab0000 - 0x00007fff92b1a000 	C:\WINDOWS\System32\bcryptPrimitives.dll
0x00007fff93630000 - 0x00007fff9365e000 	C:\WINDOWS\System32\IMM32.DLL
0x0000000071460000 - 0x0000000071532000 	C:\Program Files\Java\jdk1.8.0_05\jre\bin\msvcr100.dll
0x0000000070c30000 - 0x000000007145a000 	C:\Program Files\Java\jdk1.8.0_05\jre\bin\server\jvm.dll
0x00007fff932a0000 - 0x00007fff932a8000 	C:\WINDOWS\System32\PSAPI.DLL
0x00007fff864d0000 - 0x00007fff864d9000 	C:\WINDOWS\SYSTEM32\WSOCK32.dll
0x00007fff8e4a0000 - 0x00007fff8e4c3000 	C:\WINDOWS\SYSTEM32\WINMM.dll
0x00007fff935c0000 - 0x00007fff9362a000 	C:\WINDOWS\System32\WS2_32.dll
0x00007fff8e470000 - 0x00007fff8e49b000 	C:\WINDOWS\SYSTEM32\WINMMBASE.dll
0x00007fff92cf0000 - 0x00007fff92d32000 	C:\WINDOWS\System32\cfgmgr32.dll
0x0000000070c20000 - 0x0000000070c2f000 	C:\Program Files\Java\jdk1.8.0_05\jre\bin\verify.dll
0x0000000070bf0000 - 0x0000000070c18000 	C:\Program Files\Java\jdk1.8.0_05\jre\bin\java.dll
0x0000000070bc0000 - 0x0000000070be3000 	C:\Program Files\Java\jdk1.8.0_05\jre\bin\instrument.dll
0x0000000070ba0000 - 0x0000000070bb6000 	C:\Program Files\Java\jdk1.8.0_05\jre\bin\zip.dll
0x00007fff944d0000 - 0x00007fff959d8000 	C:\WINDOWS\System32\SHELL32.dll
0x00007fff92220000 - 0x00007fff928fa000 	C:\WINDOWS\System32\windows.storage.dll
0x00007fff92020000 - 0x00007fff9206c000 	C:\WINDOWS\System32\powrprof.dll
0x00007fff93560000 - 0x00007fff935b2000 	C:\WINDOWS\System32\shlwapi.dll
0x00007fff92000000 - 0x00007fff9200f000 	C:\WINDOWS\System32\kernel.appcore.dll
0x00007fff92070000 - 0x00007fff92119000 	C:\WINDOWS\System32\shcore.dll
0x00007fff91fe0000 - 0x00007fff91ff4000 	C:\WINDOWS\System32\profapi.dll
0x00007fff91af0000 - 0x00007fff91b07000 	C:\WINDOWS\SYSTEM32\CRYPTSP.dll
0x00007fff911b0000 - 0x00007fff911e3000 	C:\WINDOWS\system32\rsaenh.dll
0x00007fff91e80000 - 0x00007fff91eab000 	C:\WINDOWS\SYSTEM32\bcrypt.dll
0x00007fff914b0000 - 0x00007fff914cf000 	C:\WINDOWS\SYSTEM32\USERENV.dll
0x00007fff918b0000 - 0x00007fff918bb000 	C:\WINDOWS\SYSTEM32\CRYPTBASE.dll
0x0000000070b80000 - 0x0000000070b9a000 	C:\Program Files\Java\jdk1.8.0_05\jre\bin\net.dll
0x00007fff91660000 - 0x00007fff916bc000 	C:\WINDOWS\system32\mswsock.dll
0x00007fff913b0000 - 0x00007fff913e8000 	C:\WINDOWS\SYSTEM32\IPHLPAPI.DLL
0x00007fff94090000 - 0x00007fff94098000 	C:\WINDOWS\System32\NSI.dll
0x00007fff8b8d0000 - 0x00007fff8b8e6000 	C:\WINDOWS\SYSTEM32\dhcpcsvc6.DLL
0x00007fff8b8b0000 - 0x00007fff8b8ca000 	C:\WINDOWS\SYSTEM32\dhcpcsvc.DLL
0x0000000070b60000 - 0x0000000070b71000 	C:\Program Files\Java\jdk1.8.0_05\jre\bin\nio.dll
0x00007fff90760000 - 0x00007fff9076a000 	C:\Users\Martín.Martín-PC\AppData\Local\Temp\jansi-64-5357110124757890818.dll
0x0000000070b10000 - 0x0000000070b1d000 	C:\Program Files\Java\jdk1.8.0_05\jre\bin\management.dll
0x00007fff913f0000 - 0x00007fff91491000 	C:\WINDOWS\SYSTEM32\DNSAPI.dll
0x0000000074090000 - 0x00000000740b6000 	C:\Program Files\Bonjour\mdnsNSP.dll
0x00007fff88da0000 - 0x00007fff88daa000 	C:\Windows\System32\rasadhlp.dll
0x00007fff8b5c0000 - 0x00007fff8b62a000 	C:\WINDOWS\System32\fwpuclnt.dll
0x0000000070b30000 - 0x0000000070b54000 	C:\Program Files\Java\jdk1.8.0_05\jre\bin\sunec.dll
0x00007fff77500000 - 0x00007fff77516000 	C:\WINDOWS\system32\napinsp.dll
0x00007fff77520000 - 0x00007fff7753a000 	C:\WINDOWS\system32\pnrpnsp.dll
0x00007fff8f400000 - 0x00007fff8f418000 	C:\WINDOWS\system32\NLAapi.dll
0x00007fff77540000 - 0x00007fff7754e000 	C:\WINDOWS\System32\winrnr.dll
0x00007fff91cc0000 - 0x00007fff91e52000 	C:\WINDOWS\SYSTEM32\dbghelp.dll

VM Arguments:
jvm_args: -Dfile.encoding=UTF-8 -Xmx768M -Xms64M -Dgrails.fork.parent.process.port=4424 -Dgrails.fork.active=true -Dgrails.build.execution.context=C:\Users\Martín.Martín-PC\AppData\Local\Temp\PFPorcino3777022234326108166grails-execution-context -Dgrails.home=C:\grails-2.4.4 -javaagent:C:\grails-2.4.4\lib\org.springframework\springloaded\jars\springloaded-1.2.1.RELEASE.jar -Xverify:none -Dspringloaded.synchronize=true -Djdk.reflect.allowGetCallerClass=true -Dspringloaded=profile=grails;cacheDir=C:\Users\Martín.Martín-PC\.grails\2.4.4 
java_command: org.grails.plugins.tomcat.fork.ForkedTomcatServer
java_class_path (initial): C:\Program Files\Java\jdk1.8.0_05\lib\tools.jar;C:\grails-2.4.4\lib\org.codehaus.groovy\groovy-all\jars\groovy-all-2.3.7.jar;C:\grails-2.4.4\lib\org.slf4j\jcl-over-slf4j\jars\jcl-over-slf4j-1.7.5.jar;C:\grails-2.4.4\lib\org.codehaus.gant\gant_groovy1.8\jars\gant_groovy1.8-1.9.6.jar;C:\grails-2.4.4\lib\org.apache.tomcat.embed\tomcat-embed-logging-log4j\jars\tomcat-embed-logging-log4j-7.0.50.jar;C:\grails-2.4.4\dist\grails-plugin-log4j-2.4.4.jar;C:\grails-2.4.4\lib\log4j\log4j\jars\log4j-1.2.17.jar;C:\grails-2.4.4\dist\grails-bootstrap-2.4.4.jar;C:\grails-2.4.4\lib\org.slf4j\slf4j-api\jars\slf4j-api-1.7.5.jar;C:\grails-2.4.4\lib\jline\jline\jars\jline-2.12.jar;C:\grails-2.4.4\lib\org.apache.ant\ant\jars\ant-1.8.4.jar;C:\grails-2.4.4\lib\org.apache.ant\ant-launcher\jars\ant-launcher-1.8.4.jar;C:\grails-2.4.4\lib\org.apache.ant\ant-trax\jars\ant-trax-1.7.1.jar;C:\grails-2.4.4\lib\org.apache.ant\ant-junit\jars\ant-junit-1.8.4.jar;C:\grails-2.4.4\lib\org.apache.ivy\ivy\jars\ivy-2.3.0.jar;C:\grails-2.4.4\lib\org.fusesource.jansi\jansi\jars\jansi-1.11.jar;C:\Users\Martín.Martín-PC\.m2\repository\org\apache\tomcat\tomcat-catalina-ant\7.0.55\tomcat-catalina-ant-7.0.55.jar;C:\Users\Martín.Martín-PC\.m2\repository\org\apache\tomcat\embed\tomcat-embed-jasper\7.0.55\tomcat-embed-jasper-7.0.55.jar;C:\Users\Martín.Martín-PC\.m2\repository\org\apache\tomcat\embed\tomcat-embed-el\7.0.55\tomcat-embed-el-7.0.55.jar;C:\Users\Martín.Martín-PC\.m2\repository\org\apache\tomcat\embed\tomcat-embed-logging-log4j\7.0.55\tomcat-embed-logging-log4j-7.0.55.jar;C:\Users\Martín.Martín-PC\.m2\repository\org\apache\tomcat\embed\tomcat-embed-websocket\7.0.55\tomcat-embed-websocket-7.0.55.jar;C:\Users\Martín.Martín-PC\.m2\repository\org\apache\tomcat\embed\tomcat-embed-core\7.0.55\tomcat-embed-core-7.0.55.jar;C:\Users\Martín.Martín-PC\.m2\repository\org\eclipse\jdt\core\compiler\ecj\3.7.2\ecj-3.7.2.jar;C:\Users\Martín.Martín-PC\IdeaProjects\PFPorcino\target\work\plugins\tom
Launcher Type: SUN_STANDARD

Environment Variables:
JAVA_HOME=C:\Program Files\Java\jdk1.8.0_05
JRE_HOME=C:\Program Files\Java\jdk1.8.0_05\jre
CLASSPATH=.;C:\Program Files\Java\jdk1.8.0_05\lib;C:\Program Files\Java\jdk1.8.0_05\jre\lib
PATH=C:\Program Files (x86)\NVIDIA Corporation\PhysX\Common;c:\windows\system32;c:\windows;c:\windows\system32\wbem;c:\windows\system32\windowspowershell\v1.0\;c:\program files (x86)\ati technologies\ati.ace\core-static;c:\program files\matlab\r2012b\runtime\win64;c:\program files\matlab\r2012b\bin;c:\program files\microsoft sql server\110\tools\binn\;c:\program files (x86)\windows kits\8.1\windows performance toolkit\;c:\program files (x86)\microsoft sdks\typescript\1.0\;c:\program files\statgraphics\statgraphics centurion xvi.ii\;c:\program files (x86)\quicktime\qtsystem\;c:\program files (x86)\amd\ati.ace\core-static;C:\WINDOWS\system32;C:\WINDOWS;C:\WINDOWS\System32\Wbem;C:\WINDOWS\System32\WindowsPowerShell\v1.0\;C:\Program Files\Microsoft SQL Server\120\Tools\Binn\;C:\Program Files\Microsoft SQL Server\Client SDK\ODBC\110\Tools\Binn\;C:\Program Files (x86)\Microsoft SQL Server\120\Tools\Binn\;C:\Program Files\Microsoft SQL Server\120\DTS\Binn\;C:\Program Files (x86)\Microsoft SQL Server\120\Tools\Binn\ManagementStudio\;C:\Program Files (x86)\Microsoft SQL Server\120\DTS\Binn\;C:\Program Files\Java\jdk1.8.0_05\bin;;C:\Users\Martín.Martín-PC\AppData\Local\Microsoft\WindowsApps
USERNAME=Martín
OS=Windows_NT
PROCESSOR_IDENTIFIER=Intel64 Family 6 Model 60 Stepping 3, GenuineIntel



---------------  S Y S T E M  ---------------

OS: Windows 8.1 , 64 bit Build 9600 

CPU:total 4 (2 cores per cpu, 2 threads per core) family 6 model 60 stepping 3, cmov, cx8, fxsr, mmx, sse, sse2, sse3, ssse3, sse4.1, sse4.2, popcnt, avx, avx2, aes, clmul, erms, ht, tsc, tscinvbit

Memory: 4k page, physical 6176556k(2179164k free), swap 8273708k(2859272k free)

vm_info: Java HotSpot(TM) 64-Bit Server VM (25.5-b02) for windows-amd64 JRE (1.8.0_05-b13), built on Mar 18 2014 01:08:39 by "java_re" with MS VC++ 10.0 (VS2010)

time: Thu Apr 27 15:57:40 2017
elapsed time: 31 seconds

