#
# A fatal error has been detected by the Java Runtime Environment:
#
#  EXCEPTION_ACCESS_VIOLATION (0xc0000005) at pc=0x0000000071054bc2, pid=8476, tid=4908
#
# JRE version: Java(TM) SE Runtime Environment (8.0_05-b13) (build 1.8.0_05-b13)
# Java VM: Java HotSpot(TM) 64-Bit Server VM (25.5-b02 mixed mode windows-amd64 compressed oops)
# Problematic frame:
# V  [jvm.dll+0x424bc2]
#
# Failed to write core dump. Minidumps are not enabled by default on client versions of Windows
#
# If you would like to submit a bug report, please visit:
#   http://bugreport.sun.com/bugreport/crash.jsp
#

---------------  T H R E A D  ---------------

Current thread (0x0000000014df9000):  JavaThread "C2 CompilerThread1" daemon [_thread_in_native, id=4908, stack(0x0000000016810000,0x0000000016910000)]

siginfo: ExceptionCode=0xc0000005, reading address 0x0000000000000000

Registers:
RAX=0x000000001803a818, RBX=0x0000000000000600, RCX=0x0000000000000000, RDX=0x0000000018b5a650
RSP=0x000000001690c460, RBP=0x00000000000000c0, RSI=0x00000000000000b8, RDI=0x0000000000000000
R8 =0x0000000070c30000, R9 =0x000000001690c780, R10=0x00000000ffffffff, R11=0x00000000164018e0
R12=0x000000001803af20, R13=0x000000001c0bcd78, R14=0x0000000000000008, R15=0x000000001c0bcd78
RIP=0x0000000071054bc2, EFLAGS=0x0000000000010206

Top of Stack: (sp=0x000000001690c460)
0x000000001690c460:   00000000000000da 0000000018b55fc0
0x000000001690c470:   0000000018036af0 0000000018b55fc0
0x000000001690c480:   0000000000000001 0000000000000600
0x000000001690c490:   0000000000000180 00000000000000c0
0x000000001690c4a0:   000000001b9c3130 0000000014dfb5c0
0x000000001690c4b0:   0000000000000748 0000000018b55fc0
0x000000001690c4c0:   000000001690c780 00000000180378d0
0x000000001690c4d0:   0000000000000020 0000000000000009
0x000000001690c4e0:   000000001803aef0 00000000000000da
0x000000001690c4f0:   000000001c0bcd78 000000007105579d
0x000000001690c500:   000000001803aef0 000000000000001c
0x000000001690c510:   00000000000000da 000000001690c780
0x000000001690c520:   0000000018b5a650 00000000000000da
0x000000001690c530:   00000000180378d0 0000000000000020
0x000000001690c540:   00000000189663f0 000000001690eaf0
0x000000001690c550:   0000000018966a20 000000001803aef0 

Instructions: (pc=0x0000000071054bc2)
0x0000000071054ba2:   c6 48 63 f0 48 03 f1 eb 04 48 83 ce ff 48 8b 84
0x0000000071054bb2:   24 a0 00 00 00 48 8b 40 08 48 8b 3c 03 48 8b cf
0x0000000071054bc2:   48 8b 07 ff 50 28 4c 8d 05 31 b4 bd ff 48 63 50
0x0000000071054bd2:   10 4c 8b d8 48 8b ca 48 c1 e1 05 42 80 bc 01 c0 


Register to memory mapping:

RAX=0x000000001803a818 is an unknown value
RBX=0x0000000000000600 is an unknown value
RCX=0x0000000000000000 is an unknown value
RDX=0x0000000018b5a650 is an unknown value
RSP=0x000000001690c460 is pointing into the stack for thread: 0x0000000014df9000
RBP=0x00000000000000c0 is an unknown value
RSI=0x00000000000000b8 is an unknown value
RDI=0x0000000000000000 is an unknown value
R8 =0x0000000070c30000 is an unknown value
R9 =0x000000001690c780 is pointing into the stack for thread: 0x0000000014df9000
R10=0x00000000ffffffff is an unknown value
R11=0x00000000164018e0 is an unknown value
R12=0x000000001803af20 is an unknown value
R13=0x000000001c0bcd78 is an unknown value
R14=0x0000000000000008 is an unknown value
R15=0x000000001c0bcd78 is an unknown value


Stack: [0x0000000016810000,0x0000000016910000],  sp=0x000000001690c460,  free space=1009k
Native frames: (J=compiled Java code, j=interpreted, Vv=VM code, C=native code)
V  [jvm.dll+0x424bc2]
V  [jvm.dll+0x42579d]
V  [jvm.dll+0x425cdf]
V  [jvm.dll+0x4c5874]
V  [jvm.dll+0x44123c]
V  [jvm.dll+0x4436a9]
V  [jvm.dll+0x427532]
V  [jvm.dll+0x96702]
V  [jvm.dll+0x96ef3]
V  [jvm.dll+0x2232c4]
V  [jvm.dll+0x27baca]
C  [msvcr100.dll+0x21d9f]
C  [msvcr100.dll+0x21e3b]
C  [KERNEL32.DLL+0x8364]
C  [ntdll.dll+0x670d1]


Current CompileTask:
C2:  26422 6759       4       groovy.lang.MetaClassImpl::findPropertyMethod (356 bytes)


---------------  P R O C E S S  ---------------

Java Threads: ( => current thread )
  0x000000001bafe800 JavaThread "net.sf.ehcache.CacheManager@2f9e9543" daemon [_thread_blocked, id=8708, stack(0x000000001f390000,0x000000001f490000)]
  0x000000001bb00800 JavaThread "PoolCleaner[434437292:1493597158254]" daemon [_thread_blocked, id=7920, stack(0x000000001cb70000,0x000000001cc70000)]
  0x0000000017183000 JavaThread "FileSystemWatcher: files=#141 cl=groovy.lang.GroovyClassLoader@19e4fcac" daemon [_thread_blocked, id=10544, stack(0x000000001aee0000,0x000000001afe0000)]
  0x0000000019e0a800 JavaThread "localhost-startStop-1" daemon [_thread_in_vm, id=8184, stack(0x000000001ade0000,0x000000001aee0000)]
  0x000000001a18e000 JavaThread "Tomcat-startStop-1" daemon [_thread_blocked, id=9444, stack(0x000000001ace0000,0x000000001ade0000)]
  0x0000000019bcf800 JavaThread "Thread-3" [_thread_in_native, id=4684, stack(0x000000001a390000,0x000000001a490000)]
  0x0000000018daf800 JavaThread "Thread-2" [_thread_blocked, id=4520, stack(0x0000000019020000,0x0000000019120000)]
  0x0000000016fcc000 JavaThread "NonBlockingInputStreamThread" daemon [_thread_blocked, id=5456, stack(0x0000000017d50000,0x0000000017e50000)]
  0x00000000164f1800 JavaThread "Service Thread" daemon [_thread_blocked, id=9588, stack(0x0000000016a10000,0x0000000016b10000)]
  0x00000000163f8000 JavaThread "C1 CompilerThread2" daemon [_thread_blocked, id=5216, stack(0x0000000016910000,0x0000000016a10000)]
=>0x0000000014df9000 JavaThread "C2 CompilerThread1" daemon [_thread_in_native, id=4908, stack(0x0000000016810000,0x0000000016910000)]
  0x0000000014df8000 JavaThread "C2 CompilerThread0" daemon [_thread_in_native, id=7708, stack(0x0000000016710000,0x0000000016810000)]
  0x0000000014d9e800 JavaThread "Attach Listener" daemon [_thread_blocked, id=212, stack(0x0000000016210000,0x0000000016310000)]
  0x0000000014d9d800 JavaThread "Signal Dispatcher" daemon [_thread_blocked, id=4168, stack(0x0000000016110000,0x0000000016210000)]
  0x0000000014d68800 JavaThread "Finalizer" daemon [_thread_blocked, id=4744, stack(0x0000000016010000,0x0000000016110000)]
  0x0000000014d67800 JavaThread "Reference Handler" daemon [_thread_blocked, id=8332, stack(0x0000000015f10000,0x0000000016010000)]
  0x0000000002f33800 JavaThread "main" [_thread_blocked, id=8104, stack(0x0000000002c30000,0x0000000002d30000)]

Other Threads:
  0x0000000014d66000 VMThread [stack: 0x0000000015e10000,0x0000000015f10000] [id=1264]
  0x00000000164f4000 WatcherThread [stack: 0x0000000016b10000,0x0000000016c10000] [id=3728]

VM state:not at safepoint (normal execution)

VM Mutex/Monitor currently owned by a thread: None

Heap:
 PSYoungGen      total 225280K, used 162001K [0x00000000f0000000, 0x0000000100000000, 0x0000000100000000)
  eden space 190464K, 67% used [0x00000000f0000000,0x00000000f7cb1a38,0x00000000fba00000)
  from space 34816K, 98% used [0x00000000fba00000,0x00000000fdb82ba8,0x00000000fdc00000)
  to   space 36864K, 0% used [0x00000000fdc00000,0x00000000fdc00000,0x0000000100000000)
 ParOldGen       total 89088K, used 76243K [0x00000000d0000000, 0x00000000d5700000, 0x00000000f0000000)
  object space 89088K, 85% used [0x00000000d0000000,0x00000000d4a74ee8,0x00000000d5700000)
 Metaspace       used 64383K, capacity 66458K, committed 66560K, reserved 1107968K
  class space    used 7021K, capacity 7592K, committed 7680K, reserved 1048576K

Card table byte_map: [0x00000000123f0000,0x0000000012580000] byte_map_base: 0x0000000011d70000

Marking Bits: (ParMarkBitMap*) 0x00000000713e13b0
 Begin Bits: [0x0000000012a80000, 0x0000000013680000)
 End Bits:   [0x0000000013680000, 0x0000000014280000)

Polling page: 0x0000000001160000

CodeCache: size=245760Kb used=19191Kb max_used=19191Kb free=226568Kb
 bounds [0x0000000003030000, 0x0000000004300000, 0x0000000012030000]
 total_blobs=6785 nmethods=6018 adapters=677
 compilation: enabled

Compilation events (10 events):
Event: 26.327 Thread 0x00000000163f8000 nmethod 6885 0x00000000042f3fd0 code [0x00000000042f4120, 0x00000000042f4230]
Event: 26.333 Thread 0x00000000163f8000 6887       2       org.codehaus.groovy.runtime.callsite.PogoMetaMethodSite::checkCall (26 bytes)
Event: 26.334 Thread 0x00000000163f8000 nmethod 6887 0x00000000042f4290 code [0x00000000042f4420, 0x00000000042f47c8]
Event: 26.335 Thread 0x00000000163f8000 6888       2       org.codehaus.groovy.runtime.callsite.AbstractCallSite::callStatic (15 bytes)
Event: 26.335 Thread 0x00000000163f8000 nmethod 6888 0x00000000042f4ad0 code [0x00000000042f4c40, 0x00000000042f5028]
Event: 26.335 Thread 0x00000000163f8000 6889   !   2       org.grails.datastore.gorm.GormEnhancer::doesRealMethodExist (525 bytes)
Event: 26.337 Thread 0x00000000163f8000 nmethod 6889 0x00000000042f5310 code [0x00000000042f56a0, 0x00000000042f6758]
Event: 26.338 Thread 0x00000000163f8000 6890   !   2       groovy.lang.MetaClass$pickMethod::call (43 bytes)
Event: 26.339 Thread 0x00000000163f8000 nmethod 6890 0x00000000042f8490 code [0x00000000042f8640, 0x00000000042f89b8]
Event: 26.339 Thread 0x00000000163f8000 6892 %     3       org.codehaus.groovy.runtime.DefaultGroovyMethods::findAll @ 9 (56 bytes)

GC Heap History (10 events):
Event: 20.554 GC heap before
{Heap before GC invocations=70 (full 7):
 PSYoungGen      total 227328K, used 198109K [0x00000000f0000000, 0x00000000ffd80000, 0x0000000100000000)
  eden space 197120K, 97% used [0x00000000f0000000,0x00000000fbc885a8,0x00000000fc080000)
  from space 30208K, 16% used [0x00000000fe000000,0x00000000fe4ef180,0x00000000ffd80000)
  to   space 31232K, 0% used [0x00000000fc080000,0x00000000fc080000,0x00000000fdf00000)
 ParOldGen       total 89088K, used 74524K [0x00000000d0000000, 0x00000000d5700000, 0x00000000f0000000)
  object space 89088K, 83% used [0x00000000d0000000,0x00000000d48c7190,0x00000000d5700000)
 Metaspace       used 57940K, capacity 59654K, committed 60032K, reserved 1101824K
  class space    used 6193K, capacity 6701K, committed 6784K, reserved 1048576K
Event: 20.570 GC heap after
Heap after GC invocations=70 (full 7):
 PSYoungGen      total 228352K, used 9768K [0x00000000f0000000, 0x00000000ffd00000, 0x0000000100000000)
  eden space 197120K, 0% used [0x00000000f0000000,0x00000000f0000000,0x00000000fc080000)
  from space 31232K, 31% used [0x00000000fc080000,0x00000000fca0a2d0,0x00000000fdf00000)
  to   space 29184K, 0% used [0x00000000fe080000,0x00000000fe080000,0x00000000ffd00000)
 ParOldGen       total 89088K, used 74532K [0x00000000d0000000, 0x00000000d5700000, 0x00000000f0000000)
  object space 89088K, 83% used [0x00000000d0000000,0x00000000d48c9190,0x00000000d5700000)
 Metaspace       used 57940K, capacity 59654K, committed 60032K, reserved 1101824K
  class space    used 6193K, capacity 6701K, committed 6784K, reserved 1048576K
}
Event: 21.692 GC heap before
{Heap before GC invocations=71 (full 7):
 PSYoungGen      total 228352K, used 206888K [0x00000000f0000000, 0x00000000ffd00000, 0x0000000100000000)
  eden space 197120K, 100% used [0x00000000f0000000,0x00000000fc080000,0x00000000fc080000)
  from space 31232K, 31% used [0x00000000fc080000,0x00000000fca0a2d0,0x00000000fdf00000)
  to   space 29184K, 0% used [0x00000000fe080000,0x00000000fe080000,0x00000000ffd00000)
 ParOldGen       total 89088K, used 74532K [0x00000000d0000000, 0x00000000d5700000, 0x00000000f0000000)
  object space 89088K, 83% used [0x00000000d0000000,0x00000000d48c9190,0x00000000d5700000)
 Metaspace       used 58929K, capacity 60688K, committed 61184K, reserved 1103872K
  class space    used 6308K, capacity 6804K, committed 6912K, reserved 1048576K
Event: 21.716 GC heap after
Heap after GC invocations=71 (full 7):
 PSYoungGen      total 229888K, used 13210K [0x00000000f0000000, 0x00000000ffc00000, 0x0000000100000000)
  eden space 201728K, 0% used [0x00000000f0000000,0x00000000f0000000,0x00000000fc500000)
  from space 28160K, 46% used [0x00000000fe080000,0x00000000fed66958,0x00000000ffc00000)
  to   space 28160K, 0% used [0x00000000fc500000,0x00000000fc500000,0x00000000fe080000)
 ParOldGen       total 89088K, used 74540K [0x00000000d0000000, 0x00000000d5700000, 0x00000000f0000000)
  object space 89088K, 83% used [0x00000000d0000000,0x00000000d48cb190,0x00000000d5700000)
 Metaspace       used 58929K, capacity 60688K, committed 61184K, reserved 1103872K
  class space    used 6308K, capacity 6804K, committed 6912K, reserved 1048576K
}
Event: 22.890 GC heap before
{Heap before GC invocations=72 (full 7):
 PSYoungGen      total 229888K, used 214938K [0x00000000f0000000, 0x00000000ffc00000, 0x0000000100000000)
  eden space 201728K, 100% used [0x00000000f0000000,0x00000000fc500000,0x00000000fc500000)
  from space 28160K, 46% used [0x00000000fe080000,0x00000000fed66958,0x00000000ffc00000)
  to   space 28160K, 0% used [0x00000000fc500000,0x00000000fc500000,0x00000000fe080000)
 ParOldGen       total 89088K, used 74540K [0x00000000d0000000, 0x00000000d5700000, 0x00000000f0000000)
  object space 89088K, 83% used [0x00000000d0000000,0x00000000d48cb190,0x00000000d5700000)
 Metaspace       used 59938K, capacity 61702K, committed 62080K, reserved 1103872K
  class space    used 6448K, capacity 6982K, committed 7040K, reserved 1048576K
Event: 22.921 GC heap after
Heap after GC invocations=72 (full 7):
 PSYoungGen      total 229888K, used 19848K [0x00000000f0000000, 0x0000000100000000, 0x0000000100000000)
  eden space 201728K, 0% used [0x00000000f0000000,0x00000000f0000000,0x00000000fc500000)
  from space 28160K, 70% used [0x00000000fc500000,0x00000000fd862108,0x00000000fe080000)
  to   space 30208K, 0% used [0x00000000fe280000,0x00000000fe280000,0x0000000100000000)
 ParOldGen       total 89088K, used 74548K [0x00000000d0000000, 0x00000000d5700000, 0x00000000f0000000)
  object space 89088K, 83% used [0x00000000d0000000,0x00000000d48cd190,0x00000000d5700000)
 Metaspace       used 59938K, capacity 61702K, committed 62080K, reserved 1103872K
  class space    used 6448K, capacity 6982K, committed 7040K, reserved 1048576K
}
Event: 24.483 GC heap before
{Heap before GC invocations=73 (full 7):
 PSYoungGen      total 229888K, used 216431K [0x00000000f0000000, 0x0000000100000000, 0x0000000100000000)
  eden space 201728K, 97% used [0x00000000f0000000,0x00000000fbff9c90,0x00000000fc500000)
  from space 28160K, 70% used [0x00000000fc500000,0x00000000fd862108,0x00000000fe080000)
  to   space 30208K, 0% used [0x00000000fe280000,0x00000000fe280000,0x0000000100000000)
 ParOldGen       total 89088K, used 74548K [0x00000000d0000000, 0x00000000d5700000, 0x00000000f0000000)
  object space 89088K, 83% used [0x00000000d0000000,0x00000000d48cd190,0x00000000d5700000)
 Metaspace       used 62311K, capacity 64088K, committed 64384K, reserved 1105920K
  class space    used 6725K, capacity 7242K, committed 7296K, reserved 1048576K
Event: 24.533 GC heap after
Heap after GC invocations=73 (full 7):
 PSYoungGen      total 220672K, used 30194K [0x00000000f0000000, 0x0000000100000000, 0x0000000100000000)
  eden space 190464K, 0% used [0x00000000f0000000,0x00000000f0000000,0x00000000fba00000)
  from space 30208K, 99% used [0x00000000fe280000,0x00000000ffffcbd0,0x0000000100000000)
  to   space 35840K, 0% used [0x00000000fba00000,0x00000000fba00000,0x00000000fdd00000)
 ParOldGen       total 89088K, used 76235K [0x00000000d0000000, 0x00000000d5700000, 0x00000000f0000000)
  object space 89088K, 85% used [0x00000000d0000000,0x00000000d4a72ee8,0x00000000d5700000)
 Metaspace       used 62311K, capacity 64088K, committed 64384K, reserved 1105920K
  class space    used 6725K, capacity 7242K, committed 7296K, reserved 1048576K
}
Event: 25.421 GC heap before
{Heap before GC invocations=74 (full 7):
 PSYoungGen      total 220672K, used 220658K [0x00000000f0000000, 0x0000000100000000, 0x0000000100000000)
  eden space 190464K, 100% used [0x00000000f0000000,0x00000000fba00000,0x00000000fba00000)
  from space 30208K, 99% used [0x00000000fe280000,0x00000000ffffcbd0,0x0000000100000000)
  to   space 35840K, 0% used [0x00000000fba00000,0x00000000fba00000,0x00000000fdd00000)
 ParOldGen       total 89088K, used 76235K [0x00000000d0000000, 0x00000000d5700000, 0x00000000f0000000)
  object space 89088K, 85% used [0x00000000d0000000,0x00000000d4a72ee8,0x00000000d5700000)
 Metaspace       used 63196K, capacity 65032K, committed 65280K, reserved 1107968K
  class space    used 6858K, capacity 7378K, committed 7424K, reserved 1048576K
Event: 25.474 GC heap after
Heap after GC invocations=74 (full 7):
 PSYoungGen      total 225280K, used 34314K [0x00000000f0000000, 0x0000000100000000, 0x0000000100000000)
  eden space 190464K, 0% used [0x00000000f0000000,0x00000000f0000000,0x00000000fba00000)
  from space 34816K, 98% used [0x00000000fba00000,0x00000000fdb82ba8,0x00000000fdc00000)
  to   space 36864K, 0% used [0x00000000fdc00000,0x00000000fdc00000,0x0000000100000000)
 ParOldGen       total 89088K, used 76243K [0x00000000d0000000, 0x00000000d5700000, 0x00000000f0000000)
  object space 89088K, 85% used [0x00000000d0000000,0x00000000d4a74ee8,0x00000000d5700000)
 Metaspace       used 63196K, capacity 65032K, committed 65280K, reserved 1107968K
  class space    used 6858K, capacity 7378K, committed 7424K, reserved 1048576K
}

Deoptimization events (10 events):
Event: 19.368 Thread 0x0000000019e0a800 Uncommon trap: reason=bimorphic action=maybe_recompile pc=0x0000000003ff2f1c method=groovy.lang.MetaClassImpl$1MOPIter.processFastArray(Lorg/codehaus/groovy/util/FastArray;)V @ 41
Event: 19.368 Thread 0x0000000019e0a800 Uncommon trap: reason=bimorphic action=maybe_recompile pc=0x0000000003ff2f00 method=groovy.lang.MetaClassImpl$1MOPIter.processFastArray(Lorg/codehaus/groovy/util/FastArray;)V @ 41
Event: 19.368 Thread 0x0000000019e0a800 Uncommon trap: reason=bimorphic action=maybe_recompile pc=0x0000000003ff2f00 method=groovy.lang.MetaClassImpl$1MOPIter.processFastArray(Lorg/codehaus/groovy/util/FastArray;)V @ 41
Event: 19.409 Thread 0x0000000019e0a800 Uncommon trap: reason=bimorphic action=maybe_recompile pc=0x000000000317d064 method=groovy.lang.MetaMethod.getMopName()Ljava/lang/String; @ 8
Event: 20.013 Thread 0x0000000019e0a800 Uncommon trap: reason=bimorphic action=maybe_recompile pc=0x0000000003be745c method=java.util.regex.Pattern$Branch.match(Ljava/util/regex/Matcher;ILjava/lang/CharSequence;)Z @ 32
Event: 20.851 Thread 0x0000000019e0a800 Uncommon trap: reason=unreached action=reinterpret pc=0x00000000035be580 method=java.net.URL.<init>(Ljava/net/URL;Ljava/lang/String;Ljava/net/URLStreamHandler;)V @ 391
Event: 20.920 Thread 0x0000000019e0a800 Uncommon trap: reason=null_assert action=make_not_entrant pc=0x0000000003fb5178 method=java.util.concurrent.ConcurrentHashMap.putVal(Ljava/lang/Object;Ljava/lang/Object;Z)Ljava/lang/Object; @ 264
Event: 21.531 Thread 0x0000000019e0a800 Uncommon trap: reason=unreached action=reinterpret pc=0x000000000325e940 method=java.lang.reflect.Method.equals(Ljava/lang/Object;)Z @ 1
Event: 23.805 Thread 0x0000000019e0a800 Uncommon trap: reason=unreached action=reinterpret pc=0x0000000003945e00 method=org.codehaus.groovy.runtime.metaclass.MetaMethodIndex.getMethods(Ljava/lang/Class;Ljava/lang/String;)Lorg/codehaus/groovy/runtime/metaclass/MetaMethodIndex$Entry; @ 61
Event: 25.493 Thread 0x0000000019e0a800 Uncommon trap: reason=unreached action=reinterpret pc=0x000000000410bb08 method=org.codehaus.groovy.runtime.metaclass.MetaMethodIndex.isNonRealMethod(Lgroovy/lang/MetaMethod;)Z @ 32

Internal exceptions (10 events):
Event: 26.174 Thread 0x0000000019e0a800 Exception <a 'java/security/PrivilegedActionException'> (0x00000000f6a62d68) thrown at [D:\re\workspace\8-2-build-windows-amd64-cygwin\jdk8u5\2488\hotspot\src\share\vm\prims\jvm.cpp, line 1248]
Event: 26.174 Thread 0x0000000019e0a800 Exception <a 'java/lang/ClassNotFoundException': org/codehaus/groovy/grails/orm/hibernate/AbstractHibernateGormEnhancer$_addRelationshipManagementMethods_closure5BeanInfo> (0x00000000f6a63d10) thrown at [D:\re\workspace\8-2-build-windows-amd64-cygwin\jdk8uwˆ¾R¥,:@
Event: 26.174 Thread 0x0000000019e0a800 Exception <a 'java/security/PrivilegedActionException'> (0x00000000f6a654a8) thrown at [D:\re\workspace\8-2-build-windows-amd64-cygwin\jdk8u5\2488\hotspot\src\share\vm\prims\jvm.cpp, line 1248]
Event: 26.175 Thread 0x0000000019e0a800 Exception <a 'java/security/PrivilegedActionException'> (0x00000000f6a6c318) thrown at [D:\re\workspace\8-2-build-windows-amd64-cygwin\jdk8u5\2488\hotspot\src\share\vm\prims\jvm.cpp, line 1248]
Event: 26.175 Thread 0x0000000019e0a800 Exception <a 'java/security/PrivilegedActionException'> (0x00000000f6a86928) thrown at [D:\re\workspace\8-2-build-windows-amd64-cygwin\jdk8u5\2488\hotspot\src\share\vm\prims\jvm.cpp, line 1248]
Event: 26.175 Thread 0x0000000019e0a800 Exception <a 'java/security/PrivilegedActionException'> (0x00000000f6aa7eb0) thrown at [D:\re\workspace\8-2-build-windows-amd64-cygwin\jdk8u5\2488\hotspot\src\share\vm\prims\jvm.cpp, line 1248]
Event: 26.175 Thread 0x0000000019e0a800 Exception <a 'java/security/PrivilegedActionException'> (0x00000000f6aaed20) thrown at [D:\re\workspace\8-2-build-windows-amd64-cygwin\jdk8u5\2488\hotspot\src\share\vm\prims\jvm.cpp, line 1248]
Event: 26.176 Thread 0x0000000019e0a800 Exception <a 'java/security/PrivilegedActionException'> (0x00000000f6ac9330) thrown at [D:\re\workspace\8-2-build-windows-amd64-cygwin\jdk8u5\2488\hotspot\src\share\vm\prims\jvm.cpp, line 1248]
Event: 26.177 Thread 0x0000000019e0a800 Exception <a 'java/security/PrivilegedActionException'> (0x00000000f6b03c60) thrown at [D:\re\workspace\8-2-build-windows-amd64-cygwin\jdk8u5\2488\hotspot\src\share\vm\prims\jvm.cpp, line 1248]
Event: 26.177 Thread 0x0000000019e0a800 Exception <a 'java/lang/ClassNotFoundException': org/codehaus/groovy/grails/orm/hibernate/AbstractHibernateGormEnhancer$_addRelationshipManagementMethods_closure5Customizer> (0x00000000f6b04c08) thrown at [D:\re\workspace\8-2-build-windows-amd64-cygwin\jdk>[ñ™,:@

Events (10 events):
Event: 26.174 loading class org/codehaus/groovy/grails/orm/hibernate/AbstractHibernateGormEnhancer$_addRelationshipManagementMethods_closure5BeanInfo
Event: 26.174 loading class org/codehaus/groovy/grails/orm/hibernate/AbstractHibernateGormEnhancer$_addRelationshipManagementMethods_closure5BeanInfo done
Event: 26.174 loading class org/codehaus/groovy/grails/orm/hibernate/AbstractHibernateGormEnhancer$_addRelationshipManagementMethods_closure5Customizer
Event: 26.174 loading class org/codehaus/groovy/grails/orm/hibernate/AbstractHibernateGormEnhancer$_addRelationshipManagementMethods_closure5Customizer done
Event: 26.175 loading class org/codehaus/groovy/grails/orm/hibernate/AbstractHibernateGormEnhancer$_addRelationshipManagementMethods_closure5Customizer
Event: 26.175 loading class org/codehaus/groovy/grails/orm/hibernate/AbstractHibernateGormEnhancer$_addRelationshipManagementMethods_closure5Customizer done
Event: 26.177 loading class org/codehaus/groovy/grails/orm/hibernate/AbstractHibernateGormEnhancer$_addRelationshipManagementMethods_closure5Customizer
Event: 26.177 loading class org/codehaus/groovy/grails/orm/hibernate/AbstractHibernateGormEnhancer$_addRelationshipManagementMethods_closure5Customizer done
Event: 26.251 Thread 0x0000000019e0a800 DEOPT PACKING pc=0x000000000410348f sp=0x000000001aedbe10
Event: 26.251 Thread 0x0000000019e0a800 DEOPT UNPACKING pc=0x0000000003077604 sp=0x000000001aedbb50 mode 0


Dynamic libraries:
0x00007ff6cb840000 - 0x00007ff6cb874000 	C:\Program Files\Java\jdk1.8.0_05\bin\java.exe
0x00007fff95b80000 - 0x00007fff95d51000 	C:\WINDOWS\SYSTEM32\ntdll.dll
0x00007fff93970000 - 0x00007fff93a1b000 	C:\WINDOWS\System32\KERNEL32.DLL
0x00007fff92ed0000 - 0x00007fff930ed000 	C:\WINDOWS\System32\KERNELBASE.dll
0x00007fff93f20000 - 0x00007fff93fc2000 	C:\WINDOWS\System32\ADVAPI32.dll
0x00007fff933c0000 - 0x00007fff9345e000 	C:\WINDOWS\System32\msvcrt.dll
0x00007fff93b80000 - 0x00007fff93bd9000 	C:\WINDOWS\System32\sechost.dll
0x00007fff93170000 - 0x00007fff93291000 	C:\WINDOWS\System32\RPCRT4.dll
0x00007fff93be0000 - 0x00007fff93d45000 	C:\WINDOWS\System32\USER32.dll
0x00007fff930f0000 - 0x00007fff9310e000 	C:\WINDOWS\System32\win32u.dll
0x00007fff93930000 - 0x00007fff93964000 	C:\WINDOWS\System32\GDI32.dll
0x00007fff92d40000 - 0x00007fff92ec2000 	C:\WINDOWS\System32\gdi32full.dll
0x00007fff89fe0000 - 0x00007fff8a25a000 	C:\WINDOWS\WinSxS\amd64_microsoft.windows.common-controls_6595b64144ccf1df_6.0.14393.953_none_42151e83c686086b\COMCTL32.dll
0x00007fff93660000 - 0x00007fff93928000 	C:\WINDOWS\System32\combase.dll
0x00007fff92120000 - 0x00007fff92215000 	C:\WINDOWS\System32\ucrtbase.dll
0x00007fff92ab0000 - 0x00007fff92b1a000 	C:\WINDOWS\System32\bcryptPrimitives.dll
0x00007fff93630000 - 0x00007fff9365e000 	C:\WINDOWS\System32\IMM32.DLL
0x0000000071460000 - 0x0000000071532000 	C:\Program Files\Java\jdk1.8.0_05\jre\bin\msvcr100.dll
0x0000000070c30000 - 0x000000007145a000 	C:\Program Files\Java\jdk1.8.0_05\jre\bin\server\jvm.dll
0x00007fff932a0000 - 0x00007fff932a8000 	C:\WINDOWS\System32\PSAPI.DLL
0x00007fff864d0000 - 0x00007fff864d9000 	C:\WINDOWS\SYSTEM32\WSOCK32.dll
0x00007fff935c0000 - 0x00007fff9362a000 	C:\WINDOWS\System32\WS2_32.dll
0x00007fff8e4a0000 - 0x00007fff8e4c3000 	C:\WINDOWS\SYSTEM32\WINMM.dll
0x00007fff8e470000 - 0x00007fff8e49b000 	C:\WINDOWS\SYSTEM32\WINMMBASE.dll
0x00007fff92cf0000 - 0x00007fff92d32000 	C:\WINDOWS\System32\cfgmgr32.dll
0x0000000070c20000 - 0x0000000070c2f000 	C:\Program Files\Java\jdk1.8.0_05\jre\bin\verify.dll
0x0000000070bf0000 - 0x0000000070c18000 	C:\Program Files\Java\jdk1.8.0_05\jre\bin\java.dll
0x0000000070bc0000 - 0x0000000070be3000 	C:\Program Files\Java\jdk1.8.0_05\jre\bin\instrument.dll
0x0000000070ba0000 - 0x0000000070bb6000 	C:\Program Files\Java\jdk1.8.0_05\jre\bin\zip.dll
0x00007fff944d0000 - 0x00007fff959d8000 	C:\WINDOWS\System32\SHELL32.dll
0x00007fff92220000 - 0x00007fff928fa000 	C:\WINDOWS\System32\windows.storage.dll
0x00007fff92020000 - 0x00007fff9206c000 	C:\WINDOWS\System32\powrprof.dll
0x00007fff93560000 - 0x00007fff935b2000 	C:\WINDOWS\System32\shlwapi.dll
0x00007fff92000000 - 0x00007fff9200f000 	C:\WINDOWS\System32\kernel.appcore.dll
0x00007fff92070000 - 0x00007fff92119000 	C:\WINDOWS\System32\shcore.dll
0x00007fff91fe0000 - 0x00007fff91ff4000 	C:\WINDOWS\System32\profapi.dll
0x00007fff91af0000 - 0x00007fff91b07000 	C:\WINDOWS\SYSTEM32\CRYPTSP.dll
0x00007fff911b0000 - 0x00007fff911e3000 	C:\WINDOWS\system32\rsaenh.dll
0x00007fff91e80000 - 0x00007fff91eab000 	C:\WINDOWS\SYSTEM32\bcrypt.dll
0x00007fff914b0000 - 0x00007fff914cf000 	C:\WINDOWS\SYSTEM32\USERENV.dll
0x00007fff918b0000 - 0x00007fff918bb000 	C:\WINDOWS\SYSTEM32\CRYPTBASE.dll
0x0000000070b80000 - 0x0000000070b9a000 	C:\Program Files\Java\jdk1.8.0_05\jre\bin\net.dll
0x00007fff91660000 - 0x00007fff916bc000 	C:\WINDOWS\system32\mswsock.dll
0x00007fff913b0000 - 0x00007fff913e8000 	C:\WINDOWS\SYSTEM32\IPHLPAPI.DLL
0x00007fff94090000 - 0x00007fff94098000 	C:\WINDOWS\System32\NSI.dll
0x00007fff8b8d0000 - 0x00007fff8b8e6000 	C:\WINDOWS\SYSTEM32\dhcpcsvc6.DLL
0x00007fff8b8b0000 - 0x00007fff8b8ca000 	C:\WINDOWS\SYSTEM32\dhcpcsvc.DLL
0x0000000070b60000 - 0x0000000070b71000 	C:\Program Files\Java\jdk1.8.0_05\jre\bin\nio.dll
0x00007fff906b0000 - 0x00007fff906ba000 	C:\Users\Martín.Martín-PC\AppData\Local\Temp\jansi-64-414531652945328010.dll
0x0000000070b10000 - 0x0000000070b1d000 	C:\Program Files\Java\jdk1.8.0_05\jre\bin\management.dll
0x00007fff913f0000 - 0x00007fff91491000 	C:\WINDOWS\SYSTEM32\DNSAPI.dll
0x0000000074090000 - 0x00000000740b6000 	C:\Program Files\Bonjour\mdnsNSP.dll
0x00007fff88da0000 - 0x00007fff88daa000 	C:\Windows\System32\rasadhlp.dll
0x00007fff8b5c0000 - 0x00007fff8b62a000 	C:\WINDOWS\System32\fwpuclnt.dll
0x0000000070b30000 - 0x0000000070b54000 	C:\Program Files\Java\jdk1.8.0_05\jre\bin\sunec.dll
0x00007fff77500000 - 0x00007fff77516000 	C:\WINDOWS\system32\napinsp.dll
0x00007fff77520000 - 0x00007fff7753a000 	C:\WINDOWS\system32\pnrpnsp.dll
0x00007fff8f400000 - 0x00007fff8f418000 	C:\WINDOWS\system32\NLAapi.dll
0x00007fff77540000 - 0x00007fff7754e000 	C:\WINDOWS\System32\winrnr.dll
0x00007fff91cc0000 - 0x00007fff91e52000 	C:\WINDOWS\SYSTEM32\dbghelp.dll

VM Arguments:
jvm_args: -Dfile.encoding=UTF-8 -Xmx768M -Xms64M -Dgrails.fork.parent.process.port=16772 -Dgrails.fork.active=true -Dgrails.build.execution.context=C:\Users\Martín.Martín-PC\AppData\Local\Temp\PFPorcino8388189320083135184grails-execution-context -Dgrails.home=C:\grails-2.4.4 -javaagent:C:\grails-2.4.4\lib\org.springframework\springloaded\jars\springloaded-1.2.1.RELEASE.jar -Xverify:none -Dspringloaded.synchronize=true -Djdk.reflect.allowGetCallerClass=true -Dspringloaded=profile=grails;cacheDir=C:\Users\Martín.Martín-PC\.grails\2.4.4 
java_command: org.grails.plugins.tomcat.fork.ForkedTomcatServer
java_class_path (initial): C:\Program Files\Java\jdk1.8.0_05\lib\tools.jar;C:\grails-2.4.4\lib\org.codehaus.groovy\groovy-all\jars\groovy-all-2.3.7.jar;C:\grails-2.4.4\lib\org.slf4j\jcl-over-slf4j\jars\jcl-over-slf4j-1.7.5.jar;C:\grails-2.4.4\lib\org.codehaus.gant\gant_groovy1.8\jars\gant_groovy1.8-1.9.6.jar;C:\grails-2.4.4\lib\org.apache.tomcat.embed\tomcat-embed-logging-log4j\jars\tomcat-embed-logging-log4j-7.0.50.jar;C:\grails-2.4.4\dist\grails-plugin-log4j-2.4.4.jar;C:\grails-2.4.4\lib\log4j\log4j\jars\log4j-1.2.17.jar;C:\grails-2.4.4\dist\grails-bootstrap-2.4.4.jar;C:\grails-2.4.4\lib\org.slf4j\slf4j-api\jars\slf4j-api-1.7.5.jar;C:\grails-2.4.4\lib\jline\jline\jars\jline-2.12.jar;C:\grails-2.4.4\lib\org.apache.ant\ant\jars\ant-1.8.4.jar;C:\grails-2.4.4\lib\org.apache.ant\ant-launcher\jars\ant-launcher-1.8.4.jar;C:\grails-2.4.4\lib\org.apache.ant\ant-trax\jars\ant-trax-1.7.1.jar;C:\grails-2.4.4\lib\org.apache.ant\ant-junit\jars\ant-junit-1.8.4.jar;C:\grails-2.4.4\lib\org.apache.ivy\ivy\jars\ivy-2.3.0.jar;C:\grails-2.4.4\lib\org.fusesource.jansi\jansi\jars\jansi-1.11.jar;C:\Users\Martín.Martín-PC\.m2\repository\org\apache\tomcat\tomcat-catalina-ant\7.0.55\tomcat-catalina-ant-7.0.55.jar;C:\Users\Martín.Martín-PC\.m2\repository\org\apache\tomcat\embed\tomcat-embed-jasper\7.0.55\tomcat-embed-jasper-7.0.55.jar;C:\Users\Martín.Martín-PC\.m2\repository\org\apache\tomcat\embed\tomcat-embed-el\7.0.55\tomcat-embed-el-7.0.55.jar;C:\Users\Martín.Martín-PC\.m2\repository\org\apache\tomcat\embed\tomcat-embed-logging-log4j\7.0.55\tomcat-embed-logging-log4j-7.0.55.jar;C:\Users\Martín.Martín-PC\.m2\repository\org\apache\tomcat\embed\tomcat-embed-websocket\7.0.55\tomcat-embed-websocket-7.0.55.jar;C:\Users\Martín.Martín-PC\.m2\repository\org\apache\tomcat\embed\tomcat-embed-core\7.0.55\tomcat-embed-core-7.0.55.jar;C:\Users\Martín.Martín-PC\.m2\repository\org\eclipse\jdt\core\compiler\ecj\3.7.2\ecj-3.7.2.jar;C:\Users\Martín.Martín-PC\IdeaProjects\PFPorcino\target\work\plugins\tom
Launcher Type: SUN_STANDARD

Environment Variables:
JAVA_HOME=C:\Program Files\Java\jdk1.8.0_05
JRE_HOME=C:\Program Files\Java\jdk1.8.0_05\jre
CLASSPATH=.;C:\Program Files\Java\jdk1.8.0_05\lib;C:\Program Files\Java\jdk1.8.0_05\jre\lib
PATH=C:\Program Files (x86)\NVIDIA Corporation\PhysX\Common;c:\windows\system32;c:\windows;c:\windows\system32\wbem;c:\windows\system32\windowspowershell\v1.0\;c:\program files (x86)\ati technologies\ati.ace\core-static;c:\program files\matlab\r2012b\runtime\win64;c:\program files\matlab\r2012b\bin;c:\program files\microsoft sql server\110\tools\binn\;c:\program files (x86)\windows kits\8.1\windows performance toolkit\;c:\program files (x86)\microsoft sdks\typescript\1.0\;c:\program files\statgraphics\statgraphics centurion xvi.ii\;c:\program files (x86)\quicktime\qtsystem\;c:\program files (x86)\amd\ati.ace\core-static;C:\WINDOWS\system32;C:\WINDOWS;C:\WINDOWS\System32\Wbem;C:\WINDOWS\System32\WindowsPowerShell\v1.0\;C:\Program Files\Microsoft SQL Server\120\Tools\Binn\;C:\Program Files\Microsoft SQL Server\Client SDK\ODBC\110\Tools\Binn\;C:\Program Files (x86)\Microsoft SQL Server\120\Tools\Binn\;C:\Program Files\Microsoft SQL Server\120\DTS\Binn\;C:\Program Files (x86)\Microsoft SQL Server\120\Tools\Binn\ManagementStudio\;C:\Program Files (x86)\Microsoft SQL Server\120\DTS\Binn\;C:\Program Files\Java\jdk1.8.0_05\bin;;C:\Users\Martín.Martín-PC\AppData\Local\Microsoft\WindowsApps
USERNAME=Martín
OS=Windows_NT
PROCESSOR_IDENTIFIER=Intel64 Family 6 Model 60 Stepping 3, GenuineIntel



---------------  S Y S T E M  ---------------

OS: Windows 8.1 , 64 bit Build 9600 

CPU:total 4 (2 cores per cpu, 2 threads per core) family 6 model 60 stepping 3, cmov, cx8, fxsr, mmx, sse, sse2, sse3, ssse3, sse4.1, sse4.2, popcnt, avx, avx2, aes, clmul, erms, ht, tsc, tscinvbit

Memory: 4k page, physical 6176556k(1340536k free), swap 8273708k(1278668k free)

vm_info: Java HotSpot(TM) 64-Bit Server VM (25.5-b02) for windows-amd64 JRE (1.8.0_05-b13), built on Mar 18 2014 01:08:39 by "java_re" with MS VC++ 10.0 (VS2010)

time: Sun Apr 30 19:06:09 2017
elapsed time: 26 seconds

