#
# A fatal error has been detected by the Java Runtime Environment:
#
#  EXCEPTION_ACCESS_VIOLATION (0xc0000005) at pc=0x0000000058e24bc2, pid=7192, tid=8780
#
# JRE version: Java(TM) SE Runtime Environment (8.0_05-b13) (build 1.8.0_05-b13)
# Java VM: Java HotSpot(TM) 64-Bit Server VM (25.5-b02 mixed mode windows-amd64 compressed oops)
# Problematic frame:
# V  [jvm.dll+0x424bc2]
#
# Failed to write core dump. Minidumps are not enabled by default on client versions of Windows
#
# If you would like to submit a bug report, please visit:
#   http://bugreport.sun.com/bugreport/crash.jsp
#

---------------  T H R E A D  ---------------

Current thread (0x000000001418d800):  JavaThread "C2 CompilerThread0" daemon [_thread_in_native, id=8780, stack(0x0000000015a90000,0x0000000015b90000)]

siginfo: ExceptionCode=0xc0000005, reading address 0x0000000000000000

Registers:
RAX=0x000000001c787bb8, RBX=0x0000000000000600, RCX=0x0000000000000000, RDX=0x000000001c783800
RSP=0x0000000015b8c650, RBP=0x00000000000000c0, RSI=0x00000000000000b8, RDI=0x0000000000000000
R8 =0x0000000058a00000, R9 =0x0000000015b8c970, R10=0x00000000ffffffff, R11=0x000000001578c890
R12=0x000000001c7882d0, R13=0x0000000017437138, R14=0x0000000000000008, R15=0x0000000017437138
RIP=0x0000000058e24bc2, EFLAGS=0x0000000000010206

Top of Stack: (sp=0x0000000015b8c650)
0x0000000015b8c650:   00000000000000dc 00000000000000b0
0x0000000015b8c660:   000000000000000a 000000001a361478
0x0000000015b8c670:   0000000000000001 0000000000000600
0x0000000015b8c680:   0000000000000180 00000000000000c0
0x0000000015b8c690:   0000000018b798e0 0000000014189570
0x0000000015b8c6a0:   0000000000000768 0000000018d35cc0
0x0000000015b8c6b0:   0000000015b8c970 000000001c784c20
0x0000000015b8c6c0:   0000000000000020 0000000000000009
0x0000000015b8c6d0:   000000001c7882a0 00000000000000dc
0x0000000015b8c6e0:   0000000017437138 0000000058e2579d
0x0000000015b8c6f0:   000000001c7882a0 000000000000001c
0x0000000015b8c700:   00000000000000dc 0000000015b8c970
0x0000000015b8c710:   000000001c783800 00000000000000dc
0x0000000015b8c720:   000000001c784c20 0000000000000020
0x0000000015b8c730:   000000001a8aafe0 0000000015b8ece0
0x0000000015b8c740:   000000001a8ab610 000000001c7882a0 

Instructions: (pc=0x0000000058e24bc2)
0x0000000058e24ba2:   c6 48 63 f0 48 03 f1 eb 04 48 83 ce ff 48 8b 84
0x0000000058e24bb2:   24 a0 00 00 00 48 8b 40 08 48 8b 3c 03 48 8b cf
0x0000000058e24bc2:   48 8b 07 ff 50 28 4c 8d 05 31 b4 bd ff 48 63 50
0x0000000058e24bd2:   10 4c 8b d8 48 8b ca 48 c1 e1 05 42 80 bc 01 c0 


Register to memory mapping:

RAX=0x000000001c787bb8 is an unknown value
RBX=0x0000000000000600 is an unknown value
RCX=0x0000000000000000 is an unknown value
RDX=0x000000001c783800 is an unknown value
RSP=0x0000000015b8c650 is pointing into the stack for thread: 0x000000001418d800
RBP=0x00000000000000c0 is an unknown value
RSI=0x00000000000000b8 is an unknown value
RDI=0x0000000000000000 is an unknown value
R8 =0x0000000058a00000 is an unknown value
R9 =0x0000000015b8c970 is pointing into the stack for thread: 0x000000001418d800
R10=0x00000000ffffffff is an unknown value
R11=0x000000001578c890 is an unknown value
R12=0x000000001c7882d0 is an unknown value
R13=0x0000000017437138 is an unknown value
R14=0x0000000000000008 is an unknown value
R15=0x0000000017437138 is an unknown value


Stack: [0x0000000015a90000,0x0000000015b90000],  sp=0x0000000015b8c650,  free space=1009k
Native frames: (J=compiled Java code, j=interpreted, Vv=VM code, C=native code)
V  [jvm.dll+0x424bc2]
V  [jvm.dll+0x42579d]
V  [jvm.dll+0x425cdf]
V  [jvm.dll+0x4c5874]
V  [jvm.dll+0x44123c]
V  [jvm.dll+0x4436a9]
V  [jvm.dll+0x427532]
V  [jvm.dll+0x96702]
V  [jvm.dll+0x96ef3]
V  [jvm.dll+0x2232c4]
V  [jvm.dll+0x27baca]
C  [msvcr100.dll+0x21d9f]
C  [msvcr100.dll+0x21e3b]
C  [KERNEL32.DLL+0x8364]
C  [ntdll.dll+0x670d1]


Current CompileTask:
C2:  43296 7704       4       groovy.lang.MetaClassImpl::findPropertyMethod (356 bytes)


---------------  P R O C E S S  ---------------

Java Threads: ( => current thread )
  0x000000001a5ae000 JavaThread "seguridad.Role.data" daemon [_thread_blocked, id=4308, stack(0x000000001ee20000,0x000000001ef20000)]
  0x000000001a5b1000 JavaThread "net.sf.ehcache.CacheManager@7af4be91" daemon [_thread_blocked, id=1592, stack(0x000000001e420000,0x000000001e520000)]
  0x0000000017b5c000 JavaThread "PoolCleaner[1828868503:1493858013713]" daemon [_thread_blocked, id=4620, stack(0x000000001e020000,0x000000001e120000)]
  0x000000001933e800 JavaThread "FileSystemWatcher: files=#246 cl=groovy.lang.GroovyClassLoader@6d025197" daemon [_thread_blocked, id=8080, stack(0x000000001b2e0000,0x000000001b3e0000)]
  0x0000000018f7f800 JavaThread "localhost-startStop-1" daemon [_thread_in_native, id=4712, stack(0x000000001a210000,0x000000001a310000)]
  0x0000000018f7b800 JavaThread "Tomcat-startStop-1" daemon [_thread_blocked, id=8100, stack(0x000000001a110000,0x000000001a210000)]
  0x0000000018e97000 JavaThread "Thread-3" [_thread_in_native, id=2716, stack(0x0000000019e10000,0x0000000019f10000)]
  0x0000000018717000 JavaThread "Thread-2" [_thread_blocked, id=4252, stack(0x00000000184a0000,0x00000000185a0000)]
  0x0000000016475000 JavaThread "NonBlockingInputStreamThread" daemon [_thread_blocked, id=9004, stack(0x00000000171d0000,0x00000000172d0000)]
  0x000000001589e000 JavaThread "Service Thread" daemon [_thread_blocked, id=5684, stack(0x0000000015d90000,0x0000000015e90000)]
  0x0000000014197000 JavaThread "C1 CompilerThread2" daemon [_thread_blocked, id=5680, stack(0x0000000015c90000,0x0000000015d90000)]
  0x0000000014186000 JavaThread "C2 CompilerThread1" daemon [_thread_blocked, id=1084, stack(0x0000000015b90000,0x0000000015c90000)]
=>0x000000001418d800 JavaThread "C2 CompilerThread0" daemon [_thread_in_native, id=8780, stack(0x0000000015a90000,0x0000000015b90000)]
  0x000000001413f800 JavaThread "Attach Listener" daemon [_thread_blocked, id=4060, stack(0x0000000015590000,0x0000000015690000)]
  0x000000001413e800 JavaThread "Signal Dispatcher" daemon [_thread_blocked, id=7088, stack(0x0000000015490000,0x0000000015590000)]
  0x0000000014108800 JavaThread "Finalizer" daemon [_thread_blocked, id=3364, stack(0x0000000015390000,0x0000000015490000)]
  0x0000000014107800 JavaThread "Reference Handler" daemon [_thread_blocked, id=848, stack(0x0000000015290000,0x0000000015390000)]
  0x00000000022d3800 JavaThread "main" [_thread_blocked, id=7052, stack(0x0000000002010000,0x0000000002110000)]

Other Threads:
  0x0000000014106000 VMThread [stack: 0x0000000015190000,0x0000000015290000] [id=5668]
  0x000000001589f000 WatcherThread [stack: 0x0000000015e90000,0x0000000015f90000] [id=1244]

VM state:not at safepoint (normal execution)

VM Mutex/Monitor currently owned by a thread: None

Heap:
 PSYoungGen      total 212480K, used 207401K [0x00000000f0000000, 0x0000000100000000, 0x0000000100000000)
  eden space 178176K, 97% used [0x00000000f0000000,0x00000000fa91d030,0x00000000fae00000)
  from space 34304K, 99% used [0x00000000fae00000,0x00000000fcf6d4a8,0x00000000fcf80000)
  to   space 45056K, 0% used [0x00000000fd400000,0x00000000fd400000,0x0000000100000000)
 ParOldGen       total 109056K, used 91380K [0x00000000d0000000, 0x00000000d6a80000, 0x00000000f0000000)
  object space 109056K, 83% used [0x00000000d0000000,0x00000000d593d1d0,0x00000000d6a80000)
 Metaspace       used 69992K, capacity 72014K, committed 72172K, reserved 1114112K
  class space    used 7406K, capacity 7931K, committed 7936K, reserved 1048576K

Card table byte_map: [0x0000000011790000,0x0000000011920000] byte_map_base: 0x0000000011110000

Marking Bits: (ParMarkBitMap*) 0x00000000591b13b0
 Begin Bits: [0x0000000011e20000, 0x0000000012a20000)
 End Bits:   [0x0000000012a20000, 0x0000000013620000)

Polling page: 0x00000000008a0000

CodeCache: size=245760Kb used=25578Kb max_used=25584Kb free=220181Kb
 bounds [0x00000000023d0000, 0x0000000003cf0000, 0x00000000113d0000]
 total_blobs=7394 nmethods=6617 adapters=686
 compilation: enabled

Compilation events (10 events):
Event: 43.075 Thread 0x0000000014197000 7742       3       org.codehaus.groovy.runtime.callsite.PogoGetPropertySite::acceptGetProperty (19 bytes)
Event: 43.075 Thread 0x0000000014197000 nmethod 7742 0x0000000003c98cd0 code [0x0000000003c98e40, 0x0000000003c99128]
Event: 43.076 Thread 0x0000000014197000 7743       3       org.codehaus.groovy.grails.commons.metaclass.BaseApiProvider::isNotExcluded (119 bytes)
Event: 43.077 Thread 0x0000000014197000 nmethod 7743 0x0000000003c99210 code [0x0000000003c994c0, 0x0000000003c9ac68]
Event: 43.077 Thread 0x0000000014197000 7744       3       groovy.lang.ExpandoMetaClass::isPropertyName (43 bytes)
Event: 43.078 Thread 0x0000000014197000 nmethod 7744 0x0000000003c9b510 code [0x0000000003c9b780, 0x0000000003c9c5f8]
Event: 43.085 Thread 0x0000000014186000 nmethod 7687 0x0000000003ca4f50 code [0x0000000003ca5c40, 0x0000000003cacca8]
Event: 43.085 Thread 0x0000000014186000 7698       4       org.codehaus.groovy.runtime.metaclass.MetaMethodIndex::addMethodToList (290 bytes)
Event: 43.096 Thread 0x0000000014186000 nmethod 7698 0x0000000003c9f110 code [0x0000000003c9f380, 0x0000000003ca0278]
Event: 43.096 Thread 0x0000000014186000 7720   !   4       groovy.lang.MetaClassImpl::findMethod (146 bytes)

GC Heap History (10 events):
Event: 38.090 GC heap before
{Heap before GC invocations=66 (full 6):
 PSYoungGen      total 229888K, used 229765K [0x00000000f0000000, 0x0000000100000000, 0x0000000100000000)
  eden space 200704K, 100% used [0x00000000f0000000,0x00000000fc400000,0x00000000fc400000)
  from space 29184K, 99% used [0x00000000fc400000,0x00000000fe0615f8,0x00000000fe080000)
  to   space 32256K, 0% used [0x00000000fe080000,0x00000000fe080000,0x0000000100000000)
 ParOldGen       total 91648K, used 75554K [0x00000000d0000000, 0x00000000d5980000, 0x00000000f0000000)
  object space 91648K, 82% used [0x00000000d0000000,0x00000000d49c8be0,0x00000000d5980000)
 Metaspace       used 65159K, capacity 67164K, committed 67308K, reserved 1110016K
  class space    used 6791K, capacity 7316K, committed 7424K, reserved 1048576K
Event: 38.129 GC heap after
Heap after GC invocations=66 (full 6):
 PSYoungGen      total 215552K, used 32225K [0x00000000f0000000, 0x0000000100000000, 0x0000000100000000)
  eden space 183296K, 0% used [0x00000000f0000000,0x00000000f0000000,0x00000000fb300000)
  from space 32256K, 99% used [0x00000000fe080000,0x00000000ffff85b0,0x0000000100000000)
  to   space 39424K, 0% used [0x00000000fb300000,0x00000000fb300000,0x00000000fd980000)
 ParOldGen       total 91648K, used 79063K [0x00000000d0000000, 0x00000000d5980000, 0x00000000f0000000)
  object space 91648K, 86% used [0x00000000d0000000,0x00000000d4d35e18,0x00000000d5980000)
 Metaspace       used 65159K, capacity 67164K, committed 67308K, reserved 1110016K
  class space    used 6791K, capacity 7316K, committed 7424K, reserved 1048576K
}
Event: 39.162 GC heap before
{Heap before GC invocations=67 (full 6):
 PSYoungGen      total 215552K, used 215521K [0x00000000f0000000, 0x0000000100000000, 0x0000000100000000)
  eden space 183296K, 100% used [0x00000000f0000000,0x00000000fb300000,0x00000000fb300000)
  from space 32256K, 99% used [0x00000000fe080000,0x00000000ffff85b0,0x0000000100000000)
  to   space 39424K, 0% used [0x00000000fb300000,0x00000000fb300000,0x00000000fd980000)
 ParOldGen       total 91648K, used 79063K [0x00000000d0000000, 0x00000000d5980000, 0x00000000f0000000)
  object space 91648K, 86% used [0x00000000d0000000,0x00000000d4d35e18,0x00000000d5980000)
 Metaspace       used 66169K, capacity 68136K, committed 68460K, reserved 1110016K
  class space    used 6926K, capacity 7447K, committed 7552K, reserved 1048576K
Event: 39.194 GC heap after
Heap after GC invocations=67 (full 6):
 PSYoungGen      total 211456K, used 28147K [0x00000000f0000000, 0x0000000100000000, 0x0000000100000000)
  eden space 183296K, 0% used [0x00000000f0000000,0x00000000f0000000,0x00000000fb300000)
  from space 28160K, 99% used [0x00000000fb300000,0x00000000fce7ce38,0x00000000fce80000)
  to   space 40960K, 0% used [0x00000000fd800000,0x00000000fd800000,0x0000000100000000)
 ParOldGen       total 91648K, used 87727K [0x00000000d0000000, 0x00000000d5980000, 0x00000000f0000000)
  object space 91648K, 95% used [0x00000000d0000000,0x00000000d55abc00,0x00000000d5980000)
 Metaspace       used 66169K, capacity 68136K, committed 68460K, reserved 1110016K
  class space    used 6926K, capacity 7447K, committed 7552K, reserved 1048576K
}
Event: 39.194 GC heap before
{Heap before GC invocations=68 (full 7):
 PSYoungGen      total 211456K, used 28147K [0x00000000f0000000, 0x0000000100000000, 0x0000000100000000)
  eden space 183296K, 0% used [0x00000000f0000000,0x00000000f0000000,0x00000000fb300000)
  from space 28160K, 99% used [0x00000000fb300000,0x00000000fce7ce38,0x00000000fce80000)
  to   space 40960K, 0% used [0x00000000fd800000,0x00000000fd800000,0x0000000100000000)
 ParOldGen       total 91648K, used 87727K [0x00000000d0000000, 0x00000000d5980000, 0x00000000f0000000)
  object space 91648K, 95% used [0x00000000d0000000,0x00000000d55abc00,0x00000000d5980000)
 Metaspace       used 66169K, capacity 68136K, committed 68460K, reserved 1110016K
  class space    used 6926K, capacity 7447K, committed 7552K, reserved 1048576K
Event: 39.972 GC heap after
Heap after GC invocations=68 (full 7):
 PSYoungGen      total 211456K, used 21823K [0x00000000f0000000, 0x0000000100000000, 0x0000000100000000)
  eden space 183296K, 0% used [0x00000000f0000000,0x00000000f0000000,0x00000000fb300000)
  from space 28160K, 77% used [0x00000000fb300000,0x00000000fc84fee8,0x00000000fce80000)
  to   space 40960K, 0% used [0x00000000fd800000,0x00000000fd800000,0x0000000100000000)
 ParOldGen       total 109056K, used 91364K [0x00000000d0000000, 0x00000000d6a80000, 0x00000000f0000000)
  object space 109056K, 83% used [0x00000000d0000000,0x00000000d59391d0,0x00000000d6a80000)
 Metaspace       used 66169K, capacity 68136K, committed 68460K, reserved 1110016K
  class space    used 6926K, capacity 7447K, committed 7552K, reserved 1048576K
}
Event: 41.463 GC heap before
{Heap before GC invocations=69 (full 7):
 PSYoungGen      total 211456K, used 205119K [0x00000000f0000000, 0x0000000100000000, 0x0000000100000000)
  eden space 183296K, 100% used [0x00000000f0000000,0x00000000fb300000,0x00000000fb300000)
  from space 28160K, 77% used [0x00000000fb300000,0x00000000fc84fee8,0x00000000fce80000)
  to   space 40960K, 0% used [0x00000000fd800000,0x00000000fd800000,0x0000000100000000)
 ParOldGen       total 109056K, used 91364K [0x00000000d0000000, 0x00000000d6a80000, 0x00000000f0000000)
  object space 109056K, 83% used [0x00000000d0000000,0x00000000d59391d0,0x00000000d6a80000)
 Metaspace       used 67494K, capacity 69454K, committed 69740K, reserved 1112064K
  class space    used 7024K, capacity 7544K, committed 7552K, reserved 1048576K
Event: 41.507 GC heap after
Heap after GC invocations=69 (full 7):
 PSYoungGen      total 219136K, used 28092K [0x00000000f0000000, 0x0000000100000000, 0x0000000100000000)
  eden space 178176K, 0% used [0x00000000f0000000,0x00000000f0000000,0x00000000fae00000)
  from space 40960K, 68% used [0x00000000fd800000,0x00000000ff36f230,0x0000000100000000)
  to   space 41984K, 0% used [0x00000000fae00000,0x00000000fae00000,0x00000000fd700000)
 ParOldGen       total 109056K, used 91372K [0x00000000d0000000, 0x00000000d6a80000, 0x00000000f0000000)
  object space 109056K, 83% used [0x00000000d0000000,0x00000000d593b1d0,0x00000000d6a80000)
 Metaspace       used 67494K, capacity 69454K, committed 69740K, reserved 1112064K
  class space    used 7024K, capacity 7544K, committed 7552K, reserved 1048576K
}
Event: 42.425 GC heap before
{Heap before GC invocations=70 (full 7):
 PSYoungGen      total 219136K, used 206268K [0x00000000f0000000, 0x0000000100000000, 0x0000000100000000)
  eden space 178176K, 100% used [0x00000000f0000000,0x00000000fae00000,0x00000000fae00000)
  from space 40960K, 68% used [0x00000000fd800000,0x00000000ff36f230,0x0000000100000000)
  to   space 41984K, 0% used [0x00000000fae00000,0x00000000fae00000,0x00000000fd700000)
 ParOldGen       total 109056K, used 91372K [0x00000000d0000000, 0x00000000d6a80000, 0x00000000f0000000)
  object space 109056K, 83% used [0x00000000d0000000,0x00000000d593b1d0,0x00000000d6a80000)
 Metaspace       used 69079K, capacity 71028K, committed 71276K, reserved 1112064K
  class space    used 7262K, capacity 7769K, committed 7808K, reserved 1048576K
Event: 42.446 GC heap after
Heap after GC invocations=70 (full 7):
 PSYoungGen      total 212480K, used 34229K [0x00000000f0000000, 0x0000000100000000, 0x0000000100000000)
  eden space 178176K, 0% used [0x00000000f0000000,0x00000000f0000000,0x00000000fae00000)
  from space 34304K, 99% used [0x00000000fae00000,0x00000000fcf6d4a8,0x00000000fcf80000)
  to   space 45056K, 0% used [0x00000000fd400000,0x00000000fd400000,0x0000000100000000)
 ParOldGen       total 109056K, used 91380K [0x00000000d0000000, 0x00000000d6a80000, 0x00000000f0000000)
  object space 109056K, 83% used [0x00000000d0000000,0x00000000d593d1d0,0x00000000d6a80000)
 Metaspace       used 69079K, capacity 71028K, committed 71276K, reserved 1112064K
  class space    used 7262K, capacity 7769K, committed 7808K, reserved 1048576K
}

Deoptimization events (10 events):
Event: 42.416 Thread 0x0000000018f7f800 Uncommon trap: reason=unreached action=reinterpret pc=0x0000000002993434 method=org.springframework.util.ObjectUtils.nullSafeEquals(Ljava/lang/Object;Ljava/lang/Object;)Z @ 8
Event: 42.825 Thread 0x0000000018f7f800 Uncommon trap: reason=array_check action=maybe_recompile pc=0x0000000003c49f00 method=java.util.ComparableTimSort.binarySort([Ljava/lang/Object;III)V @ 193
Event: 42.830 Thread 0x0000000018f7f800 Uncommon trap: reason=array_check action=maybe_recompile pc=0x0000000003c49e48 method=java.util.ComparableTimSort.binarySort([Ljava/lang/Object;III)V @ 215
Event: 42.836 Thread 0x0000000018f7f800 Uncommon trap: reason=array_check action=maybe_recompile pc=0x0000000003c49e48 method=java.util.ComparableTimSort.binarySort([Ljava/lang/Object;III)V @ 215
Event: 42.841 Thread 0x0000000018f7f800 Uncommon trap: reason=array_check action=maybe_recompile pc=0x0000000003c49e48 method=java.util.ComparableTimSort.binarySort([Ljava/lang/Object;III)V @ 215
Event: 42.906 Thread 0x0000000018f7f800 Uncommon trap: reason=array_check action=maybe_recompile pc=0x00000000031ee138 method=java.util.ComparableTimSort.binarySort([Ljava/lang/Object;III)V @ 215
Event: 42.909 Thread 0x0000000018f7f800 Uncommon trap: reason=null_check action=make_not_entrant pc=0x0000000003a8d6f0 method=java.beans.IndexedPropertyDescriptor.setIndexedWriteMethod0(Ljava/lang/reflect/Method;)V @ 41
Event: 42.941 Thread 0x0000000018f7f800 Uncommon trap: reason=array_check action=maybe_recompile pc=0x0000000003c753e0 method=java.util.ComparableTimSort.binarySort([Ljava/lang/Object;III)V @ 183
Event: 42.947 Thread 0x0000000018f7f800 Uncommon trap: reason=unloaded action=reinterpret pc=0x0000000003b015c8 method=org.codehaus.groovy.runtime.metaclass.ClosureMetaMethod.createMethodList(Ljava/lang/String;Ljava/lang/Class;Lgroovy/lang/Closure;)Ljava/util/List; @ 227
Event: 42.954 Thread 0x0000000018f7f800 Uncommon trap: reason=array_check action=maybe_recompile pc=0x0000000003c753e0 method=java.util.ComparableTimSort.binarySort([Ljava/lang/Object;III)V @ 183

Internal exceptions (10 events):
Event: 43.067 Thread 0x0000000018f7f800 Exception <a 'java/security/PrivilegedActionException'> (0x00000000f7d3fc48) thrown at [D:\re\workspace\8-2-build-windows-amd64-cygwin\jdk8u5\2488\hotspot\src\share\vm\prims\jvm.cpp, line 1248]
Event: 43.067 Thread 0x0000000018f7f800 Exception <a 'java/security/PrivilegedActionException'> (0x00000000f7d5ef70) thrown at [D:\re\workspace\8-2-build-windows-amd64-cygwin\jdk8u5\2488\hotspot\src\share\vm\prims\jvm.cpp, line 1248]
Event: 43.068 Thread 0x0000000018f7f800 Exception <a 'java/security/PrivilegedActionException'> (0x00000000f7d655d0) thrown at [D:\re\workspace\8-2-build-windows-amd64-cygwin\jdk8u5\2488\hotspot\src\share\vm\prims\jvm.cpp, line 1248]
Event: 43.068 Thread 0x0000000018f7f800 Exception <a 'java/security/PrivilegedActionException'> (0x00000000f7d7e230) thrown at [D:\re\workspace\8-2-build-windows-amd64-cygwin\jdk8u5\2488\hotspot\src\share\vm\prims\jvm.cpp, line 1248]
Event: 43.068 Thread 0x0000000018f7f800 Exception <a 'java/security/PrivilegedActionException'> (0x00000000f7db4f98) thrown at [D:\re\workspace\8-2-build-windows-amd64-cygwin\jdk8u5\2488\hotspot\src\share\vm\prims\jvm.cpp, line 1248]
Event: 43.068 Thread 0x0000000018f7f800 Exception <a 'java/lang/ClassNotFoundException': org/codehaus/groovy/grails/plugins/DomainClassGrailsPlugin$_addRelationshipManagementMethods_closure25Customizer> (0x00000000f7db5f28) thrown at [D:\re\workspace\8-2-build-windows-amd64-cygwin\jdk8u5\2488\hoÆç,¡ŠE@
Event: 43.079 Thread 0x0000000018f7f800 Exception <a 'java/security/PrivilegedActionException'> (0x00000000f7f14528) thrown at [D:\re\workspace\8-2-build-windows-amd64-cygwin\jdk8u5\2488\hotspot\src\share\vm\prims\jvm.cpp, line 1248]
Event: 43.079 Thread 0x0000000018f7f800 Exception <a 'java/security/PrivilegedActionException'> (0x00000000f7f18660) thrown at [D:\re\workspace\8-2-build-windows-amd64-cygwin\jdk8u5\2488\hotspot\src\share\vm\prims\jvm.cpp, line 1248]
Event: 43.091 Thread 0x0000000018f7f800 Exception <a 'java/security/PrivilegedActionException'> (0x00000000f7f33a18) thrown at [D:\re\workspace\8-2-build-windows-amd64-cygwin\jdk8u5\2488\hotspot\src\share\vm\prims\jvm.cpp, line 1248]
Event: 43.091 Thread 0x0000000018f7f800 Exception <a 'java/security/PrivilegedActionException'> (0x00000000f7f380b0) thrown at [D:\re\workspace\8-2-build-windows-amd64-cygwin\jdk8u5\2488\hotspot\src\share\vm\prims\jvm.cpp, line 1248]

Events (10 events):
Event: 43.067 loading class org/codehaus/groovy/grails/plugins/DomainClassGrailsPlugin$_addRelationshipManagementMethods_closure25Customizer
Event: 43.067 loading class org/codehaus/groovy/grails/plugins/DomainClassGrailsPlugin$_addRelationshipManagementMethods_closure25Customizer done
Event: 43.067 loading class org/codehaus/groovy/grails/plugins/DomainClassGrailsPlugin$_addRelationshipManagementMethods_closure25Customizer
Event: 43.067 loading class org/codehaus/groovy/grails/plugins/DomainClassGrailsPlugin$_addRelationshipManagementMethods_closure25Customizer done
Event: 43.068 loading class org/codehaus/groovy/grails/plugins/DomainClassGrailsPlugin$_addRelationshipManagementMethods_closure25Customizer
Event: 43.068 loading class org/codehaus/groovy/grails/plugins/DomainClassGrailsPlugin$_addRelationshipManagementMethods_closure25Customizer done
Event: 43.079 loading class org/codehaus/groovy/grails/orm/hibernate/HibernateGormEnhancer
Event: 43.079 loading class org/codehaus/groovy/grails/orm/hibernate/HibernateGormEnhancer done
Event: 43.091 loading class org/codehaus/groovy/grails/orm/hibernate/AbstractHibernateGormEnhancer
Event: 43.091 loading class org/codehaus/groovy/grails/orm/hibernate/AbstractHibernateGormEnhancer done


Dynamic libraries:
0x00007ff755d50000 - 0x00007ff755d84000 	C:\Program Files\Java\jdk1.8.0_05\bin\java.exe
0x00007fff30ac0000 - 0x00007fff30c91000 	C:\WINDOWS\SYSTEM32\ntdll.dll
0x00007fff2e620000 - 0x00007fff2e6cb000 	C:\WINDOWS\System32\KERNEL32.DLL
0x00007fff2d2d0000 - 0x00007fff2d4ed000 	C:\WINDOWS\System32\KERNELBASE.dll
0x00007fff2e230000 - 0x00007fff2e2d2000 	C:\WINDOWS\System32\ADVAPI32.dll
0x00007fff2f2b0000 - 0x00007fff2f34e000 	C:\WINDOWS\System32\msvcrt.dll
0x00007fff2e3e0000 - 0x00007fff2e439000 	C:\WINDOWS\System32\sechost.dll
0x00007fff2ef30000 - 0x00007fff2f051000 	C:\WINDOWS\System32\RPCRT4.dll
0x00007fff2f140000 - 0x00007fff2f2a5000 	C:\WINDOWS\System32\USER32.dll
0x00007fff2d4f0000 - 0x00007fff2d50e000 	C:\WINDOWS\System32\win32u.dll
0x00007fff2e1f0000 - 0x00007fff2e224000 	C:\WINDOWS\System32\GDI32.dll
0x00007fff2d770000 - 0x00007fff2d8f2000 	C:\WINDOWS\System32\gdi32full.dll
0x00007fff21e90000 - 0x00007fff2210a000 	C:\WINDOWS\WinSxS\amd64_microsoft.windows.common-controls_6595b64144ccf1df_6.0.14393.953_none_42151e83c686086b\COMCTL32.dll
0x00007fff2ec60000 - 0x00007fff2ef28000 	C:\WINDOWS\System32\combase.dll
0x00007fff2d5c0000 - 0x00007fff2d6b5000 	C:\WINDOWS\System32\ucrtbase.dll
0x00007fff2dfe0000 - 0x00007fff2e04a000 	C:\WINDOWS\System32\bcryptPrimitives.dll
0x00007fff2f100000 - 0x00007fff2f12e000 	C:\WINDOWS\System32\IMM32.DLL
0x0000000059230000 - 0x0000000059302000 	C:\Program Files\Java\jdk1.8.0_05\jre\bin\msvcr100.dll
0x0000000058a00000 - 0x000000005922a000 	C:\Program Files\Java\jdk1.8.0_05\jre\bin\server\jvm.dll
0x00007fff2f3e0000 - 0x00007fff2f3e8000 	C:\WINDOWS\System32\PSAPI.DLL
0x00007fff24090000 - 0x00007fff24099000 	C:\WINDOWS\SYSTEM32\WSOCK32.dll
0x00007fff2f530000 - 0x00007fff2f59a000 	C:\WINDOWS\System32\WS2_32.dll
0x00007fff293e0000 - 0x00007fff29403000 	C:\WINDOWS\SYSTEM32\WINMM.dll
0x00007fff293b0000 - 0x00007fff293db000 	C:\WINDOWS\SYSTEM32\WINMMBASE.dll
0x00007fff2d570000 - 0x00007fff2d5b2000 	C:\WINDOWS\System32\cfgmgr32.dll
0x00000000589f0000 - 0x00000000589ff000 	C:\Program Files\Java\jdk1.8.0_05\jre\bin\verify.dll
0x00000000589c0000 - 0x00000000589e8000 	C:\Program Files\Java\jdk1.8.0_05\jre\bin\java.dll
0x0000000058990000 - 0x00000000589b3000 	C:\Program Files\Java\jdk1.8.0_05\jre\bin\instrument.dll
0x0000000058970000 - 0x0000000058986000 	C:\Program Files\Java\jdk1.8.0_05\jre\bin\zip.dll
0x00007fff2f5b0000 - 0x00007fff30ab8000 	C:\WINDOWS\System32\SHELL32.dll
0x00007fff2d900000 - 0x00007fff2dfda000 	C:\WINDOWS\System32\windows.storage.dll
0x00007fff2cf50000 - 0x00007fff2cf9c000 	C:\WINDOWS\System32\powrprof.dll
0x00007fff2e500000 - 0x00007fff2e552000 	C:\WINDOWS\System32\shlwapi.dll
0x00007fff2cfa0000 - 0x00007fff2cfaf000 	C:\WINDOWS\System32\kernel.appcore.dll
0x00007fff2d6c0000 - 0x00007fff2d769000 	C:\WINDOWS\System32\shcore.dll
0x00007fff2cf20000 - 0x00007fff2cf34000 	C:\WINDOWS\System32\profapi.dll
0x00007fff2cb80000 - 0x00007fff2cb97000 	C:\WINDOWS\SYSTEM32\CRYPTSP.dll
0x00007fff2c0f0000 - 0x00007fff2c123000 	C:\WINDOWS\system32\rsaenh.dll
0x00007fff2ce60000 - 0x00007fff2ce8b000 	C:\WINDOWS\SYSTEM32\bcrypt.dll
0x00007fff2c370000 - 0x00007fff2c38f000 	C:\WINDOWS\SYSTEM32\USERENV.dll
0x00007fff2c6e0000 - 0x00007fff2c6eb000 	C:\WINDOWS\SYSTEM32\CRYPTBASE.dll
0x0000000058950000 - 0x000000005896a000 	C:\Program Files\Java\jdk1.8.0_05\jre\bin\net.dll
0x00007fff2c510000 - 0x00007fff2c56c000 	C:\WINDOWS\system32\mswsock.dll
0x00007fff2c270000 - 0x00007fff2c2a8000 	C:\WINDOWS\SYSTEM32\IPHLPAPI.DLL
0x00007fff2f5a0000 - 0x00007fff2f5a8000 	C:\WINDOWS\System32\NSI.dll
0x00007fff27c20000 - 0x00007fff27c36000 	C:\WINDOWS\SYSTEM32\dhcpcsvc6.DLL
0x00007fff27c00000 - 0x00007fff27c1a000 	C:\WINDOWS\SYSTEM32\dhcpcsvc.DLL
0x0000000058930000 - 0x0000000058941000 	C:\Program Files\Java\jdk1.8.0_05\jre\bin\nio.dll
0x00007fff18010000 - 0x00007fff1801a000 	C:\Users\Martín.Martín-PC\AppData\Local\Temp\jansi-64-4964054428473098687.dll
0x00000000588e0000 - 0x00000000588ed000 	C:\Program Files\Java\jdk1.8.0_05\jre\bin\management.dll
0x00007fff2c2b0000 - 0x00007fff2c351000 	C:\WINDOWS\SYSTEM32\DNSAPI.dll
0x000000005bfe0000 - 0x000000005c006000 	C:\Program Files\Bonjour\mdnsNSP.dll
0x00007fff24100000 - 0x00007fff2410a000 	C:\Windows\System32\rasadhlp.dll
0x00007fff27ac0000 - 0x00007fff27b2a000 	C:\WINDOWS\System32\fwpuclnt.dll
0x0000000058900000 - 0x0000000058924000 	C:\Program Files\Java\jdk1.8.0_05\jre\bin\sunec.dll
0x00007fff0f7f0000 - 0x00007fff0f806000 	C:\WINDOWS\system32\napinsp.dll
0x00007fff124b0000 - 0x00007fff124ca000 	C:\WINDOWS\system32\pnrpnsp.dll
0x00007fff2a130000 - 0x00007fff2a148000 	C:\WINDOWS\system32\NLAapi.dll
0x00007fff15430000 - 0x00007fff1543e000 	C:\WINDOWS\System32\winrnr.dll
0x00007fff0f810000 - 0x00007fff0f825000 	C:\WINDOWS\System32\wshbth.dll
0x00007fff2cba0000 - 0x00007fff2cd32000 	C:\WINDOWS\SYSTEM32\dbghelp.dll

VM Arguments:
jvm_args: -Dfile.encoding=UTF-8 -Xmx768M -Xms64M -Dgrails.fork.parent.process.port=2760 -Dgrails.fork.active=true -Dgrails.build.execution.context=C:\Users\Martín.Martín-PC\AppData\Local\Temp\PFPorcino3581208492763954231grails-execution-context -Dgrails.home=C:\grails-2.4.4 -javaagent:C:\grails-2.4.4\lib\org.springframework\springloaded\jars\springloaded-1.2.1.RELEASE.jar -Xverify:none -Dspringloaded.synchronize=true -Djdk.reflect.allowGetCallerClass=true -Dspringloaded=profile=grails;cacheDir=C:\Users\Martín.Martín-PC\.grails\2.4.4 
java_command: org.grails.plugins.tomcat.fork.ForkedTomcatServer
java_class_path (initial): C:\Program Files\Java\jdk1.8.0_05\lib\tools.jar;C:\grails-2.4.4\lib\org.codehaus.groovy\groovy-all\jars\groovy-all-2.3.7.jar;C:\grails-2.4.4\lib\org.slf4j\jcl-over-slf4j\jars\jcl-over-slf4j-1.7.5.jar;C:\grails-2.4.4\lib\org.codehaus.gant\gant_groovy1.8\jars\gant_groovy1.8-1.9.6.jar;C:\grails-2.4.4\lib\org.apache.tomcat.embed\tomcat-embed-logging-log4j\jars\tomcat-embed-logging-log4j-7.0.50.jar;C:\grails-2.4.4\dist\grails-plugin-log4j-2.4.4.jar;C:\grails-2.4.4\lib\log4j\log4j\jars\log4j-1.2.17.jar;C:\grails-2.4.4\dist\grails-bootstrap-2.4.4.jar;C:\grails-2.4.4\lib\org.slf4j\slf4j-api\jars\slf4j-api-1.7.5.jar;C:\grails-2.4.4\lib\jline\jline\jars\jline-2.12.jar;C:\grails-2.4.4\lib\org.apache.ant\ant\jars\ant-1.8.4.jar;C:\grails-2.4.4\lib\org.apache.ant\ant-launcher\jars\ant-launcher-1.8.4.jar;C:\grails-2.4.4\lib\org.apache.ant\ant-trax\jars\ant-trax-1.7.1.jar;C:\grails-2.4.4\lib\org.apache.ant\ant-junit\jars\ant-junit-1.8.4.jar;C:\grails-2.4.4\lib\org.apache.ivy\ivy\jars\ivy-2.3.0.jar;C:\grails-2.4.4\lib\org.fusesource.jansi\jansi\jars\jansi-1.11.jar;C:\Users\Martín.Martín-PC\.m2\repository\org\apache\tomcat\tomcat-catalina-ant\7.0.55\tomcat-catalina-ant-7.0.55.jar;C:\Users\Martín.Martín-PC\.m2\repository\org\apache\tomcat\embed\tomcat-embed-jasper\7.0.55\tomcat-embed-jasper-7.0.55.jar;C:\Users\Martín.Martín-PC\.m2\repository\org\apache\tomcat\embed\tomcat-embed-el\7.0.55\tomcat-embed-el-7.0.55.jar;C:\Users\Martín.Martín-PC\.m2\repository\org\apache\tomcat\embed\tomcat-embed-logging-log4j\7.0.55\tomcat-embed-logging-log4j-7.0.55.jar;C:\Users\Martín.Martín-PC\.m2\repository\org\apache\tomcat\embed\tomcat-embed-websocket\7.0.55\tomcat-embed-websocket-7.0.55.jar;C:\Users\Martín.Martín-PC\.m2\repository\org\apache\tomcat\embed\tomcat-embed-core\7.0.55\tomcat-embed-core-7.0.55.jar;C:\Users\Martín.Martín-PC\.m2\repository\org\eclipse\jdt\core\compiler\ecj\3.7.2\ecj-3.7.2.jar;C:\Users\Martín.Martín-PC\IdeaProjects\PFPorcino\target\work\plugins\tom
Launcher Type: SUN_STANDARD

Environment Variables:
JAVA_HOME=C:\Program Files\Java\jdk1.8.0_05
JRE_HOME=C:\Program Files\Java\jdk1.8.0_05\jre
CLASSPATH=.;C:\Program Files\Java\jdk1.8.0_05\lib;C:\Program Files\Java\jdk1.8.0_05\jre\lib
PATH=C:\Program Files (x86)\NVIDIA Corporation\PhysX\Common;c:\windows\system32;c:\windows;c:\windows\system32\wbem;c:\windows\system32\windowspowershell\v1.0\;c:\program files (x86)\ati technologies\ati.ace\core-static;c:\program files\matlab\r2012b\runtime\win64;c:\program files\matlab\r2012b\bin;c:\program files\microsoft sql server\110\tools\binn\;c:\program files (x86)\windows kits\8.1\windows performance toolkit\;c:\program files (x86)\microsoft sdks\typescript\1.0\;c:\program files\statgraphics\statgraphics centurion xvi.ii\;c:\program files (x86)\quicktime\qtsystem\;c:\program files (x86)\amd\ati.ace\core-static;C:\WINDOWS\system32;C:\WINDOWS;C:\WINDOWS\System32\Wbem;C:\WINDOWS\System32\WindowsPowerShell\v1.0\;C:\Program Files\Microsoft SQL Server\120\Tools\Binn\;C:\Program Files\Microsoft SQL Server\Client SDK\ODBC\110\Tools\Binn\;C:\Program Files (x86)\Microsoft SQL Server\120\Tools\Binn\;C:\Program Files\Microsoft SQL Server\120\DTS\Binn\;C:\Program Files (x86)\Microsoft SQL Server\120\Tools\Binn\ManagementStudio\;C:\Program Files (x86)\Microsoft SQL Server\120\DTS\Binn\;C:\Program Files\Java\jdk1.8.0_05\bin;;C:\Users\Martín.Martín-PC\AppData\Local\Microsoft\WindowsApps
USERNAME=Martín
OS=Windows_NT
PROCESSOR_IDENTIFIER=Intel64 Family 6 Model 60 Stepping 3, GenuineIntel



---------------  S Y S T E M  ---------------

OS: Windows 8.1 , 64 bit Build 9600 

CPU:total 4 (2 cores per cpu, 2 threads per core) family 6 model 60 stepping 3, cmov, cx8, fxsr, mmx, sse, sse2, sse3, ssse3, sse4.1, sse4.2, popcnt, avx, avx2, aes, clmul, erms, ht, tsc, tscinvbit

Memory: 4k page, physical 6176556k(1645528k free), swap 8535852k(2389120k free)

vm_info: Java HotSpot(TM) 64-Bit Server VM (25.5-b02) for windows-amd64 JRE (1.8.0_05-b13), built on Mar 18 2014 01:08:39 by "java_re" with MS VC++ 10.0 (VS2010)

time: Wed May 03 19:33:54 2017
elapsed time: 43 seconds

