#
# A fatal error has been detected by the Java Runtime Environment:
#
#  EXCEPTION_ACCESS_VIOLATION (0xc0000005) at pc=0x000000005e4d4bc2, pid=4232, tid=2280
#
# JRE version: Java(TM) SE Runtime Environment (8.0_05-b13) (build 1.8.0_05-b13)
# Java VM: Java HotSpot(TM) 64-Bit Server VM (25.5-b02 mixed mode windows-amd64 compressed oops)
# Problematic frame:
# V  [jvm.dll+0x424bc2]
#
# Failed to write core dump. Minidumps are not enabled by default on client versions of Windows
#
# If you would like to submit a bug report, please visit:
#   http://bugreport.sun.com/bugreport/crash.jsp
#

---------------  T H R E A D  ---------------

Current thread (0x000000001439e000):  JavaThread "C2 CompilerThread1" daemon [_thread_in_native, id=2280, stack(0x0000000015da0000,0x0000000015ea0000)]

siginfo: ExceptionCode=0xc0000005, reading address 0x0000000000000000

Registers:
RAX=0x0000000017ee18c8, RBX=0x0000000000000600, RCX=0x0000000000000000, RDX=0x000000001ab7d070
RSP=0x0000000015e9c7a0, RBP=0x00000000000000c0, RSI=0x00000000000000b8, RDI=0x0000000000000000
R8 =0x000000005e0b0000, R9 =0x0000000015e9cac0, R10=0x00000000ffffffff, R11=0x0000000015987580
R12=0x0000000017ee1fe0, R13=0x00000000178dd1d8, R14=0x0000000000000008, R15=0x00000000178dd1d8
RIP=0x000000005e4d4bc2, EFLAGS=0x0000000000010206

Top of Stack: (sp=0x0000000015e9c7a0)
0x0000000015e9c7a0:   00000000000000dc 000000001ab787d0
0x0000000015e9c7b0:   0000000000000000 0000000015bdc7c8
0x0000000015e9c7c0:   0000000000000001 0000000000000600
0x0000000015e9c7d0:   0000000000000180 00000000000000c0
0x0000000015e9c7e0:   0000000017bf0560 0000000014397420
0x0000000015e9c7f0:   0000000000000740 000000001ab787d0
0x0000000015e9c800:   0000000015e9cac0 0000000017ede950
0x0000000015e9c810:   0000000000000020 0000000000000009
0x0000000015e9c820:   0000000017ee1fb0 00000000000000dc
0x0000000015e9c830:   00000000178dd1d8 000000005e4d579d
0x0000000015e9c840:   0000000017ee1fb0 000000000000001c
0x0000000015e9c850:   00000000000000dc 0000000015e9cac0
0x0000000015e9c860:   000000001ab7d070 00000000000000dc
0x0000000015e9c870:   0000000017ede950 0000000000000020
0x0000000015e9c880:   000000001ae8ac18 0000000015e9ee30
0x0000000015e9c890:   000000001ae8b248 0000000017ee1fb0 

Instructions: (pc=0x000000005e4d4bc2)
0x000000005e4d4ba2:   c6 48 63 f0 48 03 f1 eb 04 48 83 ce ff 48 8b 84
0x000000005e4d4bb2:   24 a0 00 00 00 48 8b 40 08 48 8b 3c 03 48 8b cf
0x000000005e4d4bc2:   48 8b 07 ff 50 28 4c 8d 05 31 b4 bd ff 48 63 50
0x000000005e4d4bd2:   10 4c 8b d8 48 8b ca 48 c1 e1 05 42 80 bc 01 c0 


Register to memory mapping:

RAX=0x0000000017ee18c8 is an unknown value
RBX=0x0000000000000600 is an unknown value
RCX=0x0000000000000000 is an unknown value
RDX=0x000000001ab7d070 is an unknown value
RSP=0x0000000015e9c7a0 is pointing into the stack for thread: 0x000000001439e000
RBP=0x00000000000000c0 is an unknown value
RSI=0x00000000000000b8 is an unknown value
RDI=0x0000000000000000 is an unknown value
R8 =0x000000005e0b0000 is an unknown value
R9 =0x0000000015e9cac0 is pointing into the stack for thread: 0x000000001439e000
R10=0x00000000ffffffff is an unknown value
R11=0x0000000015987580 is an unknown value
R12=0x0000000017ee1fe0 is an unknown value
R13=0x00000000178dd1d8 is an unknown value
R14=0x0000000000000008 is an unknown value
R15=0x00000000178dd1d8 is an unknown value


Stack: [0x0000000015da0000,0x0000000015ea0000],  sp=0x0000000015e9c7a0,  free space=1009k
Native frames: (J=compiled Java code, j=interpreted, Vv=VM code, C=native code)
V  [jvm.dll+0x424bc2]
V  [jvm.dll+0x42579d]
V  [jvm.dll+0x425cdf]
V  [jvm.dll+0x4c5874]
V  [jvm.dll+0x44123c]
V  [jvm.dll+0x4436a9]
V  [jvm.dll+0x427532]
V  [jvm.dll+0x96702]
V  [jvm.dll+0x96ef3]
V  [jvm.dll+0x2232c4]
V  [jvm.dll+0x27baca]
C  [msvcr100.dll+0x21d9f]
C  [msvcr100.dll+0x21e3b]
C  [KERNEL32.DLL+0x8364]
C  [ntdll.dll+0x670d1]


Current CompileTask:
C2:  32157 7702       4       groovy.lang.MetaClassImpl::findPropertyMethod (356 bytes)


---------------  P R O C E S S  ---------------

Java Threads: ( => current thread )
  0x0000000016570800 JavaThread "seguridad.Role.data" daemon [_thread_blocked, id=11112, stack(0x000000001eca0000,0x000000001eda0000)]
  0x000000001656e800 JavaThread "net.sf.ehcache.CacheManager@67d35262" daemon [_thread_blocked, id=5188, stack(0x000000001dbf0000,0x000000001dcf0000)]
  0x000000001656d800 JavaThread "PoolCleaner[1828868503:1494562538794]" daemon [_thread_blocked, id=5296, stack(0x000000001bb60000,0x000000001bc60000)]
  0x00000000179c3800 JavaThread "FileSystemWatcher: files=#255 cl=groovy.lang.GroovyClassLoader@6d025197" daemon [_thread_blocked, id=3164, stack(0x000000001b460000,0x000000001b560000)]
  0x000000001892b800 JavaThread "localhost-startStop-1" daemon [_thread_in_vm, id=9796, stack(0x000000001a230000,0x000000001a330000)]
  0x00000000173e0800 JavaThread "Tomcat-startStop-1" daemon [_thread_blocked, id=6968, stack(0x000000001a130000,0x000000001a230000)]
  0x0000000016875000 JavaThread "Thread-3" [_thread_in_native, id=2000, stack(0x0000000019c80000,0x0000000019d80000)]
  0x0000000018a5a800 JavaThread "Thread-2" [_thread_blocked, id=10576, stack(0x00000000184f0000,0x00000000185f0000)]
  0x000000001663e000 JavaThread "NonBlockingInputStreamThread" daemon [_thread_blocked, id=10864, stack(0x0000000017020000,0x0000000017120000)]
  0x0000000015a9a800 JavaThread "Service Thread" daemon [_thread_blocked, id=2108, stack(0x0000000015fa0000,0x00000000160a0000)]
  0x0000000014396000 JavaThread "C1 CompilerThread2" daemon [_thread_in_native, id=8608, stack(0x0000000015ea0000,0x0000000015fa0000)]
=>0x000000001439e000 JavaThread "C2 CompilerThread1" daemon [_thread_in_native, id=2280, stack(0x0000000015da0000,0x0000000015ea0000)]
  0x000000001439d800 JavaThread "C2 CompilerThread0" daemon [_thread_in_native, id=3320, stack(0x0000000015ca0000,0x0000000015da0000)]
  0x000000001433f800 JavaThread "Attach Listener" daemon [_thread_blocked, id=11052, stack(0x00000000157a0000,0x00000000158a0000)]
  0x000000001433e800 JavaThread "Signal Dispatcher" daemon [_thread_blocked, id=3896, stack(0x00000000156a0000,0x00000000157a0000)]
  0x0000000014308000 JavaThread "Finalizer" daemon [_thread_blocked, id=7532, stack(0x0000000015590000,0x0000000015690000)]
  0x0000000014307800 JavaThread "Reference Handler" daemon [_thread_blocked, id=1264, stack(0x0000000015490000,0x0000000015590000)]
  0x00000000024d3800 JavaThread "main" [_thread_blocked, id=7920, stack(0x0000000002250000,0x0000000002350000)]

Other Threads:
  0x0000000014306000 VMThread [stack: 0x0000000015390000,0x0000000015490000] [id=7048]
  0x0000000015a9c000 WatcherThread [stack: 0x00000000160a0000,0x00000000161a0000] [id=8460]

VM state:not at safepoint (normal execution)

VM Mutex/Monitor currently owned by a thread: None

Heap:
 PSYoungGen      total 204288K, used 181912K [0x00000000f0000000, 0x0000000100000000, 0x0000000100000000)
  eden space 166912K, 86% used [0x00000000f0000000,0x00000000f8d69b68,0x00000000fa300000)
  from space 37376K, 99% used [0x00000000fa300000,0x00000000fc73c650,0x00000000fc780000)
  to   space 50176K, 0% used [0x00000000fcf00000,0x00000000fcf00000,0x0000000100000000)
 ParOldGen       total 109568K, used 94934K [0x00000000d0000000, 0x00000000d6b00000, 0x00000000f0000000)
  object space 109568K, 86% used [0x00000000d0000000,0x00000000d5cb59e8,0x00000000d6b00000)
 Metaspace       used 70838K, capacity 72850K, committed 73056K, reserved 1114112K
  class space    used 7443K, capacity 7977K, committed 8064K, reserved 1048576K

Card table byte_map: [0x0000000011990000,0x0000000011b20000] byte_map_base: 0x0000000011310000

Marking Bits: (ParMarkBitMap*) 0x000000005e8613b0
 Begin Bits: [0x0000000012020000, 0x0000000012c20000)
 End Bits:   [0x0000000012c20000, 0x0000000013820000)

Polling page: 0x0000000002350000

CodeCache: size=245760Kb used=25136Kb max_used=25935Kb free=220623Kb
 bounds [0x00000000025d0000, 0x0000000003f40000, 0x00000000115d0000]
 total_blobs=7282 nmethods=6505 adapters=686
 compilation: enabled

Compilation events (10 events):
Event: 31.981 Thread 0x0000000014396000 7714       2       java.util.ComparableTimSort::binarySort (223 bytes)
Event: 31.982 Thread 0x0000000014396000 nmethod 7714 0x0000000002a3a2d0 code [0x0000000002a3a480, 0x0000000002a3aa98]
Event: 31.995 Thread 0x0000000014396000 7715       2       org.codehaus.groovy.grails.commons.metaclass.BaseApiProvider::isConstructorCallMethod (50 bytes)
Event: 31.996 Thread 0x0000000014396000 nmethod 7715 0x0000000002714210 code [0x0000000002714380, 0x00000000027145d8]
Event: 32.004 Thread 0x0000000014396000 7717       2       org.codehaus.groovy.runtime.callsite.AbstractCallSite::noCoerce (54 bytes)
Event: 32.004 Thread 0x0000000014396000 nmethod 7717 0x000000000272ead0 code [0x000000000272ec60, 0x000000000272eed8]
Event: 32.004 Thread 0x0000000014396000 7719       2       org.springframework.beans.InvalidPropertyException::<init> (57 bytes)
Event: 32.005 Thread 0x0000000014396000 nmethod 7719 0x00000000027452d0 code [0x00000000027454a0, 0x0000000002745968]
Event: 32.005 Thread 0x0000000014396000 7718       2       org.codehaus.groovy.runtime.callsite.CallSiteArray::createCallStaticSite (58 bytes)
Event: 32.006 Thread 0x0000000014396000 nmethod 7718 0x000000000371d810 code [0x000000000371da00, 0x000000000371df98]

GC Heap History (10 events):
Event: 28.047 GC heap before
{Heap before GC invocations=70 (full 6):
 PSYoungGen      total 227840K, used 220745K [0x00000000f0000000, 0x0000000100000000, 0x0000000100000000)
  eden space 194560K, 96% used [0x00000000f0000000,0x00000000fb728210,0x00000000fbe00000)
  from space 33280K, 99% used [0x00000000fbe00000,0x00000000fde6a1f0,0x00000000fde80000)
  to   space 34304K, 0% used [0x00000000fde80000,0x00000000fde80000,0x0000000100000000)
 ParOldGen       total 93696K, used 78838K [0x00000000d0000000, 0x00000000d5b80000, 0x00000000f0000000)
  object space 93696K, 84% used [0x00000000d0000000,0x00000000d4cfd8e8,0x00000000d5b80000)
 Metaspace       used 66510K, capacity 68334K, committed 68576K, reserved 1110016K
  class space    used 6887K, capacity 7388K, committed 7424K, reserved 1048576K
Event: 28.087 GC heap after
Heap after GC invocations=70 (full 6):
 PSYoungGen      total 211456K, used 34293K [0x00000000f0000000, 0x0000000100000000, 0x0000000100000000)
  eden space 177152K, 0% used [0x00000000f0000000,0x00000000f0000000,0x00000000fad00000)
  from space 34304K, 99% used [0x00000000fde80000,0x00000000ffffd5e0,0x0000000100000000)
  to   space 42496K, 0% used [0x00000000fad00000,0x00000000fad00000,0x00000000fd680000)
 ParOldGen       total 93696K, used 83099K [0x00000000d0000000, 0x00000000d5b80000, 0x00000000f0000000)
  object space 93696K, 88% used [0x00000000d0000000,0x00000000d5126e20,0x00000000d5b80000)
 Metaspace       used 66510K, capacity 68334K, committed 68576K, reserved 1110016K
  class space    used 6887K, capacity 7388K, committed 7424K, reserved 1048576K
}
Event: 29.084 GC heap before
{Heap before GC invocations=71 (full 6):
 PSYoungGen      total 211456K, used 211445K [0x00000000f0000000, 0x0000000100000000, 0x0000000100000000)
  eden space 177152K, 100% used [0x00000000f0000000,0x00000000fad00000,0x00000000fad00000)
  from space 34304K, 99% used [0x00000000fde80000,0x00000000ffffd5e0,0x0000000100000000)
  to   space 42496K, 0% used [0x00000000fad00000,0x00000000fad00000,0x00000000fd680000)
 ParOldGen       total 93696K, used 83099K [0x00000000d0000000, 0x00000000d5b80000, 0x00000000f0000000)
  object space 93696K, 88% used [0x00000000d0000000,0x00000000d5126e20,0x00000000d5b80000)
 Metaspace       used 67844K, capacity 69748K, committed 69984K, reserved 1112064K
  class space    used 7001K, capacity 7517K, committed 7552K, reserved 1048576K
Event: 29.122 GC heap after
Heap after GC invocations=71 (full 6):
 PSYoungGen      total 211456K, used 34197K [0x00000000f0000000, 0x0000000100000000, 0x0000000100000000)
  eden space 177152K, 0% used [0x00000000f0000000,0x00000000f0000000,0x00000000fad00000)
  from space 34304K, 99% used [0x00000000fad00000,0x00000000fce654e0,0x00000000fce80000)
  to   space 45056K, 0% used [0x00000000fd400000,0x00000000fd400000,0x0000000100000000)
 ParOldGen       total 93696K, used 87626K [0x00000000d0000000, 0x00000000d5b80000, 0x00000000f0000000)
  object space 93696K, 93% used [0x00000000d0000000,0x00000000d5592a48,0x00000000d5b80000)
 Metaspace       used 67844K, capacity 69748K, committed 69984K, reserved 1112064K
  class space    used 7001K, capacity 7517K, committed 7552K, reserved 1048576K
}
Event: 29.122 GC heap before
{Heap before GC invocations=72 (full 7):
 PSYoungGen      total 211456K, used 34197K [0x00000000f0000000, 0x0000000100000000, 0x0000000100000000)
  eden space 177152K, 0% used [0x00000000f0000000,0x00000000f0000000,0x00000000fad00000)
  from space 34304K, 99% used [0x00000000fad00000,0x00000000fce654e0,0x00000000fce80000)
  to   space 45056K, 0% used [0x00000000fd400000,0x00000000fd400000,0x0000000100000000)
 ParOldGen       total 93696K, used 87626K [0x00000000d0000000, 0x00000000d5b80000, 0x00000000f0000000)
  object space 93696K, 93% used [0x00000000d0000000,0x00000000d5592a48,0x00000000d5b80000)
 Metaspace       used 67844K, capacity 69748K, committed 69984K, reserved 1112064K
  class space    used 7001K, capacity 7517K, committed 7552K, reserved 1048576K
Event: 29.890 GC heap after
Heap after GC invocations=72 (full 7):
 PSYoungGen      total 211456K, used 26779K [0x00000000f0000000, 0x0000000100000000, 0x0000000100000000)
  eden space 177152K, 0% used [0x00000000f0000000,0x00000000f0000000,0x00000000fad00000)
  from space 34304K, 78% used [0x00000000fad00000,0x00000000fc726f60,0x00000000fce80000)
  to   space 45056K, 0% used [0x00000000fd400000,0x00000000fd400000,0x0000000100000000)
 ParOldGen       total 109568K, used 93561K [0x00000000d0000000, 0x00000000d6b00000, 0x00000000f0000000)
  object space 109568K, 85% used [0x00000000d0000000,0x00000000d5b5e528,0x00000000d6b00000)
 Metaspace       used 67840K, capacity 69742K, committed 69984K, reserved 1112064K
  class space    used 7000K, capacity 7516K, committed 7552K, reserved 1048576K
}
Event: 30.907 GC heap before
{Heap before GC invocations=73 (full 7):
 PSYoungGen      total 211456K, used 196090K [0x00000000f0000000, 0x0000000100000000, 0x0000000100000000)
  eden space 177152K, 95% used [0x00000000f0000000,0x00000000fa557bf0,0x00000000fad00000)
  from space 34304K, 78% used [0x00000000fad00000,0x00000000fc726f60,0x00000000fce80000)
  to   space 45056K, 0% used [0x00000000fd400000,0x00000000fd400000,0x0000000100000000)
 ParOldGen       total 109568K, used 93561K [0x00000000d0000000, 0x00000000d6b00000, 0x00000000f0000000)
  object space 109568K, 85% used [0x00000000d0000000,0x00000000d5b5e528,0x00000000d6b00000)
 Metaspace       used 69617K, capacity 71444K, committed 71776K, reserved 1114112K
  class space    used 7245K, capacity 7741K, committed 7808K, reserved 1048576K
Event: 30.947 GC heap after
Heap after GC invocations=73 (full 7):
 PSYoungGen      total 211968K, used 36016K [0x00000000f0000000, 0x0000000100000000, 0x0000000100000000)
  eden space 166912K, 0% used [0x00000000f0000000,0x00000000f0000000,0x00000000fa300000)
  from space 45056K, 79% used [0x00000000fd400000,0x00000000ff72c238,0x0000000100000000)
  to   space 47616K, 0% used [0x00000000fa300000,0x00000000fa300000,0x00000000fd180000)
 ParOldGen       total 109568K, used 93569K [0x00000000d0000000, 0x00000000d6b00000, 0x00000000f0000000)
  object space 109568K, 85% used [0x00000000d0000000,0x00000000d5b60528,0x00000000d6b00000)
 Metaspace       used 69617K, capacity 71444K, committed 71776K, reserved 1114112K
  class space    used 7245K, capacity 7741K, committed 7808K, reserved 1048576K
}
Event: 31.475 GC heap before
{Heap before GC invocations=74 (full 7):
 PSYoungGen      total 211968K, used 194130K [0x00000000f0000000, 0x0000000100000000, 0x0000000100000000)
  eden space 166912K, 94% used [0x00000000f0000000,0x00000000f9a685d8,0x00000000fa300000)
  from space 45056K, 79% used [0x00000000fd400000,0x00000000ff72c238,0x0000000100000000)
  to   space 47616K, 0% used [0x00000000fa300000,0x00000000fa300000,0x00000000fd180000)
 ParOldGen       total 109568K, used 93569K [0x00000000d0000000, 0x00000000d6b00000, 0x00000000f0000000)
  object space 109568K, 85% used [0x00000000d0000000,0x00000000d5b60528,0x00000000d6b00000)
 Metaspace       used 70101K, capacity 72032K, committed 72416K, reserved 1114112K
  class space    used 7310K, capacity 7847K, committed 7936K, reserved 1048576K
Event: 31.511 GC heap after
Heap after GC invocations=74 (full 7):
 PSYoungGen      total 204288K, used 37105K [0x00000000f0000000, 0x0000000100000000, 0x0000000100000000)
  eden space 166912K, 0% used [0x00000000f0000000,0x00000000f0000000,0x00000000fa300000)
  from space 37376K, 99% used [0x00000000fa300000,0x00000000fc73c650,0x00000000fc780000)
  to   space 50176K, 0% used [0x00000000fcf00000,0x00000000fcf00000,0x0000000100000000)
 ParOldGen       total 109568K, used 94934K [0x00000000d0000000, 0x00000000d6b00000, 0x00000000f0000000)
  object space 109568K, 86% used [0x00000000d0000000,0x00000000d5cb59e8,0x00000000d6b00000)
 Metaspace       used 70101K, capacity 72032K, committed 72416K, reserved 1114112K
  class space    used 7310K, capacity 7847K, committed 7936K, reserved 1048576K
}

Deoptimization events (10 events):
Event: 31.747 Thread 0x000000001892b800 Uncommon trap: reason=class_check action=maybe_recompile pc=0x0000000002c626fc method=org.codehaus.groovy.runtime.MetaClassHelper.isGenericSetMethod(Lgroovy/lang/MetaMethod;)Z @ 14
Event: 31.747 Thread 0x000000001892b800 Uncommon trap: reason=class_check action=maybe_recompile pc=0x0000000002c626fc method=org.codehaus.groovy.runtime.MetaClassHelper.isGenericSetMethod(Lgroovy/lang/MetaMethod;)Z @ 14
Event: 31.849 Thread 0x000000001892b800 Uncommon trap: reason=class_check action=maybe_recompile pc=0x0000000002c64d48 method=groovy.lang.MetaClassImpl.isGenericGetMethod(Lgroovy/lang/MetaMethod;)Z @ 14
Event: 31.849 Thread 0x000000001892b800 Uncommon trap: reason=bimorphic action=maybe_recompile pc=0x0000000002c64d98 method=org.codehaus.groovy.runtime.MetaClassHelper.isGenericSetMethod(Lgroovy/lang/MetaMethod;)Z @ 14
Event: 31.850 Thread 0x000000001892b800 Uncommon trap: reason=predicate action=maybe_recompile pc=0x0000000003f34dcc method=java.util.ComparableTimSort.binarySort([Ljava/lang/Object;III)V @ 37
Event: 31.850 Thread 0x000000001892b800 Uncommon trap: reason=class_check action=maybe_recompile pc=0x0000000002c64d48 method=groovy.lang.MetaClassImpl.isGenericGetMethod(Lgroovy/lang/MetaMethod;)Z @ 14
Event: 31.850 Thread 0x000000001892b800 Uncommon trap: reason=bimorphic action=maybe_recompile pc=0x0000000002c64d98 method=org.codehaus.groovy.runtime.MetaClassHelper.isGenericSetMethod(Lgroovy/lang/MetaMethod;)Z @ 14
Event: 31.870 Thread 0x000000001892b800 Uncommon trap: reason=unreached action=reinterpret pc=0x0000000003f1dda8 method=org.codehaus.groovy.runtime.metaclass.MetaMethodIndex.isNonRealMethod(Lgroovy/lang/MetaMethod;)Z @ 32
Event: 31.989 Thread 0x000000001892b800 Uncommon trap: reason=class_check action=maybe_recompile pc=0x0000000002c64d48 method=groovy.lang.MetaClassImpl.isGenericGetMethod(Lgroovy/lang/MetaMethod;)Z @ 14
Event: 31.989 Thread 0x000000001892b800 Uncommon trap: reason=bimorphic action=maybe_recompile pc=0x0000000002c64d98 method=org.codehaus.groovy.runtime.MetaClassHelper.isGenericSetMethod(Lgroovy/lang/MetaMethod;)Z @ 14

Internal exceptions (10 events):
Event: 32.003 Thread 0x000000001892b800 Exception <a 'java/security/PrivilegedActionException'> (0x00000000f5a60128) thrown at [D:\re\workspace\8-2-build-windows-amd64-cygwin\jdk8u5\2488\hotspot\src\share\vm\prims\jvm.cpp, line 1248]
Event: 32.003 Thread 0x000000001892b800 Exception <a 'java/security/PrivilegedActionException'> (0x00000000f5a93d50) thrown at [D:\re\workspace\8-2-build-windows-amd64-cygwin\jdk8u5\2488\hotspot\src\share\vm\prims\jvm.cpp, line 1248]
Event: 32.003 Thread 0x000000001892b800 Exception <a 'java/lang/ClassNotFoundException': org/codehaus/groovy/grails/plugins/converters/ConvertersPluginSupport$_enhanceRequest_closure3Customizer> (0x00000000f5a94820) thrown at [D:\re\workspace\8-2-build-windows-amd64-cygwin\jdk8u5\2488\hotspot\sr,¶>+ö
Event: 32.008 Thread 0x000000001892b800 Exception <a 'java/security/PrivilegedActionException'> (0x00000000f5b17ec0) thrown at [D:\re\workspace\8-2-build-windows-amd64-cygwin\jdk8u5\2488\hotspot\src\share\vm\prims\jvm.cpp, line 1248]
Event: 32.008 Thread 0x000000001892b800 Exception <a 'java/security/PrivilegedActionException'> (0x00000000f5b1bff8) thrown at [D:\re\workspace\8-2-build-windows-amd64-cygwin\jdk8u5\2488\hotspot\src\share\vm\prims\jvm.cpp, line 1248]
Event: 32.009 Thread 0x000000001892b800 Exception <a 'java/security/PrivilegedActionException'> (0x00000000f5b37448) thrown at [D:\re\workspace\8-2-build-windows-amd64-cygwin\jdk8u5\2488\hotspot\src\share\vm\prims\jvm.cpp, line 1248]
Event: 32.009 Thread 0x000000001892b800 Exception <a 'java/security/PrivilegedActionException'> (0x00000000f5b3bae0) thrown at [D:\re\workspace\8-2-build-windows-amd64-cygwin\jdk8u5\2488\hotspot\src\share\vm\prims\jvm.cpp, line 1248]
Event: 32.010 Thread 0x000000001892b800 Exception <a 'java/security/PrivilegedActionException'> (0x00000000f5b5b940) thrown at [D:\re\workspace\8-2-build-windows-amd64-cygwin\jdk8u5\2488\hotspot\src\share\vm\prims\jvm.cpp, line 1248]
Event: 32.010 Thread 0x000000001892b800 Exception <a 'java/security/PrivilegedActionException'> (0x00000000f5b5eda0) thrown at [D:\re\workspace\8-2-build-windows-amd64-cygwin\jdk8u5\2488\hotspot\src\share\vm\prims\jvm.cpp, line 1248]
Event: 32.011 Thread 0x000000001892b800 Exception <a 'java/security/PrivilegedActionException'> (0x00000000f5b87788) thrown at [D:\re\workspace\8-2-build-windows-amd64-cygwin\jdk8u5\2488\hotspot\src\share\vm\prims\jvm.cpp, line 1248]

Events (10 events):
Event: 32.003 loading class org/codehaus/groovy/grails/plugins/converters/ConvertersPluginSupport$_enhanceRequest_closure3Customizer
Event: 32.003 loading class org/codehaus/groovy/grails/plugins/converters/ConvertersPluginSupport$_enhanceRequest_closure3Customizer done
Event: 32.007 loading class org/codehaus/groovy/grails/orm/hibernate/HibernateGormEnhancer
Event: 32.007 loading class org/codehaus/groovy/grails/orm/hibernate/HibernateGormEnhancer done
Event: 32.009 loading class org/codehaus/groovy/grails/orm/hibernate/AbstractHibernateGormEnhancer
Event: 32.009 loading class org/codehaus/groovy/grails/orm/hibernate/AbstractHibernateGormEnhancer done
Event: 32.010 loading class org/grails/datastore/gorm/GormEnhancer
Event: 32.010 loading class org/grails/datastore/gorm/GormEnhancer done
Event: 32.011 loading class groovy/runtime/metaclass/org/codehaus/groovy/grails/orm/hibernate/HibernateGormEnhancerMetaClass
Event: 32.011 loading class groovy/runtime/metaclass/org/codehaus/groovy/grails/orm/hibernate/HibernateGormEnhancerMetaClass done


Dynamic libraries:
0x00007ff629960000 - 0x00007ff629994000 	C:\Program Files\Java\jdk1.8.0_05\bin\java.exe
0x00007ffc961f0000 - 0x00007ffc963c1000 	C:\WINDOWS\SYSTEM32\ntdll.dll
0x00007ffc95730000 - 0x00007ffc957db000 	C:\WINDOWS\System32\KERNEL32.DLL
0x00007ffc92890000 - 0x00007ffc92aad000 	C:\WINDOWS\System32\KERNELBASE.dll
0x00007ffc94d40000 - 0x00007ffc94de2000 	C:\WINDOWS\System32\ADVAPI32.dll
0x00007ffc95210000 - 0x00007ffc952ae000 	C:\WINDOWS\System32\msvcrt.dll
0x00007ffc937c0000 - 0x00007ffc93819000 	C:\WINDOWS\System32\sechost.dll
0x00007ffc950e0000 - 0x00007ffc95201000 	C:\WINDOWS\System32\RPCRT4.dll
0x00007ffc95e70000 - 0x00007ffc95fd5000 	C:\WINDOWS\System32\USER32.dll
0x00007ffc93480000 - 0x00007ffc9349e000 	C:\WINDOWS\System32\win32u.dll
0x00007ffc93780000 - 0x00007ffc937b4000 	C:\WINDOWS\System32\GDI32.dll
0x00007ffc93540000 - 0x00007ffc936c2000 	C:\WINDOWS\System32\gdi32full.dll
0x00007ffc8a2a0000 - 0x00007ffc8a51a000 	C:\WINDOWS\WinSxS\amd64_microsoft.windows.common-controls_6595b64144ccf1df_6.0.14393.953_none_42151e83c686086b\COMCTL32.dll
0x00007ffc953b0000 - 0x00007ffc95678000 	C:\WINDOWS\System32\combase.dll
0x00007ffc926e0000 - 0x00007ffc927d5000 	C:\WINDOWS\System32\ucrtbase.dll
0x00007ffc93410000 - 0x00007ffc9347a000 	C:\WINDOWS\System32\bcryptPrimitives.dll
0x00007ffc95080000 - 0x00007ffc950ae000 	C:\WINDOWS\System32\IMM32.DLL
0x000000005e8e0000 - 0x000000005e9b2000 	C:\Program Files\Java\jdk1.8.0_05\jre\bin\msvcr100.dll
0x000000005e0b0000 - 0x000000005e8da000 	C:\Program Files\Java\jdk1.8.0_05\jre\bin\server\jvm.dll
0x00007ffc950d0000 - 0x00007ffc950d8000 	C:\WINDOWS\System32\PSAPI.DLL
0x00007ffc861d0000 - 0x00007ffc861d9000 	C:\WINDOWS\SYSTEM32\WSOCK32.dll
0x00007ffc8f400000 - 0x00007ffc8f423000 	C:\WINDOWS\SYSTEM32\WINMM.dll
0x00007ffc96180000 - 0x00007ffc961ea000 	C:\WINDOWS\System32\WS2_32.dll
0x00007ffc8f3d0000 - 0x00007ffc8f3fb000 	C:\WINDOWS\SYSTEM32\WINMMBASE.dll
0x00007ffc92b10000 - 0x00007ffc92b52000 	C:\WINDOWS\System32\cfgmgr32.dll
0x000000005e0a0000 - 0x000000005e0af000 	C:\Program Files\Java\jdk1.8.0_05\jre\bin\verify.dll
0x000000005e070000 - 0x000000005e098000 	C:\Program Files\Java\jdk1.8.0_05\jre\bin\java.dll
0x000000005e040000 - 0x000000005e063000 	C:\Program Files\Java\jdk1.8.0_05\jre\bin\instrument.dll
0x000000005e020000 - 0x000000005e036000 	C:\Program Files\Java\jdk1.8.0_05\jre\bin\zip.dll
0x00007ffc93820000 - 0x00007ffc94d28000 	C:\WINDOWS\System32\SHELL32.dll
0x00007ffc92b60000 - 0x00007ffc9323a000 	C:\WINDOWS\System32\windows.storage.dll
0x00007ffc92690000 - 0x00007ffc926dc000 	C:\WINDOWS\System32\powrprof.dll
0x00007ffc94e50000 - 0x00007ffc94ea2000 	C:\WINDOWS\System32\shlwapi.dll
0x00007ffc92680000 - 0x00007ffc9268f000 	C:\WINDOWS\System32\kernel.appcore.dll
0x00007ffc927e0000 - 0x00007ffc92889000 	C:\WINDOWS\System32\shcore.dll
0x00007ffc92650000 - 0x00007ffc92664000 	C:\WINDOWS\System32\profapi.dll
0x00007ffc92120000 - 0x00007ffc92137000 	C:\WINDOWS\SYSTEM32\CRYPTSP.dll
0x00007ffc91b80000 - 0x00007ffc91bb3000 	C:\WINDOWS\system32\rsaenh.dll
0x00007ffc92230000 - 0x00007ffc9225b000 	C:\WINDOWS\SYSTEM32\bcrypt.dll
0x00007ffc91e00000 - 0x00007ffc91e1f000 	C:\WINDOWS\SYSTEM32\USERENV.dll
0x00007ffc92140000 - 0x00007ffc9214b000 	C:\WINDOWS\SYSTEM32\CRYPTBASE.dll
0x000000005e000000 - 0x000000005e01a000 	C:\Program Files\Java\jdk1.8.0_05\jre\bin\net.dll
0x00007ffc91f80000 - 0x00007ffc91fdc000 	C:\WINDOWS\system32\mswsock.dll
0x00007ffc91d00000 - 0x00007ffc91d38000 	C:\WINDOWS\SYSTEM32\IPHLPAPI.DLL
0x00007ffc95680000 - 0x00007ffc95688000 	C:\WINDOWS\System32\NSI.dll
0x00007ffc8c710000 - 0x00007ffc8c726000 	C:\WINDOWS\SYSTEM32\dhcpcsvc6.DLL
0x00007ffc8c6f0000 - 0x00007ffc8c70a000 	C:\WINDOWS\SYSTEM32\dhcpcsvc.DLL
0x000000005dfe0000 - 0x000000005dff1000 	C:\Program Files\Java\jdk1.8.0_05\jre\bin\nio.dll
0x00007ffc8d5f0000 - 0x00007ffc8d5fa000 	C:\Users\Martín.Martín-PC\AppData\Local\Temp\jansi-64-5139845011689351700.dll
0x000000005df90000 - 0x000000005df9d000 	C:\Program Files\Java\jdk1.8.0_05\jre\bin\management.dll
0x00007ffc91d40000 - 0x00007ffc91de1000 	C:\WINDOWS\SYSTEM32\DNSAPI.dll
0x0000000061510000 - 0x0000000061536000 	C:\Program Files\Bonjour\mdnsNSP.dll
0x00007ffc86200000 - 0x00007ffc8620a000 	C:\Windows\System32\rasadhlp.dll
0x00007ffc8c530000 - 0x00007ffc8c59a000 	C:\WINDOWS\System32\fwpuclnt.dll
0x000000005dfb0000 - 0x000000005dfd4000 	C:\Program Files\Java\jdk1.8.0_05\jre\bin\sunec.dll
0x00007ffc74f10000 - 0x00007ffc74f26000 	C:\WINDOWS\system32\napinsp.dll
0x00007ffc74f30000 - 0x00007ffc74f4a000 	C:\WINDOWS\system32\pnrpnsp.dll
0x00007ffc90400000 - 0x00007ffc90418000 	C:\WINDOWS\system32\NLAapi.dll
0x00007ffc74f50000 - 0x00007ffc74f5e000 	C:\WINDOWS\System32\winrnr.dll
0x00007ffc75020000 - 0x00007ffc75035000 	C:\WINDOWS\System32\wshbth.dll
0x00007ffc803c0000 - 0x00007ffc80552000 	C:\WINDOWS\SYSTEM32\dbghelp.dll

VM Arguments:
jvm_args: -Dfile.encoding=UTF-8 -Xmx768M -Xms64M -Dgrails.fork.parent.process.port=6882 -Dgrails.fork.active=true -Dgrails.build.execution.context=C:\Users\Martín.Martín-PC\AppData\Local\Temp\PFPorcino6041181286146292614grails-execution-context -Dgrails.home=C:\grails-2.4.4 -javaagent:C:\grails-2.4.4\lib\org.springframework\springloaded\jars\springloaded-1.2.1.RELEASE.jar -Xverify:none -Dspringloaded.synchronize=true -Djdk.reflect.allowGetCallerClass=true -Dspringloaded=profile=grails;cacheDir=C:\Users\Martín.Martín-PC\.grails\2.4.4 
java_command: org.grails.plugins.tomcat.fork.ForkedTomcatServer
java_class_path (initial): C:\Program Files\Java\jdk1.8.0_05\lib\tools.jar;C:\grails-2.4.4\lib\org.codehaus.groovy\groovy-all\jars\groovy-all-2.3.7.jar;C:\grails-2.4.4\lib\org.slf4j\jcl-over-slf4j\jars\jcl-over-slf4j-1.7.5.jar;C:\grails-2.4.4\lib\org.codehaus.gant\gant_groovy1.8\jars\gant_groovy1.8-1.9.6.jar;C:\grails-2.4.4\lib\org.apache.tomcat.embed\tomcat-embed-logging-log4j\jars\tomcat-embed-logging-log4j-7.0.50.jar;C:\grails-2.4.4\dist\grails-plugin-log4j-2.4.4.jar;C:\grails-2.4.4\lib\log4j\log4j\jars\log4j-1.2.17.jar;C:\grails-2.4.4\dist\grails-bootstrap-2.4.4.jar;C:\grails-2.4.4\lib\org.slf4j\slf4j-api\jars\slf4j-api-1.7.5.jar;C:\grails-2.4.4\lib\jline\jline\jars\jline-2.12.jar;C:\grails-2.4.4\lib\org.apache.ant\ant\jars\ant-1.8.4.jar;C:\grails-2.4.4\lib\org.apache.ant\ant-launcher\jars\ant-launcher-1.8.4.jar;C:\grails-2.4.4\lib\org.apache.ant\ant-trax\jars\ant-trax-1.7.1.jar;C:\grails-2.4.4\lib\org.apache.ant\ant-junit\jars\ant-junit-1.8.4.jar;C:\grails-2.4.4\lib\org.apache.ivy\ivy\jars\ivy-2.3.0.jar;C:\grails-2.4.4\lib\org.fusesource.jansi\jansi\jars\jansi-1.11.jar;C:\Users\Martín.Martín-PC\.m2\repository\org\apache\tomcat\tomcat-catalina-ant\7.0.55\tomcat-catalina-ant-7.0.55.jar;C:\Users\Martín.Martín-PC\.m2\repository\org\apache\tomcat\embed\tomcat-embed-jasper\7.0.55\tomcat-embed-jasper-7.0.55.jar;C:\Users\Martín.Martín-PC\.m2\repository\org\apache\tomcat\embed\tomcat-embed-el\7.0.55\tomcat-embed-el-7.0.55.jar;C:\Users\Martín.Martín-PC\.m2\repository\org\apache\tomcat\embed\tomcat-embed-logging-log4j\7.0.55\tomcat-embed-logging-log4j-7.0.55.jar;C:\Users\Martín.Martín-PC\.m2\repository\org\apache\tomcat\embed\tomcat-embed-websocket\7.0.55\tomcat-embed-websocket-7.0.55.jar;C:\Users\Martín.Martín-PC\.m2\repository\org\apache\tomcat\embed\tomcat-embed-core\7.0.55\tomcat-embed-core-7.0.55.jar;C:\Users\Martín.Martín-PC\.m2\repository\org\eclipse\jdt\core\compiler\ecj\3.7.2\ecj-3.7.2.jar;C:\Users\Martín.Martín-PC\IdeaProjects\PFPorcino\target\work\plugins\tom
Launcher Type: SUN_STANDARD

Environment Variables:
JAVA_HOME=C:\Program Files\Java\jdk1.8.0_05
JRE_HOME=C:\Program Files\Java\jdk1.8.0_05\jre
CLASSPATH=.;C:\Program Files\Java\jdk1.8.0_05\lib;C:\Program Files\Java\jdk1.8.0_05\jre\lib
PATH=C:\Program Files (x86)\NVIDIA Corporation\PhysX\Common;c:\windows\system32;c:\windows;c:\windows\system32\wbem;c:\windows\system32\windowspowershell\v1.0\;c:\program files (x86)\ati technologies\ati.ace\core-static;c:\program files\matlab\r2012b\runtime\win64;c:\program files\matlab\r2012b\bin;c:\program files\microsoft sql server\110\tools\binn\;c:\program files (x86)\windows kits\8.1\windows performance toolkit\;c:\program files (x86)\microsoft sdks\typescript\1.0\;c:\program files\statgraphics\statgraphics centurion xvi.ii\;c:\program files (x86)\quicktime\qtsystem\;c:\program files (x86)\amd\ati.ace\core-static;C:\WINDOWS\system32;C:\WINDOWS;C:\WINDOWS\System32\Wbem;C:\WINDOWS\System32\WindowsPowerShell\v1.0\;C:\Program Files\Microsoft SQL Server\120\Tools\Binn\;C:\Program Files\Microsoft SQL Server\Client SDK\ODBC\110\Tools\Binn\;C:\Program Files (x86)\Microsoft SQL Server\120\Tools\Binn\;C:\Program Files\Microsoft SQL Server\120\DTS\Binn\;C:\Program Files (x86)\Microsoft SQL Server\120\Tools\Binn\ManagementStudio\;C:\Program Files (x86)\Microsoft SQL Server\120\DTS\Binn\;C:\Program Files\Java\jdk1.8.0_05\bin;;C:\Users\Martín.Martín-PC\AppData\Local\Microsoft\WindowsApps
USERNAME=Martín
OS=Windows_NT
PROCESSOR_IDENTIFIER=Intel64 Family 6 Model 60 Stepping 3, GenuineIntel



---------------  S Y S T E M  ---------------

OS: Windows 8.1 , 64 bit Build 9600 

CPU:total 4 (2 cores per cpu, 2 threads per core) family 6 model 60 stepping 3, cmov, cx8, fxsr, mmx, sse, sse2, sse3, ssse3, sse4.1, sse4.2, popcnt, avx, avx2, aes, clmul, erms, ht, tsc, tscinvbit

Memory: 4k page, physical 6176556k(1074528k free), swap 9715500k(2264476k free)

vm_info: Java HotSpot(TM) 64-Bit Server VM (25.5-b02) for windows-amd64 JRE (1.8.0_05-b13), built on Mar 18 2014 01:08:39 by "java_re" with MS VC++ 10.0 (VS2010)

time: Thu May 11 23:15:50 2017
elapsed time: 32 seconds

