#
# A fatal error has been detected by the Java Runtime Environment:
#
#  EXCEPTION_ACCESS_VIOLATION (0xc0000005) at pc=0x0000000071054bc2, pid=7348, tid=2300
#
# JRE version: Java(TM) SE Runtime Environment (8.0_05-b13) (build 1.8.0_05-b13)
# Java VM: Java HotSpot(TM) 64-Bit Server VM (25.5-b02 mixed mode windows-amd64 compressed oops)
# Problematic frame:
# V  [jvm.dll+0x424bc2]
#
# Failed to write core dump. Minidumps are not enabled by default on client versions of Windows
#
# If you would like to submit a bug report, please visit:
#   http://bugreport.sun.com/bugreport/crash.jsp
#

---------------  T H R E A D  ---------------

Current thread (0x0000000014c86000):  JavaThread "C2 CompilerThread0" daemon [_thread_in_native, id=2300, stack(0x00000000165a0000,0x00000000166a0000)]

siginfo: ExceptionCode=0xc0000005, reading address 0x0000000000000000

Registers:
RAX=0x0000000018770b88, RBX=0x0000000000000600, RCX=0x0000000000000000, RDX=0x000000001876c330
RSP=0x000000001669c1b0, RBP=0x00000000000000c0, RSI=0x00000000000000b8, RDI=0x0000000000000000
R8 =0x0000000070c30000, R9 =0x000000001669c4d0, R10=0x00000000ffffffff, R11=0x00000000162948f0
R12=0x0000000018771290, R13=0x000000001a6a4cb8, R14=0x0000000000000008, R15=0x000000001a6a4cb8
RIP=0x0000000071054bc2, EFLAGS=0x0000000000010206

Top of Stack: (sp=0x000000001669c1b0)
0x000000001669c1b0:   00000000000000da 00000000000000b0
0x000000001669c1c0:   000000000000000a 0000000018990690
0x000000001669c1d0:   0000000000000001 0000000000000600
0x000000001669c1e0:   0000000000000180 00000000000000c0
0x000000001669c1f0:   00000000185c8c50 0000000014c8d710
0x000000001669c200:   0000000000000778 0000000018990690
0x000000001669c210:   000000001669c4d0 000000001876dc10
0x000000001669c220:   0000000000000020 0000000000000009
0x000000001669c230:   0000000018771260 00000000000000da
0x000000001669c240:   000000001a6a4cb8 000000007105579d
0x000000001669c250:   0000000018771260 000000000000001c
0x000000001669c260:   00000000000000da 000000001669c4d0
0x000000001669c270:   000000001876c330 00000000000000da
0x000000001669c280:   000000001876dc10 0000000000000020
0x000000001669c290:   000000001a3bdd10 000000001669e840
0x000000001669c2a0:   000000001a3be340 0000000018771260 

Instructions: (pc=0x0000000071054bc2)
0x0000000071054ba2:   c6 48 63 f0 48 03 f1 eb 04 48 83 ce ff 48 8b 84
0x0000000071054bb2:   24 a0 00 00 00 48 8b 40 08 48 8b 3c 03 48 8b cf
0x0000000071054bc2:   48 8b 07 ff 50 28 4c 8d 05 31 b4 bd ff 48 63 50
0x0000000071054bd2:   10 4c 8b d8 48 8b ca 48 c1 e1 05 42 80 bc 01 c0 


Register to memory mapping:

RAX=0x0000000018770b88 is an unknown value
RBX=0x0000000000000600 is an unknown value
RCX=0x0000000000000000 is an unknown value
RDX=0x000000001876c330 is an unknown value
RSP=0x000000001669c1b0 is pointing into the stack for thread: 0x0000000014c86000
RBP=0x00000000000000c0 is an unknown value
RSI=0x00000000000000b8 is an unknown value
RDI=0x0000000000000000 is an unknown value
R8 =0x0000000070c30000 is an unknown value
R9 =0x000000001669c4d0 is pointing into the stack for thread: 0x0000000014c86000
R10=0x00000000ffffffff is an unallocated location in the heap
R11=0x00000000162948f0 is an unknown value
R12=0x0000000018771290 is an unknown value
R13=0x000000001a6a4cb8 is an unknown value
R14=0x0000000000000008 is an unknown value
R15=0x000000001a6a4cb8 is an unknown value


Stack: [0x00000000165a0000,0x00000000166a0000],  sp=0x000000001669c1b0,  free space=1008k
Native frames: (J=compiled Java code, j=interpreted, Vv=VM code, C=native code)
V  [jvm.dll+0x424bc2]
V  [jvm.dll+0x42579d]
V  [jvm.dll+0x425cdf]
V  [jvm.dll+0x4c5874]
V  [jvm.dll+0x44123c]
V  [jvm.dll+0x4436a9]
V  [jvm.dll+0x427532]
V  [jvm.dll+0x96702]
V  [jvm.dll+0x96ef3]
V  [jvm.dll+0x2232c4]
V  [jvm.dll+0x27baca]
C  [msvcr100.dll+0x21d9f]
C  [msvcr100.dll+0x21e3b]
C  [KERNEL32.DLL+0x8364]
C  [ntdll.dll+0x670d1]


Current CompileTask:
C2:  30793 7616       4       groovy.lang.MetaClassImpl::findPropertyMethod (356 bytes)


---------------  P R O C E S S  ---------------

Java Threads: ( => current thread )
  0x000000001b1ea000 JavaThread "seguridad.Role.data" daemon [_thread_blocked, id=2628, stack(0x0000000020250000,0x0000000020350000)]
  0x00000000187aa800 JavaThread "net.sf.ehcache.CacheManager@2dfd1bbc" daemon [_thread_blocked, id=10980, stack(0x000000001ff50000,0x0000000020050000)]
  0x000000001afcf000 JavaThread "PoolCleaner[1705072168:1493733907651]" daemon [_thread_blocked, id=180, stack(0x000000001c740000,0x000000001c840000)]
  0x0000000016fba800 JavaThread "FileSystemWatcher: files=#239 cl=groovy.lang.GroovyClassLoader@65a15628" daemon [_thread_blocked, id=8664, stack(0x000000001bc40000,0x000000001bd40000)]
  0x0000000019566800 JavaThread "localhost-startStop-1" daemon [_thread_in_native, id=4612, stack(0x000000001bb40000,0x000000001bc40000)]
  0x0000000019565800 JavaThread "Tomcat-startStop-1" daemon [_thread_blocked, id=11284, stack(0x000000001b360000,0x000000001b460000)]
  0x0000000018550000 JavaThread "Thread-3" [_thread_in_native, id=10124, stack(0x000000001a060000,0x000000001a160000)]
  0x00000000192f3800 JavaThread "Thread-2" [_thread_blocked, id=4788, stack(0x0000000019d60000,0x0000000019e60000)]
  0x0000000016ec7800 JavaThread "NonBlockingInputStreamThread" daemon [_thread_blocked, id=10992, stack(0x0000000017910000,0x0000000017a10000)]
  0x0000000016362800 JavaThread "Service Thread" daemon [_thread_blocked, id=9016, stack(0x00000000168a0000,0x00000000169a0000)]
  0x0000000014c8a000 JavaThread "C1 CompilerThread2" daemon [_thread_blocked, id=840, stack(0x00000000167a0000,0x00000000168a0000)]
  0x0000000014c97800 JavaThread "C2 CompilerThread1" daemon [_thread_in_native, id=5648, stack(0x00000000166a0000,0x00000000167a0000)]
=>0x0000000014c86000 JavaThread "C2 CompilerThread0" daemon [_thread_in_native, id=2300, stack(0x00000000165a0000,0x00000000166a0000)]
  0x0000000014c3d800 JavaThread "Attach Listener" daemon [_thread_blocked, id=11620, stack(0x00000000160a0000,0x00000000161a0000)]
  0x0000000014c3c000 JavaThread "Signal Dispatcher" daemon [_thread_blocked, id=6072, stack(0x0000000015fa0000,0x00000000160a0000)]
  0x0000000002ec6800 JavaThread "Finalizer" daemon [_thread_blocked, id=3164, stack(0x0000000015ea0000,0x0000000015fa0000)]
  0x0000000014c07800 JavaThread "Reference Handler" daemon [_thread_blocked, id=752, stack(0x0000000015da0000,0x0000000015ea0000)]
  0x0000000002dd3800 JavaThread "main" [_thread_blocked, id=10724, stack(0x0000000002b70000,0x0000000002c70000)]

Other Threads:
  0x0000000014c06800 VMThread [stack: 0x0000000015ca0000,0x0000000015da0000] [id=7084]
  0x0000000016364800 WatcherThread [stack: 0x00000000169a0000,0x0000000016aa0000] [id=5276]

VM state:not at safepoint (normal execution)

VM Mutex/Monitor currently owned by a thread: None

Heap:
 PSYoungGen      total 176128K, used 135896K [0x00000000f0000000, 0x00000000fff00000, 0x0000000100000000)
  eden space 139264K, 77% used [0x00000000f0000000,0x00000000f697f7c0,0x00000000f8800000)
  from space 36864K, 75% used [0x00000000f8800000,0x00000000fa3368d8,0x00000000fac00000)
  to   space 60928K, 0% used [0x00000000fc380000,0x00000000fc380000,0x00000000fff00000)
 ParOldGen       total 116736K, used 97996K [0x00000000d0000000, 0x00000000d7200000, 0x00000000f0000000)
  object space 116736K, 83% used [0x00000000d0000000,0x00000000d5fb3190,0x00000000d7200000)
 Metaspace       used 69671K, capacity 71688K, committed 71936K, reserved 1114112K
  class space    used 7393K, capacity 7929K, committed 7936K, reserved 1048576K

Card table byte_map: [0x0000000012290000,0x0000000012420000] byte_map_base: 0x0000000011c10000

Marking Bits: (ParMarkBitMap*) 0x00000000713e13b0
 Begin Bits: [0x0000000012920000, 0x0000000013520000)
 End Bits:   [0x0000000013520000, 0x0000000014120000)

Polling page: 0x0000000002ac0000

CodeCache: size=245760Kb used=24955Kb max_used=24967Kb free=220804Kb
 bounds [0x0000000002ed0000, 0x0000000004780000, 0x0000000011ed0000]
 total_blobs=7330 nmethods=6554 adapters=686
 compilation: enabled

Compilation events (10 events):
Event: 30.663 Thread 0x0000000014c8a000 7638       3       org.codehaus.groovy.runtime.MetaClassHelper::convertPropertyName (18 bytes)
Event: 30.663 Thread 0x0000000014c8a000 nmethod 7638 0x0000000003481e50 code [0x0000000003482020, 0x00000000034825f8]
Event: 30.669 Thread 0x0000000014c97800 nmethod 7611 0x0000000004761890 code [0x0000000004761d40, 0x0000000004764550]
Event: 30.670 Thread 0x0000000014c97800 7629       4       groovy.lang.MetaClassImpl::checkIfStdMethod (179 bytes)
Event: 30.680 Thread 0x0000000014c97800 nmethod 7629 0x0000000003c9c4d0 code [0x0000000003c9c740, 0x0000000003c9d640]
Event: 30.680 Thread 0x0000000014c97800 7630       4       org.codehaus.groovy.runtime.MetaClassHelper::isGenericSetMethod (28 bytes)
Event: 30.681 Thread 0x0000000014c97800 nmethod 7630 0x000000000403b090 code [0x000000000403b1e0, 0x000000000403b358]
Event: 30.681 Thread 0x0000000014c97800 7620       4       groovy.lang.MetaClassImpl::getNormalMethodWithCaching (96 bytes)
Event: 30.684 Thread 0x0000000014c8a000 7642       1       groovy.lang.ExpandoMetaClass::getMetaClass (5 bytes)
Event: 30.684 Thread 0x0000000014c8a000 nmethod 7642 0x0000000003e16850 code [0x0000000003e169a0, 0x0000000003e16ab0]

GC Heap History (10 events):
Event: 27.446 GC heap before
{Heap before GC invocations=70 (full 5):
 PSYoungGen      total 198656K, used 183430K [0x00000000f0000000, 0x0000000100000000, 0x0000000100000000)
  eden space 141312K, 100% used [0x00000000f0000000,0x00000000f8a00000,0x00000000f8a00000)
  from space 57344K, 73% used [0x00000000fc800000,0x00000000ff121ba0,0x0000000100000000)
  to   space 60416K, 0% used [0x00000000f8a00000,0x00000000f8a00000,0x00000000fc500000)
 ParOldGen       total 81920K, used 72188K [0x00000000d0000000, 0x00000000d5000000, 0x00000000f0000000)
  object space 81920K, 88% used [0x00000000d0000000,0x00000000d467f0e0,0x00000000d5000000)
 Metaspace       used 67027K, capacity 68896K, committed 69248K, reserved 1112064K
  class space    used 6995K, capacity 7510K, committed 7552K, reserved 1048576K
Event: 27.486 GC heap after
Heap after GC invocations=70 (full 5):
 PSYoungGen      total 181760K, used 39982K [0x00000000f0000000, 0x0000000100000000, 0x0000000100000000)
  eden space 141312K, 0% used [0x00000000f0000000,0x00000000f0000000,0x00000000f8a00000)
  from space 40448K, 98% used [0x00000000f8a00000,0x00000000fb10b8d0,0x00000000fb180000)
  to   space 61440K, 0% used [0x00000000fc400000,0x00000000fc400000,0x0000000100000000)
 ParOldGen       total 81920K, used 78064K [0x00000000d0000000, 0x00000000d5000000, 0x00000000f0000000)
  object space 81920K, 95% used [0x00000000d0000000,0x00000000d4c3c2e0,0x00000000d5000000)
 Metaspace       used 67027K, capacity 68896K, committed 69248K, reserved 1112064K
  class space    used 6995K, capacity 7510K, committed 7552K, reserved 1048576K
}
Event: 27.486 GC heap before
{Heap before GC invocations=71 (full 6):
 PSYoungGen      total 181760K, used 39982K [0x00000000f0000000, 0x0000000100000000, 0x0000000100000000)
  eden space 141312K, 0% used [0x00000000f0000000,0x00000000f0000000,0x00000000f8a00000)
  from space 40448K, 98% used [0x00000000f8a00000,0x00000000fb10b8d0,0x00000000fb180000)
  to   space 61440K, 0% used [0x00000000fc400000,0x00000000fc400000,0x0000000100000000)
 ParOldGen       total 81920K, used 78064K [0x00000000d0000000, 0x00000000d5000000, 0x00000000f0000000)
  object space 81920K, 95% used [0x00000000d0000000,0x00000000d4c3c2e0,0x00000000d5000000)
 Metaspace       used 67027K, capacity 68896K, committed 69248K, reserved 1112064K
  class space    used 6995K, capacity 7510K, committed 7552K, reserved 1048576K
Event: 28.475 GC heap after
Heap after GC invocations=71 (full 6):
 PSYoungGen      total 181760K, used 34948K [0x00000000f0000000, 0x0000000100000000, 0x0000000100000000)
  eden space 141312K, 0% used [0x00000000f0000000,0x00000000f0000000,0x00000000f8a00000)
  from space 40448K, 86% used [0x00000000f8a00000,0x00000000fac211e0,0x00000000fb180000)
  to   space 61440K, 0% used [0x00000000fc400000,0x00000000fc400000,0x0000000100000000)
 ParOldGen       total 98304K, used 81897K [0x00000000d0000000, 0x00000000d6000000, 0x00000000f0000000)
  object space 98304K, 83% used [0x00000000d0000000,0x00000000d4ffa480,0x00000000d6000000)
 Metaspace       used 67023K, capacity 68890K, committed 69248K, reserved 1112064K
  class space    used 6994K, capacity 7509K, committed 7552K, reserved 1048576K
}
Event: 29.205 GC heap before
{Heap before GC invocations=72 (full 6):
 PSYoungGen      total 181760K, used 173559K [0x00000000f0000000, 0x0000000100000000, 0x0000000100000000)
  eden space 141312K, 98% used [0x00000000f0000000,0x00000000f875caa0,0x00000000f8a00000)
  from space 40448K, 86% used [0x00000000f8a00000,0x00000000fac211e0,0x00000000fb180000)
  to   space 61440K, 0% used [0x00000000fc400000,0x00000000fc400000,0x0000000100000000)
 ParOldGen       total 98304K, used 81897K [0x00000000d0000000, 0x00000000d6000000, 0x00000000f0000000)
  object space 98304K, 83% used [0x00000000d0000000,0x00000000d4ffa480,0x00000000d6000000)
 Metaspace       used 68645K, capacity 70592K, committed 70784K, reserved 1112064K
  class space    used 7230K, capacity 7734K, committed 7808K, reserved 1048576K
Event: 29.255 GC heap after
Heap after GC invocations=72 (full 6):
 PSYoungGen      total 200704K, used 37902K [0x00000000f0000000, 0x0000000100000000, 0x0000000100000000)
  eden space 139264K, 0% used [0x00000000f0000000,0x00000000f0000000,0x00000000f8800000)
  from space 61440K, 61% used [0x00000000fc400000,0x00000000fe903818,0x0000000100000000)
  to   space 61440K, 0% used [0x00000000f8800000,0x00000000f8800000,0x00000000fc400000)
 ParOldGen       total 98304K, used 86907K [0x00000000d0000000, 0x00000000d6000000, 0x00000000f0000000)
  object space 98304K, 88% used [0x00000000d0000000,0x00000000d54dece0,0x00000000d6000000)
 Metaspace       used 68645K, capacity 70592K, committed 70784K, reserved 1112064K
  class space    used 7230K, capacity 7734K, committed 7808K, reserved 1048576K
}
Event: 29.745 GC heap before
{Heap before GC invocations=73 (full 6):
 PSYoungGen      total 200704K, used 177166K [0x00000000f0000000, 0x0000000100000000, 0x0000000100000000)
  eden space 139264K, 100% used [0x00000000f0000000,0x00000000f8800000,0x00000000f8800000)
  from space 61440K, 61% used [0x00000000fc400000,0x00000000fe903818,0x0000000100000000)
  to   space 61440K, 0% used [0x00000000f8800000,0x00000000f8800000,0x00000000fc400000)
 ParOldGen       total 98304K, used 86907K [0x00000000d0000000, 0x00000000d6000000, 0x00000000f0000000)
  object space 98304K, 88% used [0x00000000d0000000,0x00000000d54dece0,0x00000000d6000000)
 Metaspace       used 69037K, capacity 70982K, committed 71424K, reserved 1112064K
  class space    used 7286K, capacity 7838K, committed 7936K, reserved 1048576K
Event: 29.778 GC heap after
Heap after GC invocations=73 (full 6):
 PSYoungGen      total 176128K, used 36753K [0x00000000f0000000, 0x00000000fff00000, 0x0000000100000000)
  eden space 139264K, 0% used [0x00000000f0000000,0x00000000f0000000,0x00000000f8800000)
  from space 36864K, 99% used [0x00000000f8800000,0x00000000fabe4650,0x00000000fac00000)
  to   space 60928K, 0% used [0x00000000fc380000,0x00000000fc380000,0x00000000fff00000)
 ParOldGen       total 98304K, used 89587K [0x00000000d0000000, 0x00000000d6000000, 0x00000000f0000000)
  object space 98304K, 91% used [0x00000000d0000000,0x00000000d577cce0,0x00000000d6000000)
 Metaspace       used 69037K, capacity 70982K, committed 71424K, reserved 1112064K
  class space    used 7286K, capacity 7838K, committed 7936K, reserved 1048576K
}
Event: 29.778 GC heap before
{Heap before GC invocations=74 (full 7):
 PSYoungGen      total 176128K, used 36753K [0x00000000f0000000, 0x00000000fff00000, 0x0000000100000000)
  eden space 139264K, 0% used [0x00000000f0000000,0x00000000f0000000,0x00000000f8800000)
  from space 36864K, 99% used [0x00000000f8800000,0x00000000fabe4650,0x00000000fac00000)
  to   space 60928K, 0% used [0x00000000fc380000,0x00000000fc380000,0x00000000fff00000)
 ParOldGen       total 98304K, used 89587K [0x00000000d0000000, 0x00000000d6000000, 0x00000000f0000000)
  object space 98304K, 91% used [0x00000000d0000000,0x00000000d577cce0,0x00000000d6000000)
 Metaspace       used 69037K, capacity 70982K, committed 71424K, reserved 1112064K
  class space    used 7286K, capacity 7838K, committed 7936K, reserved 1048576K
Event: 30.217 GC heap after
Heap after GC invocations=74 (full 7):
 PSYoungGen      total 176128K, used 27866K [0x00000000f0000000, 0x00000000fff00000, 0x0000000100000000)
  eden space 139264K, 0% used [0x00000000f0000000,0x00000000f0000000,0x00000000f8800000)
  from space 36864K, 75% used [0x00000000f8800000,0x00000000fa3368d8,0x00000000fac00000)
  to   space 60928K, 0% used [0x00000000fc380000,0x00000000fc380000,0x00000000fff00000)
 ParOldGen       total 116736K, used 97996K [0x00000000d0000000, 0x00000000d7200000, 0x00000000f0000000)
  object space 116736K, 83% used [0x00000000d0000000,0x00000000d5fb3190,0x00000000d7200000)
 Metaspace       used 69037K, capacity 70982K, committed 71424K, reserved 1112064K
  class space    used 7286K, capacity 7838K, committed 7936K, reserved 1048576K
}

Deoptimization events (10 events):
Event: 30.492 Thread 0x0000000019566800 Uncommon trap: reason=unreached action=reinterpret pc=0x00000000033f2b2c method=org.codehaus.groovy.runtime.metaclass.MetaMethodIndex.isNonRealMethod(Lgroovy/lang/MetaMethod;)Z @ 32
Event: 30.499 Thread 0x0000000019566800 Uncommon trap: reason=unreached action=reinterpret pc=0x000000000334b528 method=org.codehaus.groovy.runtime.metaclass.MetaMethodIndex.isNonRealMethod(Lgroovy/lang/MetaMethod;)Z @ 32
Event: 30.507 Thread 0x0000000019566800 Uncommon trap: reason=array_check action=maybe_recompile pc=0x00000000030883b8 method=java.util.ComparableTimSort.binarySort([Ljava/lang/Object;III)V @ 215
Event: 30.548 Thread 0x0000000019566800 Uncommon trap: reason=array_check action=maybe_recompile pc=0x0000000003072e30 method=java.util.ComparableTimSort.binarySort([Ljava/lang/Object;III)V @ 193
Event: 30.554 Thread 0x0000000019566800 Uncommon trap: reason=array_check action=maybe_recompile pc=0x0000000003072e30 method=java.util.ComparableTimSort.binarySort([Ljava/lang/Object;III)V @ 193
Event: 30.569 Thread 0x0000000019566800 Uncommon trap: reason=array_check action=maybe_recompile pc=0x0000000003072e30 method=java.util.ComparableTimSort.binarySort([Ljava/lang/Object;III)V @ 193
Event: 30.589 Thread 0x0000000019566800 Uncommon trap: reason=bimorphic action=maybe_recompile pc=0x0000000003114a00 method=groovy.lang.MetaClassImpl.checkIfStdMethod(Lgroovy/lang/MetaMethod;)V @ 123
Event: 30.626 Thread 0x0000000019566800 Uncommon trap: reason=class_check action=maybe_recompile pc=0x00000000031149cc method=org.codehaus.groovy.runtime.MetaClassHelper.isGenericSetMethod(Lgroovy/lang/MetaMethod;)Z @ 14
Event: 30.626 Thread 0x0000000019566800 Uncommon trap: reason=class_check action=maybe_recompile pc=0x00000000031149cc method=org.codehaus.groovy.runtime.MetaClassHelper.isGenericSetMethod(Lgroovy/lang/MetaMethod;)Z @ 14
Event: 30.626 Thread 0x0000000019566800 Uncommon trap: reason=class_check action=maybe_recompile pc=0x0000000003b9645c method=org.codehaus.groovy.runtime.MetaClassHelper.isGenericSetMethod(Lgroovy/lang/MetaMethod;)Z @ 14

Internal exceptions (10 events):
Event: 30.631 Thread 0x0000000019566800 Exception <a 'java/security/PrivilegedActionException'> (0x00000000f51ddcf8) thrown at [D:\re\workspace\8-2-build-windows-amd64-cygwin\jdk8u5\2488\hotspot\src\share\vm\prims\jvm.cpp, line 1248]
Event: 30.631 Thread 0x0000000019566800 Exception <a 'java/lang/ClassNotFoundException': org/codehaus/groovy/grails/web/util/TagLibraryMetaUtils$_registerPropertyMissingForTag_closure6BeanInfo> (0x00000000f51dec78) thrown at [D:\re\workspace\8-2-build-windows-amd64-cygwin\jdk8u5\2488\hotspot\srcIôÌ'¤¡>@
Event: 30.631 Thread 0x0000000019566800 Exception <a 'java/security/PrivilegedActionException'> (0x00000000f51e0280) thrown at [D:\re\workspace\8-2-build-windows-amd64-cygwin\jdk8u5\2488\hotspot\src\share\vm\prims\jvm.cpp, line 1248]
Event: 30.631 Thread 0x0000000019566800 Exception <a 'java/security/PrivilegedActionException'> (0x00000000f51e6390) thrown at [D:\re\workspace\8-2-build-windows-amd64-cygwin\jdk8u5\2488\hotspot\src\share\vm\prims\jvm.cpp, line 1248]
Event: 30.632 Thread 0x0000000019566800 Exception <a 'java/security/PrivilegedActionException'> (0x00000000f51fdac0) thrown at [D:\re\workspace\8-2-build-windows-amd64-cygwin\jdk8u5\2488\hotspot\src\share\vm\prims\jvm.cpp, line 1248]
Event: 30.632 Thread 0x0000000019566800 Exception <a 'java/security/PrivilegedActionException'> (0x00000000f521b300) thrown at [D:\re\workspace\8-2-build-windows-amd64-cygwin\jdk8u5\2488\hotspot\src\share\vm\prims\jvm.cpp, line 1248]
Event: 30.632 Thread 0x0000000019566800 Exception <a 'java/security/PrivilegedActionException'> (0x00000000f5221548) thrown at [D:\re\workspace\8-2-build-windows-amd64-cygwin\jdk8u5\2488\hotspot\src\share\vm\prims\jvm.cpp, line 1248]
Event: 30.632 Thread 0x0000000019566800 Exception <a 'java/security/PrivilegedActionException'> (0x00000000f5238c78) thrown at [D:\re\workspace\8-2-build-windows-amd64-cygwin\jdk8u5\2488\hotspot\src\share\vm\prims\jvm.cpp, line 1248]
Event: 30.633 Thread 0x0000000019566800 Exception <a 'java/security/PrivilegedActionException'> (0x00000000f526ca10) thrown at [D:\re\workspace\8-2-build-windows-amd64-cygwin\jdk8u5\2488\hotspot\src\share\vm\prims\jvm.cpp, line 1248]
Event: 30.633 Thread 0x0000000019566800 Exception <a 'java/lang/ClassNotFoundException': org/codehaus/groovy/grails/web/util/TagLibraryMetaUtils$_registerPropertyMissingForTag_closure6Customizer> (0x00000000f526d998) thrown at [D:\re\workspace\8-2-build-windows-amd64-cygwin\jdk8u5\2488\hotspot\s‰¢ƒŽš¡>@

Events (10 events):
Event: 30.630 loading class org/codehaus/groovy/grails/web/util/TagLibraryMetaUtils$_registerPropertyMissingForTag_closure6BeanInfo
Event: 30.630 loading class org/codehaus/groovy/grails/web/util/TagLibraryMetaUtils$_registerPropertyMissingForTag_closure6BeanInfo done
Event: 30.631 loading class org/codehaus/groovy/grails/web/util/TagLibraryMetaUtils$_registerPropertyMissingForTag_closure6BeanInfo
Event: 30.631 loading class org/codehaus/groovy/grails/web/util/TagLibraryMetaUtils$_registerPropertyMissingForTag_closure6BeanInfo done
Event: 30.631 loading class org/codehaus/groovy/grails/web/util/TagLibraryMetaUtils$_registerPropertyMissingForTag_closure6Customizer
Event: 30.631 loading class org/codehaus/groovy/grails/web/util/TagLibraryMetaUtils$_registerPropertyMissingForTag_closure6Customizer done
Event: 30.632 loading class org/codehaus/groovy/grails/web/util/TagLibraryMetaUtils$_registerPropertyMissingForTag_closure6Customizer
Event: 30.632 loading class org/codehaus/groovy/grails/web/util/TagLibraryMetaUtils$_registerPropertyMissingForTag_closure6Customizer done
Event: 30.633 loading class org/codehaus/groovy/grails/web/util/TagLibraryMetaUtils$_registerPropertyMissingForTag_closure6Customizer
Event: 30.633 loading class org/codehaus/groovy/grails/web/util/TagLibraryMetaUtils$_registerPropertyMissingForTag_closure6Customizer done


Dynamic libraries:
0x00007ff64a030000 - 0x00007ff64a064000 	C:\Program Files\Java\jdk1.8.0_05\bin\java.exe
0x00007fff95b80000 - 0x00007fff95d51000 	C:\WINDOWS\SYSTEM32\ntdll.dll
0x00007fff93970000 - 0x00007fff93a1b000 	C:\WINDOWS\System32\KERNEL32.DLL
0x00007fff92ed0000 - 0x00007fff930ed000 	C:\WINDOWS\System32\KERNELBASE.dll
0x00007fff93f20000 - 0x00007fff93fc2000 	C:\WINDOWS\System32\ADVAPI32.dll
0x00007fff933c0000 - 0x00007fff9345e000 	C:\WINDOWS\System32\msvcrt.dll
0x00007fff93b80000 - 0x00007fff93bd9000 	C:\WINDOWS\System32\sechost.dll
0x00007fff93170000 - 0x00007fff93291000 	C:\WINDOWS\System32\RPCRT4.dll
0x00007fff93be0000 - 0x00007fff93d45000 	C:\WINDOWS\System32\USER32.dll
0x00007fff930f0000 - 0x00007fff9310e000 	C:\WINDOWS\System32\win32u.dll
0x00007fff93930000 - 0x00007fff93964000 	C:\WINDOWS\System32\GDI32.dll
0x00007fff92d40000 - 0x00007fff92ec2000 	C:\WINDOWS\System32\gdi32full.dll
0x00007fff89fe0000 - 0x00007fff8a25a000 	C:\WINDOWS\WinSxS\amd64_microsoft.windows.common-controls_6595b64144ccf1df_6.0.14393.953_none_42151e83c686086b\COMCTL32.dll
0x00007fff93660000 - 0x00007fff93928000 	C:\WINDOWS\System32\combase.dll
0x00007fff92120000 - 0x00007fff92215000 	C:\WINDOWS\System32\ucrtbase.dll
0x00007fff92ab0000 - 0x00007fff92b1a000 	C:\WINDOWS\System32\bcryptPrimitives.dll
0x00007fff93630000 - 0x00007fff9365e000 	C:\WINDOWS\System32\IMM32.DLL
0x0000000071460000 - 0x0000000071532000 	C:\Program Files\Java\jdk1.8.0_05\jre\bin\msvcr100.dll
0x0000000070c30000 - 0x000000007145a000 	C:\Program Files\Java\jdk1.8.0_05\jre\bin\server\jvm.dll
0x00007fff932a0000 - 0x00007fff932a8000 	C:\WINDOWS\System32\PSAPI.DLL
0x00007fff864d0000 - 0x00007fff864d9000 	C:\WINDOWS\SYSTEM32\WSOCK32.dll
0x00007fff8e4a0000 - 0x00007fff8e4c3000 	C:\WINDOWS\SYSTEM32\WINMM.dll
0x00007fff935c0000 - 0x00007fff9362a000 	C:\WINDOWS\System32\WS2_32.dll
0x0000000002a70000 - 0x0000000002a9b000 	C:\WINDOWS\SYSTEM32\WINMMBASE.dll
0x00007fff92cf0000 - 0x00007fff92d32000 	C:\WINDOWS\System32\cfgmgr32.dll
0x0000000070c20000 - 0x0000000070c2f000 	C:\Program Files\Java\jdk1.8.0_05\jre\bin\verify.dll
0x0000000070bf0000 - 0x0000000070c18000 	C:\Program Files\Java\jdk1.8.0_05\jre\bin\java.dll
0x0000000070bc0000 - 0x0000000070be3000 	C:\Program Files\Java\jdk1.8.0_05\jre\bin\instrument.dll
0x0000000070ba0000 - 0x0000000070bb6000 	C:\Program Files\Java\jdk1.8.0_05\jre\bin\zip.dll
0x00007fff944d0000 - 0x00007fff959d8000 	C:\WINDOWS\System32\SHELL32.dll
0x00007fff92220000 - 0x00007fff928fa000 	C:\WINDOWS\System32\windows.storage.dll
0x00007fff92020000 - 0x00007fff9206c000 	C:\WINDOWS\System32\powrprof.dll
0x00007fff93560000 - 0x00007fff935b2000 	C:\WINDOWS\System32\shlwapi.dll
0x00007fff92000000 - 0x00007fff9200f000 	C:\WINDOWS\System32\kernel.appcore.dll
0x00007fff92070000 - 0x00007fff92119000 	C:\WINDOWS\System32\shcore.dll
0x00007fff91fe0000 - 0x00007fff91ff4000 	C:\WINDOWS\System32\profapi.dll
0x00007fff91af0000 - 0x00007fff91b07000 	C:\WINDOWS\SYSTEM32\CRYPTSP.dll
0x00007fff911b0000 - 0x00007fff911e3000 	C:\WINDOWS\system32\rsaenh.dll
0x00007fff91e80000 - 0x00007fff91eab000 	C:\WINDOWS\SYSTEM32\bcrypt.dll
0x00007fff914b0000 - 0x00007fff914cf000 	C:\WINDOWS\SYSTEM32\USERENV.dll
0x00007fff918b0000 - 0x00007fff918bb000 	C:\WINDOWS\SYSTEM32\CRYPTBASE.dll
0x0000000070b80000 - 0x0000000070b9a000 	C:\Program Files\Java\jdk1.8.0_05\jre\bin\net.dll
0x00007fff91660000 - 0x00007fff916bc000 	C:\WINDOWS\system32\mswsock.dll
0x00007fff913b0000 - 0x00007fff913e8000 	C:\WINDOWS\SYSTEM32\IPHLPAPI.DLL
0x00007fff94090000 - 0x00007fff94098000 	C:\WINDOWS\System32\NSI.dll
0x00007fff8b8d0000 - 0x00007fff8b8e6000 	C:\WINDOWS\SYSTEM32\dhcpcsvc6.DLL
0x00007fff8b8b0000 - 0x00007fff8b8ca000 	C:\WINDOWS\SYSTEM32\dhcpcsvc.DLL
0x0000000070b60000 - 0x0000000070b71000 	C:\Program Files\Java\jdk1.8.0_05\jre\bin\nio.dll
0x00007fff69e40000 - 0x00007fff69e4a000 	C:\Users\Martín.Martín-PC\AppData\Local\Temp\jansi-64-4640757003795306402.dll
0x0000000070b10000 - 0x0000000070b1d000 	C:\Program Files\Java\jdk1.8.0_05\jre\bin\management.dll
0x00007fff913f0000 - 0x00007fff91491000 	C:\WINDOWS\SYSTEM32\DNSAPI.dll
0x0000000074090000 - 0x00000000740b6000 	C:\Program Files\Bonjour\mdnsNSP.dll
0x00007fff88da0000 - 0x00007fff88daa000 	C:\Windows\System32\rasadhlp.dll
0x00007fff8b5c0000 - 0x00007fff8b62a000 	C:\WINDOWS\System32\fwpuclnt.dll
0x0000000070b30000 - 0x0000000070b54000 	C:\Program Files\Java\jdk1.8.0_05\jre\bin\sunec.dll
0x00007fff77500000 - 0x00007fff77516000 	C:\WINDOWS\system32\napinsp.dll
0x00007fff77520000 - 0x00007fff7753a000 	C:\WINDOWS\system32\pnrpnsp.dll
0x00007fff8f400000 - 0x00007fff8f418000 	C:\WINDOWS\system32\NLAapi.dll
0x00007fff77540000 - 0x00007fff7754e000 	C:\WINDOWS\System32\winrnr.dll
0x00007fff91cc0000 - 0x00007fff91e52000 	C:\WINDOWS\SYSTEM32\dbghelp.dll

VM Arguments:
jvm_args: -Dfile.encoding=UTF-8 -Xmx768M -Xms64M -Dgrails.fork.parent.process.port=63798 -Dgrails.fork.active=true -Dgrails.build.execution.context=C:\Users\Martín.Martín-PC\AppData\Local\Temp\PFPorcino311436431870740880grails-execution-context -Dgrails.home=C:\grails-2.4.4 -javaagent:C:\grails-2.4.4\lib\org.springframework\springloaded\jars\springloaded-1.2.1.RELEASE.jar -Xverify:none -Dspringloaded.synchronize=true -Djdk.reflect.allowGetCallerClass=true -Dspringloaded=profile=grails;cacheDir=C:\Users\Martín.Martín-PC\.grails\2.4.4 
java_command: org.grails.plugins.tomcat.fork.ForkedTomcatServer
java_class_path (initial): C:\Program Files\Java\jdk1.8.0_05\lib\tools.jar;C:\grails-2.4.4\lib\org.codehaus.groovy\groovy-all\jars\groovy-all-2.3.7.jar;C:\grails-2.4.4\lib\org.slf4j\jcl-over-slf4j\jars\jcl-over-slf4j-1.7.5.jar;C:\grails-2.4.4\lib\org.codehaus.gant\gant_groovy1.8\jars\gant_groovy1.8-1.9.6.jar;C:\grails-2.4.4\lib\org.apache.tomcat.embed\tomcat-embed-logging-log4j\jars\tomcat-embed-logging-log4j-7.0.50.jar;C:\grails-2.4.4\dist\grails-plugin-log4j-2.4.4.jar;C:\grails-2.4.4\lib\log4j\log4j\jars\log4j-1.2.17.jar;C:\grails-2.4.4\dist\grails-bootstrap-2.4.4.jar;C:\grails-2.4.4\lib\org.slf4j\slf4j-api\jars\slf4j-api-1.7.5.jar;C:\grails-2.4.4\lib\jline\jline\jars\jline-2.12.jar;C:\grails-2.4.4\lib\org.apache.ant\ant\jars\ant-1.8.4.jar;C:\grails-2.4.4\lib\org.apache.ant\ant-launcher\jars\ant-launcher-1.8.4.jar;C:\grails-2.4.4\lib\org.apache.ant\ant-trax\jars\ant-trax-1.7.1.jar;C:\grails-2.4.4\lib\org.apache.ant\ant-junit\jars\ant-junit-1.8.4.jar;C:\grails-2.4.4\lib\org.apache.ivy\ivy\jars\ivy-2.3.0.jar;C:\grails-2.4.4\lib\org.fusesource.jansi\jansi\jars\jansi-1.11.jar;C:\Users\Martín.Martín-PC\.m2\repository\org\apache\tomcat\tomcat-catalina-ant\7.0.55\tomcat-catalina-ant-7.0.55.jar;C:\Users\Martín.Martín-PC\.m2\repository\org\apache\tomcat\embed\tomcat-embed-jasper\7.0.55\tomcat-embed-jasper-7.0.55.jar;C:\Users\Martín.Martín-PC\.m2\repository\org\apache\tomcat\embed\tomcat-embed-el\7.0.55\tomcat-embed-el-7.0.55.jar;C:\Users\Martín.Martín-PC\.m2\repository\org\apache\tomcat\embed\tomcat-embed-logging-log4j\7.0.55\tomcat-embed-logging-log4j-7.0.55.jar;C:\Users\Martín.Martín-PC\.m2\repository\org\apache\tomcat\embed\tomcat-embed-websocket\7.0.55\tomcat-embed-websocket-7.0.55.jar;C:\Users\Martín.Martín-PC\.m2\repository\org\apache\tomcat\embed\tomcat-embed-core\7.0.55\tomcat-embed-core-7.0.55.jar;C:\Users\Martín.Martín-PC\.m2\repository\org\eclipse\jdt\core\compiler\ecj\3.7.2\ecj-3.7.2.jar;C:\Users\Martín.Martín-PC\IdeaProjects\PFPorcino\target\work\plugins\tom
Launcher Type: SUN_STANDARD

Environment Variables:
JAVA_HOME=C:\Program Files\Java\jdk1.8.0_05
JRE_HOME=C:\Program Files\Java\jdk1.8.0_05\jre
CLASSPATH=.;C:\Program Files\Java\jdk1.8.0_05\lib;C:\Program Files\Java\jdk1.8.0_05\jre\lib
PATH=C:\Program Files (x86)\NVIDIA Corporation\PhysX\Common;c:\windows\system32;c:\windows;c:\windows\system32\wbem;c:\windows\system32\windowspowershell\v1.0\;c:\program files (x86)\ati technologies\ati.ace\core-static;c:\program files\matlab\r2012b\runtime\win64;c:\program files\matlab\r2012b\bin;c:\program files\microsoft sql server\110\tools\binn\;c:\program files (x86)\windows kits\8.1\windows performance toolkit\;c:\program files (x86)\microsoft sdks\typescript\1.0\;c:\program files\statgraphics\statgraphics centurion xvi.ii\;c:\program files (x86)\quicktime\qtsystem\;c:\program files (x86)\amd\ati.ace\core-static;C:\WINDOWS\system32;C:\WINDOWS;C:\WINDOWS\System32\Wbem;C:\WINDOWS\System32\WindowsPowerShell\v1.0\;C:\Program Files\Microsoft SQL Server\120\Tools\Binn\;C:\Program Files\Microsoft SQL Server\Client SDK\ODBC\110\Tools\Binn\;C:\Program Files (x86)\Microsoft SQL Server\120\Tools\Binn\;C:\Program Files\Microsoft SQL Server\120\DTS\Binn\;C:\Program Files (x86)\Microsoft SQL Server\120\Tools\Binn\ManagementStudio\;C:\Program Files (x86)\Microsoft SQL Server\120\DTS\Binn\;C:\Program Files\Java\jdk1.8.0_05\bin;;C:\Users\Martín.Martín-PC\AppData\Local\Microsoft\WindowsApps
USERNAME=Martín
OS=Windows_NT
PROCESSOR_IDENTIFIER=Intel64 Family 6 Model 60 Stepping 3, GenuineIntel



---------------  S Y S T E M  ---------------

OS: Windows 8.1 , 64 bit Build 9600 

CPU:total 4 (2 cores per cpu, 2 threads per core) family 6 model 60 stepping 3, cmov, cx8, fxsr, mmx, sse, sse2, sse3, ssse3, sse4.1, sse4.2, popcnt, avx, avx2, aes, clmul, erms, ht, tsc, tscinvbit

Memory: 4k page, physical 6176556k(1775600k free), swap 9079476k(3466064k free)

vm_info: Java HotSpot(TM) 64-Bit Server VM (25.5-b02) for windows-amd64 JRE (1.8.0_05-b13), built on Mar 18 2014 01:08:39 by "java_re" with MS VC++ 10.0 (VS2010)

time: Tue May 02 09:05:20 2017
elapsed time: 30 seconds

