#
# A fatal error has been detected by the Java Runtime Environment:
#
#  EXCEPTION_ACCESS_VIOLATION (0xc0000005) at pc=0x00000000713b4bc2, pid=4664, tid=10928
#
# JRE version: Java(TM) SE Runtime Environment (8.0_05-b13) (build 1.8.0_05-b13)
# Java VM: Java HotSpot(TM) 64-Bit Server VM (25.5-b02 mixed mode windows-amd64 compressed oops)
# Problematic frame:
# V  [jvm.dll+0x424bc2]
#
# Failed to write core dump. Minidumps are not enabled by default on client versions of Windows
#
# If you would like to submit a bug report, please visit:
#   http://bugreport.sun.com/bugreport/crash.jsp
#

---------------  T H R E A D  ---------------

Current thread (0x0000000014e05800):  JavaThread "C2 CompilerThread0" daemon [_thread_in_native, id=10928, stack(0x0000000016720000,0x0000000016820000)]

siginfo: ExceptionCode=0xc0000005, reading address 0x0000000000000000

Registers:
RAX=0x000000001a6adcb8, RBX=0x0000000000000600, RCX=0x0000000000000000, RDX=0x000000001a6a9690
RSP=0x000000001681c290, RBP=0x00000000000000c0, RSI=0x00000000000000b8, RDI=0x0000000000000000
R8 =0x0000000070f90000, R9 =0x000000001681c5b0, R10=0x00000000ffffffff, R11=0x000000001641ecf0
R12=0x000000001a6ae3c0, R13=0x000000001c88f148, R14=0x0000000000000008, R15=0x000000001c88f148
RIP=0x00000000713b4bc2, EFLAGS=0x0000000000010206

Top of Stack: (sp=0x000000001681c290)
0x000000001681c290:   00000000000000da 00000000000000b0
0x000000001681c2a0:   000000000000000a 0000000016e498e0
0x000000001681c2b0:   0000000000000001 0000000000000600
0x000000001681c2c0:   0000000000000180 00000000000000c0
0x000000001681c2d0:   0000000017f22200 0000000016401bc0
0x000000001681c2e0:   0000000000000760 000000001ca98780
0x000000001681c2f0:   000000001681c5b0 000000001a6aad70
0x000000001681c300:   0000000000000020 0000000000000009
0x000000001681c310:   000000001a6ae390 00000000000000da
0x000000001681c320:   000000001c88f148 00000000713b579d
0x000000001681c330:   000000001a6ae390 000000000000001c
0x000000001681c340:   00000000000000da 000000001681c5b0
0x000000001681c350:   000000001a6a9690 00000000000000da
0x000000001681c360:   000000001a6aad70 0000000000000020
0x000000001681c370:   00000000172f4720 000000001681e920
0x000000001681c380:   00000000172f4d50 000000001a6ae390 

Instructions: (pc=0x00000000713b4bc2)
0x00000000713b4ba2:   c6 48 63 f0 48 03 f1 eb 04 48 83 ce ff 48 8b 84
0x00000000713b4bb2:   24 a0 00 00 00 48 8b 40 08 48 8b 3c 03 48 8b cf
0x00000000713b4bc2:   48 8b 07 ff 50 28 4c 8d 05 31 b4 bd ff 48 63 50
0x00000000713b4bd2:   10 4c 8b d8 48 8b ca 48 c1 e1 05 42 80 bc 01 c0 


Register to memory mapping:

RAX=0x000000001a6adcb8 is an unknown value
RBX=0x0000000000000600 is an unknown value
RCX=0x0000000000000000 is an unknown value
RDX=0x000000001a6a9690 is an unknown value
RSP=0x000000001681c290 is pointing into the stack for thread: 0x0000000014e05800
RBP=0x00000000000000c0 is an unknown value
RSI=0x00000000000000b8 is an unknown value
RDI=0x0000000000000000 is an unknown value
R8 =0x0000000070f90000 is an unknown value
R9 =0x000000001681c5b0 is pointing into the stack for thread: 0x0000000014e05800
R10=0x00000000ffffffff is an unknown value
R11=0x000000001641ecf0 is an unknown value
R12=0x000000001a6ae3c0 is an unknown value
R13=0x000000001c88f148 is an unknown value
R14=0x0000000000000008 is an unknown value
R15=0x000000001c88f148 is an unknown value


Stack: [0x0000000016720000,0x0000000016820000],  sp=0x000000001681c290,  free space=1008k
Native frames: (J=compiled Java code, j=interpreted, Vv=VM code, C=native code)
V  [jvm.dll+0x424bc2]
V  [jvm.dll+0x42579d]
V  [jvm.dll+0x425cdf]
V  [jvm.dll+0x4c5874]
V  [jvm.dll+0x44123c]
V  [jvm.dll+0x4436a9]
V  [jvm.dll+0x427532]
V  [jvm.dll+0x96702]
V  [jvm.dll+0x96ef3]
V  [jvm.dll+0x2232c4]
V  [jvm.dll+0x27baca]
C  [msvcr100.dll+0x21d9f]
C  [msvcr100.dll+0x21e3b]
C  [KERNEL32.DLL+0x8364]
C  [ntdll.dll+0x670d1]


Current CompileTask:
C2:  21283 7345       4       groovy.lang.MetaClassImpl::findPropertyMethod (356 bytes)


---------------  P R O C E S S  ---------------

Java Threads: ( => current thread )
  0x000000001834a000 JavaThread "seguridad.Role.data" daemon [_thread_blocked, id=8544, stack(0x000000001f680000,0x000000001f780000)]
  0x000000001834b800 JavaThread "net.sf.ehcache.CacheManager@694709ea" daemon [_thread_blocked, id=10964, stack(0x000000001f380000,0x000000001f480000)]
  0x000000001d421800 JavaThread "PoolCleaner[1828868503:1494220502544]" daemon [_thread_blocked, id=11016, stack(0x000000001cdc0000,0x000000001cec0000)]
  0x000000001a213000 JavaThread "FileSystemWatcher: files=#249 cl=groovy.lang.GroovyClassLoader@6d025197" daemon [_thread_blocked, id=2280, stack(0x000000001aef0000,0x000000001aff0000)]
  0x000000001a139000 JavaThread "localhost-startStop-1" daemon [_thread_in_vm, id=3088, stack(0x000000001adf0000,0x000000001aef0000)]
  0x000000001a138000 JavaThread "Tomcat-startStop-1" daemon [_thread_blocked, id=1384, stack(0x000000001acf0000,0x000000001adf0000)]
  0x000000001a0ff000 JavaThread "Thread-3" [_thread_in_native, id=7152, stack(0x0000000019370000,0x0000000019470000)]
  0x0000000017ebe000 JavaThread "Thread-2" [_thread_blocked, id=6464, stack(0x0000000019040000,0x0000000019140000)]
  0x000000001710d000 JavaThread "NonBlockingInputStreamThread" daemon [_thread_blocked, id=6092, stack(0x0000000017d70000,0x0000000017e70000)]
  0x0000000016535800 JavaThread "Service Thread" daemon [_thread_blocked, id=2348, stack(0x0000000016a20000,0x0000000016b20000)]
  0x0000000016400800 JavaThread "C1 CompilerThread2" daemon [_thread_blocked, id=11240, stack(0x0000000016920000,0x0000000016a20000)]
  0x0000000014e06800 JavaThread "C2 CompilerThread1" daemon [_thread_in_native, id=508, stack(0x0000000016820000,0x0000000016920000)]
=>0x0000000014e05800 JavaThread "C2 CompilerThread0" daemon [_thread_in_native, id=10928, stack(0x0000000016720000,0x0000000016820000)]
  0x0000000014dae000 JavaThread "Attach Listener" daemon [_thread_blocked, id=6520, stack(0x0000000016220000,0x0000000016320000)]
  0x0000000014dad000 JavaThread "Signal Dispatcher" daemon [_thread_blocked, id=10692, stack(0x0000000016120000,0x0000000016220000)]
  0x0000000003036800 JavaThread "Finalizer" daemon [_thread_blocked, id=2196, stack(0x0000000016020000,0x0000000016120000)]
  0x0000000014d77800 JavaThread "Reference Handler" daemon [_thread_blocked, id=9416, stack(0x0000000015f20000,0x0000000016020000)]
  0x0000000002f43800 JavaThread "main" [_thread_blocked, id=9616, stack(0x0000000002d30000,0x0000000002e30000)]

Other Threads:
  0x0000000014d76800 VMThread [stack: 0x0000000015e20000,0x0000000015f20000] [id=10864]
  0x0000000016537000 WatcherThread [stack: 0x0000000016b20000,0x0000000016c20000] [id=9484]

VM state:not at safepoint (normal execution)

VM Mutex/Monitor currently owned by a thread: None

Heap:
 PSYoungGen      total 192512K, used 126006K [0x00000000f0000000, 0x0000000100000000, 0x0000000100000000)
  eden space 146432K, 54% used [0x00000000f0000000,0x00000000f4e4d2b8,0x00000000f8f00000)
  from space 46080K, 99% used [0x00000000f8f00000,0x00000000fbbc07e8,0x00000000fbc00000)
  to   space 61440K, 0% used [0x00000000fc400000,0x00000000fc400000,0x0000000100000000)
 ParOldGen       total 104448K, used 92989K [0x00000000d0000000, 0x00000000d6600000, 0x00000000f0000000)
  object space 104448K, 89% used [0x00000000d0000000,0x00000000d5acf428,0x00000000d6600000)
 Metaspace       used 72826K, capacity 75084K, committed 75340K, reserved 1116160K
  class space    used 7851K, capacity 8418K, committed 8524K, reserved 1048576K

Card table byte_map: [0x0000000012400000,0x0000000012590000] byte_map_base: 0x0000000011d80000

Marking Bits: (ParMarkBitMap*) 0x00000000717413b0
 Begin Bits: [0x0000000012a90000, 0x0000000013690000)
 End Bits:   [0x0000000013690000, 0x0000000014290000)

Polling page: 0x0000000002ca0000

CodeCache: size=245760Kb used=21502Kb max_used=21515Kb free=224257Kb
 bounds [0x0000000003040000, 0x0000000004560000, 0x0000000012040000]
 total_blobs=7413 nmethods=6637 adapters=686
 compilation: enabled

Compilation events (10 events):
Event: 21.208 Thread 0x0000000016400800 7659       2       java.util.concurrent.atomic.AtomicInteger::getAndIncrement (12 bytes)
Event: 21.208 Thread 0x0000000016400800 nmethod 7659 0x00000000045383d0 code [0x0000000004538520, 0x0000000004538670]
Event: 21.223 Thread 0x0000000014e05800 nmethod 7275% 0x0000000004542f90 code [0x00000000045438c0, 0x000000000454b090]
Event: 21.225 Thread 0x0000000014e05800 7378       4       org.codehaus.groovy.reflection.ParameterTypes::coerceArgumentsToClasses (55 bytes)
Event: 21.230 Thread 0x0000000014e05800 nmethod 7378 0x000000000453f010 code [0x000000000453f1a0, 0x000000000453f6c8]
Event: 21.230 Thread 0x0000000014e05800 7339       4       groovy.lang.MetaClassImpl$1MOPIter::processFastArray (210 bytes)
Event: 21.240 Thread 0x0000000014e05800 nmethod 7339 0x0000000004540050 code [0x0000000004540200, 0x0000000004540c88]
Event: 21.240 Thread 0x0000000014e05800 7367       4       org.codehaus.groovy.runtime.metaclass.MetaMethodIndex::isMatchingMethod (68 bytes)
Event: 21.241 Thread 0x0000000014e05800 nmethod 7367 0x000000000453d390 code [0x000000000453d4e0, 0x000000000453d618]
Event: 21.241 Thread 0x0000000014e05800 7345       4       groovy.lang.MetaClassImpl::findPropertyMethod (356 bytes)

GC Heap History (10 events):
Event: 18.477 GC heap before
{Heap before GC invocations=70 (full 6):
 PSYoungGen      total 214528K, used 209620K [0x00000000f0000000, 0x0000000100000000, 0x0000000100000000)
  eden space 178176K, 97% used [0x00000000f0000000,0x00000000fa97e4a8,0x00000000fae00000)
  from space 36352K, 99% used [0x00000000fae00000,0x00000000fd136d70,0x00000000fd180000)
  to   space 45568K, 0% used [0x00000000fd380000,0x00000000fd380000,0x0000000100000000)
 ParOldGen       total 91136K, used 84613K [0x00000000d0000000, 0x00000000d5900000, 0x00000000f0000000)
  object space 91136K, 92% used [0x00000000d0000000,0x00000000d52a1758,0x00000000d5900000)
 Metaspace       used 69019K, capacity 70908K, committed 71244K, reserved 1112064K
  class space    used 7248K, capacity 7747K, committed 7756K, reserved 1048576K
Event: 18.504 GC heap after
Heap after GC invocations=70 (full 6):
 PSYoungGen      total 208384K, used 40797K [0x00000000f0000000, 0x0000000100000000, 0x0000000100000000)
  eden space 162816K, 0% used [0x00000000f0000000,0x00000000f0000000,0x00000000f9f00000)
  from space 45568K, 89% used [0x00000000fd380000,0x00000000ffb57490,0x0000000100000000)
  to   space 49664K, 0% used [0x00000000f9f00000,0x00000000f9f00000,0x00000000fcf80000)
 ParOldGen       total 91136K, used 85925K [0x00000000d0000000, 0x00000000d5900000, 0x00000000f0000000)
  object space 91136K, 94% used [0x00000000d0000000,0x00000000d53e9798,0x00000000d5900000)
 Metaspace       used 69019K, capacity 70908K, committed 71244K, reserved 1112064K
  class space    used 7248K, capacity 7747K, committed 7756K, reserved 1048576K
}
Event: 18.504 GC heap before
{Heap before GC invocations=71 (full 7):
 PSYoungGen      total 208384K, used 40797K [0x00000000f0000000, 0x0000000100000000, 0x0000000100000000)
  eden space 162816K, 0% used [0x00000000f0000000,0x00000000f0000000,0x00000000f9f00000)
  from space 45568K, 89% used [0x00000000fd380000,0x00000000ffb57490,0x0000000100000000)
  to   space 49664K, 0% used [0x00000000f9f00000,0x00000000f9f00000,0x00000000fcf80000)
 ParOldGen       total 91136K, used 85925K [0x00000000d0000000, 0x00000000d5900000, 0x00000000f0000000)
  object space 91136K, 94% used [0x00000000d0000000,0x00000000d53e9798,0x00000000d5900000)
 Metaspace       used 69019K, capacity 70908K, committed 71244K, reserved 1112064K
  class space    used 7248K, capacity 7747K, committed 7756K, reserved 1048576K
Event: 19.174 GC heap after
Heap after GC invocations=71 (full 7):
 PSYoungGen      total 208384K, used 35333K [0x00000000f0000000, 0x0000000100000000, 0x0000000100000000)
  eden space 162816K, 0% used [0x00000000f0000000,0x00000000f0000000,0x00000000f9f00000)
  from space 45568K, 77% used [0x00000000fd380000,0x00000000ff601590,0x0000000100000000)
  to   space 49664K, 0% used [0x00000000f9f00000,0x00000000f9f00000,0x00000000fcf80000)
 ParOldGen       total 104448K, used 90637K [0x00000000d0000000, 0x00000000d6600000, 0x00000000f0000000)
  object space 104448K, 86% used [0x00000000d0000000,0x00000000d5883428,0x00000000d6600000)
 Metaspace       used 69016K, capacity 70902K, committed 71244K, reserved 1112064K
  class space    used 7247K, capacity 7746K, committed 7756K, reserved 1048576K
}
Event: 19.838 GC heap before
{Heap before GC invocations=72 (full 7):
 PSYoungGen      total 208384K, used 198149K [0x00000000f0000000, 0x0000000100000000, 0x0000000100000000)
  eden space 162816K, 100% used [0x00000000f0000000,0x00000000f9f00000,0x00000000f9f00000)
  from space 45568K, 77% used [0x00000000fd380000,0x00000000ff601590,0x0000000100000000)
  to   space 49664K, 0% used [0x00000000f9f00000,0x00000000f9f00000,0x00000000fcf80000)
 ParOldGen       total 104448K, used 90637K [0x00000000d0000000, 0x00000000d6600000, 0x00000000f0000000)
  object space 104448K, 86% used [0x00000000d0000000,0x00000000d5883428,0x00000000d6600000)
 Metaspace       used 69800K, capacity 71734K, committed 72012K, reserved 1114112K
  class space    used 7382K, capacity 7903K, committed 8012K, reserved 1048576K
Event: 19.915 GC heap after
Heap after GC invocations=72 (full 7):
 PSYoungGen      total 204288K, used 41113K [0x00000000f0000000, 0x0000000100000000, 0x0000000100000000)
  eden space 162816K, 0% used [0x00000000f0000000,0x00000000f0000000,0x00000000f9f00000)
  from space 41472K, 99% used [0x00000000f9f00000,0x00000000fc7265b0,0x00000000fc780000)
  to   space 53248K, 0% used [0x00000000fcc00000,0x00000000fcc00000,0x0000000100000000)
 ParOldGen       total 104448K, used 91229K [0x00000000d0000000, 0x00000000d6600000, 0x00000000f0000000)
  object space 104448K, 87% used [0x00000000d0000000,0x00000000d5917428,0x00000000d6600000)
 Metaspace       used 69800K, capacity 71734K, committed 72012K, reserved 1114112K
  class space    used 7382K, capacity 7903K, committed 8012K, reserved 1048576K
}
Event: 20.561 GC heap before
{Heap before GC invocations=73 (full 7):
 PSYoungGen      total 204288K, used 203929K [0x00000000f0000000, 0x0000000100000000, 0x0000000100000000)
  eden space 162816K, 100% used [0x00000000f0000000,0x00000000f9f00000,0x00000000f9f00000)
  from space 41472K, 99% used [0x00000000f9f00000,0x00000000fc7265b0,0x00000000fc780000)
  to   space 53248K, 0% used [0x00000000fcc00000,0x00000000fcc00000,0x0000000100000000)
 ParOldGen       total 104448K, used 91229K [0x00000000d0000000, 0x00000000d6600000, 0x00000000f0000000)
  object space 104448K, 87% used [0x00000000d0000000,0x00000000d5917428,0x00000000d6600000)
 Metaspace       used 71072K, capacity 73370K, committed 73420K, reserved 1114112K
  class space    used 7556K, capacity 8124K, committed 8140K, reserved 1048576K
Event: 20.617 GC heap after
Heap after GC invocations=73 (full 7):
 PSYoungGen      total 199680K, used 45297K [0x00000000f0000000, 0x0000000100000000, 0x0000000100000000)
  eden space 146432K, 0% used [0x00000000f0000000,0x00000000f0000000,0x00000000f8f00000)
  from space 53248K, 85% used [0x00000000fcc00000,0x00000000ff83c638,0x0000000100000000)
  to   space 57856K, 0% used [0x00000000f8f00000,0x00000000f8f00000,0x00000000fc780000)
 ParOldGen       total 104448K, used 92757K [0x00000000d0000000, 0x00000000d6600000, 0x00000000f0000000)
  object space 104448K, 88% used [0x00000000d0000000,0x00000000d5a95428,0x00000000d6600000)
 Metaspace       used 71072K, capacity 73370K, committed 73420K, reserved 1114112K
  class space    used 7556K, capacity 8124K, committed 8140K, reserved 1048576K
}
Event: 20.951 GC heap before
{Heap before GC invocations=74 (full 7):
 PSYoungGen      total 199680K, used 185411K [0x00000000f0000000, 0x0000000100000000, 0x0000000100000000)
  eden space 146432K, 95% used [0x00000000f0000000,0x00000000f88d4760,0x00000000f8f00000)
  from space 53248K, 85% used [0x00000000fcc00000,0x00000000ff83c638,0x0000000100000000)
  to   space 57856K, 0% used [0x00000000f8f00000,0x00000000f8f00000,0x00000000fc780000)
 ParOldGen       total 104448K, used 92757K [0x00000000d0000000, 0x00000000d6600000, 0x00000000f0000000)
  object space 104448K, 88% used [0x00000000d0000000,0x00000000d5a95428,0x00000000d6600000)
 Metaspace       used 72013K, capacity 74234K, committed 74444K, reserved 1116160K
  class space    used 7735K, capacity 8284K, committed 8396K, reserved 1048576K
Event: 20.990 GC heap after
Heap after GC invocations=74 (full 7):
 PSYoungGen      total 192512K, used 45825K [0x00000000f0000000, 0x0000000100000000, 0x0000000100000000)
  eden space 146432K, 0% used [0x00000000f0000000,0x00000000f0000000,0x00000000f8f00000)
  from space 46080K, 99% used [0x00000000f8f00000,0x00000000fbbc07e8,0x00000000fbc00000)
  to   space 61440K, 0% used [0x00000000fc400000,0x00000000fc400000,0x0000000100000000)
 ParOldGen       total 104448K, used 92989K [0x00000000d0000000, 0x00000000d6600000, 0x00000000f0000000)
  object space 104448K, 89% used [0x00000000d0000000,0x00000000d5acf428,0x00000000d6600000)
 Metaspace       used 72013K, capacity 74234K, committed 74444K, reserved 1116160K
  class space    used 7735K, capacity 8284K, committed 8396K, reserved 1048576K
}

Deoptimization events (10 events):
Event: 17.515 Thread 0x000000001a139000 Uncommon trap: reason=unreached action=reinterpret pc=0x0000000003e8d800 method=org.codehaus.groovy.runtime.metaclass.MetaMethodIndex.getMethods(Ljava/lang/Class;Ljava/lang/String;)Lorg/codehaus/groovy/runtime/metaclass/MetaMethodIndex$Entry; @ 61
Event: 17.724 Thread 0x000000001a139000 Uncommon trap: reason=unreached action=reinterpret pc=0x00000000043b7d34 method=org.springframework.beans.factory.support.AbstractAutowireCapableBeanFactory.predictBeanType(Ljava/lang/String;Lorg/springframework/beans/factory/support/RootBeanDefinition;[Lj}N•53@
Event: 19.210 Thread 0x000000001a139000 Uncommon trap: reason=array_check action=maybe_recompile pc=0x0000000003521f70 method=java.util.ComparableTimSort.binarySort([Ljava/lang/Object;III)V @ 215
Event: 19.211 Thread 0x000000001a139000 Uncommon trap: reason=array_check action=maybe_recompile pc=0x00000000035220cc method=java.util.ComparableTimSort.binarySort([Ljava/lang/Object;III)V @ 183
Event: 19.211 Thread 0x000000001a139000 Uncommon trap: reason=array_check action=maybe_recompile pc=0x000000000352201c method=java.util.ComparableTimSort.binarySort([Ljava/lang/Object;III)V @ 193
Event: 19.211 Thread 0x000000001a139000 Uncommon trap: reason=array_check action=maybe_recompile pc=0x0000000003521f70 method=java.util.ComparableTimSort.binarySort([Ljava/lang/Object;III)V @ 215
Event: 19.298 Thread 0x000000001a139000 Uncommon trap: reason=null_check action=make_not_entrant pc=0x000000000346d7f0 method=org.springsource.loaded.ri.ReloadableTypeMethodProvider.getMethod(Ljava/lang/String;[Ljava/lang/Class;)Lorg/springsource/loaded/ri/Invoker; @ 28
Event: 19.317 Thread 0x000000001a139000 Uncommon trap: reason=unloaded action=reinterpret pc=0x00000000033211bc method=org.springframework.core.BridgeMethodResolver.findBridgedMethod(Ljava/lang/reflect/Method;)Ljava/lang/reflect/Method; @ 13
Event: 19.345 Thread 0x000000001a139000 Uncommon trap: reason=array_check action=maybe_recompile pc=0x000000000350c334 method=java.util.ComparableTimSort.binarySort([Ljava/lang/Object;III)V @ 215
Event: 20.024 Thread 0x000000001a139000 Uncommon trap: reason=null_check action=make_not_entrant pc=0x00000000040e12fc method=org.springsource.loaded.ri.ReflectiveInterceptor.jlClassGetModifiers(Ljava/lang/Class;)I @ 10

Internal exceptions (10 events):
Event: 21.247 Thread 0x000000001a139000 Exception <a 'java/security/PrivilegedActionException'> (0x00000000f4a59ea8) thrown at [D:\re\workspace\8-2-build-windows-amd64-cygwin\jdk8u5\2488\hotspot\src\share\vm\prims\jvm.cpp, line 1248]
Event: 21.248 Thread 0x000000001a139000 Exception <a 'java/security/PrivilegedActionException'> (0x00000000f4a5dcc0) thrown at [D:\re\workspace\8-2-build-windows-amd64-cygwin\jdk8u5\2488\hotspot\src\share\vm\prims\jvm.cpp, line 1248]
Event: 21.248 Thread 0x000000001a139000 Exception <a 'java/security/PrivilegedActionException'> (0x00000000f4a6c848) thrown at [D:\re\workspace\8-2-build-windows-amd64-cygwin\jdk8u5\2488\hotspot\src\share\vm\prims\jvm.cpp, line 1248]
Event: 21.248 Thread 0x000000001a139000 Exception <a 'java/security/PrivilegedActionException'> (0x00000000f4a7f1f0) thrown at [D:\re\workspace\8-2-build-windows-amd64-cygwin\jdk8u5\2488\hotspot\src\share\vm\prims\jvm.cpp, line 1248]
Event: 21.249 Thread 0x000000001a139000 Exception <a 'java/security/PrivilegedActionException'> (0x00000000f4a83008) thrown at [D:\re\workspace\8-2-build-windows-amd64-cygwin\jdk8u5\2488\hotspot\src\share\vm\prims\jvm.cpp, line 1248]
Event: 21.249 Thread 0x000000001a139000 Exception <a 'java/security/PrivilegedActionException'> (0x00000000f4a91b90) thrown at [D:\re\workspace\8-2-build-windows-amd64-cygwin\jdk8u5\2488\hotspot\src\share\vm\prims\jvm.cpp, line 1248]
Event: 21.249 Thread 0x000000001a139000 Exception <a 'java/security/PrivilegedActionException'> (0x00000000f4ab2260) thrown at [D:\re\workspace\8-2-build-windows-amd64-cygwin\jdk8u5\2488\hotspot\src\share\vm\prims\jvm.cpp, line 1248]
Event: 21.249 Thread 0x000000001a139000 Exception <a 'java/lang/ClassNotFoundException': liquibase/precondition/PreconditionFactoryCustomizer> (0x00000000f4ab3178) thrown at [D:\re\workspace\8-2-build-windows-amd64-cygwin\jdk8u5\2488\hotspot\src\share\vm\classfile\systemDictionary.cpp, line 202]
1ùêB5@
Event: 21.260 Thread 0x000000001a139000 Exception <a 'java/security/PrivilegedActionException'> (0x00000000f4d3a8a8) thrown at [D:\re\workspace\8-2-build-windows-amd64-cygwin\jdk8u5\2488\hotspot\src\share\vm\prims\jvm.cpp, line 1248]
Event: 21.260 Thread 0x000000001a139000 Exception <a 'java/security/PrivilegedActionException'> (0x00000000f4d3e118) thrown at [D:\re\workspace\8-2-build-windows-amd64-cygwin\jdk8u5\2488\hotspot\src\share\vm\prims\jvm.cpp, line 1248]

Events (10 events):
Event: 21.247 loading class liquibase/precondition/PreconditionFactoryBeanInfo
Event: 21.247 loading class liquibase/precondition/PreconditionFactoryBeanInfo done
Event: 21.247 loading class liquibase/precondition/PreconditionFactoryCustomizer
Event: 21.247 loading class liquibase/precondition/PreconditionFactoryCustomizer done
Event: 21.248 loading class liquibase/precondition/PreconditionFactoryCustomizer
Event: 21.248 loading class liquibase/precondition/PreconditionFactoryCustomizer done
Event: 21.249 loading class liquibase/precondition/PreconditionFactoryCustomizer
Event: 21.249 loading class liquibase/precondition/PreconditionFactoryCustomizer done
Event: 21.260 loading class grails/plugin/databasemigration/GrailsPrecondition
Event: 21.260 loading class grails/plugin/databasemigration/GrailsPrecondition done


Dynamic libraries:
0x00007ff718da0000 - 0x00007ff718dd4000 	C:\Program Files\Java\jdk1.8.0_05\bin\java.exe
0x00007ffb91ed0000 - 0x00007ffb920a1000 	C:\WINDOWS\SYSTEM32\ntdll.dll
0x00007ffb8f8f0000 - 0x00007ffb8f99b000 	C:\WINDOWS\System32\KERNEL32.DLL
0x00007ffb8e8c0000 - 0x00007ffb8eadd000 	C:\WINDOWS\System32\KERNELBASE.dll
0x00007ffb911a0000 - 0x00007ffb91242000 	C:\WINDOWS\System32\ADVAPI32.dll
0x00007ffb91bf0000 - 0x00007ffb91c8e000 	C:\WINDOWS\System32\msvcrt.dll
0x00007ffb91e40000 - 0x00007ffb91e99000 	C:\WINDOWS\System32\sechost.dll
0x00007ffb91550000 - 0x00007ffb91671000 	C:\WINDOWS\System32\RPCRT4.dll
0x00007ffb8fa10000 - 0x00007ffb8fb75000 	C:\WINDOWS\System32\USER32.dll
0x00007ffb8e7f0000 - 0x00007ffb8e80e000 	C:\WINDOWS\System32\win32u.dll
0x00007ffb91510000 - 0x00007ffb91544000 	C:\WINDOWS\System32\GDI32.dll
0x00007ffb8e610000 - 0x00007ffb8e792000 	C:\WINDOWS\System32\gdi32full.dll
0x00007ffb86840000 - 0x00007ffb86aba000 	C:\WINDOWS\WinSxS\amd64_microsoft.windows.common-controls_6595b64144ccf1df_6.0.14393.953_none_42151e83c686086b\COMCTL32.dll
0x00007ffb8f600000 - 0x00007ffb8f8c8000 	C:\WINDOWS\System32\combase.dll
0x00007ffb8e3c0000 - 0x00007ffb8e4b5000 	C:\WINDOWS\System32\ucrtbase.dll
0x00007ffb8f220000 - 0x00007ffb8f28a000 	C:\WINDOWS\System32\bcryptPrimitives.dll
0x00007ffb91ea0000 - 0x00007ffb91ece000 	C:\WINDOWS\System32\IMM32.DLL
0x00000000717c0000 - 0x0000000071892000 	C:\Program Files\Java\jdk1.8.0_05\jre\bin\msvcr100.dll
0x0000000070f90000 - 0x00000000717ba000 	C:\Program Files\Java\jdk1.8.0_05\jre\bin\server\jvm.dll
0x00007ffb8f9a0000 - 0x00007ffb8f9a8000 	C:\WINDOWS\System32\PSAPI.DLL
0x00007ffb80a40000 - 0x00007ffb80a49000 	C:\WINDOWS\SYSTEM32\WSOCK32.dll
0x00007ffb8a680000 - 0x00007ffb8a6a3000 	C:\WINDOWS\SYSTEM32\WINMM.dll
0x00007ffb91690000 - 0x00007ffb916fa000 	C:\WINDOWS\System32\WS2_32.dll
0x00007ffb8a650000 - 0x00007ffb8a67b000 	C:\WINDOWS\SYSTEM32\WINMMBASE.dll
0x00007ffb8e7a0000 - 0x00007ffb8e7e2000 	C:\WINDOWS\System32\cfgmgr32.dll
0x0000000070f80000 - 0x0000000070f8f000 	C:\Program Files\Java\jdk1.8.0_05\jre\bin\verify.dll
0x0000000070f50000 - 0x0000000070f78000 	C:\Program Files\Java\jdk1.8.0_05\jre\bin\java.dll
0x0000000070f20000 - 0x0000000070f43000 	C:\Program Files\Java\jdk1.8.0_05\jre\bin\instrument.dll
0x0000000070f00000 - 0x0000000070f16000 	C:\Program Files\Java\jdk1.8.0_05\jre\bin\zip.dll
0x00007ffb8fb90000 - 0x00007ffb91098000 	C:\WINDOWS\System32\SHELL32.dll
0x00007ffb8eb40000 - 0x00007ffb8f21a000 	C:\WINDOWS\System32\windows.storage.dll
0x00007ffb8e360000 - 0x00007ffb8e3ac000 	C:\WINDOWS\System32\powrprof.dll
0x00007ffb91410000 - 0x00007ffb91462000 	C:\WINDOWS\System32\shlwapi.dll
0x00007ffb8e350000 - 0x00007ffb8e35f000 	C:\WINDOWS\System32\kernel.appcore.dll
0x00007ffb8e810000 - 0x00007ffb8e8b9000 	C:\WINDOWS\System32\shcore.dll
0x00007ffb8e330000 - 0x00007ffb8e344000 	C:\WINDOWS\System32\profapi.dll
0x00007ffb8de00000 - 0x00007ffb8de17000 	C:\WINDOWS\SYSTEM32\CRYPTSP.dll
0x00007ffb8d860000 - 0x00007ffb8d893000 	C:\WINDOWS\system32\rsaenh.dll
0x00007ffb8df10000 - 0x00007ffb8df3b000 	C:\WINDOWS\SYSTEM32\bcrypt.dll
0x00007ffb8dae0000 - 0x00007ffb8daff000 	C:\WINDOWS\SYSTEM32\USERENV.dll
0x00007ffb8de20000 - 0x00007ffb8de2b000 	C:\WINDOWS\SYSTEM32\CRYPTBASE.dll
0x0000000070ee0000 - 0x0000000070efa000 	C:\Program Files\Java\jdk1.8.0_05\jre\bin\net.dll
0x00007ffb8dc60000 - 0x00007ffb8dcbc000 	C:\WINDOWS\system32\mswsock.dll
0x00007ffb8d9e0000 - 0x00007ffb8da18000 	C:\WINDOWS\SYSTEM32\IPHLPAPI.DLL
0x00007ffb91680000 - 0x00007ffb91688000 	C:\WINDOWS\System32\NSI.dll
0x00007ffb88800000 - 0x00007ffb88816000 	C:\WINDOWS\SYSTEM32\dhcpcsvc6.DLL
0x00007ffb88690000 - 0x00007ffb886aa000 	C:\WINDOWS\SYSTEM32\dhcpcsvc.DLL
0x0000000070ec0000 - 0x0000000070ed1000 	C:\Program Files\Java\jdk1.8.0_05\jre\bin\nio.dll
0x00007ffb86f20000 - 0x00007ffb86f2a000 	C:\Users\MartÌn.MartÌn-PC\AppData\Local\Temp\jansi-64-4182553280117555505.dll
0x0000000070e70000 - 0x0000000070e7d000 	C:\Program Files\Java\jdk1.8.0_05\jre\bin\management.dll
0x00007ffb8da20000 - 0x00007ffb8dac1000 	C:\WINDOWS\SYSTEM32\DNSAPI.dll
0x00000000743f0000 - 0x0000000074416000 	C:\Program Files\Bonjour\mdnsNSP.dll
0x00007ffb85540000 - 0x00007ffb8554a000 	C:\Windows\System32\rasadhlp.dll
0x00007ffb882a0000 - 0x00007ffb8830a000 	C:\WINDOWS\System32\fwpuclnt.dll
0x0000000070e90000 - 0x0000000070eb4000 	C:\Program Files\Java\jdk1.8.0_05\jre\bin\sunec.dll
0x00007ffb74120000 - 0x00007ffb74136000 	C:\WINDOWS\system32\napinsp.dll
0x00007ffb74230000 - 0x00007ffb7424a000 	C:\WINDOWS\system32\pnrpnsp.dll
0x00007ffb8b730000 - 0x00007ffb8b748000 	C:\WINDOWS\system32\NLAapi.dll
0x00007ffb74280000 - 0x00007ffb7428e000 	C:\WINDOWS\System32\winrnr.dll
0x00007ffb74290000 - 0x00007ffb742a5000 	C:\WINDOWS\System32\wshbth.dll
0x00007ffb84ce0000 - 0x00007ffb84e72000 	C:\WINDOWS\SYSTEM32\dbghelp.dll

VM Arguments:
jvm_args: -Dfile.encoding=UTF-8 -Xmx768M -Xms64M -Dgrails.fork.parent.process.port=4708 -Dgrails.fork.active=true -Dgrails.build.execution.context=C:\Users\MartÌn.MartÌn-PC\AppData\Local\Temp\PFPorcino3955768945456350925grails-execution-context -Dgrails.home=C:\grails-2.4.4 -javaagent:C:\grails-2.4.4\lib\org.springframework\springloaded\jars\springloaded-1.2.1.RELEASE.jar -Xverify:none -Dspringloaded.synchronize=true -Djdk.reflect.allowGetCallerClass=true -Dspringloaded=profile=grails;cacheDir=C:\Users\MartÌn.MartÌn-PC\.grails\2.4.4 
java_command: org.grails.plugins.tomcat.fork.ForkedTomcatServer
java_class_path (initial): C:\Program Files\Java\jdk1.8.0_05\lib\tools.jar;C:\grails-2.4.4\lib\org.codehaus.groovy\groovy-all\jars\groovy-all-2.3.7.jar;C:\grails-2.4.4\lib\org.slf4j\jcl-over-slf4j\jars\jcl-over-slf4j-1.7.5.jar;C:\grails-2.4.4\lib\org.codehaus.gant\gant_groovy1.8\jars\gant_groovy1.8-1.9.6.jar;C:\grails-2.4.4\lib\org.apache.tomcat.embed\tomcat-embed-logging-log4j\jars\tomcat-embed-logging-log4j-7.0.50.jar;C:\grails-2.4.4\dist\grails-plugin-log4j-2.4.4.jar;C:\grails-2.4.4\lib\log4j\log4j\jars\log4j-1.2.17.jar;C:\grails-2.4.4\dist\grails-bootstrap-2.4.4.jar;C:\grails-2.4.4\lib\org.slf4j\slf4j-api\jars\slf4j-api-1.7.5.jar;C:\grails-2.4.4\lib\jline\jline\jars\jline-2.12.jar;C:\grails-2.4.4\lib\org.apache.ant\ant\jars\ant-1.8.4.jar;C:\grails-2.4.4\lib\org.apache.ant\ant-launcher\jars\ant-launcher-1.8.4.jar;C:\grails-2.4.4\lib\org.apache.ant\ant-trax\jars\ant-trax-1.7.1.jar;C:\grails-2.4.4\lib\org.apache.ant\ant-junit\jars\ant-junit-1.8.4.jar;C:\grails-2.4.4\lib\org.apache.ivy\ivy\jars\ivy-2.3.0.jar;C:\grails-2.4.4\lib\org.fusesource.jansi\jansi\jars\jansi-1.11.jar;C:\Users\MartÌn.MartÌn-PC\.m2\repository\org\apache\tomcat\tomcat-catalina-ant\7.0.55\tomcat-catalina-ant-7.0.55.jar;C:\Users\MartÌn.MartÌn-PC\.m2\repository\org\apache\tomcat\embed\tomcat-embed-jasper\7.0.55\tomcat-embed-jasper-7.0.55.jar;C:\Users\MartÌn.MartÌn-PC\.m2\repository\org\apache\tomcat\embed\tomcat-embed-el\7.0.55\tomcat-embed-el-7.0.55.jar;C:\Users\MartÌn.MartÌn-PC\.m2\repository\org\apache\tomcat\embed\tomcat-embed-logging-log4j\7.0.55\tomcat-embed-logging-log4j-7.0.55.jar;C:\Users\MartÌn.MartÌn-PC\.m2\repository\org\apache\tomcat\embed\tomcat-embed-websocket\7.0.55\tomcat-embed-websocket-7.0.55.jar;C:\Users\MartÌn.MartÌn-PC\.m2\repository\org\apache\tomcat\embed\tomcat-embed-core\7.0.55\tomcat-embed-core-7.0.55.jar;C:\Users\MartÌn.MartÌn-PC\.m2\repository\org\eclipse\jdt\core\compiler\ecj\3.7.2\ecj-3.7.2.jar;C:\Users\MartÌn.MartÌn-PC\IdeaProjects\PFPorcino\target\work\plugins\tom
Launcher Type: SUN_STANDARD

Environment Variables:
JAVA_HOME=C:\Program Files\Java\jdk1.8.0_05
JRE_HOME=C:\Program Files\Java\jdk1.8.0_05\jre
CLASSPATH=.;C:\Program Files\Java\jdk1.8.0_05\lib;C:\Program Files\Java\jdk1.8.0_05\jre\lib
PATH=C:\Program Files (x86)\NVIDIA Corporation\PhysX\Common;c:\windows\system32;c:\windows;c:\windows\system32\wbem;c:\windows\system32\windowspowershell\v1.0\;c:\program files (x86)\ati technologies\ati.ace\core-static;c:\program files\matlab\r2012b\runtime\win64;c:\program files\matlab\r2012b\bin;c:\program files\microsoft sql server\110\tools\binn\;c:\program files (x86)\windows kits\8.1\windows performance toolkit\;c:\program files (x86)\microsoft sdks\typescript\1.0\;c:\program files\statgraphics\statgraphics centurion xvi.ii\;c:\program files (x86)\quicktime\qtsystem\;c:\program files (x86)\amd\ati.ace\core-static;C:\WINDOWS\system32;C:\WINDOWS;C:\WINDOWS\System32\Wbem;C:\WINDOWS\System32\WindowsPowerShell\v1.0\;C:\Program Files\Microsoft SQL Server\120\Tools\Binn\;C:\Program Files\Microsoft SQL Server\Client SDK\ODBC\110\Tools\Binn\;C:\Program Files (x86)\Microsoft SQL Server\120\Tools\Binn\;C:\Program Files\Microsoft SQL Server\120\DTS\Binn\;C:\Program Files (x86)\Microsoft SQL Server\120\Tools\Binn\ManagementStudio\;C:\Program Files (x86)\Microsoft SQL Server\120\DTS\Binn\;C:\Program Files\Java\jdk1.8.0_05\bin;;C:\Users\MartÌn.MartÌn-PC\AppData\Local\Microsoft\WindowsApps
USERNAME=MartÌn
OS=Windows_NT
PROCESSOR_IDENTIFIER=Intel64 Family 6 Model 60 Stepping 3, GenuineIntel



---------------  S Y S T E M  ---------------

OS: Windows 8.1 , 64 bit Build 9600 

CPU:total 4 (2 cores per cpu, 2 threads per core) family 6 model 60 stepping 3, cmov, cx8, fxsr, mmx, sse, sse2, sse3, ssse3, sse4.1, sse4.2, popcnt, avx, avx2, aes, clmul, erms, ht, tsc, tscinvbit

Memory: 4k page, physical 6176556k(1472056k free), swap 9715500k(2906684k free)

vm_info: Java HotSpot(TM) 64-Bit Server VM (25.5-b02) for windows-amd64 JRE (1.8.0_05-b13), built on Mar 18 2014 01:08:39 by "java_re" with MS VC++ 10.0 (VS2010)

time: Mon May 08 00:15:12 2017
elapsed time: 21 seconds

