#
# A fatal error has been detected by the Java Runtime Environment:
#
#  EXCEPTION_ACCESS_VIOLATION (0xc0000005) at pc=0x0000000071054bc2, pid=2940, tid=6756
#
# JRE version: Java(TM) SE Runtime Environment (8.0_05-b13) (build 1.8.0_05-b13)
# Java VM: Java HotSpot(TM) 64-Bit Server VM (25.5-b02 mixed mode windows-amd64 compressed oops)
# Problematic frame:
# V  [jvm.dll+0x424bc2]
#
# Failed to write core dump. Minidumps are not enabled by default on client versions of Windows
#
# If you would like to submit a bug report, please visit:
#   http://bugreport.sun.com/bugreport/crash.jsp
#

---------------  T H R E A D  ---------------

Current thread (0x0000000014896000):  JavaThread "C2 CompilerThread0" daemon [_thread_in_native, id=6756, stack(0x0000000016190000,0x0000000016290000)]

siginfo: ExceptionCode=0xc0000005, reading address 0x0000000000000000

Registers:
RAX=0x0000000018949ac8, RBX=0x0000000000000600, RCX=0x0000000000000000, RDX=0x000000001d1c0e00
RSP=0x000000001628c600, RBP=0x00000000000000c0, RSI=0x00000000000000b8, RDI=0x0000000000000000
R8 =0x0000000070c30000, R9 =0x000000001628c920, R10=0x00000000ffffffff, R11=0x0000000015e86880
R12=0x000000001894a1d0, R13=0x000000001890ec28, R14=0x0000000000000008, R15=0x000000001890ec28
RIP=0x0000000071054bc2, EFLAGS=0x0000000000010206

Top of Stack: (sp=0x000000001628c600)
0x000000001628c600:   00000000000000da 000000001d1bc770
0x000000001628c610:   0000000000000000 000000001b128470
0x000000001628c620:   0000000000000001 0000000000000600
0x000000001628c630:   0000000000000180 00000000000000c0
0x000000001628c640:   000000001ac97460 00000000148882e0
0x000000001628c650:   0000000000000748 000000001d1bc770
0x000000001628c660:   000000001628c920 0000000018946b80
0x000000001628c670:   0000000000000020 0000000000000009
0x000000001628c680:   000000001894a1a0 00000000000000da
0x000000001628c690:   000000001890ec28 000000007105579d
0x000000001628c6a0:   000000001894a1a0 000000000000001c
0x000000001628c6b0:   00000000000000da 000000001628c920
0x000000001628c6c0:   000000001d1c0e00 00000000000000da
0x000000001628c6d0:   0000000018946b80 0000000000000020
0x000000001628c6e0:   0000000018feb620 000000001628ec90
0x000000001628c6f0:   0000000018febc50 000000001894a1a0 

Instructions: (pc=0x0000000071054bc2)
0x0000000071054ba2:   c6 48 63 f0 48 03 f1 eb 04 48 83 ce ff 48 8b 84
0x0000000071054bb2:   24 a0 00 00 00 48 8b 40 08 48 8b 3c 03 48 8b cf
0x0000000071054bc2:   48 8b 07 ff 50 28 4c 8d 05 31 b4 bd ff 48 63 50
0x0000000071054bd2:   10 4c 8b d8 48 8b ca 48 c1 e1 05 42 80 bc 01 c0 


Register to memory mapping:

RAX=0x0000000018949ac8 is an unknown value
RBX=0x0000000000000600 is an unknown value
RCX=0x0000000000000000 is an unknown value
RDX=0x000000001d1c0e00 is an unknown value
RSP=0x000000001628c600 is pointing into the stack for thread: 0x0000000014896000
RBP=0x00000000000000c0 is an unknown value
RSI=0x00000000000000b8 is an unknown value
RDI=0x0000000000000000 is an unknown value
R8 =0x0000000070c30000 is an unknown value
R9 =0x000000001628c920 is pointing into the stack for thread: 0x0000000014896000
R10=0x00000000ffffffff is an unknown value
R11=0x0000000015e86880 is an unknown value
R12=0x000000001894a1d0 is an unknown value
R13=0x000000001890ec28 is an unknown value
R14=0x0000000000000008 is an unknown value
R15=0x000000001890ec28 is an unknown value


Stack: [0x0000000016190000,0x0000000016290000],  sp=0x000000001628c600,  free space=1009k
Native frames: (J=compiled Java code, j=interpreted, Vv=VM code, C=native code)
V  [jvm.dll+0x424bc2]
V  [jvm.dll+0x42579d]
V  [jvm.dll+0x425cdf]
V  [jvm.dll+0x4c5874]
V  [jvm.dll+0x44123c]
V  [jvm.dll+0x4436a9]
V  [jvm.dll+0x427532]
V  [jvm.dll+0x96702]
V  [jvm.dll+0x96ef3]
V  [jvm.dll+0x2232c4]
V  [jvm.dll+0x27baca]
C  [msvcr100.dll+0x21d9f]
C  [msvcr100.dll+0x21e3b]
C  [KERNEL32.DLL+0x8364]
C  [ntdll.dll+0x670d1]


Current CompileTask:
C2:  48361 7638       4       groovy.lang.MetaClassImpl::findPropertyMethod (356 bytes)


---------------  P R O C E S S  ---------------

Java Threads: ( => current thread )
  0x000000001b9f7800 JavaThread "seguridad.Role.data" daemon [_thread_blocked, id=3792, stack(0x000000001f5d0000,0x000000001f6d0000)]
  0x000000001b9f6000 JavaThread "net.sf.ehcache.CacheManager@37662669" daemon [_thread_blocked, id=9948, stack(0x000000001d930000,0x000000001da30000)]
  0x0000000019346000 JavaThread "PoolCleaner[1705072168:1493617479791]" daemon [_thread_blocked, id=2088, stack(0x000000001c2d0000,0x000000001c3d0000)]
  0x0000000019a5d000 JavaThread "FileSystemWatcher: files=#238 cl=groovy.lang.GroovyClassLoader@65a15628" daemon [_thread_blocked, id=10568, stack(0x000000001bab0000,0x000000001bbb0000)]
  0x0000000017db5800 JavaThread "localhost-startStop-1" daemon [_thread_in_vm, id=10784, stack(0x000000001a9e0000,0x000000001aae0000)]
  0x0000000017bd7800 JavaThread "Tomcat-startStop-1" daemon [_thread_blocked, id=3360, stack(0x000000001a8e0000,0x000000001a9e0000)]
  0x000000001947d000 JavaThread "Thread-3" [_thread_in_native, id=6224, stack(0x000000001a420000,0x000000001a520000)]
  0x0000000017dc0800 JavaThread "Thread-2" [_thread_blocked, id=12076, stack(0x0000000018aa0000,0x0000000018ba0000)]
  0x00000000169d3000 JavaThread "NonBlockingInputStreamThread" daemon [_thread_blocked, id=7892, stack(0x00000000177d0000,0x00000000178d0000)]
  0x0000000015f68000 JavaThread "Service Thread" daemon [_thread_blocked, id=9904, stack(0x0000000016490000,0x0000000016590000)]
  0x0000000014887000 JavaThread "C1 CompilerThread2" daemon [_thread_blocked, id=6140, stack(0x0000000016390000,0x0000000016490000)]
  0x000000001488c000 JavaThread "C2 CompilerThread1" daemon [_thread_in_native, id=6604, stack(0x0000000016290000,0x0000000016390000)]
=>0x0000000014896000 JavaThread "C2 CompilerThread0" daemon [_thread_in_native, id=6756, stack(0x0000000016190000,0x0000000016290000)]
  0x000000001483d800 JavaThread "Attach Listener" daemon [_thread_blocked, id=10612, stack(0x0000000015c90000,0x0000000015d90000)]
  0x000000001483c800 JavaThread "Signal Dispatcher" daemon [_thread_blocked, id=9872, stack(0x0000000015b90000,0x0000000015c90000)]
  0x0000000014808000 JavaThread "Finalizer" daemon [_thread_blocked, id=8768, stack(0x0000000015a90000,0x0000000015b90000)]
  0x0000000014807800 JavaThread "Reference Handler" daemon [_thread_blocked, id=11028, stack(0x0000000015990000,0x0000000015a90000)]
  0x00000000029d3800 JavaThread "main" [_thread_blocked, id=1000, stack(0x00000000026d0000,0x00000000027d0000)]

Other Threads:
  0x0000000014806000 VMThread [stack: 0x0000000015890000,0x0000000015990000] [id=10596]
  0x0000000015f6c000 WatcherThread [stack: 0x0000000016590000,0x0000000016690000] [id=5028]

VM state:not at safepoint (normal execution)

VM Mutex/Monitor currently owned by a thread: None

Heap:
 PSYoungGen      total 211456K, used 105069K [0x00000000f0000000, 0x0000000100000000, 0x0000000100000000)
  eden space 161792K, 43% used [0x00000000f0000000,0x00000000f440f5c0,0x00000000f9e00000)
  from space 49664K, 71% used [0x00000000fcf80000,0x00000000ff20c138,0x0000000100000000)
  to   space 50176K, 0% used [0x00000000f9e00000,0x00000000f9e00000,0x00000000fcf00000)
 ParOldGen       total 107520K, used 92170K [0x00000000d0000000, 0x00000000d6900000, 0x00000000f0000000)
  object space 107520K, 85% used [0x00000000d0000000,0x00000000d5a02a88,0x00000000d6900000)
 Metaspace       used 69935K, capacity 72008K, committed 72248K, reserved 1114112K
  class space    used 7444K, capacity 7993K, committed 8064K, reserved 1048576K

Card table byte_map: [0x0000000011e90000,0x0000000012020000] byte_map_base: 0x0000000011810000

Marking Bits: (ParMarkBitMap*) 0x00000000713e13b0
 Begin Bits: [0x0000000012520000, 0x0000000013120000)
 End Bits:   [0x0000000013120000, 0x0000000013d20000)

Polling page: 0x0000000000aa0000

CodeCache: size=245760Kb used=24301Kb max_used=25057Kb free=221458Kb
 bounds [0x0000000002ad0000, 0x0000000004370000, 0x0000000011ad0000]
 total_blobs=7106 nmethods=6329 adapters=686
 compilation: enabled

Compilation events (10 events):
Event: 48.244 Thread 0x0000000014887000 7649       3       org.hibernate.service.internal.ConcurrentServiceBinding$Node::get (72 bytes)
Event: 48.244 Thread 0x0000000014887000 nmethod 7649 0x00000000039a1790 code [0x00000000039a1920, 0x00000000039a1d78]
Event: 48.255 Thread 0x0000000014887000 7651   !   3       sun.reflect.GeneratedMethodAccessor168::invoke (65 bytes)
Event: 48.256 Thread 0x0000000014887000 nmethod 7651 0x0000000002debe50 code [0x0000000002dec040, 0x0000000002dec718]
Event: 48.257 Thread 0x0000000014887000 7653   !   3       java_lang_reflect_Member$getModifiers::call (34 bytes)
Event: 48.258 Thread 0x0000000014887000 nmethod 7653 0x00000000032e6990 code [0x00000000032e6b60, 0x00000000032e70b8]
Event: 48.260 Thread 0x0000000014887000 7654   !   3       java_lang_reflect_Member$isSynthetic$0::call (34 bytes)
Event: 48.260 Thread 0x0000000014887000 nmethod 7654 0x0000000004359d10 code [0x0000000004359ee0, 0x000000000435a488]
Event: 48.266 Thread 0x0000000014887000 7655       1       org.codehaus.groovy.grails.commons.AbstractGrailsApplication::getFlatConfig (5 bytes)
Event: 48.266 Thread 0x0000000014887000 nmethod 7655 0x0000000004357b50 code [0x0000000004357ca0, 0x0000000004357db0]

GC Heap History (10 events):
Event: 44.443 GC heap before
{Heap before GC invocations=71 (full 6):
 PSYoungGen      total 214016K, used 198794K [0x00000000f0000000, 0x0000000100000000, 0x0000000100000000)
  eden space 173056K, 96% used [0x00000000f0000000,0x00000000fa35fde8,0x00000000fa900000)
  from space 40960K, 76% used [0x00000000fd800000,0x00000000ff6c2d40,0x0000000100000000)
  to   space 44544K, 0% used [0x00000000fa900000,0x00000000fa900000,0x00000000fd480000)
 ParOldGen       total 91136K, used 77601K [0x00000000d0000000, 0x00000000d5900000, 0x00000000f0000000)
  object space 91136K, 85% used [0x00000000d0000000,0x00000000d4bc8598,0x00000000d5900000)
 Metaspace       used 65913K, capacity 67786K, committed 68152K, reserved 1110016K
  class space    used 6936K, capacity 7443K, committed 7552K, reserved 1048576K
Event: 44.479 GC heap after
Heap after GC invocations=71 (full 6):
 PSYoungGen      total 206336K, used 33243K [0x00000000f0000000, 0x0000000100000000, 0x0000000100000000)
  eden space 173056K, 0% used [0x00000000f0000000,0x00000000f0000000,0x00000000fa900000)
  from space 33280K, 99% used [0x00000000fa900000,0x00000000fc976fc0,0x00000000fc980000)
  to   space 45568K, 0% used [0x00000000fd380000,0x00000000fd380000,0x0000000100000000)
 ParOldGen       total 91136K, used 79169K [0x00000000d0000000, 0x00000000d5900000, 0x00000000f0000000)
  object space 91136K, 86% used [0x00000000d0000000,0x00000000d4d50598,0x00000000d5900000)
 Metaspace       used 65913K, capacity 67786K, committed 68152K, reserved 1110016K
  class space    used 6936K, capacity 7443K, committed 7552K, reserved 1048576K
}
Event: 45.712 GC heap before
{Heap before GC invocations=72 (full 6):
 PSYoungGen      total 206336K, used 206299K [0x00000000f0000000, 0x0000000100000000, 0x0000000100000000)
  eden space 173056K, 100% used [0x00000000f0000000,0x00000000fa900000,0x00000000fa900000)
  from space 33280K, 99% used [0x00000000fa900000,0x00000000fc976fc0,0x00000000fc980000)
  to   space 45568K, 0% used [0x00000000fd380000,0x00000000fd380000,0x0000000100000000)
 ParOldGen       total 91136K, used 79169K [0x00000000d0000000, 0x00000000d5900000, 0x00000000f0000000)
  object space 91136K, 86% used [0x00000000d0000000,0x00000000d4d50598,0x00000000d5900000)
 Metaspace       used 67034K, capacity 68880K, committed 69176K, reserved 1112064K
  class space    used 7009K, capacity 7508K, committed 7552K, reserved 1048576K
Event: 45.748 GC heap after
Heap after GC invocations=72 (full 6):
 PSYoungGen      total 212480K, used 37043K [0x00000000f0000000, 0x0000000100000000, 0x0000000100000000)
  eden space 166912K, 0% used [0x00000000f0000000,0x00000000f0000000,0x00000000fa300000)
  from space 45568K, 81% used [0x00000000fd380000,0x00000000ff7acc98,0x0000000100000000)
  to   space 47616K, 0% used [0x00000000fa300000,0x00000000fa300000,0x00000000fd180000)
 ParOldGen       total 91136K, used 80863K [0x00000000d0000000, 0x00000000d5900000, 0x00000000f0000000)
  object space 91136K, 88% used [0x00000000d0000000,0x00000000d4ef7ec8,0x00000000d5900000)
 Metaspace       used 67034K, capacity 68880K, committed 69176K, reserved 1112064K
  class space    used 7009K, capacity 7508K, committed 7552K, reserved 1048576K
}
Event: 46.597 GC heap before
{Heap before GC invocations=73 (full 6):
 PSYoungGen      total 212480K, used 195099K [0x00000000f0000000, 0x0000000100000000, 0x0000000100000000)
  eden space 166912K, 94% used [0x00000000f0000000,0x00000000f9a5a250,0x00000000fa300000)
  from space 45568K, 81% used [0x00000000fd380000,0x00000000ff7acc98,0x0000000100000000)
  to   space 47616K, 0% used [0x00000000fa300000,0x00000000fa300000,0x00000000fd180000)
 ParOldGen       total 91136K, used 80863K [0x00000000d0000000, 0x00000000d5900000, 0x00000000f0000000)
  object space 91136K, 88% used [0x00000000d0000000,0x00000000d4ef7ec8,0x00000000d5900000)
 Metaspace       used 68561K, capacity 70486K, committed 70712K, reserved 1112064K
  class space    used 7242K, capacity 7765K, committed 7808K, reserved 1048576K
Event: 46.627 GC heap after
Heap after GC invocations=73 (full 6):
 PSYoungGen      total 203776K, used 36828K [0x00000000f0000000, 0x0000000100000000, 0x0000000100000000)
  eden space 166912K, 0% used [0x00000000f0000000,0x00000000f0000000,0x00000000fa300000)
  from space 36864K, 99% used [0x00000000fa300000,0x00000000fc6f7158,0x00000000fc700000)
  to   space 49664K, 0% used [0x00000000fcf80000,0x00000000fcf80000,0x0000000100000000)
 ParOldGen       total 91136K, used 86833K [0x00000000d0000000, 0x00000000d5900000, 0x00000000f0000000)
  object space 91136K, 95% used [0x00000000d0000000,0x00000000d54cc418,0x00000000d5900000)
 Metaspace       used 68561K, capacity 70486K, committed 70712K, reserved 1112064K
  class space    used 7242K, capacity 7765K, committed 7808K, reserved 1048576K
}
Event: 46.627 GC heap before
{Heap before GC invocations=74 (full 7):
 PSYoungGen      total 203776K, used 36828K [0x00000000f0000000, 0x0000000100000000, 0x0000000100000000)
  eden space 166912K, 0% used [0x00000000f0000000,0x00000000f0000000,0x00000000fa300000)
  from space 36864K, 99% used [0x00000000fa300000,0x00000000fc6f7158,0x00000000fc700000)
  to   space 49664K, 0% used [0x00000000fcf80000,0x00000000fcf80000,0x0000000100000000)
 ParOldGen       total 91136K, used 86833K [0x00000000d0000000, 0x00000000d5900000, 0x00000000f0000000)
  object space 91136K, 95% used [0x00000000d0000000,0x00000000d54cc418,0x00000000d5900000)
 Metaspace       used 68561K, capacity 70486K, committed 70712K, reserved 1112064K
  class space    used 7242K, capacity 7765K, committed 7808K, reserved 1048576K
Event: 47.082 GC heap after
Heap after GC invocations=74 (full 7):
 PSYoungGen      total 203776K, used 32427K [0x00000000f0000000, 0x0000000100000000, 0x0000000100000000)
  eden space 166912K, 0% used [0x00000000f0000000,0x00000000f0000000,0x00000000fa300000)
  from space 36864K, 87% used [0x00000000fa300000,0x00000000fc2aac80,0x00000000fc700000)
  to   space 49664K, 0% used [0x00000000fcf80000,0x00000000fcf80000,0x0000000100000000)
 ParOldGen       total 107520K, used 90690K [0x00000000d0000000, 0x00000000d6900000, 0x00000000f0000000)
  object space 107520K, 84% used [0x00000000d0000000,0x00000000d5890a88,0x00000000d6900000)
 Metaspace       used 68557K, capacity 70480K, committed 70712K, reserved 1112064K
  class space    used 7241K, capacity 7764K, committed 7808K, reserved 1048576K
}
Event: 48.022 GC heap before
{Heap before GC invocations=75 (full 7):
 PSYoungGen      total 203776K, used 190801K [0x00000000f0000000, 0x0000000100000000, 0x0000000100000000)
  eden space 166912K, 94% used [0x00000000f0000000,0x00000000f9aa9840,0x00000000fa300000)
  from space 36864K, 87% used [0x00000000fa300000,0x00000000fc2aac80,0x00000000fc700000)
  to   space 49664K, 0% used [0x00000000fcf80000,0x00000000fcf80000,0x0000000100000000)
 ParOldGen       total 107520K, used 90690K [0x00000000d0000000, 0x00000000d6900000, 0x00000000f0000000)
  object space 107520K, 84% used [0x00000000d0000000,0x00000000d5890a88,0x00000000d6900000)
 Metaspace       used 69370K, capacity 71354K, committed 71608K, reserved 1114112K
  class space    used 7367K, capacity 7887K, committed 7936K, reserved 1048576K
Event: 48.069 GC heap after
Heap after GC invocations=75 (full 7):
 PSYoungGen      total 211456K, used 35376K [0x00000000f0000000, 0x0000000100000000, 0x0000000100000000)
  eden space 161792K, 0% used [0x00000000f0000000,0x00000000f0000000,0x00000000f9e00000)
  from space 49664K, 71% used [0x00000000fcf80000,0x00000000ff20c138,0x0000000100000000)
  to   space 50176K, 0% used [0x00000000f9e00000,0x00000000f9e00000,0x00000000fcf00000)
 ParOldGen       total 107520K, used 92170K [0x00000000d0000000, 0x00000000d6900000, 0x00000000f0000000)
  object space 107520K, 85% used [0x00000000d0000000,0x00000000d5a02a88,0x00000000d6900000)
 Metaspace       used 69370K, capacity 71354K, committed 71608K, reserved 1114112K
  class space    used 7367K, capacity 7887K, committed 7936K, reserved 1048576K
}

Deoptimization events (10 events):
Event: 47.382 Thread 0x0000000017db5800 Uncommon trap: reason=null_check action=make_not_entrant pc=0x0000000004298f68 method=org.springframework.util.ClassUtils.isAssignable(Ljava/lang/Class;Ljava/lang/Class;)Z @ 70
Event: 47.399 Thread 0x0000000017db5800 Uncommon trap: reason=null_check action=make_not_entrant pc=0x00000000042baee8 method=org.springsource.loaded.ri.ReloadableTypeMethodProvider.getMethod(Ljava/lang/String;[Ljava/lang/Class;)Lorg/springsource/loaded/ri/Invoker; @ 28
Event: 47.399 Thread 0x0000000017db5800 Uncommon trap: reason=null_check action=make_not_entrant pc=0x00000000042a5600 method=org.springsource.loaded.ri.ReloadableTypeMethodProvider.getMethod(Ljava/lang/String;[Ljava/lang/Class;)Lorg/springsource/loaded/ri/Invoker; @ 28
Event: 47.864 Thread 0x0000000017db5800 Uncommon trap: reason=unreached action=reinterpret pc=0x00000000041c3628 method=org.codehaus.groovy.runtime.metaclass.MetaMethodIndex.isNonRealMethod(Lgroovy/lang/MetaMethod;)Z @ 32
Event: 48.071 Thread 0x0000000017db5800 Uncommon trap: reason=unreached action=reinterpret pc=0x00000000042dbba8 method=org.springframework.beans.factory.support.AbstractBeanFactory.isTypeMatch(Ljava/lang/String;Ljava/lang/Class;)Z @ 135
Event: 48.151 Thread 0x0000000017db5800 Uncommon trap: reason=class_check action=maybe_recompile pc=0x0000000004340af8 method=groovy.lang.MetaClassImpl.isGenericGetMethod(Lgroovy/lang/MetaMethod;)Z @ 14
Event: 48.151 Thread 0x0000000017db5800 Uncommon trap: reason=class_check action=maybe_recompile pc=0x0000000004340bc0 method=org.codehaus.groovy.runtime.MetaClassHelper.isGenericSetMethod(Lgroovy/lang/MetaMethod;)Z @ 14
Event: 48.151 Thread 0x0000000017db5800 Uncommon trap: reason=class_check action=maybe_recompile pc=0x0000000004340af8 method=groovy.lang.MetaClassImpl.isGenericGetMethod(Lgroovy/lang/MetaMethod;)Z @ 14
Event: 48.151 Thread 0x0000000017db5800 Uncommon trap: reason=class_check action=maybe_recompile pc=0x0000000004340bc0 method=org.codehaus.groovy.runtime.MetaClassHelper.isGenericSetMethod(Lgroovy/lang/MetaMethod;)Z @ 14
Event: 48.151 Thread 0x0000000017db5800 Uncommon trap: reason=class_check action=maybe_recompile pc=0x0000000004340af8 method=groovy.lang.MetaClassImpl.isGenericGetMethod(Lgroovy/lang/MetaMethod;)Z @ 14

Internal exceptions (10 events):
Event: 48.264 Thread 0x0000000017db5800 Exception <a 'java/security/PrivilegedActionException'> (0x00000000f35baf48) thrown at [D:\re\workspace\8-2-build-windows-amd64-cygwin\jdk8u5\2488\hotspot\src\share\vm\prims\jvm.cpp, line 1248]
Event: 48.264 Thread 0x0000000017db5800 Exception <a 'java/lang/ClassNotFoundException': org/grails/datastore/gorm/support/BeforeValidateHelperBeanInfo> (0x00000000f35bbe78) thrown at [D:\re\workspace\8-2-build-windows-amd64-cygwin\jdk8u5\2488\hotspot\src\share\vm\classfile\systemDictionary.cpp,Bê¦àÌ!H@
Event: 48.264 Thread 0x0000000017db5800 Exception <a 'java/security/PrivilegedActionException'> (0x00000000f35bd088) thrown at [D:\re\workspace\8-2-build-windows-amd64-cygwin\jdk8u5\2488\hotspot\src\share\vm\prims\jvm.cpp, line 1248]
Event: 48.264 Thread 0x0000000017db5800 Exception <a 'java/security/PrivilegedActionException'> (0x00000000f35c16a8) thrown at [D:\re\workspace\8-2-build-windows-amd64-cygwin\jdk8u5\2488\hotspot\src\share\vm\prims\jvm.cpp, line 1248]
Event: 48.264 Thread 0x0000000017db5800 Exception <a 'java/security/PrivilegedActionException'> (0x00000000f35d2260) thrown at [D:\re\workspace\8-2-build-windows-amd64-cygwin\jdk8u5\2488\hotspot\src\share\vm\prims\jvm.cpp, line 1248]
Event: 48.265 Thread 0x0000000017db5800 Exception <a 'java/security/PrivilegedActionException'> (0x00000000f35e72c8) thrown at [D:\re\workspace\8-2-build-windows-amd64-cygwin\jdk8u5\2488\hotspot\src\share\vm\prims\jvm.cpp, line 1248]
Event: 48.265 Thread 0x0000000017db5800 Exception <a 'java/security/PrivilegedActionException'> (0x00000000f35eba78) thrown at [D:\re\workspace\8-2-build-windows-amd64-cygwin\jdk8u5\2488\hotspot\src\share\vm\prims\jvm.cpp, line 1248]
Event: 48.265 Thread 0x0000000017db5800 Exception <a 'java/security/PrivilegedActionException'> (0x00000000f35fc630) thrown at [D:\re\workspace\8-2-build-windows-amd64-cygwin\jdk8u5\2488\hotspot\src\share\vm\prims\jvm.cpp, line 1248]
Event: 48.266 Thread 0x0000000017db5800 Exception <a 'java/security/PrivilegedActionException'> (0x00000000f3621330) thrown at [D:\re\workspace\8-2-build-windows-amd64-cygwin\jdk8u5\2488\hotspot\src\share\vm\prims\jvm.cpp, line 1248]
Event: 48.266 Thread 0x0000000017db5800 Exception <a 'java/lang/ClassNotFoundException': org/grails/datastore/gorm/support/BeforeValidateHelperCustomizer> (0x00000000f3622260) thrown at [D:\re\workspace\8-2-build-windows-amd64-cygwin\jdk8u5\2488\hotspot\src\share\vm\classfile\systemDictionary.cpÛ$ËnÇ!H@

Events (10 events):
Event: 48.263 loading class org/grails/datastore/gorm/support/BeforeValidateHelperBeanInfo
Event: 48.263 loading class org/grails/datastore/gorm/support/BeforeValidateHelperBeanInfo done
Event: 48.264 loading class org/grails/datastore/gorm/support/BeforeValidateHelperBeanInfo
Event: 48.264 loading class org/grails/datastore/gorm/support/BeforeValidateHelperBeanInfo done
Event: 48.264 loading class org/grails/datastore/gorm/support/BeforeValidateHelperCustomizer
Event: 48.264 loading class org/grails/datastore/gorm/support/BeforeValidateHelperCustomizer done
Event: 48.265 loading class org/grails/datastore/gorm/support/BeforeValidateHelperCustomizer
Event: 48.265 loading class org/grails/datastore/gorm/support/BeforeValidateHelperCustomizer done
Event: 48.266 loading class org/grails/datastore/gorm/support/BeforeValidateHelperCustomizer
Event: 48.266 loading class org/grails/datastore/gorm/support/BeforeValidateHelperCustomizer done


Dynamic libraries:
0x00007ff628330000 - 0x00007ff628364000 	C:\Program Files\Java\jdk1.8.0_05\bin\java.exe
0x00007fff95b80000 - 0x00007fff95d51000 	C:\WINDOWS\SYSTEM32\ntdll.dll
0x00007fff93970000 - 0x00007fff93a1b000 	C:\WINDOWS\System32\KERNEL32.DLL
0x00007fff92ed0000 - 0x00007fff930ed000 	C:\WINDOWS\System32\KERNELBASE.dll
0x00007fff93f20000 - 0x00007fff93fc2000 	C:\WINDOWS\System32\ADVAPI32.dll
0x00007fff933c0000 - 0x00007fff9345e000 	C:\WINDOWS\System32\msvcrt.dll
0x00007fff93b80000 - 0x00007fff93bd9000 	C:\WINDOWS\System32\sechost.dll
0x00007fff93170000 - 0x00007fff93291000 	C:\WINDOWS\System32\RPCRT4.dll
0x00007fff93be0000 - 0x00007fff93d45000 	C:\WINDOWS\System32\USER32.dll
0x00007fff930f0000 - 0x00007fff9310e000 	C:\WINDOWS\System32\win32u.dll
0x00007fff93930000 - 0x00007fff93964000 	C:\WINDOWS\System32\GDI32.dll
0x00007fff92d40000 - 0x00007fff92ec2000 	C:\WINDOWS\System32\gdi32full.dll
0x00007fff89fe0000 - 0x00007fff8a25a000 	C:\WINDOWS\WinSxS\amd64_microsoft.windows.common-controls_6595b64144ccf1df_6.0.14393.953_none_42151e83c686086b\COMCTL32.dll
0x00007fff93660000 - 0x00007fff93928000 	C:\WINDOWS\System32\combase.dll
0x00007fff92120000 - 0x00007fff92215000 	C:\WINDOWS\System32\ucrtbase.dll
0x00007fff92ab0000 - 0x00007fff92b1a000 	C:\WINDOWS\System32\bcryptPrimitives.dll
0x00007fff93630000 - 0x00007fff9365e000 	C:\WINDOWS\System32\IMM32.DLL
0x0000000071460000 - 0x0000000071532000 	C:\Program Files\Java\jdk1.8.0_05\jre\bin\msvcr100.dll
0x0000000070c30000 - 0x000000007145a000 	C:\Program Files\Java\jdk1.8.0_05\jre\bin\server\jvm.dll
0x00007fff932a0000 - 0x00007fff932a8000 	C:\WINDOWS\System32\PSAPI.DLL
0x00007fff864d0000 - 0x00007fff864d9000 	C:\WINDOWS\SYSTEM32\WSOCK32.dll
0x00007fff935c0000 - 0x00007fff9362a000 	C:\WINDOWS\System32\WS2_32.dll
0x00007fff8e4a0000 - 0x00007fff8e4c3000 	C:\WINDOWS\SYSTEM32\WINMM.dll
0x00007fff8e470000 - 0x00007fff8e49b000 	C:\WINDOWS\SYSTEM32\WINMMBASE.dll
0x00007fff92cf0000 - 0x00007fff92d32000 	C:\WINDOWS\System32\cfgmgr32.dll
0x0000000070c20000 - 0x0000000070c2f000 	C:\Program Files\Java\jdk1.8.0_05\jre\bin\verify.dll
0x0000000070bf0000 - 0x0000000070c18000 	C:\Program Files\Java\jdk1.8.0_05\jre\bin\java.dll
0x0000000070bc0000 - 0x0000000070be3000 	C:\Program Files\Java\jdk1.8.0_05\jre\bin\instrument.dll
0x0000000070ba0000 - 0x0000000070bb6000 	C:\Program Files\Java\jdk1.8.0_05\jre\bin\zip.dll
0x00007fff944d0000 - 0x00007fff959d8000 	C:\WINDOWS\System32\SHELL32.dll
0x00007fff92220000 - 0x00007fff928fa000 	C:\WINDOWS\System32\windows.storage.dll
0x00007fff92020000 - 0x00007fff9206c000 	C:\WINDOWS\System32\powrprof.dll
0x00007fff93560000 - 0x00007fff935b2000 	C:\WINDOWS\System32\shlwapi.dll
0x00007fff92000000 - 0x00007fff9200f000 	C:\WINDOWS\System32\kernel.appcore.dll
0x00007fff92070000 - 0x00007fff92119000 	C:\WINDOWS\System32\shcore.dll
0x00007fff91fe0000 - 0x00007fff91ff4000 	C:\WINDOWS\System32\profapi.dll
0x00007fff91af0000 - 0x00007fff91b07000 	C:\WINDOWS\SYSTEM32\CRYPTSP.dll
0x00007fff911b0000 - 0x00007fff911e3000 	C:\WINDOWS\system32\rsaenh.dll
0x00007fff91e80000 - 0x00007fff91eab000 	C:\WINDOWS\SYSTEM32\bcrypt.dll
0x00007fff914b0000 - 0x00007fff914cf000 	C:\WINDOWS\SYSTEM32\USERENV.dll
0x00007fff918b0000 - 0x00007fff918bb000 	C:\WINDOWS\SYSTEM32\CRYPTBASE.dll
0x0000000070b80000 - 0x0000000070b9a000 	C:\Program Files\Java\jdk1.8.0_05\jre\bin\net.dll
0x00007fff91660000 - 0x00007fff916bc000 	C:\WINDOWS\system32\mswsock.dll
0x00007fff913b0000 - 0x00007fff913e8000 	C:\WINDOWS\SYSTEM32\IPHLPAPI.DLL
0x00007fff94090000 - 0x00007fff94098000 	C:\WINDOWS\System32\NSI.dll
0x00007fff8b8d0000 - 0x00007fff8b8e6000 	C:\WINDOWS\SYSTEM32\dhcpcsvc6.DLL
0x00007fff8b8b0000 - 0x00007fff8b8ca000 	C:\WINDOWS\SYSTEM32\dhcpcsvc.DLL
0x0000000070b60000 - 0x0000000070b71000 	C:\Program Files\Java\jdk1.8.0_05\jre\bin\nio.dll
0x00007fff908a0000 - 0x00007fff908aa000 	C:\Users\Martín.Martín-PC\AppData\Local\Temp\jansi-64-604773346993865192.dll
0x0000000070b10000 - 0x0000000070b1d000 	C:\Program Files\Java\jdk1.8.0_05\jre\bin\management.dll
0x00007fff913f0000 - 0x00007fff91491000 	C:\WINDOWS\SYSTEM32\DNSAPI.dll
0x0000000074090000 - 0x00000000740b6000 	C:\Program Files\Bonjour\mdnsNSP.dll
0x00007fff88da0000 - 0x00007fff88daa000 	C:\Windows\System32\rasadhlp.dll
0x00007fff8b5c0000 - 0x00007fff8b62a000 	C:\WINDOWS\System32\fwpuclnt.dll
0x0000000070b30000 - 0x0000000070b54000 	C:\Program Files\Java\jdk1.8.0_05\jre\bin\sunec.dll
0x00007fff77500000 - 0x00007fff77516000 	C:\WINDOWS\system32\napinsp.dll
0x00007fff77520000 - 0x00007fff7753a000 	C:\WINDOWS\system32\pnrpnsp.dll
0x00007fff8f400000 - 0x00007fff8f418000 	C:\WINDOWS\system32\NLAapi.dll
0x00007fff77540000 - 0x00007fff7754e000 	C:\WINDOWS\System32\winrnr.dll
0x00007fff91cc0000 - 0x00007fff91e52000 	C:\WINDOWS\SYSTEM32\dbghelp.dll

VM Arguments:
jvm_args: -Dfile.encoding=UTF-8 -Xmx768M -Xms64M -Dgrails.fork.parent.process.port=19587 -Dgrails.fork.active=true -Dgrails.build.execution.context=C:\Users\Martín.Martín-PC\AppData\Local\Temp\PFPorcino941211346180172635grails-execution-context -Dgrails.home=C:\grails-2.4.4 -javaagent:C:\grails-2.4.4\lib\org.springframework\springloaded\jars\springloaded-1.2.1.RELEASE.jar -Xverify:none -Dspringloaded.synchronize=true -Djdk.reflect.allowGetCallerClass=true -Dspringloaded=profile=grails;cacheDir=C:\Users\Martín.Martín-PC\.grails\2.4.4 
java_command: org.grails.plugins.tomcat.fork.ForkedTomcatServer
java_class_path (initial): C:\Program Files\Java\jdk1.8.0_05\lib\tools.jar;C:\grails-2.4.4\lib\org.codehaus.groovy\groovy-all\jars\groovy-all-2.3.7.jar;C:\grails-2.4.4\lib\org.slf4j\jcl-over-slf4j\jars\jcl-over-slf4j-1.7.5.jar;C:\grails-2.4.4\lib\org.codehaus.gant\gant_groovy1.8\jars\gant_groovy1.8-1.9.6.jar;C:\grails-2.4.4\lib\org.apache.tomcat.embed\tomcat-embed-logging-log4j\jars\tomcat-embed-logging-log4j-7.0.50.jar;C:\grails-2.4.4\dist\grails-plugin-log4j-2.4.4.jar;C:\grails-2.4.4\lib\log4j\log4j\jars\log4j-1.2.17.jar;C:\grails-2.4.4\dist\grails-bootstrap-2.4.4.jar;C:\grails-2.4.4\lib\org.slf4j\slf4j-api\jars\slf4j-api-1.7.5.jar;C:\grails-2.4.4\lib\jline\jline\jars\jline-2.12.jar;C:\grails-2.4.4\lib\org.apache.ant\ant\jars\ant-1.8.4.jar;C:\grails-2.4.4\lib\org.apache.ant\ant-launcher\jars\ant-launcher-1.8.4.jar;C:\grails-2.4.4\lib\org.apache.ant\ant-trax\jars\ant-trax-1.7.1.jar;C:\grails-2.4.4\lib\org.apache.ant\ant-junit\jars\ant-junit-1.8.4.jar;C:\grails-2.4.4\lib\org.apache.ivy\ivy\jars\ivy-2.3.0.jar;C:\grails-2.4.4\lib\org.fusesource.jansi\jansi\jars\jansi-1.11.jar;C:\Users\Martín.Martín-PC\.m2\repository\org\apache\tomcat\tomcat-catalina-ant\7.0.55\tomcat-catalina-ant-7.0.55.jar;C:\Users\Martín.Martín-PC\.m2\repository\org\apache\tomcat\embed\tomcat-embed-jasper\7.0.55\tomcat-embed-jasper-7.0.55.jar;C:\Users\Martín.Martín-PC\.m2\repository\org\apache\tomcat\embed\tomcat-embed-el\7.0.55\tomcat-embed-el-7.0.55.jar;C:\Users\Martín.Martín-PC\.m2\repository\org\apache\tomcat\embed\tomcat-embed-logging-log4j\7.0.55\tomcat-embed-logging-log4j-7.0.55.jar;C:\Users\Martín.Martín-PC\.m2\repository\org\apache\tomcat\embed\tomcat-embed-websocket\7.0.55\tomcat-embed-websocket-7.0.55.jar;C:\Users\Martín.Martín-PC\.m2\repository\org\apache\tomcat\embed\tomcat-embed-core\7.0.55\tomcat-embed-core-7.0.55.jar;C:\Users\Martín.Martín-PC\.m2\repository\org\eclipse\jdt\core\compiler\ecj\3.7.2\ecj-3.7.2.jar;C:\Users\Martín.Martín-PC\IdeaProjects\PFPorcino\target\work\plugins\tom
Launcher Type: SUN_STANDARD

Environment Variables:
JAVA_HOME=C:\Program Files\Java\jdk1.8.0_05
JRE_HOME=C:\Program Files\Java\jdk1.8.0_05\jre
CLASSPATH=.;C:\Program Files\Java\jdk1.8.0_05\lib;C:\Program Files\Java\jdk1.8.0_05\jre\lib
PATH=C:\Program Files (x86)\NVIDIA Corporation\PhysX\Common;c:\windows\system32;c:\windows;c:\windows\system32\wbem;c:\windows\system32\windowspowershell\v1.0\;c:\program files (x86)\ati technologies\ati.ace\core-static;c:\program files\matlab\r2012b\runtime\win64;c:\program files\matlab\r2012b\bin;c:\program files\microsoft sql server\110\tools\binn\;c:\program files (x86)\windows kits\8.1\windows performance toolkit\;c:\program files (x86)\microsoft sdks\typescript\1.0\;c:\program files\statgraphics\statgraphics centurion xvi.ii\;c:\program files (x86)\quicktime\qtsystem\;c:\program files (x86)\amd\ati.ace\core-static;C:\WINDOWS\system32;C:\WINDOWS;C:\WINDOWS\System32\Wbem;C:\WINDOWS\System32\WindowsPowerShell\v1.0\;C:\Program Files\Microsoft SQL Server\120\Tools\Binn\;C:\Program Files\Microsoft SQL Server\Client SDK\ODBC\110\Tools\Binn\;C:\Program Files (x86)\Microsoft SQL Server\120\Tools\Binn\;C:\Program Files\Microsoft SQL Server\120\DTS\Binn\;C:\Program Files (x86)\Microsoft SQL Server\120\Tools\Binn\ManagementStudio\;C:\Program Files (x86)\Microsoft SQL Server\120\DTS\Binn\;C:\Program Files\Java\jdk1.8.0_05\bin;;C:\Users\Martín.Martín-PC\AppData\Local\Microsoft\WindowsApps
USERNAME=Martín
OS=Windows_NT
PROCESSOR_IDENTIFIER=Intel64 Family 6 Model 60 Stepping 3, GenuineIntel



---------------  S Y S T E M  ---------------

OS: Windows 8.1 , 64 bit Build 9600 

CPU:total 4 (2 cores per cpu, 2 threads per core) family 6 model 60 stepping 3, cmov, cx8, fxsr, mmx, sse, sse2, sse3, ssse3, sse4.1, sse4.2, popcnt, avx, avx2, aes, clmul, erms, ht, tsc, tscinvbit

Memory: 4k page, physical 6176556k(1887896k free), swap 9070320k(1992972k free)

vm_info: Java HotSpot(TM) 64-Bit Server VM (25.5-b02) for windows-amd64 JRE (1.8.0_05-b13), built on Mar 18 2014 01:08:39 by "java_re" with MS VC++ 10.0 (VS2010)

time: Mon May 01 00:45:01 2017
elapsed time: 48 seconds

