#
# A fatal error has been detected by the Java Runtime Environment:
#
#  EXCEPTION_ACCESS_VIOLATION (0xc0000005) at pc=0x00000000713b4bc2, pid=3216, tid=7352
#
# JRE version: Java(TM) SE Runtime Environment (8.0_05-b13) (build 1.8.0_05-b13)
# Java VM: Java HotSpot(TM) 64-Bit Server VM (25.5-b02 mixed mode windows-amd64 compressed oops)
# Problematic frame:
# V  [jvm.dll+0x424bc2]
#
# Failed to write core dump. Minidumps are not enabled by default on client versions of Windows
#
# If you would like to submit a bug report, please visit:
#   http://bugreport.sun.com/bugreport/crash.jsp
#

---------------  T H R E A D  ---------------

Current thread (0x000000001514c000):  JavaThread "C2 CompilerThread0" daemon [_thread_in_native, id=7352, stack(0x0000000016a50000,0x0000000016b50000)]

siginfo: ExceptionCode=0xc0000005, reading address 0x0000000000000000

Registers:
RAX=0x000000001bfd4708, RBX=0x0000000000000600, RCX=0x0000000000000000, RDX=0x000000001bfd0130
RSP=0x0000000016b4c3b0, RBP=0x00000000000000c0, RSI=0x00000000000000b8, RDI=0x0000000000000000
R8 =0x0000000070f90000, R9 =0x0000000016b4c6d0, R10=0x00000000ffffffff, R11=0x00000000167448b0
R12=0x000000001bfd4e10, R13=0x0000000018c73b58, R14=0x0000000000000008, R15=0x0000000018c73b58
RIP=0x00000000713b4bc2, EFLAGS=0x0000000000010206

Top of Stack: (sp=0x0000000016b4c3b0)
0x0000000016b4c3b0:   00000000000000da 0000000018a9c850
0x0000000016b4c3c0:   0000000000000000 000000001c9e6368
0x0000000016b4c3d0:   0000000000000001 0000000000000600
0x0000000016b4c3e0:   0000000000000180 00000000000000c0
0x0000000016b4c3f0:   000000001d4a0170 00000000151490c0
0x0000000016b4c400:   0000000000000750 0000000018a9c850
0x0000000016b4c410:   0000000016b4c6d0 000000001bfd17b0
0x0000000016b4c420:   0000000000000020 0000000000000009
0x0000000016b4c430:   000000001bfd4de0 00000000000000da
0x0000000016b4c440:   0000000018c73b58 00000000713b579d
0x0000000016b4c450:   000000001bfd4de0 000000000000001c
0x0000000016b4c460:   00000000000000da 0000000016b4c6d0
0x0000000016b4c470:   000000001bfd0130 00000000000000da
0x0000000016b4c480:   000000001bfd17b0 0000000000000020
0x0000000016b4c490:   000000001bee4cf0 0000000016b4ea40
0x0000000016b4c4a0:   000000001bee5320 000000001bfd4de0 

Instructions: (pc=0x00000000713b4bc2)
0x00000000713b4ba2:   c6 48 63 f0 48 03 f1 eb 04 48 83 ce ff 48 8b 84
0x00000000713b4bb2:   24 a0 00 00 00 48 8b 40 08 48 8b 3c 03 48 8b cf
0x00000000713b4bc2:   48 8b 07 ff 50 28 4c 8d 05 31 b4 bd ff 48 63 50
0x00000000713b4bd2:   10 4c 8b d8 48 8b ca 48 c1 e1 05 42 80 bc 01 c0 


Register to memory mapping:

RAX=0x000000001bfd4708 is an unknown value
RBX=0x0000000000000600 is an unknown value
RCX=0x0000000000000000 is an unknown value
RDX=0x000000001bfd0130 is an unknown value
RSP=0x0000000016b4c3b0 is pointing into the stack for thread: 0x000000001514c000
RBP=0x00000000000000c0 is an unknown value
RSI=0x00000000000000b8 is an unknown value
RDI=0x0000000000000000 is an unknown value
R8 =0x0000000070f90000 is an unknown value
R9 =0x0000000016b4c6d0 is pointing into the stack for thread: 0x000000001514c000
R10=0x00000000ffffffff is an unknown value
R11=0x00000000167448b0 is an unknown value
R12=0x000000001bfd4e10 is an unknown value
R13=0x0000000018c73b58 is an unknown value
R14=0x0000000000000008 is an unknown value
R15=0x0000000018c73b58 is an unknown value


Stack: [0x0000000016a50000,0x0000000016b50000],  sp=0x0000000016b4c3b0,  free space=1008k
Native frames: (J=compiled Java code, j=interpreted, Vv=VM code, C=native code)
V  [jvm.dll+0x424bc2]
V  [jvm.dll+0x42579d]
V  [jvm.dll+0x425cdf]
V  [jvm.dll+0x4c5874]
V  [jvm.dll+0x44123c]
V  [jvm.dll+0x4436a9]
V  [jvm.dll+0x427532]
V  [jvm.dll+0x96702]
V  [jvm.dll+0x96ef3]
V  [jvm.dll+0x2232c4]
V  [jvm.dll+0x27baca]
C  [msvcr100.dll+0x21d9f]
C  [msvcr100.dll+0x21e3b]
C  [KERNEL32.DLL+0x8364]
C  [ntdll.dll+0x670d1]


Current CompileTask:
C2:  19963 6747       4       groovy.lang.MetaClassImpl::findPropertyMethod (356 bytes)


---------------  P R O C E S S  ---------------

Java Threads: ( => current thread )
  0x0000000018628800 JavaThread "seguridad.Role.data" daemon [_thread_blocked, id=5384, stack(0x000000001f770000,0x000000001f870000)]
  0x0000000018625800 JavaThread "net.sf.ehcache.CacheManager@fc72e6b" daemon [_thread_blocked, id=7244, stack(0x000000001f670000,0x000000001f770000)]
  0x000000001d247800 JavaThread "PoolCleaner[1828868503:1494220450090]" daemon [_thread_blocked, id=10580, stack(0x000000001f270000,0x000000001f370000)]
  0x0000000019bc6800 JavaThread "FileSystemWatcher: files=#246 cl=groovy.lang.GroovyClassLoader@6d025197" daemon [_thread_blocked, id=9324, stack(0x000000001b170000,0x000000001b270000)]
  0x0000000019ac8000 JavaThread "localhost-startStop-1" daemon [_thread_in_native, id=6612, stack(0x000000001b070000,0x000000001b170000)]
  0x0000000019ac7000 JavaThread "Tomcat-startStop-1" daemon [_thread_blocked, id=2276, stack(0x000000001af70000,0x000000001b070000)]
  0x00000000199c3800 JavaThread "Thread-3" [_thread_in_native, id=10340, stack(0x000000001ac70000,0x000000001ad70000)]
  0x00000000194ba800 JavaThread "Thread-2" [_thread_blocked, id=7016, stack(0x0000000018390000,0x0000000018490000)]
  0x000000001740b000 JavaThread "NonBlockingInputStreamThread" daemon [_thread_blocked, id=5296, stack(0x0000000018090000,0x0000000018190000)]
  0x000000001686e800 JavaThread "Service Thread" daemon [_thread_blocked, id=11192, stack(0x0000000016d50000,0x0000000016e50000)]
  0x000000001514c800 JavaThread "C1 CompilerThread2" daemon [_thread_blocked, id=3068, stack(0x0000000016c50000,0x0000000016d50000)]
  0x0000000015148000 JavaThread "C2 CompilerThread1" daemon [_thread_in_native, id=8384, stack(0x0000000016b50000,0x0000000016c50000)]
=>0x000000001514c000 JavaThread "C2 CompilerThread0" daemon [_thread_in_native, id=7352, stack(0x0000000016a50000,0x0000000016b50000)]
  0x00000000150fe000 JavaThread "Attach Listener" daemon [_thread_blocked, id=3956, stack(0x0000000016550000,0x0000000016650000)]
  0x00000000150fd000 JavaThread "Signal Dispatcher" daemon [_thread_blocked, id=8800, stack(0x0000000016450000,0x0000000016550000)]
  0x0000000003386800 JavaThread "Finalizer" daemon [_thread_blocked, id=6508, stack(0x0000000016350000,0x0000000016450000)]
  0x00000000150c7800 JavaThread "Reference Handler" daemon [_thread_blocked, id=8156, stack(0x0000000016250000,0x0000000016350000)]
  0x0000000003293800 JavaThread "main" [_thread_blocked, id=2680, stack(0x0000000002ec0000,0x0000000002fc0000)]

Other Threads:
  0x00000000150c6800 VMThread [stack: 0x0000000016150000,0x0000000016250000] [id=7116]
  0x0000000016871000 WatcherThread [stack: 0x0000000016e50000,0x0000000016f50000] [id=10876]

VM state:not at safepoint (normal execution)

VM Mutex/Monitor currently owned by a thread: None

Heap:
 PSYoungGen      total 210944K, used 128049K [0x00000000f0000000, 0x0000000100000000, 0x0000000100000000)
  eden space 165888K, 54% used [0x00000000f0000000,0x00000000f58c3620,0x00000000fa200000)
  from space 45056K, 82% used [0x00000000fd400000,0x00000000ff8491c0,0x0000000100000000)
  to   space 48128K, 0% used [0x00000000fa200000,0x00000000fa200000,0x00000000fd100000)
 ParOldGen       total 99328K, used 90994K [0x00000000d0000000, 0x00000000d6100000, 0x00000000f0000000)
  object space 99328K, 91% used [0x00000000d0000000,0x00000000d58dc968,0x00000000d6100000)
 Metaspace       used 69814K, capacity 71760K, committed 72192K, reserved 1114112K
  class space    used 7370K, capacity 7898K, committed 7936K, reserved 1048576K

Card table byte_map: [0x0000000012750000,0x00000000128e0000] byte_map_base: 0x00000000120d0000

Marking Bits: (ParMarkBitMap*) 0x00000000717413b0
 Begin Bits: [0x0000000012de0000, 0x00000000139e0000)
 End Bits:   [0x00000000139e0000, 0x00000000145e0000)

Polling page: 0x00000000016a0000

CodeCache: size=245760Kb used=21402Kb max_used=21428Kb free=224357Kb
 bounds [0x0000000003390000, 0x0000000004890000, 0x0000000012390000]
 total_blobs=7299 nmethods=6523 adapters=686
 compilation: enabled

Compilation events (10 events):
Event: 19.910 Thread 0x000000001514c800 7283       2       com.sun.org.apache.xerces.internal.dom.DeferredDocumentImpl::appendChild (81 bytes)
Event: 19.910 Thread 0x000000001514c800 nmethod 7283 0x000000000488d450 code [0x000000000488d5e0, 0x000000000488d888]
Event: 19.918 Thread 0x000000001514c000 

Event: 19.919 Thread 0x000000001514c000 7249       4       org.codehaus.groovy.runtime.metaclass.MetaMethodIndex::isMatchingMethod (68 bytes)
Event: 19.921 Thread 0x000000001514c000 nmethod 7249 0x000000000488ac10 code [0x000000000488ad60, 0x000000000488ae98]
Event: 19.921 Thread 0x000000001514c000 6747       4       groovy.lang.MetaClassImpl::findPropertyMethod (356 bytes)
Event: 19.928 Thread 0x000000001514c800 7305       2       org.springframework.beans.PropertyValue::<init> (76 bytes)
Event: 19.929 Thread 0x000000001514c800 nmethod 7305 0x000000000487dc10 code [0x000000000487ddc0, 0x000000000487e168]
Event: 19.936 Thread 0x000000001514c800 7306       2       java.util.regex.Pattern::read (33 bytes)
Event: 19.936 Thread 0x000000001514c800 nmethod 7306 0x000000000487d7d0 code [0x000000000487d940, 0x000000000487db08]

GC Heap History (10 events):
Event: 16.803 GC heap before
{Heap before GC invocations=65 (full 6):
 PSYoungGen      total 219648K, used 207902K [0x00000000f0000000, 0x0000000100000000, 0x0000000100000000)
  eden space 180736K, 100% used [0x00000000f0000000,0x00000000fb080000,0x00000000fb080000)
  from space 38912K, 69% used [0x00000000fd780000,0x00000000ff207a60,0x00000000ffd80000)
  to   space 39936K, 0% used [0x00000000fb080000,0x00000000fb080000,0x00000000fd780000)
 ParOldGen       total 86528K, used 80873K [0x00000000d0000000, 0x00000000d5480000, 0x00000000f0000000)
  object space 86528K, 93% used [0x00000000d0000000,0x00000000d4efa5c0,0x00000000d5480000)
 Metaspace       used 65595K, capacity 67442K, committed 67840K, reserved 1110016K
  class space    used 6833K, capacity 7353K, committed 7424K, reserved 1048576K
Event: 16.845 GC heap after
Heap after GC invocations=65 (full 6):
 PSYoungGen      total 212480K, used 31582K [0x00000000f0000000, 0x0000000100000000, 0x0000000100000000)
  eden space 180736K, 0% used [0x00000000f0000000,0x00000000f0000000,0x00000000fb080000)
  from space 31744K, 99% used [0x00000000fb080000,0x00000000fcf57ac0,0x00000000fcf80000)
  to   space 41984K, 0% used [0x00000000fd700000,0x00000000fd700000,0x0000000100000000)
 ParOldGen       total 86528K, used 82245K [0x00000000d0000000, 0x00000000d5480000, 0x00000000f0000000)
  object space 86528K, 95% used [0x00000000d0000000,0x00000000d5051760,0x00000000d5480000)
 Metaspace       used 65595K, capacity 67442K, committed 67840K, reserved 1110016K
  class space    used 6833K, capacity 7353K, committed 7424K, reserved 1048576K
}
Event: 16.845 GC heap before
{Heap before GC invocations=66 (full 7):
 PSYoungGen      total 212480K, used 31582K [0x00000000f0000000, 0x0000000100000000, 0x0000000100000000)
  eden space 180736K, 0% used [0x00000000f0000000,0x00000000f0000000,0x00000000fb080000)
  from space 31744K, 99% used [0x00000000fb080000,0x00000000fcf57ac0,0x00000000fcf80000)
  to   space 41984K, 0% used [0x00000000fd700000,0x00000000fd700000,0x0000000100000000)
 ParOldGen       total 86528K, used 82245K [0x00000000d0000000, 0x00000000d5480000, 0x00000000f0000000)
  object space 86528K, 95% used [0x00000000d0000000,0x00000000d5051760,0x00000000d5480000)
 Metaspace       used 65595K, capacity 67442K, committed 67840K, reserved 1110016K
  class space    used 6833K, capacity 7353K, committed 7424K, reserved 1048576K
Event: 17.710 GC heap after
Heap after GC invocations=66 (full 7):
 PSYoungGen      total 212480K, used 26652K [0x00000000f0000000, 0x0000000100000000, 0x0000000100000000)
  eden space 180736K, 0% used [0x00000000f0000000,0x00000000f0000000,0x00000000fb080000)
  from space 31744K, 83% used [0x00000000fb080000,0x00000000fca872d0,0x00000000fcf80000)
  to   space 41984K, 0% used [0x00000000fd700000,0x00000000fd700000,0x0000000100000000)
 ParOldGen       total 99328K, used 86511K [0x00000000d0000000, 0x00000000d6100000, 0x00000000f0000000)
  object space 99328K, 87% used [0x00000000d0000000,0x00000000d547bf38,0x00000000d6100000)
 Metaspace       used 65595K, capacity 67442K, committed 67840K, reserved 1110016K
  class space    used 6833K, capacity 7353K, committed 7424K, reserved 1048576K
}
Event: 18.204 GC heap before
{Heap before GC invocations=67 (full 7):
 PSYoungGen      total 212480K, used 207388K [0x00000000f0000000, 0x0000000100000000, 0x0000000100000000)
  eden space 180736K, 100% used [0x00000000f0000000,0x00000000fb080000,0x00000000fb080000)
  from space 31744K, 83% used [0x00000000fb080000,0x00000000fca872d0,0x00000000fcf80000)
  to   space 41984K, 0% used [0x00000000fd700000,0x00000000fd700000,0x0000000100000000)
 ParOldGen       total 99328K, used 86511K [0x00000000d0000000, 0x00000000d6100000, 0x00000000f0000000)
  object space 99328K, 87% used [0x00000000d0000000,0x00000000d547bf38,0x00000000d6100000)
 Metaspace       used 66352K, capacity 68254K, committed 68736K, reserved 1110016K
  class space    used 6936K, capacity 7452K, committed 7552K, reserved 1048576K
Event: 18.264 GC heap after
Heap after GC invocations=67 (full 7):
 PSYoungGen      total 220160K, used 26444K [0x00000000f0000000, 0x0000000100000000, 0x0000000100000000)
  eden space 178176K, 0% used [0x00000000f0000000,0x00000000f0000000,0x00000000fae00000)
  from space 41984K, 62% used [0x00000000fd700000,0x00000000ff0d3248,0x0000000100000000)
  to   space 41984K, 0% used [0x00000000fae00000,0x00000000fae00000,0x00000000fd700000)
 ParOldGen       total 99328K, used 87863K [0x00000000d0000000, 0x00000000d6100000, 0x00000000f0000000)
  object space 99328K, 88% used [0x00000000d0000000,0x00000000d55cdc58,0x00000000d6100000)
 Metaspace       used 66352K, capacity 68254K, committed 68736K, reserved 1110016K
  class space    used 6936K, capacity 7452K, committed 7552K, reserved 1048576K
}
Event: 19.086 GC heap before
{Heap before GC invocations=68 (full 7):
 PSYoungGen      total 220160K, used 204620K [0x00000000f0000000, 0x0000000100000000, 0x0000000100000000)
  eden space 178176K, 100% used [0x00000000f0000000,0x00000000fae00000,0x00000000fae00000)
  from space 41984K, 62% used [0x00000000fd700000,0x00000000ff0d3248,0x0000000100000000)
  to   space 41984K, 0% used [0x00000000fae00000,0x00000000fae00000,0x00000000fd700000)
 ParOldGen       total 99328K, used 87863K [0x00000000d0000000, 0x00000000d6100000, 0x00000000f0000000)
  object space 99328K, 88% used [0x00000000d0000000,0x00000000d55cdc58,0x00000000d6100000)
 Metaspace       used 68620K, capacity 70468K, committed 70912K, reserved 1112064K
  class space    used 7184K, capacity 7677K, committed 7680K, reserved 1048576K
Event: 19.125 GC heap after
Heap after GC invocations=68 (full 7):
 PSYoungGen      total 214016K, used 35573K [0x00000000f0000000, 0x0000000100000000, 0x0000000100000000)
  eden space 178176K, 0% used [0x00000000f0000000,0x00000000f0000000,0x00000000fae00000)
  from space 35840K, 99% used [0x00000000fae00000,0x00000000fd0bd5a0,0x00000000fd100000)
  to   space 45056K, 0% used [0x00000000fd400000,0x00000000fd400000,0x0000000100000000)
 ParOldGen       total 99328K, used 89970K [0x00000000d0000000, 0x00000000d6100000, 0x00000000f0000000)
  object space 99328K, 90% used [0x00000000d0000000,0x00000000d57dc968,0x00000000d6100000)
 Metaspace       used 68620K, capacity 70468K, committed 70912K, reserved 1112064K
  class space    used 7184K, capacity 7677K, committed 7680K, reserved 1048576K
}
Event: 19.562 GC heap before
{Heap before GC invocations=69 (full 7):
 PSYoungGen      total 214016K, used 213749K [0x00000000f0000000, 0x0000000100000000, 0x0000000100000000)
  eden space 178176K, 100% used [0x00000000f0000000,0x00000000fae00000,0x00000000fae00000)
  from space 35840K, 99% used [0x00000000fae00000,0x00000000fd0bd5a0,0x00000000fd100000)
  to   space 45056K, 0% used [0x00000000fd400000,0x00000000fd400000,0x0000000100000000)
 ParOldGen       total 99328K, used 89970K [0x00000000d0000000, 0x00000000d6100000, 0x00000000f0000000)
  object space 99328K, 90% used [0x00000000d0000000,0x00000000d57dc968,0x00000000d6100000)
 Metaspace       used 69315K, capacity 71184K, committed 71552K, reserved 1114112K
  class space    used 7278K, capacity 7783K, committed 7808K, reserved 1048576K
Event: 19.605 GC heap after
Heap after GC invocations=69 (full 7):
 PSYoungGen      total 210944K, used 37156K [0x00000000f0000000, 0x0000000100000000, 0x0000000100000000)
  eden space 165888K, 0% used [0x00000000f0000000,0x00000000f0000000,0x00000000fa200000)
  from space 45056K, 82% used [0x00000000fd400000,0x00000000ff8491c0,0x0000000100000000)
  to   space 48128K, 0% used [0x00000000fa200000,0x00000000fa200000,0x00000000fd100000)
 ParOldGen       total 99328K, used 90994K [0x00000000d0000000, 0x00000000d6100000, 0x00000000f0000000)
  object space 99328K, 91% used [0x00000000d0000000,0x00000000d58dc968,0x00000000d6100000)
 Metaspace       used 69315K, capacity 71184K, committed 71552K, reserved 1114112K
  class space    used 7278K, capacity 7783K, committed 7808K, reserved 1048576K
}

Deoptimization events (10 events):
Event: 15.752 Thread 0x0000000019ac8000 Uncommon trap: reason=unreached action=reinterpret pc=0x00000000046086b0 method=org.codehaus.groovy.runtime.metaclass.MetaMethodIndex.isNonRealMethod(Lgroovy/lang/MetaMethod;)Z @ 4
Event: 15.817 Thread 0x0000000019ac8000 Uncommon trap: reason=bimorphic action=maybe_recompile pc=0x00000000045f6e7c method=groovy.lang.MetaClassImpl$1MOPIter.methodNameAction(Ljava/lang/Class;Lorg/codehaus/groovy/runtime/metaclass/MetaMethodIndex$Entry;)V @ 62
Event: 15.817 Thread 0x0000000019ac8000 Uncommon trap: reason=bimorphic action=maybe_recompile pc=0x00000000045f6e7c method=groovy.lang.MetaClassImpl$1MOPIter.methodNameAction(Ljava/lang/Class;Lorg/codehaus/groovy/runtime/metaclass/MetaMethodIndex$Entry;)V @ 62
Event: 15.972 Thread 0x0000000019ac8000 Uncommon trap: reason=null_assert action=make_not_entrant pc=0x0000000004224bac method=java.util.concurrent.ConcurrentHashMap.transfer([Ljava/util/concurrent/ConcurrentHashMap$Node;[Ljava/util/concurrent/ConcurrentHashMap$Node;)V @ 557
Event: 18.497 Thread 0x0000000019ac8000 Uncommon trap: reason=unreached action=reinterpret pc=0x00000000041ea980 method=org.codehaus.groovy.runtime.metaclass.MetaMethodIndex.getMethods(Ljava/lang/Class;Ljava/lang/String;)Lorg/codehaus/groovy/runtime/metaclass/MetaMethodIndex$Entry; @ 61
Event: 18.694 Thread 0x0000000019ac8000 Uncommon trap: reason=unreached action=reinterpret pc=0x00000000046b357c method=org.springframework.beans.factory.support.AbstractAutowireCapableBeanFactory.predictBeanType(Ljava/lang/String;Lorg/springframework/beans/factory/support/RootBeanDefinition;[LjâøttXÅ2@
Event: 18.771 Thread 0x0000000019ac8000 Uncommon trap: reason=class_check action=maybe_recompile pc=0x00000000043cc6a4 method=sun.reflect.generics.factory.CoreReflectionFactory.getDeclsLoader()Ljava/lang/ClassLoader; @ 25
Event: 18.771 Thread 0x0000000019ac8000 Uncommon trap: reason=class_check action=maybe_recompile pc=0x00000000043cc6a4 method=sun.reflect.generics.factory.CoreReflectionFactory.getDeclsLoader()Ljava/lang/ClassLoader; @ 25
Event: 18.945 Thread 0x0000000019ac8000 Uncommon trap: reason=class_check action=maybe_recompile pc=0x00000000043cc6a4 method=sun.reflect.generics.factory.CoreReflectionFactory.getDeclsLoader()Ljava/lang/ClassLoader; @ 25
Event: 18.945 Thread 0x0000000019ac8000 Uncommon trap: reason=class_check action=maybe_recompile pc=0x00000000043cc6a4 method=sun.reflect.generics.factory.CoreReflectionFactory.getDeclsLoader()Ljava/lang/ClassLoader; @ 25

Internal exceptions (10 events):
Event: 19.935 Thread 0x0000000019ac8000 Exception <a 'java/security/PrivilegedActionException'> (0x00000000f4a9e090) thrown at [D:\re\workspace\8-2-build-windows-amd64-cygwin\jdk8u5\2488\hotspot\src\share\vm\prims\jvm.cpp, line 1248]
Event: 19.935 Thread 0x0000000019ac8000 Exception <a 'java/security/PrivilegedActionException'> (0x00000000f4aa2900) thrown at [D:\re\workspace\8-2-build-windows-amd64-cygwin\jdk8u5\2488\hotspot\src\share\vm\prims\jvm.cpp, line 1248]
Event: 19.936 Thread 0x0000000019ac8000 Exception <a 'java/security/PrivilegedActionException'> (0x00000000f4ab78f8) thrown at [D:\re\workspace\8-2-build-windows-amd64-cygwin\jdk8u5\2488\hotspot\src\share\vm\prims\jvm.cpp, line 1248]
Event: 19.936 Thread 0x0000000019ac8000 Exception <a 'java/security/PrivilegedActionException'> (0x00000000f4abcc18) thrown at [D:\re\workspace\8-2-build-windows-amd64-cygwin\jdk8u5\2488\hotspot\src\share\vm\prims\jvm.cpp, line 1248]
Event: 19.937 Thread 0x0000000019ac8000 Exception <a 'java/security/PrivilegedActionException'> (0x00000000f4ad4888) thrown at [D:\re\workspace\8-2-build-windows-amd64-cygwin\jdk8u5\2488\hotspot\src\share\vm\prims\jvm.cpp, line 1248]
Event: 19.937 Thread 0x0000000019ac8000 Exception <a 'java/security/PrivilegedActionException'> (0x00000000f4ad9108) thrown at [D:\re\workspace\8-2-build-windows-amd64-cygwin\jdk8u5\2488\hotspot\src\share\vm\prims\jvm.cpp, line 1248]
Event: 19.939 Thread 0x0000000019ac8000 Exception <a 'java/security/PrivilegedActionException'> (0x00000000f4af1960) thrown at [D:\re\workspace\8-2-build-windows-amd64-cygwin\jdk8u5\2488\hotspot\src\share\vm\prims\jvm.cpp, line 1248]
Event: 19.939 Thread 0x0000000019ac8000 Exception <a 'java/security/PrivilegedActionException'> (0x00000000f4af6558) thrown at [D:\re\workspace\8-2-build-windows-amd64-cygwin\jdk8u5\2488\hotspot\src\share\vm\prims\jvm.cpp, line 1248]
Event: 19.940 Thread 0x0000000019ac8000 Exception <a 'java/security/PrivilegedActionException'> (0x00000000f4b1b420) thrown at [D:\re\workspace\8-2-build-windows-amd64-cygwin\jdk8u5\2488\hotspot\src\share\vm\prims\jvm.cpp, line 1248]
Event: 19.941 Thread 0x0000000019ac8000 Exception <a 'java/security/PrivilegedActionException'> (0x00000000f4b209f0) thrown at [D:\re\workspace\8-2-build-windows-amd64-cygwin\jdk8u5\2488\hotspot\src\share\vm\prims\jvm.cpp, line 1248]

Events (10 events):
Event: 19.935 loading class org/codehaus/groovy/grails/orm/hibernate/metaclass/FindByPersistentMethod
Event: 19.935 loading class org/codehaus/groovy/grails/orm/hibernate/metaclass/FindByPersistentMethod done
Event: 19.936 loading class org/codehaus/groovy/grails/orm/hibernate/metaclass/FindByBooleanPropertyPersistentMethod
Event: 19.936 loading class org/codehaus/groovy/grails/orm/hibernate/metaclass/FindByBooleanPropertyPersistentMethod done
Event: 19.937 loading class org/codehaus/groovy/grails/orm/hibernate/metaclass/CountByPersistentMethod
Event: 19.937 loading class org/codehaus/groovy/grails/orm/hibernate/metaclass/CountByPersistentMethod done
Event: 19.939 loading class org/codehaus/groovy/grails/orm/hibernate/metaclass/ListOrderByPersistentMethod
Event: 19.939 loading class org/codehaus/groovy/grails/orm/hibernate/metaclass/ListOrderByPersistentMethod done
Event: 19.940 loading class org/codehaus/groovy/grails/orm/hibernate/cfg/HibernateUtils$_enhanceSessionFactory_closure3
Event: 19.940 loading class org/codehaus/groovy/grails/orm/hibernate/cfg/HibernateUtils$_enhanceSessionFactory_closure3 done


Dynamic libraries:
0x00007ff718da0000 - 0x00007ff718dd4000 	C:\Program Files\Java\jdk1.8.0_05\bin\java.exe
0x00007ffb91ed0000 - 0x00007ffb920a1000 	C:\WINDOWS\SYSTEM32\ntdll.dll
0x00007ffb8f8f0000 - 0x00007ffb8f99b000 	C:\WINDOWS\System32\KERNEL32.DLL
0x00007ffb8e8c0000 - 0x00007ffb8eadd000 	C:\WINDOWS\System32\KERNELBASE.dll
0x00007ffb911a0000 - 0x00007ffb91242000 	C:\WINDOWS\System32\ADVAPI32.dll
0x00007ffb91bf0000 - 0x00007ffb91c8e000 	C:\WINDOWS\System32\msvcrt.dll
0x00007ffb91e40000 - 0x00007ffb91e99000 	C:\WINDOWS\System32\sechost.dll
0x00007ffb91550000 - 0x00007ffb91671000 	C:\WINDOWS\System32\RPCRT4.dll
0x00007ffb8fa10000 - 0x00007ffb8fb75000 	C:\WINDOWS\System32\USER32.dll
0x00007ffb8e7f0000 - 0x00007ffb8e80e000 	C:\WINDOWS\System32\win32u.dll
0x00007ffb91510000 - 0x00007ffb91544000 	C:\WINDOWS\System32\GDI32.dll
0x00007ffb8e610000 - 0x00007ffb8e792000 	C:\WINDOWS\System32\gdi32full.dll
0x00007ffb86840000 - 0x00007ffb86aba000 	C:\WINDOWS\WinSxS\amd64_microsoft.windows.common-controls_6595b64144ccf1df_6.0.14393.953_none_42151e83c686086b\COMCTL32.dll
0x00007ffb8f600000 - 0x00007ffb8f8c8000 	C:\WINDOWS\System32\combase.dll
0x00007ffb8e3c0000 - 0x00007ffb8e4b5000 	C:\WINDOWS\System32\ucrtbase.dll
0x00007ffb8f220000 - 0x00007ffb8f28a000 	C:\WINDOWS\System32\bcryptPrimitives.dll
0x00007ffb91ea0000 - 0x00007ffb91ece000 	C:\WINDOWS\System32\IMM32.DLL
0x00000000717c0000 - 0x0000000071892000 	C:\Program Files\Java\jdk1.8.0_05\jre\bin\msvcr100.dll
0x0000000070f90000 - 0x00000000717ba000 	C:\Program Files\Java\jdk1.8.0_05\jre\bin\server\jvm.dll
0x00007ffb8f9a0000 - 0x00007ffb8f9a8000 	C:\WINDOWS\System32\PSAPI.DLL
0x00007ffb80a40000 - 0x00007ffb80a49000 	C:\WINDOWS\SYSTEM32\WSOCK32.dll
0x00007ffb8a680000 - 0x00007ffb8a6a3000 	C:\WINDOWS\SYSTEM32\WINMM.dll
0x00007ffb91690000 - 0x00007ffb916fa000 	C:\WINDOWS\System32\WS2_32.dll
0x00007ffb8a650000 - 0x00007ffb8a67b000 	C:\WINDOWS\SYSTEM32\WINMMBASE.dll
0x00007ffb8e7a0000 - 0x00007ffb8e7e2000 	C:\WINDOWS\System32\cfgmgr32.dll
0x0000000070f80000 - 0x0000000070f8f000 	C:\Program Files\Java\jdk1.8.0_05\jre\bin\verify.dll
0x0000000070f50000 - 0x0000000070f78000 	C:\Program Files\Java\jdk1.8.0_05\jre\bin\java.dll
0x0000000070f20000 - 0x0000000070f43000 	C:\Program Files\Java\jdk1.8.0_05\jre\bin\instrument.dll
0x0000000070f00000 - 0x0000000070f16000 	C:\Program Files\Java\jdk1.8.0_05\jre\bin\zip.dll
0x00007ffb8fb90000 - 0x00007ffb91098000 	C:\WINDOWS\System32\SHELL32.dll
0x00007ffb8eb40000 - 0x00007ffb8f21a000 	C:\WINDOWS\System32\windows.storage.dll
0x00007ffb8e360000 - 0x00007ffb8e3ac000 	C:\WINDOWS\System32\powrprof.dll
0x00007ffb91410000 - 0x00007ffb91462000 	C:\WINDOWS\System32\shlwapi.dll
0x00007ffb8e350000 - 0x00007ffb8e35f000 	C:\WINDOWS\System32\kernel.appcore.dll
0x00007ffb8e810000 - 0x00007ffb8e8b9000 	C:\WINDOWS\System32\shcore.dll
0x00007ffb8e330000 - 0x00007ffb8e344000 	C:\WINDOWS\System32\profapi.dll
0x00007ffb8de00000 - 0x00007ffb8de17000 	C:\WINDOWS\SYSTEM32\CRYPTSP.dll
0x00007ffb8d860000 - 0x00007ffb8d893000 	C:\WINDOWS\system32\rsaenh.dll
0x00007ffb8df10000 - 0x00007ffb8df3b000 	C:\WINDOWS\SYSTEM32\bcrypt.dll
0x00007ffb8dae0000 - 0x00007ffb8daff000 	C:\WINDOWS\SYSTEM32\USERENV.dll
0x00007ffb8de20000 - 0x00007ffb8de2b000 	C:\WINDOWS\SYSTEM32\CRYPTBASE.dll
0x0000000070ee0000 - 0x0000000070efa000 	C:\Program Files\Java\jdk1.8.0_05\jre\bin\net.dll
0x00007ffb8dc60000 - 0x00007ffb8dcbc000 	C:\WINDOWS\system32\mswsock.dll
0x00007ffb8d9e0000 - 0x00007ffb8da18000 	C:\WINDOWS\SYSTEM32\IPHLPAPI.DLL
0x00007ffb91680000 - 0x00007ffb91688000 	C:\WINDOWS\System32\NSI.dll
0x00007ffb88800000 - 0x00007ffb88816000 	C:\WINDOWS\SYSTEM32\dhcpcsvc6.DLL
0x00007ffb88690000 - 0x00007ffb886aa000 	C:\WINDOWS\SYSTEM32\dhcpcsvc.DLL
0x0000000070ec0000 - 0x0000000070ed1000 	C:\Program Files\Java\jdk1.8.0_05\jre\bin\nio.dll
0x00007ffb86f20000 - 0x00007ffb86f2a000 	C:\Users\Martín.Martín-PC\AppData\Local\Temp\jansi-64-7959063695687283823.dll
0x0000000070e70000 - 0x0000000070e7d000 	C:\Program Files\Java\jdk1.8.0_05\jre\bin\management.dll
0x00007ffb8da20000 - 0x00007ffb8dac1000 	C:\WINDOWS\SYSTEM32\DNSAPI.dll
0x00000000743f0000 - 0x0000000074416000 	C:\Program Files\Bonjour\mdnsNSP.dll
0x00007ffb85540000 - 0x00007ffb8554a000 	C:\Windows\System32\rasadhlp.dll
0x00007ffb882a0000 - 0x00007ffb8830a000 	C:\WINDOWS\System32\fwpuclnt.dll
0x0000000070e90000 - 0x0000000070eb4000 	C:\Program Files\Java\jdk1.8.0_05\jre\bin\sunec.dll
0x00007ffb74120000 - 0x00007ffb74136000 	C:\WINDOWS\system32\napinsp.dll
0x00007ffb74230000 - 0x00007ffb7424a000 	C:\WINDOWS\system32\pnrpnsp.dll
0x00007ffb8b730000 - 0x00007ffb8b748000 	C:\WINDOWS\system32\NLAapi.dll
0x00007ffb74280000 - 0x00007ffb7428e000 	C:\WINDOWS\System32\winrnr.dll
0x00007ffb74290000 - 0x00007ffb742a5000 	C:\WINDOWS\System32\wshbth.dll
0x00007ffb84ce0000 - 0x00007ffb84e72000 	C:\WINDOWS\SYSTEM32\dbghelp.dll

VM Arguments:
jvm_args: -Dfile.encoding=UTF-8 -Xmx768M -Xms64M -Dgrails.fork.parent.process.port=4691 -Dgrails.fork.active=true -Dgrails.build.execution.context=C:\Users\Martín.Martín-PC\AppData\Local\Temp\PFPorcino4328922437595944577grails-execution-context -Dgrails.home=C:\grails-2.4.4 -javaagent:C:\grails-2.4.4\lib\org.springframework\springloaded\jars\springloaded-1.2.1.RELEASE.jar -Xverify:none -Dspringloaded.synchronize=true -Djdk.reflect.allowGetCallerClass=true -Dspringloaded=profile=grails;cacheDir=C:\Users\Martín.Martín-PC\.grails\2.4.4 
java_command: org.grails.plugins.tomcat.fork.ForkedTomcatServer
java_class_path (initial): C:\Program Files\Java\jdk1.8.0_05\lib\tools.jar;C:\grails-2.4.4\lib\org.codehaus.groovy\groovy-all\jars\groovy-all-2.3.7.jar;C:\grails-2.4.4\lib\org.slf4j\jcl-over-slf4j\jars\jcl-over-slf4j-1.7.5.jar;C:\grails-2.4.4\lib\org.codehaus.gant\gant_groovy1.8\jars\gant_groovy1.8-1.9.6.jar;C:\grails-2.4.4\lib\org.apache.tomcat.embed\tomcat-embed-logging-log4j\jars\tomcat-embed-logging-log4j-7.0.50.jar;C:\grails-2.4.4\dist\grails-plugin-log4j-2.4.4.jar;C:\grails-2.4.4\lib\log4j\log4j\jars\log4j-1.2.17.jar;C:\grails-2.4.4\dist\grails-bootstrap-2.4.4.jar;C:\grails-2.4.4\lib\org.slf4j\slf4j-api\jars\slf4j-api-1.7.5.jar;C:\grails-2.4.4\lib\jline\jline\jars\jline-2.12.jar;C:\grails-2.4.4\lib\org.apache.ant\ant\jars\ant-1.8.4.jar;C:\grails-2.4.4\lib\org.apache.ant\ant-launcher\jars\ant-launcher-1.8.4.jar;C:\grails-2.4.4\lib\org.apache.ant\ant-trax\jars\ant-trax-1.7.1.jar;C:\grails-2.4.4\lib\org.apache.ant\ant-junit\jars\ant-junit-1.8.4.jar;C:\grails-2.4.4\lib\org.apache.ivy\ivy\jars\ivy-2.3.0.jar;C:\grails-2.4.4\lib\org.fusesource.jansi\jansi\jars\jansi-1.11.jar;C:\Users\Martín.Martín-PC\.m2\repository\org\apache\tomcat\tomcat-catalina-ant\7.0.55\tomcat-catalina-ant-7.0.55.jar;C:\Users\Martín.Martín-PC\.m2\repository\org\apache\tomcat\embed\tomcat-embed-jasper\7.0.55\tomcat-embed-jasper-7.0.55.jar;C:\Users\Martín.Martín-PC\.m2\repository\org\apache\tomcat\embed\tomcat-embed-el\7.0.55\tomcat-embed-el-7.0.55.jar;C:\Users\Martín.Martín-PC\.m2\repository\org\apache\tomcat\embed\tomcat-embed-logging-log4j\7.0.55\tomcat-embed-logging-log4j-7.0.55.jar;C:\Users\Martín.Martín-PC\.m2\repository\org\apache\tomcat\embed\tomcat-embed-websocket\7.0.55\tomcat-embed-websocket-7.0.55.jar;C:\Users\Martín.Martín-PC\.m2\repository\org\apache\tomcat\embed\tomcat-embed-core\7.0.55\tomcat-embed-core-7.0.55.jar;C:\Users\Martín.Martín-PC\.m2\repository\org\eclipse\jdt\core\compiler\ecj\3.7.2\ecj-3.7.2.jar;C:\Users\Martín.Martín-PC\IdeaProjects\PFPorcino\target\work\plugins\tom
Launcher Type: SUN_STANDARD

Environment Variables:
JAVA_HOME=C:\Program Files\Java\jdk1.8.0_05
JRE_HOME=C:\Program Files\Java\jdk1.8.0_05\jre
CLASSPATH=.;C:\Program Files\Java\jdk1.8.0_05\lib;C:\Program Files\Java\jdk1.8.0_05\jre\lib
PATH=C:\Program Files (x86)\NVIDIA Corporation\PhysX\Common;c:\windows\system32;c:\windows;c:\windows\system32\wbem;c:\windows\system32\windowspowershell\v1.0\;c:\program files (x86)\ati technologies\ati.ace\core-static;c:\program files\matlab\r2012b\runtime\win64;c:\program files\matlab\r2012b\bin;c:\program files\microsoft sql server\110\tools\binn\;c:\program files (x86)\windows kits\8.1\windows performance toolkit\;c:\program files (x86)\microsoft sdks\typescript\1.0\;c:\program files\statgraphics\statgraphics centurion xvi.ii\;c:\program files (x86)\quicktime\qtsystem\;c:\program files (x86)\amd\ati.ace\core-static;C:\WINDOWS\system32;C:\WINDOWS;C:\WINDOWS\System32\Wbem;C:\WINDOWS\System32\WindowsPowerShell\v1.0\;C:\Program Files\Microsoft SQL Server\120\Tools\Binn\;C:\Program Files\Microsoft SQL Server\Client SDK\ODBC\110\Tools\Binn\;C:\Program Files (x86)\Microsoft SQL Server\120\Tools\Binn\;C:\Program Files\Microsoft SQL Server\120\DTS\Binn\;C:\Program Files (x86)\Microsoft SQL Server\120\Tools\Binn\ManagementStudio\;C:\Program Files (x86)\Microsoft SQL Server\120\DTS\Binn\;C:\Program Files\Java\jdk1.8.0_05\bin;;C:\Users\Martín.Martín-PC\AppData\Local\Microsoft\WindowsApps
USERNAME=Martín
OS=Windows_NT
PROCESSOR_IDENTIFIER=Intel64 Family 6 Model 60 Stepping 3, GenuineIntel



---------------  S Y S T E M  ---------------

OS: Windows 8.1 , 64 bit Build 9600 

CPU:total 4 (2 cores per cpu, 2 threads per core) family 6 model 60 stepping 3, cmov, cx8, fxsr, mmx, sse, sse2, sse3, ssse3, sse4.1, sse4.2, popcnt, avx, avx2, aes, clmul, erms, ht, tsc, tscinvbit

Memory: 4k page, physical 6176556k(1514396k free), swap 9715500k(2885104k free)

vm_info: Java HotSpot(TM) 64-Bit Server VM (25.5-b02) for windows-amd64 JRE (1.8.0_05-b13), built on Mar 18 2014 01:08:39 by "java_re" with MS VC++ 10.0 (VS2010)

time: Mon May 08 00:14:19 2017
elapsed time: 19 seconds

