#
# A fatal error has been detected by the Java Runtime Environment:
#
#  EXCEPTION_ACCESS_VIOLATION (0xc0000005) at pc=0x00000000713b4bc2, pid=212, tid=5376
#
# JRE version: Java(TM) SE Runtime Environment (8.0_05-b13) (build 1.8.0_05-b13)
# Java VM: Java HotSpot(TM) 64-Bit Server VM (25.5-b02 mixed mode windows-amd64 compressed oops)
# Problematic frame:
# V  [jvm.dll+0x424bc2]
#
# Failed to write core dump. Minidumps are not enabled by default on client versions of Windows
#
# If you would like to submit a bug report, please visit:
#   http://bugreport.sun.com/bugreport/crash.jsp
#

---------------  T H R E A D  ---------------

Current thread (0x000000001509c000):  JavaThread "C2 CompilerThread0" daemon [_thread_in_native, id=5376, stack(0x00000000169c0000,0x0000000016ac0000)]

siginfo: ExceptionCode=0xc0000005, reading address 0x0000000000000000

Registers:
RAX=0x000000001bb6e088, RBX=0x0000000000000600, RCX=0x0000000000000000, RDX=0x000000001bb69aa0
RSP=0x0000000016abc560, RBP=0x00000000000000c0, RSI=0x00000000000000b8, RDI=0x0000000000000000
R8 =0x0000000070f90000, R9 =0x0000000016abc880, R10=0x00000000ffffffff, R11=0x00000000166ae950
R12=0x000000001bb6e790, R13=0x000000001ddc7348, R14=0x0000000000000008, R15=0x000000001ddc7348
RIP=0x00000000713b4bc2, EFLAGS=0x0000000000010206

Top of Stack: (sp=0x0000000016abc560)
0x0000000016abc560:   00000000000000da 0000000018c48e00
0x0000000016abc570:   0000000000000000 00000000189a9418
0x0000000016abc580:   0000000000000001 0000000000000600
0x0000000016abc590:   0000000000000180 00000000000000c0
0x0000000016abc5a0:   000000001897d1d0 00000000150a4680
0x0000000016abc5b0:   0000000000000768 0000000018c48e00
0x0000000016abc5c0:   0000000016abc880 000000001bb6b120
0x0000000016abc5d0:   0000000000000020 0000000000000009
0x0000000016abc5e0:   000000001bb6e760 00000000000000da
0x0000000016abc5f0:   000000001ddc7348 00000000713b579d
0x0000000016abc600:   000000001bb6e760 000000000000001c
0x0000000016abc610:   00000000000000da 0000000016abc880
0x0000000016abc620:   000000001bb69aa0 00000000000000da
0x0000000016abc630:   000000001bb6b120 0000000000000020
0x0000000016abc640:   000000001a00d840 0000000016abebf0
0x0000000016abc650:   000000001a00de70 000000001bb6e760 

Instructions: (pc=0x00000000713b4bc2)
0x00000000713b4ba2:   c6 48 63 f0 48 03 f1 eb 04 48 83 ce ff 48 8b 84
0x00000000713b4bb2:   24 a0 00 00 00 48 8b 40 08 48 8b 3c 03 48 8b cf
0x00000000713b4bc2:   48 8b 07 ff 50 28 4c 8d 05 31 b4 bd ff 48 63 50
0x00000000713b4bd2:   10 4c 8b d8 48 8b ca 48 c1 e1 05 42 80 bc 01 c0 


Register to memory mapping:

RAX=0x000000001bb6e088 is an unknown value
RBX=0x0000000000000600 is an unknown value
RCX=0x0000000000000000 is an unknown value
RDX=0x000000001bb69aa0 is an unknown value
RSP=0x0000000016abc560 is pointing into the stack for thread: 0x000000001509c000
RBP=0x00000000000000c0 is an unknown value
RSI=0x00000000000000b8 is an unknown value
RDI=0x0000000000000000 is an unknown value
R8 =0x0000000070f90000 is an unknown value
R9 =0x0000000016abc880 is pointing into the stack for thread: 0x000000001509c000
R10=0x00000000ffffffff is an unknown value
R11=0x00000000166ae950 is an unknown value
R12=0x000000001bb6e790 is an unknown value
R13=0x000000001ddc7348 is an unknown value
R14=0x0000000000000008 is an unknown value
R15=0x000000001ddc7348 is an unknown value


Stack: [0x00000000169c0000,0x0000000016ac0000],  sp=0x0000000016abc560,  free space=1009k
Native frames: (J=compiled Java code, j=interpreted, Vv=VM code, C=native code)
V  [jvm.dll+0x424bc2]
V  [jvm.dll+0x42579d]
V  [jvm.dll+0x425cdf]
V  [jvm.dll+0x4c5874]
V  [jvm.dll+0x44123c]
V  [jvm.dll+0x4436a9]
V  [jvm.dll+0x427532]
V  [jvm.dll+0x96702]
V  [jvm.dll+0x96ef3]
V  [jvm.dll+0x2232c4]
V  [jvm.dll+0x27baca]
C  [msvcr100.dll+0x21d9f]
C  [msvcr100.dll+0x21e3b]
C  [KERNEL32.DLL+0x8364]
C  [ntdll.dll+0x670d1]


Current CompileTask:
C2:  28740 7619       4       groovy.lang.MetaClassImpl::findPropertyMethod (356 bytes)


---------------  P R O C E S S  ---------------

Java Threads: ( => current thread )
  0x0000000019b14000 JavaThread "seguridad.Role.data" daemon [_thread_blocked, id=10976, stack(0x000000001f0e0000,0x000000001f1e0000)]
  0x0000000019b17000 JavaThread "net.sf.ehcache.CacheManager@9f0f7b7" daemon [_thread_blocked, id=952, stack(0x000000001efe0000,0x000000001f0e0000)]
  0x0000000019d56000 JavaThread "PoolCleaner[1828868503:1494220384638]" daemon [_thread_blocked, id=10352, stack(0x000000001cc60000,0x000000001cd60000)]
  0x0000000017075000 JavaThread "FileSystemWatcher: files=#246 cl=groovy.lang.GroovyClassLoader@6d025197" daemon [_thread_blocked, id=3408, stack(0x000000001b390000,0x000000001b490000)]
  0x0000000019981800 JavaThread "localhost-startStop-1" daemon [_thread_in_Java, id=9680, stack(0x000000001b290000,0x000000001b390000)]
  0x0000000018ca3800 JavaThread "Tomcat-startStop-1" daemon [_thread_blocked, id=7676, stack(0x000000001b190000,0x000000001b290000)]
  0x000000001818e000 JavaThread "Thread-3" [_thread_in_native, id=7284, stack(0x000000001ace0000,0x000000001ade0000)]
  0x0000000017672800 JavaThread "Thread-2" [_thread_blocked, id=4300, stack(0x00000000192d0000,0x00000000193d0000)]
  0x00000000173d1800 JavaThread "NonBlockingInputStreamThread" daemon [_thread_blocked, id=10792, stack(0x0000000018000000,0x0000000018100000)]
  0x00000000167af800 JavaThread "Service Thread" daemon [_thread_blocked, id=544, stack(0x0000000016cc0000,0x0000000016dc0000)]
  0x0000000015099000 JavaThread "C1 CompilerThread2" daemon [_thread_blocked, id=292, stack(0x0000000016bc0000,0x0000000016cc0000)]
  0x000000001509d000 JavaThread "C2 CompilerThread1" daemon [_thread_in_native, id=5432, stack(0x0000000016ac0000,0x0000000016bc0000)]
=>0x000000001509c000 JavaThread "C2 CompilerThread0" daemon [_thread_in_native, id=5376, stack(0x00000000169c0000,0x0000000016ac0000)]
  0x000000001504e000 JavaThread "Attach Listener" daemon [_thread_blocked, id=10232, stack(0x00000000164c0000,0x00000000165c0000)]
  0x000000001504d000 JavaThread "Signal Dispatcher" daemon [_thread_blocked, id=6840, stack(0x00000000163c0000,0x00000000164c0000)]
  0x00000000032d6800 JavaThread "Finalizer" daemon [_thread_blocked, id=4912, stack(0x00000000162c0000,0x00000000163c0000)]
  0x0000000015017800 JavaThread "Reference Handler" daemon [_thread_blocked, id=6896, stack(0x00000000161c0000,0x00000000162c0000)]
  0x00000000031e3800 JavaThread "main" [_thread_blocked, id=10940, stack(0x0000000002f20000,0x0000000003020000)]

Other Threads:
  0x0000000015016800 VMThread [stack: 0x00000000160c0000,0x00000000161c0000] [id=10476]
  0x00000000167b1000 WatcherThread [stack: 0x0000000016dc0000,0x0000000016ec0000] [id=7848]

VM state:not at safepoint (normal execution)

VM Mutex/Monitor currently owned by a thread: None

Heap:
 PSYoungGen      total 210944K, used 70346K [0x00000000f0000000, 0x0000000100000000, 0x0000000100000000)
  eden space 172032K, 18% used [0x00000000f0000000,0x00000000f1f016e8,0x00000000fa800000)
  from space 38912K, 99% used [0x00000000fa800000,0x00000000fcdb1490,0x00000000fce00000)
  to   space 49664K, 0% used [0x00000000fcf80000,0x00000000fcf80000,0x0000000100000000)
 ParOldGen       total 109056K, used 90280K [0x00000000d0000000, 0x00000000d6a80000, 0x00000000f0000000)
  object space 109056K, 82% used [0x00000000d0000000,0x00000000d582a368,0x00000000d6a80000)
 Metaspace       used 69578K, capacity 71482K, committed 71936K, reserved 1114112K
  class space    used 7320K, capacity 7811K, committed 7936K, reserved 1048576K

Card table byte_map: [0x00000000126a0000,0x0000000012830000] byte_map_base: 0x0000000012020000

Marking Bits: (ParMarkBitMap*) 0x00000000717413b0
 Begin Bits: [0x0000000012d30000, 0x0000000013930000)
 End Bits:   [0x0000000013930000, 0x0000000014530000)

Polling page: 0x0000000002e70000

CodeCache: size=245760Kb used=25119Kb max_used=25119Kb free=220640Kb
 bounds [0x00000000032e0000, 0x0000000004b80000, 0x00000000122e0000]
 total_blobs=7515 nmethods=6738 adapters=686
 compilation: enabled

Compilation events (10 events):
Event: 28.701 Thread 0x0000000015099000 nmethod 7630 0x0000000004b77890 code [0x0000000004b77a20, 0x0000000004b77cc8]
Event: 28.702 Thread 0x0000000015099000 7632       2       groovy.lang.MetaClassImpl::findMatchingMethod (93 bytes)
Event: 28.703 Thread 0x0000000015099000 nmethod 7632 0x0000000004b77090 code [0x0000000004b77220, 0x0000000004b77558]
Event: 28.707 Thread 0x0000000015099000 7635   !   2       org.codehaus.groovy.runtime.callsite.PogoMetaClassGetPropertySite::getProperty (21 bytes)
Event: 28.707 Thread 0x0000000015099000 nmethod 7635 0x0000000004b6e090 code [0x0000000004b6e200, 0x0000000004b6e3d8]
Event: 28.710 Thread 0x0000000015099000 7637       1       org.codehaus.groovy.runtime.metaclass.ClosureMetaMethod$AnonymousMetaMethod::getName (5 bytes)
Event: 28.710 Thread 0x0000000015099000 nmethod 7637 0x0000000004b73ed0 code [0x0000000004b74020, 0x0000000004b74130]
Event: 28.711 Thread 0x0000000015099000 7636       2       sun.reflect.AccessorGenerator::isStatic (8 bytes)
Event: 28.711 Thread 0x0000000015099000 nmethod 7636 0x0000000004b60550 code [0x0000000004b606a0, 0x0000000004b60810]
Event: 28.716 Thread 0x0000000015099000 7639       2       sun.reflect.generics.factory.CoreReflectionFactory::makeTypeVariable (11 bytes)

GC Heap History (10 events):
Event: 25.384 GC heap before
{Heap before GC invocations=68 (full 7):
 PSYoungGen      total 216064K, used 188417K [0x00000000f0000000, 0x00000000ffa00000, 0x0000000100000000)
  eden space 178176K, 99% used [0x00000000f0000000,0x00000000facaf268,0x00000000fae00000)
  from space 37888K, 30% used [0x00000000fd500000,0x00000000fe0514e8,0x00000000ffa00000)
  to   space 38912K, 0% used [0x00000000fae00000,0x00000000fae00000,0x00000000fd400000)
 ParOldGen       total 109056K, used 90248K [0x00000000d0000000, 0x00000000d6a80000, 0x00000000f0000000)
  object space 109056K, 82% used [0x00000000d0000000,0x00000000d5822368,0x00000000d6a80000)
 Metaspace       used 64646K, capacity 66534K, committed 66944K, reserved 1110016K
  class space    used 6692K, capacity 7219K, committed 7296K, reserved 1048576K
Event: 25.410 GC heap after
Heap after GC invocations=68 (full 7):
 PSYoungGen      total 217088K, used 18376K [0x00000000f0000000, 0x00000000ffe00000, 0x0000000100000000)
  eden space 178176K, 0% used [0x00000000f0000000,0x00000000f0000000,0x00000000fae00000)
  from space 38912K, 47% used [0x00000000fae00000,0x00000000fbff23a8,0x00000000fd400000)
  to   space 37888K, 0% used [0x00000000fd900000,0x00000000fd900000,0x00000000ffe00000)
 ParOldGen       total 109056K, used 90248K [0x00000000d0000000, 0x00000000d6a80000, 0x00000000f0000000)
  object space 109056K, 82% used [0x00000000d0000000,0x00000000d5822368,0x00000000d6a80000)
 Metaspace       used 64646K, capacity 66534K, committed 66944K, reserved 1110016K
  class space    used 6692K, capacity 7219K, committed 7296K, reserved 1048576K
}
Event: 26.249 GC heap before
{Heap before GC invocations=69 (full 7):
 PSYoungGen      total 217088K, used 196552K [0x00000000f0000000, 0x00000000ffe00000, 0x0000000100000000)
  eden space 178176K, 100% used [0x00000000f0000000,0x00000000fae00000,0x00000000fae00000)
  from space 38912K, 47% used [0x00000000fae00000,0x00000000fbff23a8,0x00000000fd400000)
  to   space 37888K, 0% used [0x00000000fd900000,0x00000000fd900000,0x00000000ffe00000)
 ParOldGen       total 109056K, used 90248K [0x00000000d0000000, 0x00000000d6a80000, 0x00000000f0000000)
  object space 109056K, 82% used [0x00000000d0000000,0x00000000d5822368,0x00000000d6a80000)
 Metaspace       used 65629K, capacity 67456K, committed 67840K, reserved 1110016K
  class space    used 6833K, capacity 7355K, committed 7424K, reserved 1048576K
Event: 26.272 GC heap after
Heap after GC invocations=69 (full 7):
 PSYoungGen      total 221184K, used 23674K [0x00000000f0000000, 0x00000000fff80000, 0x0000000100000000)
  eden space 183296K, 0% used [0x00000000f0000000,0x00000000f0000000,0x00000000fb300000)
  from space 37888K, 62% used [0x00000000fd900000,0x00000000ff01eac0,0x00000000ffe00000)
  to   space 38912K, 0% used [0x00000000fb300000,0x00000000fb300000,0x00000000fd900000)
 ParOldGen       total 109056K, used 90256K [0x00000000d0000000, 0x00000000d6a80000, 0x00000000f0000000)
  object space 109056K, 82% used [0x00000000d0000000,0x00000000d5824368,0x00000000d6a80000)
 Metaspace       used 65629K, capacity 67456K, committed 67840K, reserved 1110016K
  class space    used 6833K, capacity 7355K, committed 7424K, reserved 1048576K
}
Event: 26.915 GC heap before
{Heap before GC invocations=70 (full 7):
 PSYoungGen      total 221184K, used 206970K [0x00000000f0000000, 0x00000000fff80000, 0x0000000100000000)
  eden space 183296K, 100% used [0x00000000f0000000,0x00000000fb300000,0x00000000fb300000)
  from space 37888K, 62% used [0x00000000fd900000,0x00000000ff01eac0,0x00000000ffe00000)
  to   space 38912K, 0% used [0x00000000fb300000,0x00000000fb300000,0x00000000fd900000)
 ParOldGen       total 109056K, used 90256K [0x00000000d0000000, 0x00000000d6a80000, 0x00000000f0000000)
  object space 109056K, 82% used [0x00000000d0000000,0x00000000d5824368,0x00000000d6a80000)
 Metaspace       used 66459K, capacity 68326K, committed 68736K, reserved 1110016K
  class space    used 6942K, capacity 7452K, committed 7552K, reserved 1048576K
Event: 26.933 GC heap after
Heap after GC invocations=70 (full 7):
 PSYoungGen      total 222208K, used 24754K [0x00000000f0000000, 0x0000000100000000, 0x0000000100000000)
  eden space 183296K, 0% used [0x00000000f0000000,0x00000000f0000000,0x00000000fb300000)
  from space 38912K, 63% used [0x00000000fb300000,0x00000000fcb2c970,0x00000000fd900000)
  to   space 39936K, 0% used [0x00000000fd900000,0x00000000fd900000,0x0000000100000000)
 ParOldGen       total 109056K, used 90264K [0x00000000d0000000, 0x00000000d6a80000, 0x00000000f0000000)
  object space 109056K, 82% used [0x00000000d0000000,0x00000000d5826368,0x00000000d6a80000)
 Metaspace       used 66459K, capacity 68326K, committed 68736K, reserved 1110016K
  class space    used 6942K, capacity 7452K, committed 7552K, reserved 1048576K
}
Event: 28.046 GC heap before
{Heap before GC invocations=71 (full 7):
 PSYoungGen      total 222208K, used 208050K [0x00000000f0000000, 0x0000000100000000, 0x0000000100000000)
  eden space 183296K, 100% used [0x00000000f0000000,0x00000000fb300000,0x00000000fb300000)
  from space 38912K, 63% used [0x00000000fb300000,0x00000000fcb2c970,0x00000000fd900000)
  to   space 39936K, 0% used [0x00000000fd900000,0x00000000fd900000,0x0000000100000000)
 ParOldGen       total 109056K, used 90264K [0x00000000d0000000, 0x00000000d6a80000, 0x00000000f0000000)
  object space 109056K, 82% used [0x00000000d0000000,0x00000000d5826368,0x00000000d6a80000)
 Metaspace       used 68862K, capacity 70700K, committed 71040K, reserved 1112064K
  class space    used 7211K, capacity 7709K, committed 7808K, reserved 1048576K
Event: 28.072 GC heap after
Heap after GC invocations=71 (full 7):
 PSYoungGen      total 211968K, used 36410K [0x00000000f0000000, 0x0000000100000000, 0x0000000100000000)
  eden space 172032K, 0% used [0x00000000f0000000,0x00000000f0000000,0x00000000fa800000)
  from space 39936K, 91% used [0x00000000fd900000,0x00000000ffc8eac0,0x0000000100000000)
  to   space 45056K, 0% used [0x00000000fa800000,0x00000000fa800000,0x00000000fd400000)
 ParOldGen       total 109056K, used 90272K [0x00000000d0000000, 0x00000000d6a80000, 0x00000000f0000000)
  object space 109056K, 82% used [0x00000000d0000000,0x00000000d5828368,0x00000000d6a80000)
 Metaspace       used 68862K, capacity 70700K, committed 71040K, reserved 1112064K
  class space    used 7211K, capacity 7709K, committed 7808K, reserved 1048576K
}
Event: 28.580 GC heap before
{Heap before GC invocations=72 (full 7):
 PSYoungGen      total 211968K, used 208442K [0x00000000f0000000, 0x0000000100000000, 0x0000000100000000)
  eden space 172032K, 100% used [0x00000000f0000000,0x00000000fa800000,0x00000000fa800000)
  from space 39936K, 91% used [0x00000000fd900000,0x00000000ffc8eac0,0x0000000100000000)
  to   space 45056K, 0% used [0x00000000fa800000,0x00000000fa800000,0x00000000fd400000)
 ParOldGen       total 109056K, used 90272K [0x00000000d0000000, 0x00000000d6a80000, 0x00000000f0000000)
  object space 109056K, 82% used [0x00000000d0000000,0x00000000d5828368,0x00000000d6a80000)
 Metaspace       used 69402K, capacity 71256K, committed 71552K, reserved 1114112K
  class space    used 7284K, capacity 7783K, committed 7808K, reserved 1048576K
Event: 28.613 GC heap after
Heap after GC invocations=72 (full 7):
 PSYoungGen      total 210944K, used 38597K [0x00000000f0000000, 0x0000000100000000, 0x0000000100000000)
  eden space 172032K, 0% used [0x00000000f0000000,0x00000000f0000000,0x00000000fa800000)
  from space 38912K, 99% used [0x00000000fa800000,0x00000000fcdb1490,0x00000000fce00000)
  to   space 49664K, 0% used [0x00000000fcf80000,0x00000000fcf80000,0x0000000100000000)
 ParOldGen       total 109056K, used 90280K [0x00000000d0000000, 0x00000000d6a80000, 0x00000000f0000000)
  object space 109056K, 82% used [0x00000000d0000000,0x00000000d582a368,0x00000000d6a80000)
 Metaspace       used 69402K, capacity 71256K, committed 71552K, reserved 1114112K
  class space    used 7284K, capacity 7783K, committed 7808K, reserved 1048576K
}

Deoptimization events (10 events):
Event: 27.328 Thread 0x0000000019981800 Uncommon trap: reason=unreached action=reinterpret pc=0x000000000419a584 method=org.codehaus.groovy.runtime.metaclass.MetaMethodIndex.getMethods(Ljava/lang/Class;Ljava/lang/String;)Lorg/codehaus/groovy/runtime/metaclass/MetaMethodIndex$Entry; @ 61
Event: 27.481 Thread 0x0000000019981800 Uncommon trap: reason=unreached action=reinterpret pc=0x000000000485bfd4 method=org.springframework.beans.factory.support.AbstractAutowireCapableBeanFactory.predictBeanType(Ljava/lang/String;Lorg/springframework/beans/factory/support/RootBeanDefinition;[Lj‹4Ì¢€{;@
Event: 27.482 Thread 0x0000000019981800 Uncommon trap: reason=unreached action=reinterpret pc=0x0000000004764e54 method=org.springframework.beans.factory.support.AbstractAutowireCapableBeanFactory.predictBeanType(Ljava/lang/String;Lorg/springframework/beans/factory/support/RootBeanDefinition;[LjmäBÉJ•;@
Event: 27.583 Thread 0x0000000019981800 Uncommon trap: reason=class_check action=maybe_recompile pc=0x000000000347c0e8 method=sun.reflect.generics.factory.CoreReflectionFactory.getDeclsLoader()Ljava/lang/ClassLoader; @ 25
Event: 27.583 Thread 0x0000000019981800 Uncommon trap: reason=class_check action=maybe_recompile pc=0x000000000347c0e8 method=sun.reflect.generics.factory.CoreReflectionFactory.getDeclsLoader()Ljava/lang/ClassLoader; @ 25
Event: 27.797 Thread 0x0000000019981800 Uncommon trap: reason=class_check action=maybe_recompile pc=0x000000000347c0e8 method=sun.reflect.generics.factory.CoreReflectionFactory.getDeclsLoader()Ljava/lang/ClassLoader; @ 25
Event: 27.797 Thread 0x0000000019981800 Uncommon trap: reason=class_check action=maybe_recompile pc=0x000000000347c0e8 method=sun.reflect.generics.factory.CoreReflectionFactory.getDeclsLoader()Ljava/lang/ClassLoader; @ 25
Event: 28.001 Thread 0x0000000019981800 Uncommon trap: reason=null_check action=make_not_entrant pc=0x0000000004a6088c method=java.beans.PropertyDescriptor.findPropertyType(Ljava/lang/reflect/Method;Ljava/lang/reflect/Method;)Ljava/lang/Class; @ 157
Event: 28.241 Thread 0x0000000019981800 Uncommon trap: reason=unreached action=reinterpret pc=0x00000000048f7fb0 method=org.springframework.util.ObjectUtils.nullSafeEquals(Ljava/lang/Object;Ljava/lang/Object;)Z @ 8
Event: 28.706 Thread 0x0000000019981800 Uncommon trap: reason=unloaded action=reinterpret pc=0x00000000049e799c method=org.codehaus.groovy.runtime.metaclass.ClosureMetaMethod.createMethodList(Ljava/lang/String;Ljava/lang/Class;Lgroovy/lang/Closure;)Ljava/util/List; @ 227

Internal exceptions (10 events):
Event: 28.715 Thread 0x0000000019981800 Exception <a 'java/lang/ClassNotFoundException': grails/async/PromisesBeanInfo> (0x00000000f1a7f9e0) thrown at [D:\re\workspace\8-2-build-windows-amd64-cygwin\jdk8u5\2488\hotspot\src\share\vm\classfile\systemDictionary.cpp, line 202]
Event: 28.715 Thread 0x0000000019981800 Exception <a 'java/security/PrivilegedActionException'> (0x00000000f1a805a0) thrown at [D:\re\workspace\8-2-build-windows-amd64-cygwin\jdk8u5\2488\hotspot\src\share\vm\prims\jvm.cpp, line 1248]
Event: 28.715 Thread 0x0000000019981800 Exception <a 'java/security/PrivilegedActionException'> (0x00000000f1a83288) thrown at [D:\re\workspace\8-2-build-windows-amd64-cygwin\jdk8u5\2488\hotspot\src\share\vm\prims\jvm.cpp, line 1248]
Event: 28.715 Thread 0x0000000019981800 Exception <a 'java/security/PrivilegedActionException'> (0x00000000f1a8e268) thrown at [D:\re\workspace\8-2-build-windows-amd64-cygwin\jdk8u5\2488\hotspot\src\share\vm\prims\jvm.cpp, line 1248]
Event: 28.715 Thread 0x0000000019981800 Exception <a 'java/security/PrivilegedActionException'> (0x00000000f1a9c0d0) thrown at [D:\re\workspace\8-2-build-windows-amd64-cygwin\jdk8u5\2488\hotspot\src\share\vm\prims\jvm.cpp, line 1248]
Event: 28.715 Thread 0x0000000019981800 Exception <a 'java/security/PrivilegedActionException'> (0x00000000f1a9edb8) thrown at [D:\re\workspace\8-2-build-windows-amd64-cygwin\jdk8u5\2488\hotspot\src\share\vm\prims\jvm.cpp, line 1248]
Event: 28.715 Thread 0x0000000019981800 Exception <a 'java/security/PrivilegedActionException'> (0x00000000f1aa9d98) thrown at [D:\re\workspace\8-2-build-windows-amd64-cygwin\jdk8u5\2488\hotspot\src\share\vm\prims\jvm.cpp, line 1248]
Event: 28.715 Thread 0x0000000019981800 Exception <a 'java/security/PrivilegedActionException'> (0x00000000f1ac21e0) thrown at [D:\re\workspace\8-2-build-windows-amd64-cygwin\jdk8u5\2488\hotspot\src\share\vm\prims\jvm.cpp, line 1248]
Event: 28.716 Thread 0x0000000019981800 Exception <a 'java/lang/ClassNotFoundException': grails/async/PromisesCustomizer> (0x00000000f1ac2c20) thrown at [D:\re\workspace\8-2-build-windows-amd64-cygwin\jdk8u5\2488\hotspot\src\share\vm\classfile\systemDictionary.cpp, line 202]
Event: 28.716 Thread 0x0000000019981800 Exception <a 'java/security/PrivilegedActionException'> (0x00000000f1ad7f70) thrown at [D:\re\workspace\8-2-build-windows-amd64-cygwin\jdk8u5\2488\hotspot\src\share\vm\prims\jvm.cpp, line 1248]

Events (10 events):
Event: 28.715 loading class grails/async/PromisesBeanInfo
Event: 28.715 loading class grails/async/PromisesBeanInfo done
Event: 28.715 loading class grails/async/PromisesCustomizer
Event: 28.715 loading class grails/async/PromisesCustomizer done
Event: 28.715 loading class grails/async/PromisesCustomizer
Event: 28.715 loading class grails/async/PromisesCustomizer done
Event: 28.716 loading class grails/async/PromisesCustomizer
Event: 28.716 loading class grails/async/PromisesCustomizer done
Event: 28.716 loading class org/grails/async/decorator/PromiseDecorator
Event: 28.716 loading class org/grails/async/decorator/PromiseDecorator done


Dynamic libraries:
0x00007ff718da0000 - 0x00007ff718dd4000 	C:\Program Files\Java\jdk1.8.0_05\bin\java.exe
0x00007ffb91ed0000 - 0x00007ffb920a1000 	C:\WINDOWS\SYSTEM32\ntdll.dll
0x00007ffb8f8f0000 - 0x00007ffb8f99b000 	C:\WINDOWS\System32\KERNEL32.DLL
0x00007ffb8e8c0000 - 0x00007ffb8eadd000 	C:\WINDOWS\System32\KERNELBASE.dll
0x00007ffb911a0000 - 0x00007ffb91242000 	C:\WINDOWS\System32\ADVAPI32.dll
0x00007ffb91bf0000 - 0x00007ffb91c8e000 	C:\WINDOWS\System32\msvcrt.dll
0x00007ffb91e40000 - 0x00007ffb91e99000 	C:\WINDOWS\System32\sechost.dll
0x00007ffb91550000 - 0x00007ffb91671000 	C:\WINDOWS\System32\RPCRT4.dll
0x00007ffb8fa10000 - 0x00007ffb8fb75000 	C:\WINDOWS\System32\USER32.dll
0x00007ffb8e7f0000 - 0x00007ffb8e80e000 	C:\WINDOWS\System32\win32u.dll
0x00007ffb91510000 - 0x00007ffb91544000 	C:\WINDOWS\System32\GDI32.dll
0x00007ffb8e610000 - 0x00007ffb8e792000 	C:\WINDOWS\System32\gdi32full.dll
0x00007ffb86840000 - 0x00007ffb86aba000 	C:\WINDOWS\WinSxS\amd64_microsoft.windows.common-controls_6595b64144ccf1df_6.0.14393.953_none_42151e83c686086b\COMCTL32.dll
0x00007ffb8f600000 - 0x00007ffb8f8c8000 	C:\WINDOWS\System32\combase.dll
0x00007ffb8e3c0000 - 0x00007ffb8e4b5000 	C:\WINDOWS\System32\ucrtbase.dll
0x00007ffb8f220000 - 0x00007ffb8f28a000 	C:\WINDOWS\System32\bcryptPrimitives.dll
0x00007ffb91ea0000 - 0x00007ffb91ece000 	C:\WINDOWS\System32\IMM32.DLL
0x00000000717c0000 - 0x0000000071892000 	C:\Program Files\Java\jdk1.8.0_05\jre\bin\msvcr100.dll
0x0000000070f90000 - 0x00000000717ba000 	C:\Program Files\Java\jdk1.8.0_05\jre\bin\server\jvm.dll
0x00007ffb8f9a0000 - 0x00007ffb8f9a8000 	C:\WINDOWS\System32\PSAPI.DLL
0x00007ffb80a40000 - 0x00007ffb80a49000 	C:\WINDOWS\SYSTEM32\WSOCK32.dll
0x00007ffb8a680000 - 0x00007ffb8a6a3000 	C:\WINDOWS\SYSTEM32\WINMM.dll
0x00007ffb91690000 - 0x00007ffb916fa000 	C:\WINDOWS\System32\WS2_32.dll
0x00007ffb8a650000 - 0x00007ffb8a67b000 	C:\WINDOWS\SYSTEM32\WINMMBASE.dll
0x00007ffb8e7a0000 - 0x00007ffb8e7e2000 	C:\WINDOWS\System32\cfgmgr32.dll
0x0000000070f80000 - 0x0000000070f8f000 	C:\Program Files\Java\jdk1.8.0_05\jre\bin\verify.dll
0x0000000070f50000 - 0x0000000070f78000 	C:\Program Files\Java\jdk1.8.0_05\jre\bin\java.dll
0x0000000070f20000 - 0x0000000070f43000 	C:\Program Files\Java\jdk1.8.0_05\jre\bin\instrument.dll
0x0000000070f00000 - 0x0000000070f16000 	C:\Program Files\Java\jdk1.8.0_05\jre\bin\zip.dll
0x00007ffb8fb90000 - 0x00007ffb91098000 	C:\WINDOWS\System32\SHELL32.dll
0x00007ffb8eb40000 - 0x00007ffb8f21a000 	C:\WINDOWS\System32\windows.storage.dll
0x00007ffb8e360000 - 0x00007ffb8e3ac000 	C:\WINDOWS\System32\powrprof.dll
0x00007ffb91410000 - 0x00007ffb91462000 	C:\WINDOWS\System32\shlwapi.dll
0x00007ffb8e350000 - 0x00007ffb8e35f000 	C:\WINDOWS\System32\kernel.appcore.dll
0x00007ffb8e810000 - 0x00007ffb8e8b9000 	C:\WINDOWS\System32\shcore.dll
0x00007ffb8e330000 - 0x00007ffb8e344000 	C:\WINDOWS\System32\profapi.dll
0x00007ffb8de00000 - 0x00007ffb8de17000 	C:\WINDOWS\SYSTEM32\CRYPTSP.dll
0x00007ffb8d860000 - 0x00007ffb8d893000 	C:\WINDOWS\system32\rsaenh.dll
0x00007ffb8df10000 - 0x00007ffb8df3b000 	C:\WINDOWS\SYSTEM32\bcrypt.dll
0x00007ffb8dae0000 - 0x00007ffb8daff000 	C:\WINDOWS\SYSTEM32\USERENV.dll
0x00007ffb8de20000 - 0x00007ffb8de2b000 	C:\WINDOWS\SYSTEM32\CRYPTBASE.dll
0x0000000070ee0000 - 0x0000000070efa000 	C:\Program Files\Java\jdk1.8.0_05\jre\bin\net.dll
0x00007ffb8dc60000 - 0x00007ffb8dcbc000 	C:\WINDOWS\system32\mswsock.dll
0x00007ffb8d9e0000 - 0x00007ffb8da18000 	C:\WINDOWS\SYSTEM32\IPHLPAPI.DLL
0x00007ffb91680000 - 0x00007ffb91688000 	C:\WINDOWS\System32\NSI.dll
0x00007ffb88800000 - 0x00007ffb88816000 	C:\WINDOWS\SYSTEM32\dhcpcsvc6.DLL
0x00007ffb88690000 - 0x00007ffb886aa000 	C:\WINDOWS\SYSTEM32\dhcpcsvc.DLL
0x0000000070ec0000 - 0x0000000070ed1000 	C:\Program Files\Java\jdk1.8.0_05\jre\bin\nio.dll
0x00007ffb86f20000 - 0x00007ffb86f2a000 	C:\Users\Martín.Martín-PC\AppData\Local\Temp\jansi-64-3676191430172616018.dll
0x0000000070e70000 - 0x0000000070e7d000 	C:\Program Files\Java\jdk1.8.0_05\jre\bin\management.dll
0x00007ffb8da20000 - 0x00007ffb8dac1000 	C:\WINDOWS\SYSTEM32\DNSAPI.dll
0x00000000743f0000 - 0x0000000074416000 	C:\Program Files\Bonjour\mdnsNSP.dll
0x00007ffb85540000 - 0x00007ffb8554a000 	C:\Windows\System32\rasadhlp.dll
0x00007ffb882a0000 - 0x00007ffb8830a000 	C:\WINDOWS\System32\fwpuclnt.dll
0x0000000070e90000 - 0x0000000070eb4000 	C:\Program Files\Java\jdk1.8.0_05\jre\bin\sunec.dll
0x00007ffb74120000 - 0x00007ffb74136000 	C:\WINDOWS\system32\napinsp.dll
0x00007ffb74230000 - 0x00007ffb7424a000 	C:\WINDOWS\system32\pnrpnsp.dll
0x00007ffb8b730000 - 0x00007ffb8b748000 	C:\WINDOWS\system32\NLAapi.dll
0x00007ffb74280000 - 0x00007ffb7428e000 	C:\WINDOWS\System32\winrnr.dll
0x00007ffb74290000 - 0x00007ffb742a5000 	C:\WINDOWS\System32\wshbth.dll
0x00007ffb84ce0000 - 0x00007ffb84e72000 	C:\WINDOWS\SYSTEM32\dbghelp.dll

VM Arguments:
jvm_args: -Dfile.encoding=UTF-8 -Xmx768M -Xms64M -Dgrails.fork.parent.process.port=4667 -Dgrails.fork.active=true -Dgrails.build.execution.context=C:\Users\Martín.Martín-PC\AppData\Local\Temp\PFPorcino3454990242362312358grails-execution-context -Dgrails.home=C:\grails-2.4.4 -javaagent:C:\grails-2.4.4\lib\org.springframework\springloaded\jars\springloaded-1.2.1.RELEASE.jar -Xverify:none -Dspringloaded.synchronize=true -Djdk.reflect.allowGetCallerClass=true -Dspringloaded=profile=grails;cacheDir=C:\Users\Martín.Martín-PC\.grails\2.4.4 
java_command: org.grails.plugins.tomcat.fork.ForkedTomcatServer
java_class_path (initial): C:\Program Files\Java\jdk1.8.0_05\lib\tools.jar;C:\grails-2.4.4\lib\org.codehaus.groovy\groovy-all\jars\groovy-all-2.3.7.jar;C:\grails-2.4.4\lib\org.slf4j\jcl-over-slf4j\jars\jcl-over-slf4j-1.7.5.jar;C:\grails-2.4.4\lib\org.codehaus.gant\gant_groovy1.8\jars\gant_groovy1.8-1.9.6.jar;C:\grails-2.4.4\lib\org.apache.tomcat.embed\tomcat-embed-logging-log4j\jars\tomcat-embed-logging-log4j-7.0.50.jar;C:\grails-2.4.4\dist\grails-plugin-log4j-2.4.4.jar;C:\grails-2.4.4\lib\log4j\log4j\jars\log4j-1.2.17.jar;C:\grails-2.4.4\dist\grails-bootstrap-2.4.4.jar;C:\grails-2.4.4\lib\org.slf4j\slf4j-api\jars\slf4j-api-1.7.5.jar;C:\grails-2.4.4\lib\jline\jline\jars\jline-2.12.jar;C:\grails-2.4.4\lib\org.apache.ant\ant\jars\ant-1.8.4.jar;C:\grails-2.4.4\lib\org.apache.ant\ant-launcher\jars\ant-launcher-1.8.4.jar;C:\grails-2.4.4\lib\org.apache.ant\ant-trax\jars\ant-trax-1.7.1.jar;C:\grails-2.4.4\lib\org.apache.ant\ant-junit\jars\ant-junit-1.8.4.jar;C:\grails-2.4.4\lib\org.apache.ivy\ivy\jars\ivy-2.3.0.jar;C:\grails-2.4.4\lib\org.fusesource.jansi\jansi\jars\jansi-1.11.jar;C:\Users\Martín.Martín-PC\.m2\repository\org\apache\tomcat\tomcat-catalina-ant\7.0.55\tomcat-catalina-ant-7.0.55.jar;C:\Users\Martín.Martín-PC\.m2\repository\org\apache\tomcat\embed\tomcat-embed-jasper\7.0.55\tomcat-embed-jasper-7.0.55.jar;C:\Users\Martín.Martín-PC\.m2\repository\org\apache\tomcat\embed\tomcat-embed-el\7.0.55\tomcat-embed-el-7.0.55.jar;C:\Users\Martín.Martín-PC\.m2\repository\org\apache\tomcat\embed\tomcat-embed-logging-log4j\7.0.55\tomcat-embed-logging-log4j-7.0.55.jar;C:\Users\Martín.Martín-PC\.m2\repository\org\apache\tomcat\embed\tomcat-embed-websocket\7.0.55\tomcat-embed-websocket-7.0.55.jar;C:\Users\Martín.Martín-PC\.m2\repository\org\apache\tomcat\embed\tomcat-embed-core\7.0.55\tomcat-embed-core-7.0.55.jar;C:\Users\Martín.Martín-PC\.m2\repository\org\eclipse\jdt\core\compiler\ecj\3.7.2\ecj-3.7.2.jar;C:\Users\Martín.Martín-PC\IdeaProjects\PFPorcino\target\work\plugins\tom
Launcher Type: SUN_STANDARD

Environment Variables:
JAVA_HOME=C:\Program Files\Java\jdk1.8.0_05
JRE_HOME=C:\Program Files\Java\jdk1.8.0_05\jre
CLASSPATH=.;C:\Program Files\Java\jdk1.8.0_05\lib;C:\Program Files\Java\jdk1.8.0_05\jre\lib
PATH=C:\Program Files (x86)\NVIDIA Corporation\PhysX\Common;c:\windows\system32;c:\windows;c:\windows\system32\wbem;c:\windows\system32\windowspowershell\v1.0\;c:\program files (x86)\ati technologies\ati.ace\core-static;c:\program files\matlab\r2012b\runtime\win64;c:\program files\matlab\r2012b\bin;c:\program files\microsoft sql server\110\tools\binn\;c:\program files (x86)\windows kits\8.1\windows performance toolkit\;c:\program files (x86)\microsoft sdks\typescript\1.0\;c:\program files\statgraphics\statgraphics centurion xvi.ii\;c:\program files (x86)\quicktime\qtsystem\;c:\program files (x86)\amd\ati.ace\core-static;C:\WINDOWS\system32;C:\WINDOWS;C:\WINDOWS\System32\Wbem;C:\WINDOWS\System32\WindowsPowerShell\v1.0\;C:\Program Files\Microsoft SQL Server\120\Tools\Binn\;C:\Program Files\Microsoft SQL Server\Client SDK\ODBC\110\Tools\Binn\;C:\Program Files (x86)\Microsoft SQL Server\120\Tools\Binn\;C:\Program Files\Microsoft SQL Server\120\DTS\Binn\;C:\Program Files (x86)\Microsoft SQL Server\120\Tools\Binn\ManagementStudio\;C:\Program Files (x86)\Microsoft SQL Server\120\DTS\Binn\;C:\Program Files\Java\jdk1.8.0_05\bin;;C:\Users\Martín.Martín-PC\AppData\Local\Microsoft\WindowsApps
USERNAME=Martín
OS=Windows_NT
PROCESSOR_IDENTIFIER=Intel64 Family 6 Model 60 Stepping 3, GenuineIntel



---------------  S Y S T E M  ---------------

OS: Windows 8.1 , 64 bit Build 9600 

CPU:total 4 (2 cores per cpu, 2 threads per core) family 6 model 60 stepping 3, cmov, cx8, fxsr, mmx, sse, sse2, sse3, ssse3, sse4.1, sse4.2, popcnt, avx, avx2, aes, clmul, erms, ht, tsc, tscinvbit

Memory: 4k page, physical 6176556k(1260076k free), swap 9715500k(2883492k free)

vm_info: Java HotSpot(TM) 64-Bit Server VM (25.5-b02) for windows-amd64 JRE (1.8.0_05-b13), built on Mar 18 2014 01:08:39 by "java_re" with MS VC++ 10.0 (VS2010)

time: Mon May 08 00:13:14 2017
elapsed time: 28 seconds

