#
# A fatal error has been detected by the Java Runtime Environment:
#
#  EXCEPTION_ACCESS_VIOLATION (0xc0000005) at pc=0x00000000713b4bc2, pid=4688, tid=8200
#
# JRE version: Java(TM) SE Runtime Environment (8.0_05-b13) (build 1.8.0_05-b13)
# Java VM: Java HotSpot(TM) 64-Bit Server VM (25.5-b02 mixed mode windows-amd64 compressed oops)
# Problematic frame:
# V  [jvm.dll+0x424bc2]
#
# Failed to write core dump. Minidumps are not enabled by default on client versions of Windows
#
# If you would like to submit a bug report, please visit:
#   http://bugreport.sun.com/bugreport/crash.jsp
#

---------------  T H R E A D  ---------------

Current thread (0x0000000014226800):  JavaThread "C2 CompilerThread1" daemon [_thread_in_native, id=8200, stack(0x0000000015c20000,0x0000000015d20000)]

siginfo: ExceptionCode=0xc0000005, reading address 0x0000000000000000

Registers:
RAX=0x0000000017627408, RBX=0x0000000000000600, RCX=0x0000000000000000, RDX=0x0000000017622d10
RSP=0x0000000015d1c6b0, RBP=0x00000000000000c0, RSI=0x00000000000000b8, RDI=0x0000000000000000
R8 =0x0000000070f90000, R9 =0x0000000015d1c9d0, R10=0x00000000ffffffff, R11=0x000000001581ecd0
R12=0x0000000017627b10, R13=0x000000001604a578, R14=0x0000000000000008, R15=0x000000001604a578
RIP=0x00000000713b4bc2, EFLAGS=0x0000000000010206

Top of Stack: (sp=0x0000000015d1c6b0)
0x0000000015d1c6b0:   00000000000000da 000000001b466970
0x0000000015d1c6c0:   0000000000000000 0000000019733998
0x0000000015d1c6d0:   0000000000000001 0000000000000600
0x0000000015d1c6e0:   0000000000000180 00000000000000c0
0x0000000015d1c6f0:   000000001a8120b0 000000001421d520
0x0000000015d1c700:   0000000000000750 000000001b466970
0x0000000015d1c710:   0000000015d1c9d0 00000000176244b0
0x0000000015d1c720:   0000000000000020 0000000000000009
0x0000000015d1c730:   0000000017627ae0 00000000000000da
0x0000000015d1c740:   000000001604a578 00000000713b579d
0x0000000015d1c750:   0000000017627ae0 000000000000001c
0x0000000015d1c760:   00000000000000da 0000000015d1c9d0
0x0000000015d1c770:   0000000017622d10 00000000000000da
0x0000000015d1c780:   00000000176244b0 0000000000000020
0x0000000015d1c790:   0000000018f3ee00 0000000015d1ed40
0x0000000015d1c7a0:   0000000018f3f430 0000000017627ae0 

Instructions: (pc=0x00000000713b4bc2)
0x00000000713b4ba2:   c6 48 63 f0 48 03 f1 eb 04 48 83 ce ff 48 8b 84
0x00000000713b4bb2:   24 a0 00 00 00 48 8b 40 08 48 8b 3c 03 48 8b cf
0x00000000713b4bc2:   48 8b 07 ff 50 28 4c 8d 05 31 b4 bd ff 48 63 50
0x00000000713b4bd2:   10 4c 8b d8 48 8b ca 48 c1 e1 05 42 80 bc 01 c0 


Register to memory mapping:

RAX=0x0000000017627408 is an unknown value
RBX=0x0000000000000600 is an unknown value
RCX=0x0000000000000000 is an unknown value
RDX=0x0000000017622d10 is an unknown value
RSP=0x0000000015d1c6b0 is pointing into the stack for thread: 0x0000000014226800
RBP=0x00000000000000c0 is an unknown value
RSI=0x00000000000000b8 is an unknown value
RDI=0x0000000000000000 is an unknown value
R8 =0x0000000070f90000 is an unknown value
R9 =0x0000000015d1c9d0 is pointing into the stack for thread: 0x0000000014226800
R10=0x00000000ffffffff is an unknown value
R11=0x000000001581ecd0 is an unknown value
R12=0x0000000017627b10 is an unknown value
R13=0x000000001604a578 is an unknown value
R14=0x0000000000000008 is an unknown value
R15=0x000000001604a578 is an unknown value


Stack: [0x0000000015c20000,0x0000000015d20000],  sp=0x0000000015d1c6b0,  free space=1009k
Native frames: (J=compiled Java code, j=interpreted, Vv=VM code, C=native code)
V  [jvm.dll+0x424bc2]
V  [jvm.dll+0x42579d]
V  [jvm.dll+0x425cdf]
V  [jvm.dll+0x4c5874]
V  [jvm.dll+0x44123c]
V  [jvm.dll+0x4436a9]
V  [jvm.dll+0x427532]
V  [jvm.dll+0x96702]
V  [jvm.dll+0x96ef3]
V  [jvm.dll+0x2232c4]
V  [jvm.dll+0x27baca]
C  [msvcr100.dll+0x21d9f]
C  [msvcr100.dll+0x21e3b]
C  [KERNEL32.DLL+0x8364]
C  [ntdll.dll+0x670d1]


Current CompileTask:
C2:  33751 7525       4       groovy.lang.MetaClassImpl::findPropertyMethod (356 bytes)


---------------  P R O C E S S  ---------------

Java Threads: ( => current thread )
  0x000000001b0f3000 JavaThread "seguridad.Role.data" daemon [_thread_blocked, id=7780, stack(0x000000001eba0000,0x000000001eca0000)]
  0x000000001b0f2800 JavaThread "net.sf.ehcache.CacheManager@7a33aea3" daemon [_thread_blocked, id=7636, stack(0x000000001e1a0000,0x000000001e2a0000)]
  0x000000001b0f4000 JavaThread "PoolCleaner[1828868503:1494278618063]" daemon [_thread_blocked, id=10804, stack(0x000000001ba90000,0x000000001bb90000)]
  0x000000001914a800 JavaThread "FileSystemWatcher: files=#250 cl=groovy.lang.GroovyClassLoader@6d025197" daemon [_thread_blocked, id=9116, stack(0x000000001a3c0000,0x000000001a4c0000)]
  0x0000000019395800 JavaThread "localhost-startStop-1" daemon [_thread_in_vm, id=952, stack(0x000000001a2c0000,0x000000001a3c0000)]
  0x0000000019395000 JavaThread "Tomcat-startStop-1" daemon [_thread_blocked, id=3632, stack(0x000000001a1c0000,0x000000001a2c0000)]
  0x0000000019326000 JavaThread "Thread-3" [_thread_in_native, id=10776, stack(0x0000000019ec0000,0x0000000019fc0000)]
  0x0000000017899800 JavaThread "Thread-2" [_thread_blocked, id=9860, stack(0x00000000199c0000,0x0000000019ac0000)]
  0x000000001649b000 JavaThread "NonBlockingInputStreamThread" daemon [_thread_blocked, id=10824, stack(0x0000000017160000,0x0000000017260000)]
  0x00000000158f6000 JavaThread "Service Thread" daemon [_thread_blocked, id=3736, stack(0x0000000015e20000,0x0000000015f20000)]
  0x000000001421c000 JavaThread "C1 CompilerThread2" daemon [_thread_blocked, id=7652, stack(0x0000000015d20000,0x0000000015e20000)]
=>0x0000000014226800 JavaThread "C2 CompilerThread1" daemon [_thread_in_native, id=8200, stack(0x0000000015c20000,0x0000000015d20000)]
  0x0000000014225800 JavaThread "C2 CompilerThread0" daemon [_thread_in_native, id=9028, stack(0x0000000015b20000,0x0000000015c20000)]
  0x00000000141ce800 JavaThread "Attach Listener" daemon [_thread_blocked, id=7544, stack(0x0000000015620000,0x0000000015720000)]
  0x00000000141cd000 JavaThread "Signal Dispatcher" daemon [_thread_blocked, id=3660, stack(0x0000000015520000,0x0000000015620000)]
  0x0000000014198800 JavaThread "Finalizer" daemon [_thread_blocked, id=5808, stack(0x0000000015420000,0x0000000015520000)]
  0x0000000014197800 JavaThread "Reference Handler" daemon [_thread_blocked, id=10420, stack(0x0000000015320000,0x0000000015420000)]
  0x0000000002363800 JavaThread "main" [_thread_blocked, id=6704, stack(0x0000000002160000,0x0000000002260000)]

Other Threads:
  0x0000000014196000 VMThread [stack: 0x0000000015220000,0x0000000015320000] [id=10760]
  0x00000000158e8000 WatcherThread [stack: 0x0000000015f20000,0x0000000016020000] [id=6444]

VM state:not at safepoint (normal execution)

VM Mutex/Monitor currently owned by a thread: None

Heap:
 PSYoungGen      total 211456K, used 95707K [0x00000000f0000000, 0x0000000100000000, 0x0000000100000000)
  eden space 167936K, 31% used [0x00000000f0000000,0x00000000f32feb90,0x00000000fa400000)
  from space 43520K, 99% used [0x00000000fa400000,0x00000000fce78198,0x00000000fce80000)
  to   space 50688K, 0% used [0x00000000fce80000,0x00000000fce80000,0x0000000100000000)
 ParOldGen       total 101888K, used 88054K [0x00000000d0000000, 0x00000000d6380000, 0x00000000f0000000)
  object space 101888K, 86% used [0x00000000d0000000,0x00000000d55fd828,0x00000000d6380000)
 Metaspace       used 69913K, capacity 71880K, committed 72192K, reserved 1114112K
  class space    used 7351K, capacity 7895K, committed 7936K, reserved 1048576K

Card table byte_map: [0x0000000011820000,0x00000000119b0000] byte_map_base: 0x00000000111a0000

Marking Bits: (ParMarkBitMap*) 0x00000000717413b0
 Begin Bits: [0x0000000011eb0000, 0x0000000012ab0000)
 End Bits:   [0x0000000012ab0000, 0x00000000136b0000)

Polling page: 0x0000000000880000

CodeCache: size=245760Kb used=26328Kb max_used=26340Kb free=219432Kb
 bounds [0x0000000002460000, 0x0000000003e30000, 0x0000000011460000]
 total_blobs=7591 nmethods=6815 adapters=686
 compilation: enabled

Compilation events (10 events):
Event: 33.594 Thread 0x000000001421c000 7542       2       sun.reflect.AccessorGenerator::isStatic (8 bytes)
Event: 33.594 Thread 0x000000001421c000 nmethod 7542 0x0000000003dfb950 code [0x0000000003dfbaa0, 0x0000000003dfbc10]
Event: 33.594 Thread 0x000000001421c000 7543   !   2       org.codehaus.groovy.runtime.callsite.PogoMetaClassGetPropertySite::getProperty (21 bytes)
Event: 33.594 Thread 0x000000001421c000 nmethod 7543 0x0000000003e08650 code [0x0000000003e087c0, 0x0000000003e08998]
Event: 33.595 Thread 0x000000001421c000 7544       1       org.codehaus.groovy.runtime.metaclass.ClosureMetaMethod$AnonymousMetaMethod::getName (5 bytes)
Event: 33.595 Thread 0x000000001421c000 nmethod 7544 0x0000000003e08a90 code [0x0000000003e08be0, 0x0000000003e08cf0]
Event: 33.595 Thread 0x000000001421c000 7546       2       org.codehaus.groovy.runtime.callsite.PogoMetaClassGetPropertySite::acceptGroovyObjectGetProperty (31 bytes)
Event: 33.595 Thread 0x000000001421c000 nmethod 7546 0x0000000003e08d50 code [0x0000000003e08ec0, 0x0000000003e09138]
Event: 33.596 Thread 0x000000001421c000 7548       2       java.util.AbstractList$Itr::<init> (31 bytes)
Event: 33.596 Thread 0x000000001421c000 nmethod 7548 0x0000000003e095d0 code [0x0000000003e09720, 0x0000000003e098b0]

GC Heap History (10 events):
Event: 29.294 GC heap before
{Heap before GC invocations=54 (full 5):
 PSYoungGen      total 229888K, used 215694K [0x00000000f0000000, 0x00000000fff00000, 0x0000000100000000)
  eden space 199168K, 100% used [0x00000000f0000000,0x00000000fc280000,0x00000000fc280000)
  from space 30720K, 53% used [0x00000000fe080000,0x00000000ff0a39c0,0x00000000ffe80000)
  to   space 30720K, 0% used [0x00000000fc280000,0x00000000fc280000,0x00000000fe080000)
 ParOldGen       total 101888K, used 87114K [0x00000000d0000000, 0x00000000d6380000, 0x00000000f0000000)
  object space 101888K, 85% used [0x00000000d0000000,0x00000000d5512b38,0x00000000d6380000)
 Metaspace       used 64712K, capacity 66530K, committed 66944K, reserved 1110016K
  class space    used 6689K, capacity 7219K, committed 7296K, reserved 1048576K
Event: 29.326 GC heap after
Heap after GC invocations=54 (full 5):
 PSYoungGen      total 221696K, used 22261K [0x00000000f0000000, 0x0000000100000000, 0x0000000100000000)
  eden space 199168K, 0% used [0x00000000f0000000,0x00000000f0000000,0x00000000fc280000)
  from space 22528K, 98% used [0x00000000fc280000,0x00000000fd83d478,0x00000000fd880000)
  to   space 32768K, 0% used [0x00000000fe000000,0x00000000fe000000,0x0000000100000000)
 ParOldGen       total 101888K, used 87114K [0x00000000d0000000, 0x00000000d6380000, 0x00000000f0000000)
  object space 101888K, 85% used [0x00000000d0000000,0x00000000d5512b38,0x00000000d6380000)
 Metaspace       used 64712K, capacity 66530K, committed 66944K, reserved 1110016K
  class space    used 6689K, capacity 7219K, committed 7296K, reserved 1048576K
}
Event: 30.351 GC heap before
{Heap before GC invocations=55 (full 5):
 PSYoungGen      total 221696K, used 221429K [0x00000000f0000000, 0x0000000100000000, 0x0000000100000000)
  eden space 199168K, 100% used [0x00000000f0000000,0x00000000fc280000,0x00000000fc280000)
  from space 22528K, 98% used [0x00000000fc280000,0x00000000fd83d478,0x00000000fd880000)
  to   space 32768K, 0% used [0x00000000fe000000,0x00000000fe000000,0x0000000100000000)
 ParOldGen       total 101888K, used 87114K [0x00000000d0000000, 0x00000000d6380000, 0x00000000f0000000)
  object space 101888K, 85% used [0x00000000d0000000,0x00000000d5512b38,0x00000000d6380000)
 Metaspace       used 65751K, capacity 67580K, committed 68096K, reserved 1110016K
  class space    used 6834K, capacity 7355K, committed 7424K, reserved 1048576K
Event: 30.378 GC heap after
Heap after GC invocations=55 (full 5):
 PSYoungGen      total 221184K, used 28516K [0x00000000f0000000, 0x0000000100000000, 0x0000000100000000)
  eden space 188416K, 0% used [0x00000000f0000000,0x00000000f0000000,0x00000000fb800000)
  from space 32768K, 87% used [0x00000000fe000000,0x00000000ffbd9040,0x0000000100000000)
  to   space 36864K, 0% used [0x00000000fb800000,0x00000000fb800000,0x00000000fdc00000)
 ParOldGen       total 101888K, used 87122K [0x00000000d0000000, 0x00000000d6380000, 0x00000000f0000000)
  object space 101888K, 85% used [0x00000000d0000000,0x00000000d5514b38,0x00000000d6380000)
 Metaspace       used 65751K, capacity 67580K, committed 68096K, reserved 1110016K
  class space    used 6834K, capacity 7355K, committed 7424K, reserved 1048576K
}
Event: 31.361 GC heap before
{Heap before GC invocations=56 (full 5):
 PSYoungGen      total 221184K, used 216932K [0x00000000f0000000, 0x0000000100000000, 0x0000000100000000)
  eden space 188416K, 100% used [0x00000000f0000000,0x00000000fb800000,0x00000000fb800000)
  from space 32768K, 87% used [0x00000000fe000000,0x00000000ffbd9040,0x0000000100000000)
  to   space 36864K, 0% used [0x00000000fb800000,0x00000000fb800000,0x00000000fdc00000)
 ParOldGen       total 101888K, used 87122K [0x00000000d0000000, 0x00000000d6380000, 0x00000000f0000000)
  object space 101888K, 85% used [0x00000000d0000000,0x00000000d5514b38,0x00000000d6380000)
 Metaspace       used 66603K, capacity 68450K, committed 68992K, reserved 1110016K
  class space    used 6945K, capacity 7452K, committed 7552K, reserved 1048576K
Event: 31.391 GC heap after
Heap after GC invocations=56 (full 5):
 PSYoungGen      total 218624K, used 29777K [0x00000000f0000000, 0x0000000100000000, 0x0000000100000000)
  eden space 188416K, 0% used [0x00000000f0000000,0x00000000f0000000,0x00000000fb800000)
  from space 30208K, 98% used [0x00000000fb800000,0x00000000fd514470,0x00000000fd580000)
  to   space 40448K, 0% used [0x00000000fd880000,0x00000000fd880000,0x0000000100000000)
 ParOldGen       total 101888K, used 87130K [0x00000000d0000000, 0x00000000d6380000, 0x00000000f0000000)
  object space 101888K, 85% used [0x00000000d0000000,0x00000000d5516b38,0x00000000d6380000)
 Metaspace       used 66603K, capacity 68450K, committed 68992K, reserved 1110016K
  class space    used 6945K, capacity 7452K, committed 7552K, reserved 1048576K
}
Event: 32.854 GC heap before
{Heap before GC invocations=57 (full 5):
 PSYoungGen      total 218624K, used 213932K [0x00000000f0000000, 0x0000000100000000, 0x0000000100000000)
  eden space 188416K, 97% used [0x00000000f0000000,0x00000000fb3d6db8,0x00000000fb800000)
  from space 30208K, 98% used [0x00000000fb800000,0x00000000fd514470,0x00000000fd580000)
  to   space 40448K, 0% used [0x00000000fd880000,0x00000000fd880000,0x0000000100000000)
 ParOldGen       total 101888K, used 87130K [0x00000000d0000000, 0x00000000d6380000, 0x00000000f0000000)
  object space 101888K, 85% used [0x00000000d0000000,0x00000000d5516b38,0x00000000d6380000)
 Metaspace       used 69045K, capacity 70888K, committed 71296K, reserved 1112064K
  class space    used 7217K, capacity 7709K, committed 7808K, reserved 1048576K
Event: 32.889 GC heap after
Heap after GC invocations=57 (full 5):
 PSYoungGen      total 208384K, used 40416K [0x00000000f0000000, 0x0000000100000000, 0x0000000100000000)
  eden space 167936K, 0% used [0x00000000f0000000,0x00000000f0000000,0x00000000fa400000)
  from space 40448K, 99% used [0x00000000fd880000,0x00000000ffff81b8,0x0000000100000000)
  to   space 47104K, 0% used [0x00000000fa400000,0x00000000fa400000,0x00000000fd200000)
 ParOldGen       total 101888K, used 88046K [0x00000000d0000000, 0x00000000d6380000, 0x00000000f0000000)
  object space 101888K, 86% used [0x00000000d0000000,0x00000000d55fb828,0x00000000d6380000)
 Metaspace       used 69045K, capacity 70888K, committed 71296K, reserved 1112064K
  class space    used 7217K, capacity 7709K, committed 7808K, reserved 1048576K
}
Event: 33.462 GC heap before
{Heap before GC invocations=58 (full 5):
 PSYoungGen      total 208384K, used 208352K [0x00000000f0000000, 0x0000000100000000, 0x0000000100000000)
  eden space 167936K, 100% used [0x00000000f0000000,0x00000000fa400000,0x00000000fa400000)
  from space 40448K, 99% used [0x00000000fd880000,0x00000000ffff81b8,0x0000000100000000)
  to   space 47104K, 0% used [0x00000000fa400000,0x00000000fa400000,0x00000000fd200000)
 ParOldGen       total 101888K, used 88046K [0x00000000d0000000, 0x00000000d6380000, 0x00000000f0000000)
  object space 101888K, 86% used [0x00000000d0000000,0x00000000d55fb828,0x00000000d6380000)
 Metaspace       used 69595K, capacity 71444K, committed 71808K, reserved 1114112K
  class space    used 7285K, capacity 7783K, committed 7808K, reserved 1048576K
Event: 33.490 GC heap after
Heap after GC invocations=58 (full 5):
 PSYoungGen      total 211456K, used 43488K [0x00000000f0000000, 0x0000000100000000, 0x0000000100000000)
  eden space 167936K, 0% used [0x00000000f0000000,0x00000000f0000000,0x00000000fa400000)
  from space 43520K, 99% used [0x00000000fa400000,0x00000000fce78198,0x00000000fce80000)
  to   space 50688K, 0% used [0x00000000fce80000,0x00000000fce80000,0x0000000100000000)
 ParOldGen       total 101888K, used 88054K [0x00000000d0000000, 0x00000000d6380000, 0x00000000f0000000)
  object space 101888K, 86% used [0x00000000d0000000,0x00000000d55fd828,0x00000000d6380000)
 Metaspace       used 69595K, capacity 71444K, committed 71808K, reserved 1114112K
  class space    used 7285K, capacity 7783K, committed 7808K, reserved 1048576K
}

Deoptimization events (10 events):
Event: 31.552 Thread 0x0000000019395800 Uncommon trap: reason=class_check action=maybe_recompile pc=0x0000000003be0390 method=org.springframework.transaction.interceptor.TransactionAttributeSourcePointcut.matches(Ljava/lang/reflect/Method;Ljava/lang/Class;)Z @ 12
Event: 31.552 Thread 0x0000000019395800 Uncommon trap: reason=class_check action=maybe_recompile pc=0x0000000003be0390 method=org.springframework.transaction.interceptor.TransactionAttributeSourcePointcut.matches(Ljava/lang/reflect/Method;Ljava/lang/Class;)Z @ 12
Event: 31.553 Thread 0x0000000019395800 Uncommon trap: reason=class_check action=maybe_recompile pc=0x0000000003be0390 method=org.springframework.transaction.interceptor.TransactionAttributeSourcePointcut.matches(Ljava/lang/reflect/Method;Ljava/lang/Class;)Z @ 12
Event: 31.553 Thread 0x0000000019395800 Uncommon trap: reason=class_check action=maybe_recompile pc=0x0000000003be0390 method=org.springframework.transaction.interceptor.TransactionAttributeSourcePointcut.matches(Ljava/lang/reflect/Method;Ljava/lang/Class;)Z @ 12
Event: 32.081 Thread 0x0000000019395800 Uncommon trap: reason=unreached action=reinterpret pc=0x00000000039ce7a8 method=org.springframework.beans.factory.support.AbstractAutowireCapableBeanFactory.predictBeanType(Ljava/lang/String;Lorg/springframework/beans/factory/support/RootBeanDefinition;[Ljªx‚òW@@
Event: 32.182 Thread 0x0000000019395800 Uncommon trap: reason=array_check action=maybe_recompile pc=0x0000000003cd5060 method=java.util.ComparableTimSort.binarySort([Ljava/lang/Object;III)V @ 183
Event: 32.182 Thread 0x0000000019395800 Uncommon trap: reason=array_check action=maybe_recompile pc=0x0000000003cd5060 method=java.util.ComparableTimSort.binarySort([Ljava/lang/Object;III)V @ 183
Event: 32.196 Thread 0x0000000019395800 Uncommon trap: reason=class_check action=maybe_recompile pc=0x000000000362231c method=sun.reflect.generics.factory.CoreReflectionFactory.getDeclsLoader()Ljava/lang/ClassLoader; @ 25
Event: 32.196 Thread 0x0000000019395800 Uncommon trap: reason=class_check action=maybe_recompile pc=0x000000000362231c method=sun.reflect.generics.factory.CoreReflectionFactory.getDeclsLoader()Ljava/lang/ClassLoader; @ 25
Event: 33.084 Thread 0x0000000019395800 Uncommon trap: reason=unreached action=reinterpret pc=0x0000000003bdeeb0 method=org.springframework.util.ObjectUtils.nullSafeEquals(Ljava/lang/Object;Ljava/lang/Object;)Z @ 8

Internal exceptions (10 events):
Event: 33.591 Thread 0x0000000019395800 Exception <a 'java/security/PrivilegedActionException'> (0x00000000f1dfd9e0) thrown at [D:\re\workspace\8-2-build-windows-amd64-cygwin\jdk8u5\2488\hotspot\src\share\vm\prims\jvm.cpp, line 1248]
Event: 33.591 Thread 0x0000000019395800 Exception <a 'java/lang/ClassNotFoundException': org/codehaus/groovy/grails/commons/metaclass/MetaClassEnhancer$1BeanInfo> (0x00000000f1dfe920) thrown at [D:\re\workspace\8-2-build-windows-amd64-cygwin\jdk8u5\2488\hotspot\src\share\vm\classfile\systemDictiÛ¼›Ë@@
Event: 33.591 Thread 0x0000000019395800 Exception <a 'java/security/PrivilegedActionException'> (0x00000000f1dffc20) thrown at [D:\re\workspace\8-2-build-windows-amd64-cygwin\jdk8u5\2488\hotspot\src\share\vm\prims\jvm.cpp, line 1248]
Event: 33.591 Thread 0x0000000019395800 Exception <a 'java/security/PrivilegedActionException'> (0x00000000f1e047c0) thrown at [D:\re\workspace\8-2-build-windows-amd64-cygwin\jdk8u5\2488\hotspot\src\share\vm\prims\jvm.cpp, line 1248]
Event: 33.591 Thread 0x0000000019395800 Exception <a 'java/security/PrivilegedActionException'> (0x00000000f1e16978) thrown at [D:\re\workspace\8-2-build-windows-amd64-cygwin\jdk8u5\2488\hotspot\src\share\vm\prims\jvm.cpp, line 1248]
Event: 33.591 Thread 0x0000000019395800 Exception <a 'java/security/PrivilegedActionException'> (0x00000000f1e2e100) thrown at [D:\re\workspace\8-2-build-windows-amd64-cygwin\jdk8u5\2488\hotspot\src\share\vm\prims\jvm.cpp, line 1248]
Event: 33.592 Thread 0x0000000019395800 Exception <a 'java/security/PrivilegedActionException'> (0x00000000f1e32ca0) thrown at [D:\re\workspace\8-2-build-windows-amd64-cygwin\jdk8u5\2488\hotspot\src\share\vm\prims\jvm.cpp, line 1248]
Event: 33.592 Thread 0x0000000019395800 Exception <a 'java/security/PrivilegedActionException'> (0x00000000f1e44ee8) thrown at [D:\re\workspace\8-2-build-windows-amd64-cygwin\jdk8u5\2488\hotspot\src\share\vm\prims\jvm.cpp, line 1248]
Event: 33.592 Thread 0x0000000019395800 Exception <a 'java/security/PrivilegedActionException'> (0x00000000f1e6d850) thrown at [D:\re\workspace\8-2-build-windows-amd64-cygwin\jdk8u5\2488\hotspot\src\share\vm\prims\jvm.cpp, line 1248]
Event: 33.592 Thread 0x0000000019395800 Exception <a 'java/lang/ClassNotFoundException': org/codehaus/groovy/grails/commons/metaclass/MetaClassEnhancer$1Customizer> (0x00000000f1e6e798) thrown at [D:\re\workspace\8-2-build-windows-amd64-cygwin\jdk8u5\2488\hotspot\src\share\vm\classfile\systemDic

Events (10 events):
Event: 33.590 loading class org/codehaus/groovy/grails/commons/metaclass/MetaClassEnhancer$1BeanInfo
Event: 33.590 loading class org/codehaus/groovy/grails/commons/metaclass/MetaClassEnhancer$1BeanInfo done
Event: 33.591 loading class org/codehaus/groovy/grails/commons/metaclass/MetaClassEnhancer$1BeanInfo
Event: 33.591 loading class org/codehaus/groovy/grails/commons/metaclass/MetaClassEnhancer$1BeanInfo done
Event: 33.591 loading class org/codehaus/groovy/grails/commons/metaclass/MetaClassEnhancer$1Customizer
Event: 33.591 loading class org/codehaus/groovy/grails/commons/metaclass/MetaClassEnhancer$1Customizer done
Event: 33.591 loading class org/codehaus/groovy/grails/commons/metaclass/MetaClassEnhancer$1Customizer
Event: 33.591 loading class org/codehaus/groovy/grails/commons/metaclass/MetaClassEnhancer$1Customizer done
Event: 33.592 loading class org/codehaus/groovy/grails/commons/metaclass/MetaClassEnhancer$1Customizer
Event: 33.592 loading class org/codehaus/groovy/grails/commons/metaclass/MetaClassEnhancer$1Customizer done


Dynamic libraries:
0x00007ff6d0830000 - 0x00007ff6d0864000 	C:\Program Files\Java\jdk1.8.0_05\bin\java.exe
0x00007ffb91ed0000 - 0x00007ffb920a1000 	C:\WINDOWS\SYSTEM32\ntdll.dll
0x00007ffb8f8f0000 - 0x00007ffb8f99b000 	C:\WINDOWS\System32\KERNEL32.DLL
0x00007ffb8e8c0000 - 0x00007ffb8eadd000 	C:\WINDOWS\System32\KERNELBASE.dll
0x00007ffb911a0000 - 0x00007ffb91242000 	C:\WINDOWS\System32\ADVAPI32.dll
0x00007ffb91bf0000 - 0x00007ffb91c8e000 	C:\WINDOWS\System32\msvcrt.dll
0x00007ffb91e40000 - 0x00007ffb91e99000 	C:\WINDOWS\System32\sechost.dll
0x00007ffb91550000 - 0x00007ffb91671000 	C:\WINDOWS\System32\RPCRT4.dll
0x00007ffb8fa10000 - 0x00007ffb8fb75000 	C:\WINDOWS\System32\USER32.dll
0x00007ffb8e7f0000 - 0x00007ffb8e80e000 	C:\WINDOWS\System32\win32u.dll
0x00007ffb91510000 - 0x00007ffb91544000 	C:\WINDOWS\System32\GDI32.dll
0x00007ffb8e610000 - 0x00007ffb8e792000 	C:\WINDOWS\System32\gdi32full.dll
0x00007ffb86840000 - 0x00007ffb86aba000 	C:\WINDOWS\WinSxS\amd64_microsoft.windows.common-controls_6595b64144ccf1df_6.0.14393.953_none_42151e83c686086b\COMCTL32.dll
0x00007ffb8f600000 - 0x00007ffb8f8c8000 	C:\WINDOWS\System32\combase.dll
0x00007ffb8e3c0000 - 0x00007ffb8e4b5000 	C:\WINDOWS\System32\ucrtbase.dll
0x00007ffb8f220000 - 0x00007ffb8f28a000 	C:\WINDOWS\System32\bcryptPrimitives.dll
0x00007ffb91ea0000 - 0x00007ffb91ece000 	C:\WINDOWS\System32\IMM32.DLL
0x00000000717c0000 - 0x0000000071892000 	C:\Program Files\Java\jdk1.8.0_05\jre\bin\msvcr100.dll
0x0000000070f90000 - 0x00000000717ba000 	C:\Program Files\Java\jdk1.8.0_05\jre\bin\server\jvm.dll
0x00007ffb8f9a0000 - 0x00007ffb8f9a8000 	C:\WINDOWS\System32\PSAPI.DLL
0x00007ffb80a40000 - 0x00007ffb80a49000 	C:\WINDOWS\SYSTEM32\WSOCK32.dll
0x00007ffb8a680000 - 0x00007ffb8a6a3000 	C:\WINDOWS\SYSTEM32\WINMM.dll
0x00007ffb91690000 - 0x00007ffb916fa000 	C:\WINDOWS\System32\WS2_32.dll
0x00007ffb8a650000 - 0x00007ffb8a67b000 	C:\WINDOWS\SYSTEM32\WINMMBASE.dll
0x00007ffb8e7a0000 - 0x00007ffb8e7e2000 	C:\WINDOWS\System32\cfgmgr32.dll
0x0000000070f80000 - 0x0000000070f8f000 	C:\Program Files\Java\jdk1.8.0_05\jre\bin\verify.dll
0x0000000070f50000 - 0x0000000070f78000 	C:\Program Files\Java\jdk1.8.0_05\jre\bin\java.dll
0x0000000070f20000 - 0x0000000070f43000 	C:\Program Files\Java\jdk1.8.0_05\jre\bin\instrument.dll
0x0000000070f00000 - 0x0000000070f16000 	C:\Program Files\Java\jdk1.8.0_05\jre\bin\zip.dll
0x00007ffb8fb90000 - 0x00007ffb91098000 	C:\WINDOWS\System32\SHELL32.dll
0x00007ffb8eb40000 - 0x00007ffb8f21a000 	C:\WINDOWS\System32\windows.storage.dll
0x00007ffb8e360000 - 0x00007ffb8e3ac000 	C:\WINDOWS\System32\powrprof.dll
0x00007ffb91410000 - 0x00007ffb91462000 	C:\WINDOWS\System32\shlwapi.dll
0x00007ffb8e350000 - 0x00007ffb8e35f000 	C:\WINDOWS\System32\kernel.appcore.dll
0x00007ffb8e810000 - 0x00007ffb8e8b9000 	C:\WINDOWS\System32\shcore.dll
0x00007ffb8e330000 - 0x00007ffb8e344000 	C:\WINDOWS\System32\profapi.dll
0x00007ffb8de00000 - 0x00007ffb8de17000 	C:\WINDOWS\SYSTEM32\CRYPTSP.dll
0x00007ffb8d860000 - 0x00007ffb8d893000 	C:\WINDOWS\system32\rsaenh.dll
0x00007ffb8df10000 - 0x00007ffb8df3b000 	C:\WINDOWS\SYSTEM32\bcrypt.dll
0x00007ffb8dae0000 - 0x00007ffb8daff000 	C:\WINDOWS\SYSTEM32\USERENV.dll
0x00007ffb8de20000 - 0x00007ffb8de2b000 	C:\WINDOWS\SYSTEM32\CRYPTBASE.dll
0x0000000070ee0000 - 0x0000000070efa000 	C:\Program Files\Java\jdk1.8.0_05\jre\bin\net.dll
0x00007ffb8dc60000 - 0x00007ffb8dcbc000 	C:\WINDOWS\system32\mswsock.dll
0x00007ffb8d9e0000 - 0x00007ffb8da18000 	C:\WINDOWS\SYSTEM32\IPHLPAPI.DLL
0x00007ffb91680000 - 0x00007ffb91688000 	C:\WINDOWS\System32\NSI.dll
0x00007ffb88800000 - 0x00007ffb88816000 	C:\WINDOWS\SYSTEM32\dhcpcsvc6.DLL
0x00007ffb88690000 - 0x00007ffb886aa000 	C:\WINDOWS\SYSTEM32\dhcpcsvc.DLL
0x0000000070ec0000 - 0x0000000070ed1000 	C:\Program Files\Java\jdk1.8.0_05\jre\bin\nio.dll
0x00007ffb873b0000 - 0x00007ffb873ba000 	C:\Users\Martín.Martín-PC\AppData\Local\Temp\jansi-64-269556357761597547.dll
0x0000000070e70000 - 0x0000000070e7d000 	C:\Program Files\Java\jdk1.8.0_05\jre\bin\management.dll
0x00007ffb8da20000 - 0x00007ffb8dac1000 	C:\WINDOWS\SYSTEM32\DNSAPI.dll
0x00000000743f0000 - 0x0000000074416000 	C:\Program Files\Bonjour\mdnsNSP.dll
0x00007ffb85540000 - 0x00007ffb8554a000 	C:\Windows\System32\rasadhlp.dll
0x00007ffb882a0000 - 0x00007ffb8830a000 	C:\WINDOWS\System32\fwpuclnt.dll
0x0000000070e90000 - 0x0000000070eb4000 	C:\Program Files\Java\jdk1.8.0_05\jre\bin\sunec.dll
0x00007ffb74120000 - 0x00007ffb74136000 	C:\WINDOWS\system32\napinsp.dll
0x00007ffb74230000 - 0x00007ffb7424a000 	C:\WINDOWS\system32\pnrpnsp.dll
0x00007ffb8b730000 - 0x00007ffb8b748000 	C:\WINDOWS\system32\NLAapi.dll
0x00007ffb74280000 - 0x00007ffb7428e000 	C:\WINDOWS\System32\winrnr.dll
0x00007ffb74290000 - 0x00007ffb742a5000 	C:\WINDOWS\System32\wshbth.dll
0x00007ffb84ce0000 - 0x00007ffb84e72000 	C:\WINDOWS\SYSTEM32\dbghelp.dll

VM Arguments:
jvm_args: -Dfile.encoding=UTF-8 -Xmx768M -Xms64M -Dgrails.fork.parent.process.port=9798 -Dgrails.fork.active=true -Dgrails.build.execution.context=C:\Users\Martín.Martín-PC\AppData\Local\Temp\PFPorcino6658113967181450959grails-execution-context -Dgrails.home=C:\grails-2.4.4 -javaagent:C:\grails-2.4.4\lib\org.springframework\springloaded\jars\springloaded-1.2.1.RELEASE.jar -Xverify:none -Dspringloaded.synchronize=true -Djdk.reflect.allowGetCallerClass=true -Dspringloaded=profile=grails;cacheDir=C:\Users\Martín.Martín-PC\.grails\2.4.4 
java_command: org.grails.plugins.tomcat.fork.ForkedTomcatServer
java_class_path (initial): C:\Program Files\Java\jdk1.8.0_05\lib\tools.jar;C:\grails-2.4.4\lib\org.codehaus.groovy\groovy-all\jars\groovy-all-2.3.7.jar;C:\grails-2.4.4\lib\org.slf4j\jcl-over-slf4j\jars\jcl-over-slf4j-1.7.5.jar;C:\grails-2.4.4\lib\org.codehaus.gant\gant_groovy1.8\jars\gant_groovy1.8-1.9.6.jar;C:\grails-2.4.4\lib\org.apache.tomcat.embed\tomcat-embed-logging-log4j\jars\tomcat-embed-logging-log4j-7.0.50.jar;C:\grails-2.4.4\dist\grails-plugin-log4j-2.4.4.jar;C:\grails-2.4.4\lib\log4j\log4j\jars\log4j-1.2.17.jar;C:\grails-2.4.4\dist\grails-bootstrap-2.4.4.jar;C:\grails-2.4.4\lib\org.slf4j\slf4j-api\jars\slf4j-api-1.7.5.jar;C:\grails-2.4.4\lib\jline\jline\jars\jline-2.12.jar;C:\grails-2.4.4\lib\org.apache.ant\ant\jars\ant-1.8.4.jar;C:\grails-2.4.4\lib\org.apache.ant\ant-launcher\jars\ant-launcher-1.8.4.jar;C:\grails-2.4.4\lib\org.apache.ant\ant-trax\jars\ant-trax-1.7.1.jar;C:\grails-2.4.4\lib\org.apache.ant\ant-junit\jars\ant-junit-1.8.4.jar;C:\grails-2.4.4\lib\org.apache.ivy\ivy\jars\ivy-2.3.0.jar;C:\grails-2.4.4\lib\org.fusesource.jansi\jansi\jars\jansi-1.11.jar;C:\Users\Martín.Martín-PC\.m2\repository\org\apache\tomcat\tomcat-catalina-ant\7.0.55\tomcat-catalina-ant-7.0.55.jar;C:\Users\Martín.Martín-PC\.m2\repository\org\apache\tomcat\embed\tomcat-embed-jasper\7.0.55\tomcat-embed-jasper-7.0.55.jar;C:\Users\Martín.Martín-PC\.m2\repository\org\apache\tomcat\embed\tomcat-embed-el\7.0.55\tomcat-embed-el-7.0.55.jar;C:\Users\Martín.Martín-PC\.m2\repository\org\apache\tomcat\embed\tomcat-embed-logging-log4j\7.0.55\tomcat-embed-logging-log4j-7.0.55.jar;C:\Users\Martín.Martín-PC\.m2\repository\org\apache\tomcat\embed\tomcat-embed-websocket\7.0.55\tomcat-embed-websocket-7.0.55.jar;C:\Users\Martín.Martín-PC\.m2\repository\org\apache\tomcat\embed\tomcat-embed-core\7.0.55\tomcat-embed-core-7.0.55.jar;C:\Users\Martín.Martín-PC\.m2\repository\org\eclipse\jdt\core\compiler\ecj\3.7.2\ecj-3.7.2.jar;C:\Users\Martín.Martín-PC\IdeaProjects\PFPorcino\target\work\plugins\tom
Launcher Type: SUN_STANDARD

Environment Variables:
JAVA_HOME=C:\Program Files\Java\jdk1.8.0_05
JRE_HOME=C:\Program Files\Java\jdk1.8.0_05\jre
CLASSPATH=.;C:\Program Files\Java\jdk1.8.0_05\lib;C:\Program Files\Java\jdk1.8.0_05\jre\lib
PATH=C:\Program Files (x86)\NVIDIA Corporation\PhysX\Common;c:\windows\system32;c:\windows;c:\windows\system32\wbem;c:\windows\system32\windowspowershell\v1.0\;c:\program files (x86)\ati technologies\ati.ace\core-static;c:\program files\matlab\r2012b\runtime\win64;c:\program files\matlab\r2012b\bin;c:\program files\microsoft sql server\110\tools\binn\;c:\program files (x86)\windows kits\8.1\windows performance toolkit\;c:\program files (x86)\microsoft sdks\typescript\1.0\;c:\program files\statgraphics\statgraphics centurion xvi.ii\;c:\program files (x86)\quicktime\qtsystem\;c:\program files (x86)\amd\ati.ace\core-static;C:\WINDOWS\system32;C:\WINDOWS;C:\WINDOWS\System32\Wbem;C:\WINDOWS\System32\WindowsPowerShell\v1.0\;C:\Program Files\Microsoft SQL Server\120\Tools\Binn\;C:\Program Files\Microsoft SQL Server\Client SDK\ODBC\110\Tools\Binn\;C:\Program Files (x86)\Microsoft SQL Server\120\Tools\Binn\;C:\Program Files\Microsoft SQL Server\120\DTS\Binn\;C:\Program Files (x86)\Microsoft SQL Server\120\Tools\Binn\ManagementStudio\;C:\Program Files (x86)\Microsoft SQL Server\120\DTS\Binn\;C:\Program Files\Java\jdk1.8.0_05\bin;;C:\Users\Martín.Martín-PC\AppData\Local\Microsoft\WindowsApps
USERNAME=Martín
OS=Windows_NT
PROCESSOR_IDENTIFIER=Intel64 Family 6 Model 60 Stepping 3, GenuineIntel



---------------  S Y S T E M  ---------------

OS: Windows 8.1 , 64 bit Build 9600 

CPU:total 4 (2 cores per cpu, 2 threads per core) family 6 model 60 stepping 3, cmov, cx8, fxsr, mmx, sse, sse2, sse3, ssse3, sse4.1, sse4.2, popcnt, avx, avx2, aes, clmul, erms, ht, tsc, tscinvbit

Memory: 4k page, physical 6176556k(1096188k free), swap 9715500k(2899268k free)

vm_info: Java HotSpot(TM) 64-Bit Server VM (25.5-b02) for windows-amd64 JRE (1.8.0_05-b13), built on Mar 18 2014 01:08:39 by "java_re" with MS VC++ 10.0 (VS2010)

time: Mon May 08 16:23:50 2017
elapsed time: 33 seconds

