#
# A fatal error has been detected by the Java Runtime Environment:
#
#  EXCEPTION_ACCESS_VIOLATION (0xc0000005) at pc=0x0000000058e24bc2, pid=7936, tid=11116
#
# JRE version: Java(TM) SE Runtime Environment (8.0_05-b13) (build 1.8.0_05-b13)
# Java VM: Java HotSpot(TM) 64-Bit Server VM (25.5-b02 mixed mode windows-amd64 compressed oops)
# Problematic frame:
# V  [jvm.dll+0x424bc2]
#
# Failed to write core dump. Minidumps are not enabled by default on client versions of Windows
#
# If you would like to submit a bug report, please visit:
#   http://bugreport.sun.com/bugreport/crash.jsp
#

---------------  T H R E A D  ---------------

Current thread (0x0000000014396000):  JavaThread "C2 CompilerThread0" daemon [_thread_in_native, id=11116, stack(0x0000000015ca0000,0x0000000015da0000)]

siginfo: ExceptionCode=0xc0000005, reading address 0x0000000000000000

Registers:
RAX=0x000000001757dd38, RBX=0x0000000000000600, RCX=0x0000000000000000, RDX=0x000000001b555fe0
RSP=0x0000000015d9c360, RBP=0x00000000000000c0, RSI=0x00000000000000b8, RDI=0x0000000000000000
R8 =0x0000000058a00000, R9 =0x0000000015d9c680, R10=0x00000000ffffffff, R11=0x00000000159948d0
R12=0x000000001757e450, R13=0x0000000018e17578, R14=0x0000000000000008, R15=0x0000000018e17578
RIP=0x0000000058e24bc2, EFLAGS=0x0000000000010206

Top of Stack: (sp=0x0000000015d9c360)
0x0000000015d9c360:   00000000000000dc 000000001b551770
0x0000000015d9c370:   0000000000000000 0000000018e33400
0x0000000015d9c380:   0000000000000001 0000000000000600
0x0000000015d9c390:   0000000000000180 00000000000000c0
0x0000000015d9c3a0:   0000000018818600 000000001438ba50
0x0000000015d9c3b0:   0000000000000758 000000001b551770
0x0000000015d9c3c0:   0000000015d9c680 000000001757adb0
0x0000000015d9c3d0:   0000000000000020 0000000000000009
0x0000000015d9c3e0:   000000001757e420 00000000000000dc
0x0000000015d9c3f0:   0000000018e17578 0000000058e2579d
0x0000000015d9c400:   000000001757e420 000000000000001c
0x0000000015d9c410:   00000000000000dc 0000000015d9c680
0x0000000015d9c420:   000000001b555fe0 00000000000000dc
0x0000000015d9c430:   000000001757adb0 0000000000000020
0x0000000015d9c440:   0000000018c84520 0000000015d9e9f0
0x0000000015d9c450:   000000001f8d0180 000000001757e420 

Instructions: (pc=0x0000000058e24bc2)
0x0000000058e24ba2:   c6 48 63 f0 48 03 f1 eb 04 48 83 ce ff 48 8b 84
0x0000000058e24bb2:   24 a0 00 00 00 48 8b 40 08 48 8b 3c 03 48 8b cf
0x0000000058e24bc2:   48 8b 07 ff 50 28 4c 8d 05 31 b4 bd ff 48 63 50
0x0000000058e24bd2:   10 4c 8b d8 48 8b ca 48 c1 e1 05 42 80 bc 01 c0 


Register to memory mapping:

RAX=0x000000001757dd38 is an unknown value
RBX=0x0000000000000600 is an unknown value
RCX=0x0000000000000000 is an unknown value
RDX=0x000000001b555fe0 is an unknown value
RSP=0x0000000015d9c360 is pointing into the stack for thread: 0x0000000014396000
RBP=0x00000000000000c0 is an unknown value
RSI=0x00000000000000b8 is an unknown value
RDI=0x0000000000000000 is an unknown value
R8 =0x0000000058a00000 is an unknown value
R9 =0x0000000015d9c680 is pointing into the stack for thread: 0x0000000014396000
R10=0x00000000ffffffff is an unknown value
R11=0x00000000159948d0 is an unknown value
R12=0x000000001757e450 is an unknown value
R13=0x0000000018e17578 is an unknown value
R14=0x0000000000000008 is an unknown value
R15=0x0000000018e17578 is an unknown value


Stack: [0x0000000015ca0000,0x0000000015da0000],  sp=0x0000000015d9c360,  free space=1008k
Native frames: (J=compiled Java code, j=interpreted, Vv=VM code, C=native code)
V  [jvm.dll+0x424bc2]
V  [jvm.dll+0x42579d]
V  [jvm.dll+0x425cdf]
V  [jvm.dll+0x4c5874]
V  [jvm.dll+0x44123c]
V  [jvm.dll+0x4436a9]
V  [jvm.dll+0x427532]
V  [jvm.dll+0x96702]
V  [jvm.dll+0x96ef3]
V  [jvm.dll+0x2232c4]
V  [jvm.dll+0x27baca]
C  [msvcr100.dll+0x21d9f]
C  [msvcr100.dll+0x21e3b]
C  [KERNEL32.DLL+0x8364]
C  [ntdll.dll+0x670d1]


Current CompileTask:
C2:  28768 7223       4       groovy.lang.MetaClassImpl::findPropertyMethod (356 bytes)


---------------  P R O C E S S  ---------------

Java Threads: ( => current thread )
  0x0000000018c8d800 JavaThread "seguridad.Role.data" daemon [_thread_blocked, id=11536, stack(0x000000001ef80000,0x000000001f080000)]
  0x0000000018c91800 JavaThread "net.sf.ehcache.CacheManager@561cad91" daemon [_thread_blocked, id=5872, stack(0x000000001ec80000,0x000000001ed80000)]
  0x000000001b6e1000 JavaThread "PoolCleaner[1828868503:1493872959528]" daemon [_thread_blocked, id=3272, stack(0x000000001c000000,0x000000001c100000)]
  0x00000000192b3800 JavaThread "FileSystemWatcher: files=#247 cl=groovy.lang.GroovyClassLoader@6d025197" daemon [_thread_blocked, id=3968, stack(0x000000001a560000,0x000000001a660000)]
  0x000000001785d000 JavaThread "localhost-startStop-1" daemon [_thread_in_native, id=2260, stack(0x000000001a460000,0x000000001a560000)]
  0x000000001784e000 JavaThread "Tomcat-startStop-1" daemon [_thread_blocked, id=7688, stack(0x000000001a360000,0x000000001a460000)]
  0x0000000018ed3800 JavaThread "Thread-3" [_thread_in_native, id=11852, stack(0x000000001a060000,0x000000001a160000)]
  0x000000001653f800 JavaThread "Thread-2" [_thread_blocked, id=9340, stack(0x0000000019b60000,0x0000000019c60000)]
  0x000000001651f800 JavaThread "NonBlockingInputStreamThread" daemon [_thread_blocked, id=6052, stack(0x00000000172e0000,0x00000000173e0000)]
  0x0000000015a92800 JavaThread "Service Thread" daemon [_thread_blocked, id=9172, stack(0x0000000015fa0000,0x00000000160a0000)]
  0x0000000014397000 JavaThread "C1 CompilerThread2" daemon [_thread_blocked, id=9440, stack(0x0000000015ea0000,0x0000000015fa0000)]
  0x0000000014388000 JavaThread "C2 CompilerThread1" daemon [_thread_in_native, id=10216, stack(0x0000000015da0000,0x0000000015ea0000)]
=>0x0000000014396000 JavaThread "C2 CompilerThread0" daemon [_thread_in_native, id=11116, stack(0x0000000015ca0000,0x0000000015da0000)]
  0x000000001433e800 JavaThread "Attach Listener" daemon [_thread_blocked, id=12180, stack(0x00000000157a0000,0x00000000158a0000)]
  0x000000001433d800 JavaThread "Signal Dispatcher" daemon [_thread_blocked, id=3772, stack(0x00000000156a0000,0x00000000157a0000)]
  0x00000000025c6800 JavaThread "Finalizer" daemon [_thread_blocked, id=8384, stack(0x00000000155a0000,0x00000000156a0000)]
  0x0000000014307800 JavaThread "Reference Handler" daemon [_thread_blocked, id=11740, stack(0x00000000154a0000,0x00000000155a0000)]
  0x00000000024d3800 JavaThread "main" [_thread_blocked, id=9076, stack(0x00000000021e0000,0x00000000022e0000)]

Other Threads:
  0x0000000014306000 VMThread [stack: 0x00000000153a0000,0x00000000154a0000] [id=7304]
  0x0000000015a93800 WatcherThread [stack: 0x00000000160a0000,0x00000000161a0000] [id=9596]

VM state:not at safepoint (normal execution)

VM Mutex/Monitor currently owned by a thread: None

Heap:
 PSYoungGen      total 205824K, used 123065K [0x00000000f0000000, 0x0000000100000000, 0x0000000100000000)
  eden space 162816K, 49% used [0x00000000f0000000,0x00000000f4e42368,0x00000000f9f00000)
  from space 43008K, 99% used [0x00000000f9f00000,0x00000000fc8ec1a8,0x00000000fc900000)
  to   space 54272K, 0% used [0x00000000fcb00000,0x00000000fcb00000,0x0000000100000000)
 ParOldGen       total 93696K, used 86039K [0x00000000d0000000, 0x00000000d5b80000, 0x00000000f0000000)
  object space 93696K, 91% used [0x00000000d0000000,0x00000000d5405fb0,0x00000000d5b80000)
 Metaspace       used 69978K, capacity 72036K, committed 72188K, reserved 1114112K
  class space    used 7403K, capacity 7932K, committed 7932K, reserved 1048576K

Card table byte_map: [0x0000000011990000,0x0000000011b20000] byte_map_base: 0x0000000011310000

Marking Bits: (ParMarkBitMap*) 0x00000000591b13b0
 Begin Bits: [0x0000000012020000, 0x0000000012c20000)
 End Bits:   [0x0000000012c20000, 0x0000000013820000)

Polling page: 0x00000000009f0000

CodeCache: size=245760Kb used=23325Kb max_used=24025Kb free=222434Kb
 bounds [0x00000000025d0000, 0x0000000003d60000, 0x00000000115d0000]
 total_blobs=7350 nmethods=6574 adapters=686
 compilation: enabled

Compilation events (10 events):
Event: 28.715 Thread 0x0000000014396000 nmethod 7257 0x0000000002e4d790 code [0x0000000002e4d920, 0x0000000002e4de78]
Event: 28.715 Thread 0x0000000014396000 7264       4       org.codehaus.groovy.runtime.metaclass.MetaMethodIndex::findMatchingMethod (51 bytes)
Event: 28.717 Thread 0x0000000014396000 nmethod 7264 0x000000000276dc90 code [0x000000000276dde0, 0x000000000276e018]
Event: 28.717 Thread 0x0000000014396000 7246       4       org.codehaus.groovy.runtime.metaclass.MetaMethodIndex::isMatchingMethod (68 bytes)
Event: 28.719 Thread 0x0000000014396000 nmethod 7246 0x0000000003253110 code [0x0000000003253260, 0x0000000003253398]
Event: 28.719 Thread 0x0000000014396000 7223       4       groovy.lang.MetaClassImpl::findPropertyMethod (356 bytes)
Event: 28.738 Thread 0x0000000014397000 7275 %     3       groovy.lang.ExpandoMetaClass$ExpandoMetaProperty::checkIfMethodExists @ 21 (88 bytes)
Event: 28.739 Thread 0x0000000014397000 nmethod 7275% 0x00000000027ec450 code [0x00000000027ec620, 0x00000000027ecfd8]
Event: 28.739 Thread 0x0000000014397000 7276       1       org.codehaus.groovy.runtime.metaclass.ClosureStaticMetaMethod::getName (5 bytes)
Event: 28.739 Thread 0x0000000014397000 nmethod 7276 0x00000000027ec190 code [0x00000000027ec2e0, 0x00000000027ec3f0]

GC Heap History (10 events):
Event: 24.361 GC heap before
{Heap before GC invocations=63 (full 6):
 PSYoungGen      total 227840K, used 218452K [0x00000000f0000000, 0x0000000100000000, 0x0000000100000000)
  eden space 197632K, 98% used [0x00000000f0000000,0x00000000fbd26528,0x00000000fc100000)
  from space 30208K, 81% used [0x00000000fe280000,0x00000000ffaaebe8,0x0000000100000000)
  to   space 32256K, 0% used [0x00000000fc100000,0x00000000fc100000,0x00000000fe080000)
 ParOldGen       total 93696K, used 77145K [0x00000000d0000000, 0x00000000d5b80000, 0x00000000f0000000)
  object space 93696K, 82% used [0x00000000d0000000,0x00000000d4b567d8,0x00000000d5b80000)
 Metaspace       used 64853K, capacity 66806K, committed 66940K, reserved 1110016K
  class space    used 6750K, capacity 7279K, committed 7292K, reserved 1048576K
Event: 24.406 GC heap after
Heap after GC invocations=63 (full 6):
 PSYoungGen      total 228352K, used 30700K [0x00000000f0000000, 0x0000000100000000, 0x0000000100000000)
  eden space 197632K, 0% used [0x00000000f0000000,0x00000000f0000000,0x00000000fc100000)
  from space 30720K, 99% used [0x00000000fc100000,0x00000000fdefb388,0x00000000fdf00000)
  to   space 33792K, 0% used [0x00000000fdf00000,0x00000000fdf00000,0x0000000100000000)
 ParOldGen       total 93696K, used 77145K [0x00000000d0000000, 0x00000000d5b80000, 0x00000000f0000000)
  object space 93696K, 82% used [0x00000000d0000000,0x00000000d4b567d8,0x00000000d5b80000)
 Metaspace       used 64853K, capacity 66806K, committed 66940K, reserved 1110016K
  class space    used 6750K, capacity 7279K, committed 7292K, reserved 1048576K
}
Event: 25.497 GC heap before
{Heap before GC invocations=64 (full 6):
 PSYoungGen      total 228352K, used 227948K [0x00000000f0000000, 0x0000000100000000, 0x0000000100000000)
  eden space 197632K, 99% used [0x00000000f0000000,0x00000000fc09fe60,0x00000000fc100000)
  from space 30720K, 99% used [0x00000000fc100000,0x00000000fdefb388,0x00000000fdf00000)
  to   space 33792K, 0% used [0x00000000fdf00000,0x00000000fdf00000,0x0000000100000000)
 ParOldGen       total 93696K, used 77145K [0x00000000d0000000, 0x00000000d5b80000, 0x00000000f0000000)
  object space 93696K, 82% used [0x00000000d0000000,0x00000000d4b567d8,0x00000000d5b80000)
 Metaspace       used 65784K, capacity 67728K, committed 67836K, reserved 1110016K
  class space    used 6877K, capacity 7415K, committed 7420K, reserved 1048576K
Event: 25.550 GC heap after
Heap after GC invocations=64 (full 6):
 PSYoungGen      total 214016K, used 33784K [0x00000000f0000000, 0x0000000100000000, 0x0000000100000000)
  eden space 180224K, 0% used [0x00000000f0000000,0x00000000f0000000,0x00000000fb000000)
  from space 33792K, 99% used [0x00000000fdf00000,0x00000000ffffe278,0x0000000100000000)
  to   space 40960K, 0% used [0x00000000fb000000,0x00000000fb000000,0x00000000fd800000)
 ParOldGen       total 93696K, used 79822K [0x00000000d0000000, 0x00000000d5b80000, 0x00000000f0000000)
  object space 93696K, 85% used [0x00000000d0000000,0x00000000d4df39f0,0x00000000d5b80000)
 Metaspace       used 65784K, capacity 67728K, committed 67836K, reserved 1110016K
  class space    used 6877K, capacity 7415K, committed 7420K, reserved 1048576K
}
Event: 26.531 GC heap before
{Heap before GC invocations=65 (full 6):
 PSYoungGen      total 214016K, used 214008K [0x00000000f0000000, 0x0000000100000000, 0x0000000100000000)
  eden space 180224K, 100% used [0x00000000f0000000,0x00000000fb000000,0x00000000fb000000)
  from space 33792K, 99% used [0x00000000fdf00000,0x00000000ffffe278,0x0000000100000000)
  to   space 40960K, 0% used [0x00000000fb000000,0x00000000fb000000,0x00000000fd800000)
 ParOldGen       total 93696K, used 79822K [0x00000000d0000000, 0x00000000d5b80000, 0x00000000f0000000)
  object space 93696K, 85% used [0x00000000d0000000,0x00000000d4df39f0,0x00000000d5b80000)
 Metaspace       used 67143K, capacity 69110K, committed 69244K, reserved 1112064K
  class space    used 6995K, capacity 7512K, committed 7548K, reserved 1048576K
Event: 26.586 GC heap after
Heap after GC invocations=65 (full 6):
 PSYoungGen      total 214016K, used 33295K [0x00000000f0000000, 0x0000000100000000, 0x0000000100000000)
  eden space 180224K, 0% used [0x00000000f0000000,0x00000000f0000000,0x00000000fb000000)
  from space 33792K, 98% used [0x00000000fb000000,0x00000000fd083da8,0x00000000fd100000)
  to   space 44032K, 0% used [0x00000000fd500000,0x00000000fd500000,0x0000000100000000)
 ParOldGen       total 93696K, used 84207K [0x00000000d0000000, 0x00000000d5b80000, 0x00000000f0000000)
  object space 93696K, 89% used [0x00000000d0000000,0x00000000d523bf70,0x00000000d5b80000)
 Metaspace       used 67143K, capacity 69110K, committed 69244K, reserved 1112064K
  class space    used 6995K, capacity 7512K, committed 7548K, reserved 1048576K
}
Event: 27.529 GC heap before
{Heap before GC invocations=66 (full 6):
 PSYoungGen      total 214016K, used 208253K [0x00000000f0000000, 0x0000000100000000, 0x0000000100000000)
  eden space 180224K, 97% used [0x00000000f0000000,0x00000000faadb950,0x00000000fb000000)
  from space 33792K, 98% used [0x00000000fb000000,0x00000000fd083da8,0x00000000fd100000)
  to   space 44032K, 0% used [0x00000000fd500000,0x00000000fd500000,0x0000000100000000)
 ParOldGen       total 93696K, used 84207K [0x00000000d0000000, 0x00000000d5b80000, 0x00000000f0000000)
  object space 93696K, 89% used [0x00000000d0000000,0x00000000d523bf70,0x00000000d5b80000)
 Metaspace       used 69022K, capacity 71036K, committed 71292K, reserved 1112064K
  class space    used 7247K, capacity 7769K, committed 7804K, reserved 1048576K
Event: 27.579 GC heap after
Heap after GC invocations=66 (full 6):
 PSYoungGen      total 206848K, used 42609K [0x00000000f0000000, 0x0000000100000000, 0x0000000100000000)
  eden space 162816K, 0% used [0x00000000f0000000,0x00000000f0000000,0x00000000f9f00000)
  from space 44032K, 96% used [0x00000000fd500000,0x00000000ffe9c658,0x0000000100000000)
  to   space 49664K, 0% used [0x00000000f9f00000,0x00000000f9f00000,0x00000000fcf80000)
 ParOldGen       total 93696K, used 84215K [0x00000000d0000000, 0x00000000d5b80000, 0x00000000f0000000)
  object space 93696K, 89% used [0x00000000d0000000,0x00000000d523df70,0x00000000d5b80000)
 Metaspace       used 69022K, capacity 71036K, committed 71292K, reserved 1112064K
  class space    used 7247K, capacity 7769K, committed 7804K, reserved 1048576K
}
Event: 28.206 GC heap before
{Heap before GC invocations=67 (full 6):
 PSYoungGen      total 206848K, used 198277K [0x00000000f0000000, 0x0000000100000000, 0x0000000100000000)
  eden space 162816K, 95% used [0x00000000f0000000,0x00000000f9804e98,0x00000000f9f00000)
  from space 44032K, 96% used [0x00000000fd500000,0x00000000ffe9c658,0x0000000100000000)
  to   space 49664K, 0% used [0x00000000f9f00000,0x00000000f9f00000,0x00000000fcf80000)
 ParOldGen       total 93696K, used 84215K [0x00000000d0000000, 0x00000000d5b80000, 0x00000000f0000000)
  object space 93696K, 89% used [0x00000000d0000000,0x00000000d523df70,0x00000000d5b80000)
 Metaspace       used 69480K, capacity 71528K, committed 71932K, reserved 1114112K
  class space    used 7310K, capacity 7843K, committed 7932K, reserved 1048576K
Event: 28.269 GC heap after
Heap after GC invocations=67 (full 6):
 PSYoungGen      total 205824K, used 42928K [0x00000000f0000000, 0x0000000100000000, 0x0000000100000000)
  eden space 162816K, 0% used [0x00000000f0000000,0x00000000f0000000,0x00000000f9f00000)
  from space 43008K, 99% used [0x00000000f9f00000,0x00000000fc8ec1a8,0x00000000fc900000)
  to   space 54272K, 0% used [0x00000000fcb00000,0x00000000fcb00000,0x0000000100000000)
 ParOldGen       total 93696K, used 86039K [0x00000000d0000000, 0x00000000d5b80000, 0x00000000f0000000)
  object space 93696K, 91% used [0x00000000d0000000,0x00000000d5405fb0,0x00000000d5b80000)
 Metaspace       used 69480K, capacity 71528K, committed 71932K, reserved 1114112K
  class space    used 7310K, capacity 7843K, committed 7932K, reserved 1048576K
}

Deoptimization events (10 events):
Event: 23.096 Thread 0x000000001785d000 Uncommon trap: reason=null_assert action=make_not_entrant pc=0x00000000030eb3d8 method=java.util.concurrent.ConcurrentHashMap.putVal(Ljava/lang/Object;Ljava/lang/Object;Z)Ljava/lang/Object; @ 264
Event: 23.116 Thread 0x000000001785d000 Uncommon trap: reason=null_check action=make_not_entrant pc=0x0000000003852e24 method=java.lang.Class.getMethod0(Ljava/lang/String;[Ljava/lang/Class;Z)Ljava/lang/reflect/Method; @ 35
Event: 23.300 Thread 0x000000001785d000 Uncommon trap: reason=unreached action=reinterpret pc=0x00000000038d36ec method=org.springsource.loaded.ri.OriginalClassInvoker.createJavaMethod()Ljava/lang/reflect/Method; @ 9
Event: 23.300 Thread 0x000000001785d000 Uncommon trap: reason=unreached action=reinterpret pc=0x0000000003858864 method=org.springsource.loaded.ri.OriginalClassInvoker.createJavaMethod()Ljava/lang/reflect/Method; @ 9
Event: 23.598 Thread 0x000000001785d000 Uncommon trap: reason=unreached action=reinterpret pc=0x00000000027f7780 method=java.lang.reflect.Method.equals(Ljava/lang/Object;)Z @ 1
Event: 25.554 Thread 0x000000001785d000 Uncommon trap: reason=bimorphic action=maybe_recompile pc=0x0000000003227108 method=sl.org.objectweb.asm.ClassReader.a(Lsl/org/objectweb/asm/MethodVisitor;Lsl/org/objectweb/asm/Context;I)V @ 2782
Event: 25.715 Thread 0x000000001785d000 Uncommon trap: reason=class_check action=maybe_recompile pc=0x0000000003228c30 method=sl.org.objectweb.asm.ClassReader.a(Lsl/org/objectweb/asm/MethodVisitor;Lsl/org/objectweb/asm/Context;I)V @ 1945
Event: 25.715 Thread 0x000000001785d000 Uncommon trap: reason=class_check action=maybe_recompile pc=0x0000000003228c30 method=sl.org.objectweb.asm.ClassReader.a(Lsl/org/objectweb/asm/MethodVisitor;Lsl/org/objectweb/asm/Context;I)V @ 1945
Event: 26.621 Thread 0x000000001785d000 Uncommon trap: reason=unreached action=reinterpret pc=0x00000000033bd6c4 method=org.codehaus.groovy.runtime.metaclass.MetaMethodIndex.getMethods(Ljava/lang/Class;Ljava/lang/String;)Lorg/codehaus/groovy/runtime/metaclass/MetaMethodIndex$Entry; @ 61
Event: 27.783 Thread 0x000000001785d000 Uncommon trap: reason=unloaded action=reinterpret pc=0x0000000003cca67c method=org.springframework.core.BridgeMethodResolver.findBridgedMethod(Ljava/lang/reflect/Method;)Ljava/lang/reflect/Method; @ 13

Internal exceptions (10 events):
Event: 28.733 Thread 0x000000001785d000 Exception <a 'java/security/PrivilegedActionException'> (0x00000000f4b41390) thrown at [D:\re\workspace\8-2-build-windows-amd64-cygwin\jdk8u5\2488\hotspot\src\share\vm\prims\jvm.cpp, line 1248]
Event: 28.733 Thread 0x000000001785d000 Exception <a 'java/lang/ClassNotFoundException': org/codehaus/groovy/grails/plugins/DomainClassGrailsPlugin$_addRelationshipManagementMethods_closure25BeanInfo> (0x00000000f4b42320) thrown at [D:\re\workspace\8-2-build-windows-amd64-cygwin\jdk8u5\2488\hotsCÍŽâÍ»<@
Event: 28.734 Thread 0x000000001785d000 Exception <a 'java/security/PrivilegedActionException'> (0x00000000f4b439b0) thrown at [D:\re\workspace\8-2-build-windows-amd64-cygwin\jdk8u5\2488\hotspot\src\share\vm\prims\jvm.cpp, line 1248]
Event: 28.734 Thread 0x000000001785d000 Exception <a 'java/security/PrivilegedActionException'> (0x00000000f4b4a010) thrown at [D:\re\workspace\8-2-build-windows-amd64-cygwin\jdk8u5\2488\hotspot\src\share\vm\prims\jvm.cpp, line 1248]
Event: 28.734 Thread 0x000000001785d000 Exception <a 'java/security/PrivilegedActionException'> (0x00000000f4b62c70) thrown at [D:\re\workspace\8-2-build-windows-amd64-cygwin\jdk8u5\2488\hotspot\src\share\vm\prims\jvm.cpp, line 1248]
Event: 28.735 Thread 0x000000001785d000 Exception <a 'java/security/PrivilegedActionException'> (0x00000000f4b81f98) thrown at [D:\re\workspace\8-2-build-windows-amd64-cygwin\jdk8u5\2488\hotspot\src\share\vm\prims\jvm.cpp, line 1248]
Event: 28.735 Thread 0x000000001785d000 Exception <a 'java/security/PrivilegedActionException'> (0x00000000f4b885f8) thrown at [D:\re\workspace\8-2-build-windows-amd64-cygwin\jdk8u5\2488\hotspot\src\share\vm\prims\jvm.cpp, line 1248]
Event: 28.735 Thread 0x000000001785d000 Exception <a 'java/security/PrivilegedActionException'> (0x00000000f4ba1258) thrown at [D:\re\workspace\8-2-build-windows-amd64-cygwin\jdk8u5\2488\hotspot\src\share\vm\prims\jvm.cpp, line 1248]
Event: 28.736 Thread 0x000000001785d000 Exception <a 'java/security/PrivilegedActionException'> (0x00000000f4bd7fc0) thrown at [D:\re\workspace\8-2-build-windows-amd64-cygwin\jdk8u5\2488\hotspot\src\share\vm\prims\jvm.cpp, line 1248]
Event: 28.736 Thread 0x000000001785d000 Exception <a 'java/lang/ClassNotFoundException': org/codehaus/groovy/grails/plugins/DomainClassGrailsPlugin$_addRelationshipManagementMethods_closure25Customizer> (0x00000000f4bd8f50) thrown at [D:\re\workspace\8-2-build-windows-amd64-cygwin\jdk8u5\2488\hoNÑ(À»<@

Events (10 events):
Event: 28.734 loading class org/codehaus/groovy/grails/plugins/DomainClassGrailsPlugin$_addRelationshipManagementMethods_closure25Customizer
Event: 28.734 loading class org/codehaus/groovy/grails/plugins/DomainClassGrailsPlugin$_addRelationshipManagementMethods_closure25Customizer done
Event: 28.735 loading class org/codehaus/groovy/grails/plugins/DomainClassGrailsPlugin$_addRelationshipManagementMethods_closure25Customizer
Event: 28.735 loading class org/codehaus/groovy/grails/plugins/DomainClassGrailsPlugin$_addRelationshipManagementMethods_closure25Customizer done
Event: 28.736 loading class org/codehaus/groovy/grails/plugins/DomainClassGrailsPlugin$_addRelationshipManagementMethods_closure25Customizer
Event: 28.736 loading class org/codehaus/groovy/grails/plugins/DomainClassGrailsPlugin$_addRelationshipManagementMethods_closure25Customizer done
Event: 28.741 Thread 0x000000001785d000 DEOPT PACKING pc=0x00000000038c3af5 sp=0x000000001a55c7e0
Event: 28.741 Thread 0x000000001785d000 DEOPT UNPACKING pc=0x0000000002617604 sp=0x000000001a55c520 mode 0
Event: 28.742 Thread 0x000000001785d000 DEOPT PACKING pc=0x00000000038c3af5 sp=0x000000001a55c7e0
Event: 28.742 Thread 0x000000001785d000 DEOPT UNPACKING pc=0x0000000002617604 sp=0x000000001a55c520 mode 0


Dynamic libraries:
0x00007ff755d50000 - 0x00007ff755d84000 	C:\Program Files\Java\jdk1.8.0_05\bin\java.exe
0x00007fff30ac0000 - 0x00007fff30c91000 	C:\WINDOWS\SYSTEM32\ntdll.dll
0x00007fff2e620000 - 0x00007fff2e6cb000 	C:\WINDOWS\System32\KERNEL32.DLL
0x00007fff2d2d0000 - 0x00007fff2d4ed000 	C:\WINDOWS\System32\KERNELBASE.dll
0x00007fff2e230000 - 0x00007fff2e2d2000 	C:\WINDOWS\System32\ADVAPI32.dll
0x00007fff2f2b0000 - 0x00007fff2f34e000 	C:\WINDOWS\System32\msvcrt.dll
0x00007fff2e3e0000 - 0x00007fff2e439000 	C:\WINDOWS\System32\sechost.dll
0x00007fff2ef30000 - 0x00007fff2f051000 	C:\WINDOWS\System32\RPCRT4.dll
0x00007fff2f140000 - 0x00007fff2f2a5000 	C:\WINDOWS\System32\USER32.dll
0x00007fff2d4f0000 - 0x00007fff2d50e000 	C:\WINDOWS\System32\win32u.dll
0x00007fff2e1f0000 - 0x00007fff2e224000 	C:\WINDOWS\System32\GDI32.dll
0x00007fff2d770000 - 0x00007fff2d8f2000 	C:\WINDOWS\System32\gdi32full.dll
0x00007fff21e90000 - 0x00007fff2210a000 	C:\WINDOWS\WinSxS\amd64_microsoft.windows.common-controls_6595b64144ccf1df_6.0.14393.953_none_42151e83c686086b\COMCTL32.dll
0x00007fff2ec60000 - 0x00007fff2ef28000 	C:\WINDOWS\System32\combase.dll
0x00007fff2d5c0000 - 0x00007fff2d6b5000 	C:\WINDOWS\System32\ucrtbase.dll
0x00007fff2dfe0000 - 0x00007fff2e04a000 	C:\WINDOWS\System32\bcryptPrimitives.dll
0x00007fff2f100000 - 0x00007fff2f12e000 	C:\WINDOWS\System32\IMM32.DLL
0x0000000059230000 - 0x0000000059302000 	C:\Program Files\Java\jdk1.8.0_05\jre\bin\msvcr100.dll
0x0000000058a00000 - 0x000000005922a000 	C:\Program Files\Java\jdk1.8.0_05\jre\bin\server\jvm.dll
0x00007fff2f3e0000 - 0x00007fff2f3e8000 	C:\WINDOWS\System32\PSAPI.DLL
0x00007fff24090000 - 0x00007fff24099000 	C:\WINDOWS\SYSTEM32\WSOCK32.dll
0x00007fff2f530000 - 0x00007fff2f59a000 	C:\WINDOWS\System32\WS2_32.dll
0x00007fff293e0000 - 0x00007fff29403000 	C:\WINDOWS\SYSTEM32\WINMM.dll
0x00000000009a0000 - 0x00000000009cb000 	C:\WINDOWS\SYSTEM32\WINMMBASE.dll
0x00007fff2d570000 - 0x00007fff2d5b2000 	C:\WINDOWS\System32\cfgmgr32.dll
0x00000000589f0000 - 0x00000000589ff000 	C:\Program Files\Java\jdk1.8.0_05\jre\bin\verify.dll
0x00000000589c0000 - 0x00000000589e8000 	C:\Program Files\Java\jdk1.8.0_05\jre\bin\java.dll
0x0000000058990000 - 0x00000000589b3000 	C:\Program Files\Java\jdk1.8.0_05\jre\bin\instrument.dll
0x0000000058970000 - 0x0000000058986000 	C:\Program Files\Java\jdk1.8.0_05\jre\bin\zip.dll
0x00007fff2f5b0000 - 0x00007fff30ab8000 	C:\WINDOWS\System32\SHELL32.dll
0x00007fff2d900000 - 0x00007fff2dfda000 	C:\WINDOWS\System32\windows.storage.dll
0x00007fff2cf50000 - 0x00007fff2cf9c000 	C:\WINDOWS\System32\powrprof.dll
0x00007fff2e500000 - 0x00007fff2e552000 	C:\WINDOWS\System32\shlwapi.dll
0x00007fff2cfa0000 - 0x00007fff2cfaf000 	C:\WINDOWS\System32\kernel.appcore.dll
0x00007fff2d6c0000 - 0x00007fff2d769000 	C:\WINDOWS\System32\shcore.dll
0x00007fff2cf20000 - 0x00007fff2cf34000 	C:\WINDOWS\System32\profapi.dll
0x00007fff2cb80000 - 0x00007fff2cb97000 	C:\WINDOWS\SYSTEM32\CRYPTSP.dll
0x00007fff2c0f0000 - 0x00007fff2c123000 	C:\WINDOWS\system32\rsaenh.dll
0x00007fff2ce60000 - 0x00007fff2ce8b000 	C:\WINDOWS\SYSTEM32\bcrypt.dll
0x00007fff2c370000 - 0x00007fff2c38f000 	C:\WINDOWS\SYSTEM32\USERENV.dll
0x00007fff2c6e0000 - 0x00007fff2c6eb000 	C:\WINDOWS\SYSTEM32\CRYPTBASE.dll
0x0000000058950000 - 0x000000005896a000 	C:\Program Files\Java\jdk1.8.0_05\jre\bin\net.dll
0x00007fff2c510000 - 0x00007fff2c56c000 	C:\WINDOWS\system32\mswsock.dll
0x00007fff2c270000 - 0x00007fff2c2a8000 	C:\WINDOWS\SYSTEM32\IPHLPAPI.DLL
0x00007fff2f5a0000 - 0x00007fff2f5a8000 	C:\WINDOWS\System32\NSI.dll
0x00007fff27c20000 - 0x00007fff27c36000 	C:\WINDOWS\SYSTEM32\dhcpcsvc6.DLL
0x00007fff27c00000 - 0x00007fff27c1a000 	C:\WINDOWS\SYSTEM32\dhcpcsvc.DLL
0x0000000058930000 - 0x0000000058941000 	C:\Program Files\Java\jdk1.8.0_05\jre\bin\nio.dll
0x00007fff25450000 - 0x00007fff2545a000 	C:\Users\Martín.Martín-PC\AppData\Local\Temp\jansi-64-1293557956619739541.dll
0x00000000588e0000 - 0x00000000588ed000 	C:\Program Files\Java\jdk1.8.0_05\jre\bin\management.dll
0x00007fff2c2b0000 - 0x00007fff2c351000 	C:\WINDOWS\SYSTEM32\DNSAPI.dll
0x000000005bfe0000 - 0x000000005c006000 	C:\Program Files\Bonjour\mdnsNSP.dll
0x00007fff24100000 - 0x00007fff2410a000 	C:\Windows\System32\rasadhlp.dll
0x00007fff27ac0000 - 0x00007fff27b2a000 	C:\WINDOWS\System32\fwpuclnt.dll
0x0000000058900000 - 0x0000000058924000 	C:\Program Files\Java\jdk1.8.0_05\jre\bin\sunec.dll
0x00007fff0f7f0000 - 0x00007fff0f806000 	C:\WINDOWS\system32\napinsp.dll
0x00007fff124b0000 - 0x00007fff124ca000 	C:\WINDOWS\system32\pnrpnsp.dll
0x00007fff2a130000 - 0x00007fff2a148000 	C:\WINDOWS\system32\NLAapi.dll
0x00007fff15430000 - 0x00007fff1543e000 	C:\WINDOWS\System32\winrnr.dll
0x00007fff0f810000 - 0x00007fff0f825000 	C:\WINDOWS\System32\wshbth.dll
0x00007fff2cba0000 - 0x00007fff2cd32000 	C:\WINDOWS\SYSTEM32\dbghelp.dll

VM Arguments:
jvm_args: -Dfile.encoding=UTF-8 -Xmx768M -Xms64M -Dgrails.fork.parent.process.port=9020 -Dgrails.fork.active=true -Dgrails.build.execution.context=C:\Users\Martín.Martín-PC\AppData\Local\Temp\PFPorcino8721540144196100939grails-execution-context -Dgrails.home=C:\grails-2.4.4 -javaagent:C:\grails-2.4.4\lib\org.springframework\springloaded\jars\springloaded-1.2.1.RELEASE.jar -Xverify:none -Dspringloaded.synchronize=true -Djdk.reflect.allowGetCallerClass=true -Dspringloaded=profile=grails;cacheDir=C:\Users\Martín.Martín-PC\.grails\2.4.4 
java_command: org.grails.plugins.tomcat.fork.ForkedTomcatServer
java_class_path (initial): C:\Program Files\Java\jdk1.8.0_05\lib\tools.jar;C:\grails-2.4.4\lib\org.codehaus.groovy\groovy-all\jars\groovy-all-2.3.7.jar;C:\grails-2.4.4\lib\org.slf4j\jcl-over-slf4j\jars\jcl-over-slf4j-1.7.5.jar;C:\grails-2.4.4\lib\org.codehaus.gant\gant_groovy1.8\jars\gant_groovy1.8-1.9.6.jar;C:\grails-2.4.4\lib\org.apache.tomcat.embed\tomcat-embed-logging-log4j\jars\tomcat-embed-logging-log4j-7.0.50.jar;C:\grails-2.4.4\dist\grails-plugin-log4j-2.4.4.jar;C:\grails-2.4.4\lib\log4j\log4j\jars\log4j-1.2.17.jar;C:\grails-2.4.4\dist\grails-bootstrap-2.4.4.jar;C:\grails-2.4.4\lib\org.slf4j\slf4j-api\jars\slf4j-api-1.7.5.jar;C:\grails-2.4.4\lib\jline\jline\jars\jline-2.12.jar;C:\grails-2.4.4\lib\org.apache.ant\ant\jars\ant-1.8.4.jar;C:\grails-2.4.4\lib\org.apache.ant\ant-launcher\jars\ant-launcher-1.8.4.jar;C:\grails-2.4.4\lib\org.apache.ant\ant-trax\jars\ant-trax-1.7.1.jar;C:\grails-2.4.4\lib\org.apache.ant\ant-junit\jars\ant-junit-1.8.4.jar;C:\grails-2.4.4\lib\org.apache.ivy\ivy\jars\ivy-2.3.0.jar;C:\grails-2.4.4\lib\org.fusesource.jansi\jansi\jars\jansi-1.11.jar;C:\Users\Martín.Martín-PC\.m2\repository\org\apache\tomcat\tomcat-catalina-ant\7.0.55\tomcat-catalina-ant-7.0.55.jar;C:\Users\Martín.Martín-PC\.m2\repository\org\apache\tomcat\embed\tomcat-embed-jasper\7.0.55\tomcat-embed-jasper-7.0.55.jar;C:\Users\Martín.Martín-PC\.m2\repository\org\apache\tomcat\embed\tomcat-embed-el\7.0.55\tomcat-embed-el-7.0.55.jar;C:\Users\Martín.Martín-PC\.m2\repository\org\apache\tomcat\embed\tomcat-embed-logging-log4j\7.0.55\tomcat-embed-logging-log4j-7.0.55.jar;C:\Users\Martín.Martín-PC\.m2\repository\org\apache\tomcat\embed\tomcat-embed-websocket\7.0.55\tomcat-embed-websocket-7.0.55.jar;C:\Users\Martín.Martín-PC\.m2\repository\org\apache\tomcat\embed\tomcat-embed-core\7.0.55\tomcat-embed-core-7.0.55.jar;C:\Users\Martín.Martín-PC\.m2\repository\org\eclipse\jdt\core\compiler\ecj\3.7.2\ecj-3.7.2.jar;C:\Users\Martín.Martín-PC\IdeaProjects\PFPorcino\target\work\plugins\tom
Launcher Type: SUN_STANDARD

Environment Variables:
JAVA_HOME=C:\Program Files\Java\jdk1.8.0_05
JRE_HOME=C:\Program Files\Java\jdk1.8.0_05\jre
CLASSPATH=.;C:\Program Files\Java\jdk1.8.0_05\lib;C:\Program Files\Java\jdk1.8.0_05\jre\lib
PATH=C:\Program Files (x86)\NVIDIA Corporation\PhysX\Common;c:\windows\system32;c:\windows;c:\windows\system32\wbem;c:\windows\system32\windowspowershell\v1.0\;c:\program files (x86)\ati technologies\ati.ace\core-static;c:\program files\matlab\r2012b\runtime\win64;c:\program files\matlab\r2012b\bin;c:\program files\microsoft sql server\110\tools\binn\;c:\program files (x86)\windows kits\8.1\windows performance toolkit\;c:\program files (x86)\microsoft sdks\typescript\1.0\;c:\program files\statgraphics\statgraphics centurion xvi.ii\;c:\program files (x86)\quicktime\qtsystem\;c:\program files (x86)\amd\ati.ace\core-static;C:\WINDOWS\system32;C:\WINDOWS;C:\WINDOWS\System32\Wbem;C:\WINDOWS\System32\WindowsPowerShell\v1.0\;C:\Program Files\Microsoft SQL Server\120\Tools\Binn\;C:\Program Files\Microsoft SQL Server\Client SDK\ODBC\110\Tools\Binn\;C:\Program Files (x86)\Microsoft SQL Server\120\Tools\Binn\;C:\Program Files\Microsoft SQL Server\120\DTS\Binn\;C:\Program Files (x86)\Microsoft SQL Server\120\Tools\Binn\ManagementStudio\;C:\Program Files (x86)\Microsoft SQL Server\120\DTS\Binn\;C:\Program Files\Java\jdk1.8.0_05\bin;;C:\Users\Martín.Martín-PC\AppData\Local\Microsoft\WindowsApps
USERNAME=Martín
OS=Windows_NT
PROCESSOR_IDENTIFIER=Intel64 Family 6 Model 60 Stepping 3, GenuineIntel



---------------  S Y S T E M  ---------------

OS: Windows 8.1 , 64 bit Build 9600 

CPU:total 4 (2 cores per cpu, 2 threads per core) family 6 model 60 stepping 3, cmov, cx8, fxsr, mmx, sse, sse2, sse3, ssse3, sse4.1, sse4.2, popcnt, avx, avx2, aes, clmul, erms, ht, tsc, tscinvbit

Memory: 4k page, physical 6176556k(1182624k free), swap 8535852k(1378640k free)

vm_info: Java HotSpot(TM) 64-Bit Server VM (25.5-b02) for windows-amd64 JRE (1.8.0_05-b13), built on Mar 18 2014 01:08:39 by "java_re" with MS VC++ 10.0 (VS2010)

time: Wed May 03 23:42:50 2017
elapsed time: 28 seconds

