#
# A fatal error has been detected by the Java Runtime Environment:
#
#  EXCEPTION_ACCESS_VIOLATION (0xc0000005) at pc=0x0000000065be4bc2, pid=9512, tid=6808
#
# JRE version: Java(TM) SE Runtime Environment (8.0_05-b13) (build 1.8.0_05-b13)
# Java VM: Java HotSpot(TM) 64-Bit Server VM (25.5-b02 mixed mode windows-amd64 compressed oops)
# Problematic frame:
# V  [jvm.dll+0x424bc2]
#
# Failed to write core dump. Minidumps are not enabled by default on client versions of Windows
#
# If you would like to submit a bug report, please visit:
#   http://bugreport.sun.com/bugreport/crash.jsp
#

---------------  T H R E A D  ---------------

Current thread (0x0000000016041000):  JavaThread "C2 CompilerThread0" daemon [_thread_in_native, id=6808, stack(0x0000000016370000,0x0000000016470000)]

siginfo: ExceptionCode=0xc0000005, reading address 0x0000000000000000

Registers:
RAX=0x00000000180ffa78, RBX=0x0000000000000600, RCX=0x0000000000000000, RDX=0x0000000016af4c90
RSP=0x000000001646c1c0, RBP=0x00000000000000c0, RSI=0x00000000000000b8, RDI=0x0000000000000000
R8 =0x00000000657c0000, R9 =0x000000001646c4e0, R10=0x00000000ffffffff, R11=0x0000000016064810
R12=0x0000000018100180, R13=0x0000000016e6b318, R14=0x0000000000000008, R15=0x0000000016e6b318
RIP=0x0000000065be4bc2, EFLAGS=0x0000000000010206

Top of Stack: (sp=0x000000001646c1c0)
0x000000001646c1c0:   00000000000000da 0000000016af0510
0x000000001646c1d0:   0000000000000000 00000000196a5588
0x000000001646c1e0:   0000000000000001 0000000000000600
0x000000001646c1f0:   0000000000000180 00000000000000c0
0x000000001646c200:   000000001d64d540 0000000014a6f840
0x000000001646c210:   00000000000006d0 0000000016af0510
0x000000001646c220:   000000001646c4e0 00000000180fcbd0
0x000000001646c230:   0000000000000020 0000000000000009
0x000000001646c240:   0000000018100150 00000000000000da
0x000000001646c250:   0000000016e6b318 0000000065be579d
0x000000001646c260:   0000000018100150 000000000000001c
0x000000001646c270:   00000000000000da 000000001646c4e0
0x000000001646c280:   0000000016af4c90 00000000000000da
0x000000001646c290:   00000000180fcbd0 0000000000000020
0x000000001646c2a0:   000000001878d698 000000001646e850
0x000000001646c2b0:   000000001878dcc8 0000000018100150 

Instructions: (pc=0x0000000065be4bc2)
0x0000000065be4ba2:   c6 48 63 f0 48 03 f1 eb 04 48 83 ce ff 48 8b 84
0x0000000065be4bb2:   24 a0 00 00 00 48 8b 40 08 48 8b 3c 03 48 8b cf
0x0000000065be4bc2:   48 8b 07 ff 50 28 4c 8d 05 31 b4 bd ff 48 63 50
0x0000000065be4bd2:   10 4c 8b d8 48 8b ca 48 c1 e1 05 42 80 bc 01 c0 


Register to memory mapping:

RAX=0x00000000180ffa78 is an unknown value
RBX=0x0000000000000600 is an unknown value
RCX=0x0000000000000000 is an unknown value
RDX=0x0000000016af4c90 is an unknown value
RSP=0x000000001646c1c0 is pointing into the stack for thread: 0x0000000016041000
RBP=0x00000000000000c0 is an unknown value
RSI=0x00000000000000b8 is an unknown value
RDI=0x0000000000000000 is an unknown value
R8 =0x00000000657c0000 is an unknown value
R9 =0x000000001646c4e0 is pointing into the stack for thread: 0x0000000016041000
R10=0x00000000ffffffff is an unknown value
R11=0x0000000016064810 is an unknown value
R12=0x0000000018100180 is an unknown value
R13=0x0000000016e6b318 is an unknown value
R14=0x0000000000000008 is an unknown value
R15=0x0000000016e6b318 is an unknown value


Stack: [0x0000000016370000,0x0000000016470000],  sp=0x000000001646c1c0,  free space=1008k
Native frames: (J=compiled Java code, j=interpreted, Vv=VM code, C=native code)
V  [jvm.dll+0x424bc2]
V  [jvm.dll+0x42579d]
V  [jvm.dll+0x425cdf]
V  [jvm.dll+0x4c5874]
V  [jvm.dll+0x44123c]
V  [jvm.dll+0x4436a9]
V  [jvm.dll+0x427532]
V  [jvm.dll+0x96702]
V  [jvm.dll+0x96ef3]
V  [jvm.dll+0x2232c4]
V  [jvm.dll+0x27baca]
C  [msvcr100.dll+0x21d9f]
C  [msvcr100.dll+0x21e3b]
C  [KERNEL32.DLL+0x8364]
C  [ntdll.dll+0x670d1]


Current CompileTask:
C2:  24203 6474       4       groovy.lang.MetaClassImpl::findPropertyMethod (356 bytes)


---------------  P R O C E S S  ---------------

Java Threads: ( => current thread )
  0x000000001c014800 JavaThread "http-bio-8080-exec-5" daemon [_thread_in_Java, id=7584, stack(0x0000000021970000,0x0000000021a70000)]
  0x000000001c017000 JavaThread "http-bio-8080-exec-4" daemon [_thread_blocked, id=4224, stack(0x0000000021870000,0x0000000021970000)]
  0x000000001c016800 JavaThread "Thread-10" daemon [_thread_in_native, id=5256, stack(0x00000000204b0000,0x00000000205b0000)]
  0x000000001c018800 JavaThread "http-bio-8080-exec-3" daemon [_thread_in_native, id=7808, stack(0x00000000203b0000,0x00000000204b0000)]
  0x000000001c014000 JavaThread "DestroyJavaVM" [_thread_blocked, id=1120, stack(0x0000000002830000,0x0000000002930000)]
  0x000000001c019800 JavaThread "Thread-8" [_thread_blocked, id=5532, stack(0x00000000202b0000,0x00000000203b0000)]
  0x000000001c015800 JavaThread "http-bio-8080-exec-2" daemon [_thread_blocked, id=344, stack(0x00000000200b0000,0x00000000201b0000)]
  0x000000001c31f800 JavaThread "http-bio-8080-exec-1" daemon [_thread_in_native, id=5144, stack(0x000000001ffb0000,0x00000000200b0000)]
  0x000000001c31f000 JavaThread "http-bio-8080-AsyncTimeout" daemon [_thread_blocked, id=3912, stack(0x000000001feb0000,0x000000001ffb0000)]
  0x000000001c31d000 JavaThread "http-bio-8080-Acceptor-0" daemon [_thread_in_native, id=5528, stack(0x000000001fdb0000,0x000000001feb0000)]
  0x000000001c31e000 JavaThread "ContainerBackgroundProcessor[StandardEngine[Tomcat]]" daemon [_thread_blocked, id=9008, stack(0x000000001fcb0000,0x000000001fdb0000)]
  0x000000001bd0d000 JavaThread "net.sf.ehcache.CacheManager@1ad0a723" daemon [_thread_blocked, id=8416, stack(0x000000001e870000,0x000000001e970000)]
  0x0000000019f78000 JavaThread "PoolCleaner[434437292:1492673213368]" daemon [_thread_blocked, id=5684, stack(0x000000001c570000,0x000000001c670000)]
  0x0000000019a04800 JavaThread "FileSystemWatcher: files=#122 cl=groovy.lang.GroovyClassLoader@19e4fcac" daemon [_thread_blocked, id=7612, stack(0x000000001aaf0000,0x000000001abf0000)]
  0x000000001991d000 JavaThread "localhost-startStop-1" daemon [_thread_blocked, id=7076, stack(0x000000001a9f0000,0x000000001aaf0000)]
  0x000000001991c800 JavaThread "Tomcat-startStop-1" daemon [_thread_blocked, id=10228, stack(0x000000001a8f0000,0x000000001a9f0000)]
  0x00000000198bd000 JavaThread "Thread-3" [_thread_in_native, id=7276, stack(0x000000001a5f0000,0x000000001a6f0000)]
  0x0000000018209800 JavaThread "Thread-2" [_thread_blocked, id=9736, stack(0x0000000018c80000,0x0000000018d80000)]
  0x0000000016c76000 JavaThread "NonBlockingInputStreamThread" daemon [_thread_blocked, id=10916, stack(0x00000000179b0000,0x0000000017ab0000)]
  0x0000000016149000 JavaThread "Service Thread" daemon [_thread_blocked, id=10868, stack(0x0000000016670000,0x0000000016770000)]
  0x0000000014a77000 JavaThread "C1 CompilerThread2" daemon [_thread_blocked, id=8376, stack(0x0000000016570000,0x0000000016670000)]
  0x0000000014a6c000 JavaThread "C2 CompilerThread1" daemon [_thread_in_native, id=9156, stack(0x0000000016470000,0x0000000016570000)]
=>0x0000000016041000 JavaThread "C2 CompilerThread0" daemon [_thread_in_native, id=6808, stack(0x0000000016370000,0x0000000016470000)]
  0x0000000014a1f800 JavaThread "Attach Listener" daemon [_thread_blocked, id=10976, stack(0x0000000015e70000,0x0000000015f70000)]
  0x0000000014a1e800 JavaThread "Signal Dispatcher" daemon [_thread_blocked, id=9992, stack(0x0000000015d70000,0x0000000015e70000)]
  0x0000000002ca7800 JavaThread "Finalizer" daemon [_thread_blocked, id=4972, stack(0x0000000015c70000,0x0000000015d70000)]
  0x0000000002c9c800 JavaThread "Reference Handler" daemon [_thread_blocked, id=2176, stack(0x0000000015b70000,0x0000000015c70000)]

Other Threads:
  0x00000000149e6000 VMThread [stack: 0x0000000015a70000,0x0000000015b70000] [id=10852]
  0x000000001614a800 WatcherThread [stack: 0x0000000016770000,0x0000000016870000] [id=7684]

VM state:not at safepoint (normal execution)

VM Mutex/Monitor currently owned by a thread: None

Heap:
 PSYoungGen      total 175616K, used 117536K [0x00000000f0000000, 0x0000000100000000, 0x0000000100000000)
  eden space 130048K, 60% used [0x00000000f0000000,0x00000000f4d77440,0x00000000f7f00000)
  from space 45568K, 83% used [0x00000000f7f00000,0x00000000fa450e98,0x00000000fab80000)
  to   space 69120K, 0% used [0x00000000fbc80000,0x00000000fbc80000,0x0000000100000000)
 ParOldGen       total 88064K, used 75898K [0x00000000d0000000, 0x00000000d5600000, 0x00000000f0000000)
  object space 88064K, 86% used [0x00000000d0000000,0x00000000d4a1e988,0x00000000d5600000)
 Metaspace       used 68989K, capacity 71148K, committed 71296K, reserved 1112064K
  class space    used 7842K, capacity 8466K, committed 8576K, reserved 1048576K

Card table byte_map: [0x0000000012070000,0x0000000012200000] byte_map_base: 0x00000000119f0000

Marking Bits: (ParMarkBitMap*) 0x0000000065f713b0
 Begin Bits: [0x0000000012700000, 0x0000000013300000)
 End Bits:   [0x0000000013300000, 0x0000000013f00000)

Polling page: 0x0000000002930000

CodeCache: size=245760Kb used=20987Kb max_used=20987Kb free=224772Kb
 bounds [0x0000000002cb0000, 0x0000000004140000, 0x0000000011cb0000]
 total_blobs=7211 nmethods=6431 adapters=690
 compilation: enabled

Compilation events (10 events):
Event: 24.084 Thread 0x0000000014a77000 7169       2       org.codehaus.groovy.control.ResolveVisitor::resolveFromDefaultImports (148 bytes)
Event: 24.085 Thread 0x0000000014a77000 nmethod 7169 0x000000000412ab10 code [0x000000000412ad20, 0x000000000412b288]
Event: 24.090 Thread 0x0000000014a77000 7170       2       org.codehaus.groovy.ast.expr.ArgumentListExpression::transformExpression (29 bytes)
Event: 24.090 Thread 0x0000000014a77000 nmethod 7170 0x000000000412b690 code [0x000000000412b820, 0x000000000412bae8]
Event: 24.090 Thread 0x0000000014a77000 7171       2       org.codehaus.groovy.control.ClassNodeResolver::cacheClass (13 bytes)
Event: 24.090 Thread 0x0000000014a77000 nmethod 7171 0x000000000412bc90 code [0x000000000412be00, 0x000000000412bf88]
Event: 24.100 Thread 0x0000000014a77000 7172       2       org.codehaus.groovy.control.ResolveVisitor::resolveFromStaticInnerClasses (118 bytes)
Event: 24.101 Thread 0x0000000014a77000 nmethod 7172 0x000000000412c010 code [0x000000000412c200, 0x000000000412c6d8]
Event: 24.101 Thread 0x0000000014a77000 7173       2       org.codehaus.groovy.control.ResolveVisitor::resolveToOuter (110 bytes)
Event: 24.101 Thread 0x0000000014a77000 nmethod 7173 0x000000000412c9d0 code [0x000000000412cbe0, 0x000000000412d0b8]

GC Heap History (10 events):
Event: 20.550 GC heap before
{Heap before GC invocations=71 (full 5):
 PSYoungGen      total 204288K, used 200836K [0x00000000f0000000, 0x0000000100000000, 0x0000000100000000)
  eden space 164864K, 98% used [0x00000000f0000000,0x00000000f9df4090,0x00000000fa100000)
  from space 39424K, 99% used [0x00000000fa100000,0x00000000fc72d128,0x00000000fc780000)
  to   space 53760K, 0% used [0x00000000fcb80000,0x00000000fcb80000,0x0000000100000000)
 ParOldGen       total 76288K, used 71230K [0x00000000d0000000, 0x00000000d4a80000, 0x00000000f0000000)
  object space 76288K, 93% used [0x00000000d0000000,0x00000000d458f9c8,0x00000000d4a80000)
 Metaspace       used 65596K, capacity 67600K, committed 67712K, reserved 1110016K
  class space    used 7430K, capacity 7998K, committed 8064K, reserved 1048576K
Event: 20.606 GC heap after
Heap after GC invocations=71 (full 5):
 PSYoungGen      total 199168K, used 42145K [0x00000000f0000000, 0x0000000100000000, 0x0000000100000000)
  eden space 145408K, 0% used [0x00000000f0000000,0x00000000f0000000,0x00000000f8e00000)
  from space 53760K, 78% used [0x00000000fcb80000,0x00000000ff4a84e0,0x0000000100000000)
  to   space 58368K, 0% used [0x00000000f8e00000,0x00000000f8e00000,0x00000000fc700000)
 ParOldGen       total 76288K, used 71238K [0x00000000d0000000, 0x00000000d4a80000, 0x00000000f0000000)
  object space 76288K, 93% used [0x00000000d0000000,0x00000000d45919c8,0x00000000d4a80000)
 Metaspace       used 65596K, capacity 67600K, committed 67712K, reserved 1110016K
  class space    used 7430K, capacity 7998K, committed 8064K, reserved 1048576K
}
Event: 21.375 GC heap before
{Heap before GC invocations=72 (full 5):
 PSYoungGen      total 199168K, used 185844K [0x00000000f0000000, 0x0000000100000000, 0x0000000100000000)
  eden space 145408K, 98% used [0x00000000f0000000,0x00000000f8c54e98,0x00000000f8e00000)
  from space 53760K, 78% used [0x00000000fcb80000,0x00000000ff4a84e0,0x0000000100000000)
  to   space 58368K, 0% used [0x00000000f8e00000,0x00000000f8e00000,0x00000000fc700000)
 ParOldGen       total 76288K, used 71238K [0x00000000d0000000, 0x00000000d4a80000, 0x00000000f0000000)
  object space 76288K, 93% used [0x00000000d0000000,0x00000000d45919c8,0x00000000d4a80000)
 Metaspace       used 66952K, capacity 69072K, committed 69248K, reserved 1110016K
  class space    used 7587K, capacity 8203K, committed 8320K, reserved 1048576K
Event: 21.496 GC heap after
Heap after GC invocations=72 (full 5):
 PSYoungGen      total 189952K, used 44215K [0x00000000f0000000, 0x0000000100000000, 0x0000000100000000)
  eden space 145408K, 0% used [0x00000000f0000000,0x00000000f0000000,0x00000000f8e00000)
  from space 44544K, 99% used [0x00000000f8e00000,0x00000000fb92dc60,0x00000000fb980000)
  to   space 62976K, 0% used [0x00000000fc280000,0x00000000fc280000,0x0000000100000000)
 ParOldGen       total 76288K, used 71438K [0x00000000d0000000, 0x00000000d4a80000, 0x00000000f0000000)
  object space 76288K, 93% used [0x00000000d0000000,0x00000000d45c39c8,0x00000000d4a80000)
 Metaspace       used 66952K, capacity 69072K, committed 69248K, reserved 1110016K
  class space    used 7587K, capacity 8203K, committed 8320K, reserved 1048576K
}
Event: 22.005 GC heap before
{Heap before GC invocations=73 (full 5):
 PSYoungGen      total 189952K, used 180804K [0x00000000f0000000, 0x0000000100000000, 0x0000000100000000)
  eden space 145408K, 93% used [0x00000000f0000000,0x00000000f85633e8,0x00000000f8e00000)
  from space 44544K, 99% used [0x00000000f8e00000,0x00000000fb92dc60,0x00000000fb980000)
  to   space 62976K, 0% used [0x00000000fc280000,0x00000000fc280000,0x0000000100000000)
 ParOldGen       total 76288K, used 71438K [0x00000000d0000000, 0x00000000d4a80000, 0x00000000f0000000)
  object space 76288K, 93% used [0x00000000d0000000,0x00000000d45c39c8,0x00000000d4a80000)
 Metaspace       used 67601K, capacity 69738K, committed 70016K, reserved 1112064K
  class space    used 7667K, capacity 8280K, committed 8320K, reserved 1048576K
Event: 22.141 GC heap after
Heap after GC invocations=73 (full 5):
 PSYoungGen      total 193024K, used 43703K [0x00000000f0000000, 0x0000000100000000, 0x0000000100000000)
  eden space 130048K, 0% used [0x00000000f0000000,0x00000000f0000000,0x00000000f7f00000)
  from space 62976K, 69% used [0x00000000fc280000,0x00000000fed2df00,0x0000000100000000)
  to   space 66048K, 0% used [0x00000000f7f00000,0x00000000f7f00000,0x00000000fbf80000)
 ParOldGen       total 76288K, used 72129K [0x00000000d0000000, 0x00000000d4a80000, 0x00000000f0000000)
  object space 76288K, 94% used [0x00000000d0000000,0x00000000d46707c8,0x00000000d4a80000)
 Metaspace       used 67601K, capacity 69738K, committed 70016K, reserved 1112064K
  class space    used 7667K, capacity 8280K, committed 8320K, reserved 1048576K
}
Event: 22.848 GC heap before
{Heap before GC invocations=74 (full 5):
 PSYoungGen      total 193024K, used 167793K [0x00000000f0000000, 0x0000000100000000, 0x0000000100000000)
  eden space 130048K, 95% used [0x00000000f0000000,0x00000000f792e810,0x00000000f7f00000)
  from space 62976K, 69% used [0x00000000fc280000,0x00000000fed2df00,0x0000000100000000)
  to   space 66048K, 0% used [0x00000000f7f00000,0x00000000f7f00000,0x00000000fbf80000)
 ParOldGen       total 76288K, used 72129K [0x00000000d0000000, 0x00000000d4a80000, 0x00000000f0000000)
  object space 76288K, 94% used [0x00000000d0000000,0x00000000d46707c8,0x00000000d4a80000)
 Metaspace       used 68624K, capacity 70784K, committed 70912K, reserved 1112064K
  class space    used 7801K, capacity 8426K, committed 8448K, reserved 1048576K
Event: 22.910 GC heap after
Heap after GC invocations=74 (full 5):
 PSYoungGen      total 175616K, used 45270K [0x00000000f0000000, 0x0000000100000000, 0x0000000100000000)
  eden space 130048K, 0% used [0x00000000f0000000,0x00000000f0000000,0x00000000f7f00000)
  from space 45568K, 99% used [0x00000000f7f00000,0x00000000fab35b80,0x00000000fab80000)
  to   space 69120K, 0% used [0x00000000fbc80000,0x00000000fbc80000,0x0000000100000000)
 ParOldGen       total 76288K, used 72533K [0x00000000d0000000, 0x00000000d4a80000, 0x00000000f0000000)
  object space 76288K, 95% used [0x00000000d0000000,0x00000000d46d57d8,0x00000000d4a80000)
 Metaspace       used 68624K, capacity 70784K, committed 70912K, reserved 1112064K
  class space    used 7801K, capacity 8426K, committed 8448K, reserved 1048576K
}
Event: 22.911 GC heap before
{Heap before GC invocations=75 (full 6):
 PSYoungGen      total 175616K, used 45270K [0x00000000f0000000, 0x0000000100000000, 0x0000000100000000)
  eden space 130048K, 0% used [0x00000000f0000000,0x00000000f0000000,0x00000000f7f00000)
  from space 45568K, 99% used [0x00000000f7f00000,0x00000000fab35b80,0x00000000fab80000)
  to   space 69120K, 0% used [0x00000000fbc80000,0x00000000fbc80000,0x0000000100000000)
 ParOldGen       total 76288K, used 72533K [0x00000000d0000000, 0x00000000d4a80000, 0x00000000f0000000)
  object space 76288K, 95% used [0x00000000d0000000,0x00000000d46d57d8,0x00000000d4a80000)
 Metaspace       used 68624K, capacity 70784K, committed 70912K, reserved 1112064K
  class space    used 7801K, capacity 8426K, committed 8448K, reserved 1048576K
Event: 23.841 GC heap after
Heap after GC invocations=75 (full 6):
 PSYoungGen      total 175616K, used 38211K [0x00000000f0000000, 0x0000000100000000, 0x0000000100000000)
  eden space 130048K, 0% used [0x00000000f0000000,0x00000000f0000000,0x00000000f7f00000)
  from space 45568K, 83% used [0x00000000f7f00000,0x00000000fa450e98,0x00000000fab80000)
  to   space 69120K, 0% used [0x00000000fbc80000,0x00000000fbc80000,0x0000000100000000)
 ParOldGen       total 88064K, used 75898K [0x00000000d0000000, 0x00000000d5600000, 0x00000000f0000000)
  object space 88064K, 86% used [0x00000000d0000000,0x00000000d4a1e988,0x00000000d5600000)
 Metaspace       used 68624K, capacity 70784K, committed 70912K, reserved 1112064K
  class space    used 7801K, capacity 8426K, committed 8448K, reserved 1048576K
}

Deoptimization events (10 events):
Event: 22.793 Thread 0x000000001c014800 Uncommon trap: reason=class_check action=maybe_recompile pc=0x0000000002db7740 method=java.lang.Character.codePointAt(Ljava/lang/CharSequence;I)I @ 2
Event: 22.793 Thread 0x000000001c014800 Uncommon trap: reason=class_check action=maybe_recompile pc=0x0000000002e65978 method=java.lang.Character.codePointAt(Ljava/lang/CharSequence;I)I @ 2
Event: 22.794 Thread 0x000000001c014800 Uncommon trap: reason=class_check action=maybe_recompile pc=0x000000000395fbf4 method=java.lang.AbstractStringBuilder.append(Ljava/lang/CharSequence;II)Ljava/lang/AbstractStringBuilder; @ 18
Event: 22.794 Thread 0x000000001c014800 Uncommon trap: reason=class_check action=maybe_recompile pc=0x00000000031abc7c method=java.lang.AbstractStringBuilder.append(Ljava/lang/CharSequence;II)Ljava/lang/AbstractStringBuilder; @ 116
Event: 22.794 Thread 0x000000001c014800 Uncommon trap: reason=class_check action=maybe_recompile pc=0x00000000031abc7c method=java.lang.AbstractStringBuilder.append(Ljava/lang/CharSequence;II)Ljava/lang/AbstractStringBuilder; @ 116
Event: 22.794 Thread 0x000000001c014800 Uncommon trap: reason=class_check action=maybe_recompile pc=0x000000000395fbf4 method=java.lang.AbstractStringBuilder.append(Ljava/lang/CharSequence;II)Ljava/lang/AbstractStringBuilder; @ 18
Event: 22.795 Thread 0x000000001c014800 Uncommon trap: reason=class_check action=maybe_recompile pc=0x0000000003bfa224 method=java.util.regex.Matcher.getTextLength()I @ 4
Event: 22.795 Thread 0x000000001c014800 Uncommon trap: reason=class_check action=maybe_recompile pc=0x0000000003bfa224 method=java.util.regex.Matcher.getTextLength()I @ 4
Event: 22.798 Thread 0x000000001c014800 Uncommon trap: reason=class_check action=maybe_recompile pc=0x0000000002e5c940 method=java.util.regex.Pattern$BmpCharProperty.match(Ljava/util/regex/Matcher;ILjava/lang/CharSequence;)Z @ 11
Event: 22.798 Thread 0x000000001c014800 Uncommon trap: reason=class_check action=maybe_recompile pc=0x0000000002e5c940 method=java.util.regex.Pattern$BmpCharProperty.match(Ljava/util/regex/Matcher;ILjava/lang/CharSequence;)Z @ 11

Internal exceptions (10 events):
Event: 24.108 Thread 0x000000001c014800 Exception <a 'java/security/PrivilegedActionException'> (0x00000000f3e87288) thrown at [D:\re\workspace\8-2-build-windows-amd64-cygwin\jdk8u5\2488\hotspot\src\share\vm\prims\jvm.cpp, line 1248]
Event: 24.108 Thread 0x000000001c014800 Exception <a 'java/security/PrivilegedActionException'> (0x00000000f3e9db38) thrown at [D:\re\workspace\8-2-build-windows-amd64-cygwin\jdk8u5\2488\hotspot\src\share\vm\prims\jvm.cpp, line 1248]
Event: 24.108 Thread 0x000000001c014800 Exception <a 'java/security/PrivilegedActionException'> (0x00000000f3e9f508) thrown at [D:\re\workspace\8-2-build-windows-amd64-cygwin\jdk8u5\2488\hotspot\src\share\vm\prims\jvm.cpp, line 1248]
Event: 24.109 Thread 0x000000001c014800 Exception <a 'java/security/PrivilegedActionException'> (0x00000000f3ea3f90) thrown at [D:\re\workspace\8-2-build-windows-amd64-cygwin\jdk8u5\2488\hotspot\src\share\vm\prims\jvm.cpp, line 1248]
Event: 24.109 Thread 0x000000001c014800 Exception <a 'java/security/PrivilegedActionException'> (0x00000000f3eb46c8) thrown at [D:\re\workspace\8-2-build-windows-amd64-cygwin\jdk8u5\2488\hotspot\src\share\vm\prims\jvm.cpp, line 1248]
Event: 24.109 Thread 0x000000001c014800 Exception <a 'java/security/PrivilegedActionException'> (0x00000000f3ed8168) thrown at [D:\re\workspace\8-2-build-windows-amd64-cygwin\jdk8u5\2488\hotspot\src\share\vm\prims\jvm.cpp, line 1248]
Event: 24.109 Thread 0x000000001c014800 Exception <a 'java/security/PrivilegedActionException'> (0x00000000f3eda2b8) thrown at [D:\re\workspace\8-2-build-windows-amd64-cygwin\jdk8u5\2488\hotspot\src\share\vm\prims\jvm.cpp, line 1248]
Event: 24.110 Thread 0x000000001c014800 Exception <a 'java/security/PrivilegedActionException'> (0x00000000f3eee720) thrown at [D:\re\workspace\8-2-build-windows-amd64-cygwin\jdk8u5\2488\hotspot\src\share\vm\prims\jvm.cpp, line 1248]
Event: 24.110 Thread 0x000000001c014800 Exception <a 'java/security/PrivilegedActionException'> (0x00000000f3eefef0) thrown at [D:\re\workspace\8-2-build-windows-amd64-cygwin\jdk8u5\2488\hotspot\src\share\vm\prims\jvm.cpp, line 1248]
Event: 24.110 Thread 0x000000001c014800 Exception <a 'java/security/PrivilegedActionException'> (0x00000000f3ef4978) thrown at [D:\re\workspace\8-2-build-windows-amd64-cygwin\jdk8u5\2488\hotspot\src\share\vm\prims\jvm.cpp, line 1248]

Events (10 events):
Event: 24.106 loading class java/util/org/codehaus/groovy/grails/web/taglib/grails$util$Environment
Event: 24.106 loading class java/util/org/codehaus/groovy/grails/web/taglib/grails$util$Environment done
Event: 24.107 loading class groovy/lang/org/codehaus/groovy/grails/web/taglib/grails$util$Environment
Event: 24.107 loading class groovy/lang/org/codehaus/groovy/grails/web/taglib/grails$util$Environment done
Event: 24.108 loading class groovy/util/org/codehaus/groovy/grails/web/taglib/grails$util$Environment
Event: 24.108 loading class groovy/util/org/codehaus/groovy/grails/web/taglib/grails$util$Environment done
Event: 24.108 loading class org/codehaus/groovy/grails/web/taglib/grails$util$Environment
Event: 24.108 loading class org/codehaus/groovy/grails/web/taglib/grails$util$Environment done
Event: 24.110 loading class org/codehaus/groovy/grails/web/taglib/grails/util$Environment
Event: 24.110 loading class org/codehaus/groovy/grails/web/taglib/grails/util$Environment done


Dynamic libraries:
0x00007ff7c3ce0000 - 0x00007ff7c3d14000 	C:\Program Files\Java\jdk1.8.0_05\bin\java.exe
0x00007ffc997a0000 - 0x00007ffc99971000 	C:\WINDOWS\SYSTEM32\ntdll.dll
0x00007ffc97a80000 - 0x00007ffc97b2b000 	C:\WINDOWS\System32\KERNEL32.DLL
0x00007ffc96490000 - 0x00007ffc966ad000 	C:\WINDOWS\System32\KERNELBASE.dll
0x00007ffc972f0000 - 0x00007ffc97392000 	C:\WINDOWS\System32\ADVAPI32.dll
0x00007ffc97820000 - 0x00007ffc978be000 	C:\WINDOWS\System32\msvcrt.dll
0x00007ffc97650000 - 0x00007ffc976a9000 	C:\WINDOWS\System32\sechost.dll
0x00007ffc97b30000 - 0x00007ffc97c51000 	C:\WINDOWS\System32\RPCRT4.dll
0x00007ffc976b0000 - 0x00007ffc97815000 	C:\WINDOWS\System32\USER32.dll
0x00007ffc969e0000 - 0x00007ffc969fe000 	C:\WINDOWS\System32\win32u.dll
0x00007ffc99760000 - 0x00007ffc99794000 	C:\WINDOWS\System32\GDI32.dll
0x00007ffc96700000 - 0x00007ffc96882000 	C:\WINDOWS\System32\gdi32full.dll
0x00007ffc8ae10000 - 0x00007ffc8b08a000 	C:\WINDOWS\WinSxS\amd64_microsoft.windows.common-controls_6595b64144ccf1df_6.0.14393.953_none_42151e83c686086b\COMCTL32.dll
0x00007ffc96ea0000 - 0x00007ffc97168000 	C:\WINDOWS\System32\combase.dll
0x00007ffc96c30000 - 0x00007ffc96d25000 	C:\WINDOWS\System32\ucrtbase.dll
0x00007ffc95c90000 - 0x00007ffc95cfa000 	C:\WINDOWS\System32\bcryptPrimitives.dll
0x00007ffc96df0000 - 0x00007ffc96e1e000 	C:\WINDOWS\System32\IMM32.DLL
0x0000000065ff0000 - 0x00000000660c2000 	C:\Program Files\Java\jdk1.8.0_05\jre\bin\msvcr100.dll
0x00000000657c0000 - 0x0000000065fea000 	C:\Program Files\Java\jdk1.8.0_05\jre\bin\server\jvm.dll
0x00007ffc97170000 - 0x00007ffc97178000 	C:\WINDOWS\System32\PSAPI.DLL
0x00007ffc8c640000 - 0x00007ffc8c649000 	C:\WINDOWS\SYSTEM32\WSOCK32.dll
0x00007ffc93a90000 - 0x00007ffc93ab3000 	C:\WINDOWS\SYSTEM32\WINMM.dll
0x00007ffc97c60000 - 0x00007ffc97cca000 	C:\WINDOWS\System32\WS2_32.dll
0x00007ffc93a60000 - 0x00007ffc93a8b000 	C:\WINDOWS\SYSTEM32\WINMMBASE.dll
0x00007ffc966b0000 - 0x00007ffc966f2000 	C:\WINDOWS\System32\cfgmgr32.dll
0x00000000657b0000 - 0x00000000657bf000 	C:\Program Files\Java\jdk1.8.0_05\jre\bin\verify.dll
0x0000000065780000 - 0x00000000657a8000 	C:\Program Files\Java\jdk1.8.0_05\jre\bin\java.dll
0x0000000065750000 - 0x0000000065773000 	C:\Program Files\Java\jdk1.8.0_05\jre\bin\instrument.dll
0x0000000065730000 - 0x0000000065746000 	C:\Program Files\Java\jdk1.8.0_05\jre\bin\zip.dll
0x00007ffc98250000 - 0x00007ffc99758000 	C:\WINDOWS\System32\SHELL32.dll
0x00007ffc95d00000 - 0x00007ffc963da000 	C:\WINDOWS\System32\windows.storage.dll
0x00007ffc95c30000 - 0x00007ffc95c7c000 	C:\WINDOWS\System32\powrprof.dll
0x00007ffc97450000 - 0x00007ffc974a2000 	C:\WINDOWS\System32\shlwapi.dll
0x00007ffc95c80000 - 0x00007ffc95c8f000 	C:\WINDOWS\System32\kernel.appcore.dll
0x00007ffc96890000 - 0x00007ffc96939000 	C:\WINDOWS\System32\shcore.dll
0x00007ffc95c10000 - 0x00007ffc95c24000 	C:\WINDOWS\System32\profapi.dll
0x00007ffc956d0000 - 0x00007ffc956e7000 	C:\WINDOWS\SYSTEM32\CRYPTSP.dll
0x00007ffc95130000 - 0x00007ffc95163000 	C:\WINDOWS\system32\rsaenh.dll
0x00007ffc957e0000 - 0x00007ffc9580b000 	C:\WINDOWS\SYSTEM32\bcrypt.dll
0x00007ffc953b0000 - 0x00007ffc953cf000 	C:\WINDOWS\SYSTEM32\USERENV.dll
0x00007ffc956f0000 - 0x00007ffc956fb000 	C:\WINDOWS\SYSTEM32\CRYPTBASE.dll
0x0000000065710000 - 0x000000006572a000 	C:\Program Files\Java\jdk1.8.0_05\jre\bin\net.dll
0x00007ffc95530000 - 0x00007ffc9558c000 	C:\WINDOWS\system32\mswsock.dll
0x00007ffc952b0000 - 0x00007ffc952e8000 	C:\WINDOWS\SYSTEM32\IPHLPAPI.DLL
0x00007ffc98100000 - 0x00007ffc98108000 	C:\WINDOWS\System32\NSI.dll
0x00007ffc91bc0000 - 0x00007ffc91bd6000 	C:\WINDOWS\SYSTEM32\dhcpcsvc6.DLL
0x00007ffc91ba0000 - 0x00007ffc91bba000 	C:\WINDOWS\SYSTEM32\dhcpcsvc.DLL
0x00000000656f0000 - 0x0000000065701000 	C:\Program Files\Java\jdk1.8.0_05\jre\bin\nio.dll
0x00007ffc8d070000 - 0x00007ffc8d07a000 	C:\Users\Martín.Martín-PC\AppData\Local\Temp\jansi-64-3406617995274707258.dll
0x00000000656a0000 - 0x00000000656ad000 	C:\Program Files\Java\jdk1.8.0_05\jre\bin\management.dll
0x00007ffc952f0000 - 0x00007ffc95391000 	C:\WINDOWS\SYSTEM32\DNSAPI.dll
0x000000006c200000 - 0x000000006c226000 	C:\Program Files\Bonjour\mdnsNSP.dll
0x00007ffc8cab0000 - 0x00007ffc8caba000 	C:\Windows\System32\rasadhlp.dll
0x00007ffc91830000 - 0x00007ffc9189a000 	C:\WINDOWS\System32\fwpuclnt.dll
0x00000000656c0000 - 0x00000000656e4000 	C:\Program Files\Java\jdk1.8.0_05\jre\bin\sunec.dll
0x00007ffc7c910000 - 0x00007ffc7c926000 	C:\WINDOWS\system32\napinsp.dll
0x00007ffc7c930000 - 0x00007ffc7c94a000 	C:\WINDOWS\system32\pnrpnsp.dll
0x00007ffc93900000 - 0x00007ffc93918000 	C:\WINDOWS\system32\NLAapi.dll
0x00007ffc7c950000 - 0x00007ffc7c95e000 	C:\WINDOWS\System32\winrnr.dll
0x00007ffc806b0000 - 0x00007ffc80842000 	C:\WINDOWS\SYSTEM32\dbghelp.dll

VM Arguments:
jvm_args: -Dfile.encoding=UTF-8 -Xmx768M -Xms64M -Dgrails.fork.parent.process.port=8449 -Dgrails.fork.active=true -Dgrails.build.execution.context=C:\Users\Martín.Martín-PC\AppData\Local\Temp\PFPorcino5605347376147743158grails-execution-context -Dgrails.home=C:\grails-2.4.4 -javaagent:C:\grails-2.4.4\lib\org.springframework\springloaded\jars\springloaded-1.2.1.RELEASE.jar -Xverify:none -Dspringloaded.synchronize=true -Djdk.reflect.allowGetCallerClass=true -Dspringloaded=profile=grails;cacheDir=C:\Users\Martín.Martín-PC\.grails\2.4.4 
java_command: org.grails.plugins.tomcat.fork.ForkedTomcatServer
java_class_path (initial): C:\Program Files\Java\jdk1.8.0_05\lib\tools.jar;C:\grails-2.4.4\lib\org.codehaus.groovy\groovy-all\jars\groovy-all-2.3.7.jar;C:\grails-2.4.4\lib\org.slf4j\jcl-over-slf4j\jars\jcl-over-slf4j-1.7.5.jar;C:\grails-2.4.4\lib\org.codehaus.gant\gant_groovy1.8\jars\gant_groovy1.8-1.9.6.jar;C:\grails-2.4.4\lib\org.apache.tomcat.embed\tomcat-embed-logging-log4j\jars\tomcat-embed-logging-log4j-7.0.50.jar;C:\grails-2.4.4\dist\grails-plugin-log4j-2.4.4.jar;C:\grails-2.4.4\lib\log4j\log4j\jars\log4j-1.2.17.jar;C:\grails-2.4.4\dist\grails-bootstrap-2.4.4.jar;C:\grails-2.4.4\lib\org.slf4j\slf4j-api\jars\slf4j-api-1.7.5.jar;C:\grails-2.4.4\lib\jline\jline\jars\jline-2.12.jar;C:\grails-2.4.4\lib\org.apache.ant\ant\jars\ant-1.8.4.jar;C:\grails-2.4.4\lib\org.apache.ant\ant-launcher\jars\ant-launcher-1.8.4.jar;C:\grails-2.4.4\lib\org.apache.ant\ant-trax\jars\ant-trax-1.7.1.jar;C:\grails-2.4.4\lib\org.apache.ant\ant-junit\jars\ant-junit-1.8.4.jar;C:\grails-2.4.4\lib\org.apache.ivy\ivy\jars\ivy-2.3.0.jar;C:\grails-2.4.4\lib\org.fusesource.jansi\jansi\jars\jansi-1.11.jar;C:\Users\Martín.Martín-PC\.m2\repository\org\apache\tomcat\tomcat-catalina-ant\7.0.55\tomcat-catalina-ant-7.0.55.jar;C:\Users\Martín.Martín-PC\.m2\repository\org\apache\tomcat\embed\tomcat-embed-jasper\7.0.55\tomcat-embed-jasper-7.0.55.jar;C:\Users\Martín.Martín-PC\.m2\repository\org\apache\tomcat\embed\tomcat-embed-el\7.0.55\tomcat-embed-el-7.0.55.jar;C:\Users\Martín.Martín-PC\.m2\repository\org\apache\tomcat\embed\tomcat-embed-logging-log4j\7.0.55\tomcat-embed-logging-log4j-7.0.55.jar;C:\Users\Martín.Martín-PC\.m2\repository\org\apache\tomcat\embed\tomcat-embed-websocket\7.0.55\tomcat-embed-websocket-7.0.55.jar;C:\Users\Martín.Martín-PC\.m2\repository\org\apache\tomcat\embed\tomcat-embed-core\7.0.55\tomcat-embed-core-7.0.55.jar;C:\Users\Martín.Martín-PC\.m2\repository\org\eclipse\jdt\core\compiler\ecj\3.7.2\ecj-3.7.2.jar;C:\Users\Martín.Martín-PC\IdeaProjects\PFPorcino\target\work\plugins\tom
Launcher Type: SUN_STANDARD

Environment Variables:
JAVA_HOME=C:\Program Files\Java\jdk1.8.0_05
JRE_HOME=C:\Program Files\Java\jdk1.8.0_05\jre
CLASSPATH=.;C:\Program Files\Java\jdk1.8.0_05\lib;C:\Program Files\Java\jdk1.8.0_05\jre\lib
PATH=C:\Program Files (x86)\NVIDIA Corporation\PhysX\Common;c:\windows\system32;c:\windows;c:\windows\system32\wbem;c:\windows\system32\windowspowershell\v1.0\;c:\program files (x86)\ati technologies\ati.ace\core-static;c:\program files\matlab\r2012b\runtime\win64;c:\program files\matlab\r2012b\bin;c:\program files\microsoft sql server\110\tools\binn\;c:\program files (x86)\windows kits\8.1\windows performance toolkit\;c:\program files (x86)\microsoft sdks\typescript\1.0\;c:\program files\statgraphics\statgraphics centurion xvi.ii\;c:\program files (x86)\quicktime\qtsystem\;c:\program files (x86)\amd\ati.ace\core-static;C:\WINDOWS\system32;C:\WINDOWS;C:\WINDOWS\System32\Wbem;C:\WINDOWS\System32\WindowsPowerShell\v1.0\;C:\Program Files\Microsoft SQL Server\120\Tools\Binn\;C:\Program Files\Microsoft SQL Server\Client SDK\ODBC\110\Tools\Binn\;C:\Program Files (x86)\Microsoft SQL Server\120\Tools\Binn\;C:\Program Files\Microsoft SQL Server\120\DTS\Binn\;C:\Program Files (x86)\Microsoft SQL Server\120\Tools\Binn\ManagementStudio\;C:\Program Files (x86)\Microsoft SQL Server\120\DTS\Binn\;C:\Program Files\Java\jdk1.8.0_05\bin;;C:\Users\Martín.Martín-PC\AppData\Local\Microsoft\WindowsApps
USERNAME=Martín
OS=Windows_NT
PROCESSOR_IDENTIFIER=Intel64 Family 6 Model 60 Stepping 3, GenuineIntel



---------------  S Y S T E M  ---------------

OS: Windows 8.1 , 64 bit Build 9600 

CPU:total 4 (2 cores per cpu, 2 threads per core) family 6 model 60 stepping 3, cmov, cx8, fxsr, mmx, sse, sse2, sse3, ssse3, sse4.1, sse4.2, popcnt, avx, avx2, aes, clmul, erms, ht, tsc, tscinvbit

Memory: 4k page, physical 6176556k(911976k free), swap 9659064k(1859100k free)

vm_info: Java HotSpot(TM) 64-Bit Server VM (25.5-b02) for windows-amd64 JRE (1.8.0_05-b13), built on Mar 18 2014 01:08:39 by "java_re" with MS VC++ 10.0 (VS2010)

time: Thu Apr 20 02:27:07 2017
elapsed time: 24 seconds

