#
# A fatal error has been detected by the Java Runtime Environment:
#
#  EXCEPTION_ACCESS_VIOLATION (0xc0000005) at pc=0x00000000713b4bc2, pid=816, tid=8544
#
# JRE version: Java(TM) SE Runtime Environment (8.0_05-b13) (build 1.8.0_05-b13)
# Java VM: Java HotSpot(TM) 64-Bit Server VM (25.5-b02 mixed mode windows-amd64 compressed oops)
# Problematic frame:
# V  [jvm.dll+0x424bc2]
#
# Failed to write core dump. Minidumps are not enabled by default on client versions of Windows
#
# If you would like to submit a bug report, please visit:
#   http://bugreport.sun.com/bugreport/crash.jsp
#

---------------  T H R E A D  ---------------

Current thread (0x00000000151f6000):  JavaThread "C2 CompilerThread0" daemon [_thread_in_native, id=8544, stack(0x0000000016b00000,0x0000000016c00000)]

siginfo: ExceptionCode=0xc0000005, reading address 0x0000000000000000

Registers:
RAX=0x00000000199a95b8, RBX=0x0000000000000600, RCX=0x0000000000000000, RDX=0x00000000199a5070
RSP=0x0000000016bfc1f0, RBP=0x00000000000000c0, RSI=0x00000000000000b8, RDI=0x0000000000000000
R8 =0x0000000070f90000, R9 =0x0000000016bfc510, R10=0x00000000ffffffff, R11=0x00000000168048d0
R12=0x00000000199a9cc0, R13=0x0000000018f39208, R14=0x0000000000000008, R15=0x0000000018f39208
RIP=0x00000000713b4bc2, EFLAGS=0x0000000000010206

Top of Stack: (sp=0x0000000016bfc1f0)
0x0000000016bfc1f0:   00000000000000da 00000000000000b0
0x0000000016bfc200:   000000000000000a 00000000170e0118
0x0000000016bfc210:   0000000000000001 0000000000000600
0x0000000016bfc220:   0000000000000180 00000000000000c0
0x0000000016bfc230:   000000001bc3a540 00000000151fd980
0x0000000016bfc240:   0000000000000780 00000000175eaa40
0x0000000016bfc250:   0000000016bfc510 00000000199a6630
0x0000000016bfc260:   0000000000000020 0000000000000009
0x0000000016bfc270:   00000000199a9c90 00000000000000da
0x0000000016bfc280:   0000000018f39208 00000000713b579d
0x0000000016bfc290:   00000000199a9c90 000000000000001c
0x0000000016bfc2a0:   00000000000000da 0000000016bfc510
0x0000000016bfc2b0:   00000000199a5070 00000000000000da
0x0000000016bfc2c0:   00000000199a6630 0000000000000020
0x0000000016bfc2d0:   000000001a4a61b8 0000000016bfe880
0x0000000016bfc2e0:   000000001a4a67e8 00000000199a9c90 

Instructions: (pc=0x00000000713b4bc2)
0x00000000713b4ba2:   c6 48 63 f0 48 03 f1 eb 04 48 83 ce ff 48 8b 84
0x00000000713b4bb2:   24 a0 00 00 00 48 8b 40 08 48 8b 3c 03 48 8b cf
0x00000000713b4bc2:   48 8b 07 ff 50 28 4c 8d 05 31 b4 bd ff 48 63 50
0x00000000713b4bd2:   10 4c 8b d8 48 8b ca 48 c1 e1 05 42 80 bc 01 c0 


Register to memory mapping:

RAX=0x00000000199a95b8 is an unknown value
RBX=0x0000000000000600 is an unknown value
RCX=0x0000000000000000 is an unknown value
RDX=0x00000000199a5070 is an unknown value
RSP=0x0000000016bfc1f0 is pointing into the stack for thread: 0x00000000151f6000
RBP=0x00000000000000c0 is an unknown value
RSI=0x00000000000000b8 is an unknown value
RDI=0x0000000000000000 is an unknown value
R8 =0x0000000070f90000 is an unknown value
R9 =0x0000000016bfc510 is pointing into the stack for thread: 0x00000000151f6000
R10=0x00000000ffffffff is an unknown value
R11=0x00000000168048d0 is an unknown value
R12=0x00000000199a9cc0 is an unknown value
R13=0x0000000018f39208 is an unknown value
R14=0x0000000000000008 is an unknown value
R15=0x0000000018f39208 is an unknown value


Stack: [0x0000000016b00000,0x0000000016c00000],  sp=0x0000000016bfc1f0,  free space=1008k
Native frames: (J=compiled Java code, j=interpreted, Vv=VM code, C=native code)
V  [jvm.dll+0x424bc2]
V  [jvm.dll+0x42579d]
V  [jvm.dll+0x425cdf]
V  [jvm.dll+0x4c5874]
V  [jvm.dll+0x44123c]
V  [jvm.dll+0x4436a9]
V  [jvm.dll+0x427532]
V  [jvm.dll+0x96702]
V  [jvm.dll+0x96ef3]
V  [jvm.dll+0x2232c4]
V  [jvm.dll+0x27baca]
C  [msvcr100.dll+0x21d9f]
C  [msvcr100.dll+0x21e3b]
C  [KERNEL32.DLL+0x8364]
C  [ntdll.dll+0x670d1]


Current CompileTask:
C2:  23596 7572       4       groovy.lang.MetaClassImpl::findPropertyMethod (356 bytes)


---------------  P R O C E S S  ---------------

Java Threads: ( => current thread )
  0x000000001bcbc800 JavaThread "seguridad.Role.data" daemon [_thread_blocked, id=4500, stack(0x000000001fcc0000,0x000000001fdc0000)]
  0x000000001bcba000 JavaThread "net.sf.ehcache.CacheManager@377c3891" daemon [_thread_blocked, id=1752, stack(0x000000001f7c0000,0x000000001f8c0000)]
  0x000000001bcc1000 JavaThread "PoolCleaner[1828868503:1494225483199]" daemon [_thread_blocked, id=604, stack(0x000000001d900000,0x000000001da00000)]
  0x0000000016ab1800 JavaThread "FileSystemWatcher: files=#247 cl=groovy.lang.GroovyClassLoader@6d025197" daemon [_thread_blocked, id=3924, stack(0x000000001c400000,0x000000001c500000)]
  0x000000001a152800 JavaThread "localhost-startStop-1" daemon [_thread_in_vm, id=10820, stack(0x000000001b2f0000,0x000000001b3f0000)]
  0x000000001a152000 JavaThread "Tomcat-startStop-1" daemon [_thread_blocked, id=11068, stack(0x000000001afc0000,0x000000001b0c0000)]
  0x0000000018bad800 JavaThread "Thread-3" [_thread_in_native, id=8888, stack(0x000000001aec0000,0x000000001afc0000)]
  0x0000000019b9c000 JavaThread "Thread-2" [_thread_blocked, id=2928, stack(0x0000000019410000,0x0000000019510000)]
  0x00000000174cd800 JavaThread "NonBlockingInputStreamThread" daemon [_thread_blocked, id=6912, stack(0x0000000018140000,0x0000000018240000)]
  0x00000000168d5000 JavaThread "Service Thread" daemon [_thread_blocked, id=10488, stack(0x0000000016e00000,0x0000000016f00000)]
  0x00000000151fb000 JavaThread "C1 CompilerThread2" daemon [_thread_blocked, id=2336, stack(0x0000000016d00000,0x0000000016e00000)]
  0x00000000151fa000 JavaThread "C2 CompilerThread1" daemon [_thread_in_native, id=10700, stack(0x0000000016c00000,0x0000000016d00000)]
=>0x00000000151f6000 JavaThread "C2 CompilerThread0" daemon [_thread_in_native, id=8544, stack(0x0000000016b00000,0x0000000016c00000)]
  0x00000000151ad800 JavaThread "Attach Listener" daemon [_thread_blocked, id=5284, stack(0x0000000016600000,0x0000000016700000)]
  0x00000000151ac000 JavaThread "Signal Dispatcher" daemon [_thread_blocked, id=4352, stack(0x0000000016500000,0x0000000016600000)]
  0x0000000003436800 JavaThread "Finalizer" daemon [_thread_blocked, id=4092, stack(0x0000000016400000,0x0000000016500000)]
  0x0000000015177800 JavaThread "Reference Handler" daemon [_thread_blocked, id=9088, stack(0x0000000016300000,0x0000000016400000)]
  0x0000000003343800 JavaThread "main" [_thread_blocked, id=868, stack(0x0000000003050000,0x0000000003150000)]

Other Threads:
  0x0000000015176800 VMThread [stack: 0x0000000016200000,0x0000000016300000] [id=9920]
  0x00000000168c4000 WatcherThread [stack: 0x0000000016f00000,0x0000000017000000] [id=2392]

VM state:not at safepoint (normal execution)

VM Mutex/Monitor currently owned by a thread: None

Heap:
 PSYoungGen      total 198144K, used 77191K [0x00000000f0000000, 0x0000000100000000, 0x0000000100000000)
  eden space 147456K, 20% used [0x00000000f0000000,0x00000000f1d6ea70,0x00000000f9000000)
  from space 50688K, 92% used [0x00000000fce80000,0x00000000ffc73320,0x0000000100000000)
  to   space 57344K, 0% used [0x00000000f9000000,0x00000000f9000000,0x00000000fc800000)
 ParOldGen       total 92160K, used 85030K [0x00000000d0000000, 0x00000000d5a00000, 0x00000000f0000000)
  object space 92160K, 92% used [0x00000000d0000000,0x00000000d5309968,0x00000000d5a00000)
 Metaspace       used 70354K, capacity 72372K, committed 72576K, reserved 1114112K
  class space    used 7447K, capacity 7966K, committed 8064K, reserved 1048576K

Card table byte_map: [0x0000000012800000,0x0000000012990000] byte_map_base: 0x0000000012180000

Marking Bits: (ParMarkBitMap*) 0x00000000717413b0
 Begin Bits: [0x0000000012e90000, 0x0000000013a90000)
 End Bits:   [0x0000000013a90000, 0x0000000014690000)

Polling page: 0x0000000001a90000

CodeCache: size=245760Kb used=24441Kb max_used=24574Kb free=221319Kb
 bounds [0x0000000003440000, 0x0000000004c70000, 0x0000000012440000]
 total_blobs=7248 nmethods=6472 adapters=686
 compilation: enabled

Compilation events (10 events):
Event: 23.547 Thread 0x00000000151fb000 7581   !   2       java_lang_reflect_Member$getModifiers::call (34 bytes)
Event: 23.547 Thread 0x00000000151fb000 nmethod 7581 0x0000000003684d90 code [0x0000000003684f40, 0x00000000036851f8]
Event: 23.551 Thread 0x00000000151f6000 nmethod 7574 0x000000000427e4d0 code [0x000000000427e680, 0x000000000427f248]
Event: 23.551 Thread 0x00000000151f6000 7572       4       groovy.lang.MetaClassImpl::findPropertyMethod (356 bytes)
Event: 23.569 Thread 0x00000000151fb000 7582   !   2       sun.reflect.GeneratedMethodAccessor143::invoke (65 bytes)
Event: 23.570 Thread 0x00000000151fb000 nmethod 7582 0x000000000427da10 code [0x000000000427dbe0, 0x000000000427e058]
Event: 23.571 Thread 0x00000000151fb000 7583   !   2       java_lang_reflect_Member$isSynthetic$0::call (34 bytes)
Event: 23.571 Thread 0x00000000151fb000 nmethod 7583 0x0000000003684650 code [0x0000000003684800, 0x0000000003684ac8]
Event: 23.571 Thread 0x00000000151fb000 7584       2       org.codehaus.groovy.runtime.DefaultGroovyMethods::findAll (56 bytes)
Event: 23.572 Thread 0x00000000151fb000 nmethod 7584 0x00000000041d32d0 code [0x00000000041d34c0, 0x00000000041d3c78]

GC Heap History (10 events):
Event: 20.648 GC heap before
{Heap before GC invocations=64 (full 6):
 PSYoungGen      total 227328K, used 226934K [0x00000000f0000000, 0x0000000100000000, 0x0000000100000000)
  eden space 197632K, 100% used [0x00000000f0000000,0x00000000fc100000,0x00000000fc100000)
  from space 29696K, 98% used [0x00000000fc100000,0x00000000fdd9da08,0x00000000fde00000)
  to   space 34816K, 0% used [0x00000000fde00000,0x00000000fde00000,0x0000000100000000)
 ParOldGen       total 92160K, used 76845K [0x00000000d0000000, 0x00000000d5a00000, 0x00000000f0000000)
  object space 92160K, 83% used [0x00000000d0000000,0x00000000d4b0b640,0x00000000d5a00000)
 Metaspace       used 65378K, capacity 67180K, committed 67584K, reserved 1110016K
  class space    used 6805K, capacity 7323K, committed 7424K, reserved 1048576K
Event: 20.682 GC heap after
Heap after GC invocations=64 (full 6):
 PSYoungGen      total 219136K, used 32589K [0x00000000f0000000, 0x0000000100000000, 0x0000000100000000)
  eden space 184320K, 0% used [0x00000000f0000000,0x00000000f0000000,0x00000000fb400000)
  from space 34816K, 93% used [0x00000000fde00000,0x00000000ffdd36b8,0x0000000100000000)
  to   space 38912K, 0% used [0x00000000fb400000,0x00000000fb400000,0x00000000fda00000)
 ParOldGen       total 92160K, used 79885K [0x00000000d0000000, 0x00000000d5a00000, 0x00000000f0000000)
  object space 92160K, 86% used [0x00000000d0000000,0x00000000d4e03650,0x00000000d5a00000)
 Metaspace       used 65378K, capacity 67180K, committed 67584K, reserved 1110016K
  class space    used 6805K, capacity 7323K, committed 7424K, reserved 1048576K
}
Event: 21.254 GC heap before
{Heap before GC invocations=65 (full 6):
 PSYoungGen      total 219136K, used 210535K [0x00000000f0000000, 0x0000000100000000, 0x0000000100000000)
  eden space 184320K, 96% used [0x00000000f0000000,0x00000000fadc65a0,0x00000000fb400000)
  from space 34816K, 93% used [0x00000000fde00000,0x00000000ffdd36b8,0x0000000100000000)
  to   space 38912K, 0% used [0x00000000fb400000,0x00000000fb400000,0x00000000fda00000)
 ParOldGen       total 92160K, used 79885K [0x00000000d0000000, 0x00000000d5a00000, 0x00000000f0000000)
  object space 92160K, 86% used [0x00000000d0000000,0x00000000d4e03650,0x00000000d5a00000)
 Metaspace       used 66362K, capacity 68140K, committed 68480K, reserved 1110016K
  class space    used 6938K, capacity 7451K, committed 7552K, reserved 1048576K
Event: 21.287 GC heap after
Heap after GC invocations=65 (full 6):
 PSYoungGen      total 218624K, used 33887K [0x00000000f0000000, 0x0000000100000000, 0x0000000100000000)
  eden space 184320K, 0% used [0x00000000f0000000,0x00000000f0000000,0x00000000fb400000)
  from space 34304K, 98% used [0x00000000fb400000,0x00000000fd517fd0,0x00000000fd580000)
  to   space 41984K, 0% used [0x00000000fd700000,0x00000000fd700000,0x0000000100000000)
 ParOldGen       total 92160K, used 80853K [0x00000000d0000000, 0x00000000d5a00000, 0x00000000f0000000)
  object space 92160K, 87% used [0x00000000d0000000,0x00000000d4ef5650,0x00000000d5a00000)
 Metaspace       used 66362K, capacity 68140K, committed 68480K, reserved 1110016K
  class space    used 6938K, capacity 7451K, committed 7552K, reserved 1048576K
}
Event: 22.313 GC heap before
{Heap before GC invocations=66 (full 6):
 PSYoungGen      total 218624K, used 218207K [0x00000000f0000000, 0x0000000100000000, 0x0000000100000000)
  eden space 184320K, 100% used [0x00000000f0000000,0x00000000fb400000,0x00000000fb400000)
  from space 34304K, 98% used [0x00000000fb400000,0x00000000fd517fd0,0x00000000fd580000)
  to   space 41984K, 0% used [0x00000000fd700000,0x00000000fd700000,0x0000000100000000)
 ParOldGen       total 92160K, used 80853K [0x00000000d0000000, 0x00000000d5a00000, 0x00000000f0000000)
  object space 92160K, 87% used [0x00000000d0000000,0x00000000d4ef5650,0x00000000d5a00000)
 Metaspace       used 67696K, capacity 69586K, committed 70016K, reserved 1112064K
  class space    used 7034K, capacity 7548K, committed 7552K, reserved 1048576K
Event: 22.350 GC heap after
Heap after GC invocations=66 (full 6):
 PSYoungGen      total 209920K, used 40281K [0x00000000f0000000, 0x0000000100000000, 0x0000000100000000)
  eden space 167936K, 0% used [0x00000000f0000000,0x00000000f0000000,0x00000000fa400000)
  from space 41984K, 95% used [0x00000000fd700000,0x00000000ffe56510,0x0000000100000000)
  to   space 47104K, 0% used [0x00000000fa400000,0x00000000fa400000,0x00000000fd200000)
 ParOldGen       total 92160K, used 81965K [0x00000000d0000000, 0x00000000d5a00000, 0x00000000f0000000)
  object space 92160K, 88% used [0x00000000d0000000,0x00000000d500b650,0x00000000d5a00000)
 Metaspace       used 67696K, capacity 69586K, committed 70016K, reserved 1112064K
  class space    used 7034K, capacity 7548K, committed 7552K, reserved 1048576K
}
Event: 22.845 GC heap before
{Heap before GC invocations=67 (full 6):
 PSYoungGen      total 209920K, used 201349K [0x00000000f0000000, 0x0000000100000000, 0x0000000100000000)
  eden space 167936K, 95% used [0x00000000f0000000,0x00000000f9d4afd8,0x00000000fa400000)
  from space 41984K, 95% used [0x00000000fd700000,0x00000000ffe56510,0x0000000100000000)
  to   space 47104K, 0% used [0x00000000fa400000,0x00000000fa400000,0x00000000fd200000)
 ParOldGen       total 92160K, used 81965K [0x00000000d0000000, 0x00000000d5a00000, 0x00000000f0000000)
  object space 92160K, 88% used [0x00000000d0000000,0x00000000d500b650,0x00000000d5a00000)
 Metaspace       used 69149K, capacity 71036K, committed 71552K, reserved 1114112K
  class space    used 7253K, capacity 7747K, committed 7808K, reserved 1048576K
Event: 22.875 GC heap after
Heap after GC invocations=67 (full 6):
 PSYoungGen      total 211456K, used 43513K [0x00000000f0000000, 0x0000000100000000, 0x0000000100000000)
  eden space 167936K, 0% used [0x00000000f0000000,0x00000000f0000000,0x00000000fa400000)
  from space 43520K, 99% used [0x00000000fa400000,0x00000000fce7e4c8,0x00000000fce80000)
  to   space 50688K, 0% used [0x00000000fce80000,0x00000000fce80000,0x0000000100000000)
 ParOldGen       total 92160K, used 83822K [0x00000000d0000000, 0x00000000d5a00000, 0x00000000f0000000)
  object space 92160K, 90% used [0x00000000d0000000,0x00000000d51db928,0x00000000d5a00000)
 Metaspace       used 69149K, capacity 71036K, committed 71552K, reserved 1114112K
  class space    used 7253K, capacity 7747K, committed 7808K, reserved 1048576K
}
Event: 23.408 GC heap before
{Heap before GC invocations=68 (full 6):
 PSYoungGen      total 211456K, used 211449K [0x00000000f0000000, 0x0000000100000000, 0x0000000100000000)
  eden space 167936K, 100% used [0x00000000f0000000,0x00000000fa400000,0x00000000fa400000)
  from space 43520K, 99% used [0x00000000fa400000,0x00000000fce7e4c8,0x00000000fce80000)
  to   space 50688K, 0% used [0x00000000fce80000,0x00000000fce80000,0x0000000100000000)
 ParOldGen       total 92160K, used 83822K [0x00000000d0000000, 0x00000000d5a00000, 0x00000000f0000000)
  object space 92160K, 90% used [0x00000000d0000000,0x00000000d51db928,0x00000000d5a00000)
 Metaspace       used 70080K, capacity 72088K, committed 72576K, reserved 1114112K
  class space    used 7404K, capacity 7937K, committed 8064K, reserved 1048576K
Event: 23.469 GC heap after
Heap after GC invocations=68 (full 6):
 PSYoungGen      total 198144K, used 47052K [0x00000000f0000000, 0x0000000100000000, 0x0000000100000000)
  eden space 147456K, 0% used [0x00000000f0000000,0x00000000f0000000,0x00000000f9000000)
  from space 50688K, 92% used [0x00000000fce80000,0x00000000ffc73320,0x0000000100000000)
  to   space 57344K, 0% used [0x00000000f9000000,0x00000000f9000000,0x00000000fc800000)
 ParOldGen       total 92160K, used 85030K [0x00000000d0000000, 0x00000000d5a00000, 0x00000000f0000000)
  object space 92160K, 92% used [0x00000000d0000000,0x00000000d5309968,0x00000000d5a00000)
 Metaspace       used 70080K, capacity 72088K, committed 72576K, reserved 1114112K
  class space    used 7404K, capacity 7937K, committed 8064K, reserved 1048576K
}

Deoptimization events (10 events):
Event: 23.212 Thread 0x000000001a152800 Uncommon trap: reason=class_check action=maybe_recompile pc=0x00000000045510e4 method=sun.reflect.generics.factory.CoreReflectionFactory.findTypeVariable(Ljava/lang/String;)Ljava/lang/reflect/TypeVariable; @ 5
Event: 23.212 Thread 0x000000001a152800 Uncommon trap: reason=class_check action=maybe_recompile pc=0x00000000045510e4 method=sun.reflect.generics.factory.CoreReflectionFactory.findTypeVariable(Ljava/lang/String;)Ljava/lang/reflect/TypeVariable; @ 5
Event: 23.215 Thread 0x000000001a152800 Uncommon trap: reason=class_check action=maybe_recompile pc=0x00000000045510e4 method=sun.reflect.generics.factory.CoreReflectionFactory.findTypeVariable(Ljava/lang/String;)Ljava/lang/reflect/TypeVariable; @ 5
Event: 23.223 Thread 0x000000001a152800 Uncommon trap: reason=unreached action=reinterpret pc=0x0000000004983a68 method=org.codehaus.groovy.runtime.metaclass.MetaMethodIndex.isNonRealMethod(Lgroovy/lang/MetaMethod;)Z @ 32
Event: 23.255 Thread 0x000000001a152800 Uncommon trap: reason=unreached action=reinterpret pc=0x0000000003967154 method=org.codehaus.groovy.runtime.metaclass.MetaMethodIndex.isNonRealMethod(Lgroovy/lang/MetaMethod;)Z @ 32
Event: 23.348 Thread 0x000000001a152800 Uncommon trap: reason=unreached action=reinterpret pc=0x0000000004a3dfa0 method=org.springframework.beans.factory.support.AbstractBeanFactory.isTypeMatch(Ljava/lang/String;Ljava/lang/Class;)Z @ 135
Event: 23.395 Thread 0x000000001a152800 Uncommon trap: reason=class_check action=maybe_recompile pc=0x00000000035aeabc method=groovy.lang.MetaClassImpl.isGenericGetMethod(Lgroovy/lang/MetaMethod;)Z @ 14
Event: 23.396 Thread 0x000000001a152800 Uncommon trap: reason=class_check action=maybe_recompile pc=0x00000000035aeabc method=groovy.lang.MetaClassImpl.isGenericGetMethod(Lgroovy/lang/MetaMethod;)Z @ 14
Event: 23.396 Thread 0x000000001a152800 Uncommon trap: reason=class_check action=maybe_recompile pc=0x00000000035aeabc method=groovy.lang.MetaClassImpl.isGenericGetMethod(Lgroovy/lang/MetaMethod;)Z @ 14
Event: 23.399 Thread 0x000000001a152800 Uncommon trap: reason=class_check action=maybe_recompile pc=0x00000000045510e4 method=sun.reflect.generics.factory.CoreReflectionFactory.findTypeVariable(Ljava/lang/String;)Ljava/lang/reflect/TypeVariable; @ 5

Internal exceptions (10 events):
Event: 23.573 Thread 0x000000001a152800 Exception <a 'java/security/PrivilegedActionException'> (0x00000000f19fc058) thrown at [D:\re\workspace\8-2-build-windows-amd64-cygwin\jdk8u5\2488\hotspot\src\share\vm\prims\jvm.cpp, line 1248]
Event: 23.573 Thread 0x000000001a152800 Exception <a 'java/security/PrivilegedActionException'> (0x00000000f1a01ea8) thrown at [D:\re\workspace\8-2-build-windows-amd64-cygwin\jdk8u5\2488\hotspot\src\share\vm\prims\jvm.cpp, line 1248]
Event: 23.575 Thread 0x000000001a152800 Exception <a 'java/security/PrivilegedActionException'> (0x00000000f1a60750) thrown at [D:\re\workspace\8-2-build-windows-amd64-cygwin\jdk8u5\2488\hotspot\src\share\vm\prims\jvm.cpp, line 1248]
Event: 23.575 Thread 0x000000001a152800 Exception <a 'java/security/PrivilegedActionException'> (0x00000000f1a65d90) thrown at [D:\re\workspace\8-2-build-windows-amd64-cygwin\jdk8u5\2488\hotspot\src\share\vm\prims\jvm.cpp, line 1248]
Event: 23.575 Thread 0x000000001a152800 Exception <a 'java/security/PrivilegedActionException'> (0x00000000f1a6b700) thrown at [D:\re\workspace\8-2-build-windows-amd64-cygwin\jdk8u5\2488\hotspot\src\share\vm\prims\jvm.cpp, line 1248]
Event: 23.575 Thread 0x000000001a152800 Exception <a 'java/security/PrivilegedActionException'> (0x00000000f1a6fb58) thrown at [D:\re\workspace\8-2-build-windows-amd64-cygwin\jdk8u5\2488\hotspot\src\share\vm\prims\jvm.cpp, line 1248]
Event: 23.576 Thread 0x000000001a152800 Exception <a 'java/security/PrivilegedActionException'> (0x00000000f1a7fff8) thrown at [D:\re\workspace\8-2-build-windows-amd64-cygwin\jdk8u5\2488\hotspot\src\share\vm\prims\jvm.cpp, line 1248]
Event: 23.576 Thread 0x000000001a152800 Exception <a 'java/security/PrivilegedActionException'> (0x00000000f1a94c10) thrown at [D:\re\workspace\8-2-build-windows-amd64-cygwin\jdk8u5\2488\hotspot\src\share\vm\prims\jvm.cpp, line 1248]
Event: 23.576 Thread 0x000000001a152800 Exception <a 'java/security/PrivilegedActionException'> (0x00000000f1a99388) thrown at [D:\re\workspace\8-2-build-windows-amd64-cygwin\jdk8u5\2488\hotspot\src\share\vm\prims\jvm.cpp, line 1248]
Event: 23.576 Thread 0x000000001a152800 Exception <a 'java/security/PrivilegedActionException'> (0x00000000f1aa9828) thrown at [D:\re\workspace\8-2-build-windows-amd64-cygwin\jdk8u5\2488\hotspot\src\share\vm\prims\jvm.cpp, line 1248]

Events (10 events):
Event: 23.571 loading class groovy/runtime/metaclass/org/codehaus/groovy/grails/orm/hibernate/HibernateDatastoreMetaClass
Event: 23.571 loading class groovy/runtime/metaclass/org/codehaus/groovy/grails/orm/hibernate/HibernateDatastoreMetaClass done
Event: 23.572 loading class groovy/runtime/metaclass/org/codehaus/groovy/grails/domain/GrailsDomainClassMappingContextMetaClass
Event: 23.572 loading class groovy/runtime/metaclass/org/codehaus/groovy/grails/domain/GrailsDomainClassMappingContextMetaClass done
Event: 23.575 loading class groovy/runtime/metaclass/org/grails/datastore/gorm/support/BeforeValidateHelperMetaClass
Event: 23.575 loading class groovy/runtime/metaclass/org/grails/datastore/gorm/support/BeforeValidateHelperMetaClass done
Event: 23.575 loading class org/grails/datastore/gorm/support/BeforeValidateHelperBeanInfo
Event: 23.575 loading class org/grails/datastore/gorm/support/BeforeValidateHelperBeanInfo done
Event: 23.576 loading class org/grails/datastore/gorm/support/BeforeValidateHelperBeanInfo
Event: 23.576 loading class org/grails/datastore/gorm/support/BeforeValidateHelperBeanInfo done


Dynamic libraries:
0x00007ff718da0000 - 0x00007ff718dd4000 	C:\Program Files\Java\jdk1.8.0_05\bin\java.exe
0x00007ffb91ed0000 - 0x00007ffb920a1000 	C:\WINDOWS\SYSTEM32\ntdll.dll
0x00007ffb8f8f0000 - 0x00007ffb8f99b000 	C:\WINDOWS\System32\KERNEL32.DLL
0x00007ffb8e8c0000 - 0x00007ffb8eadd000 	C:\WINDOWS\System32\KERNELBASE.dll
0x00007ffb911a0000 - 0x00007ffb91242000 	C:\WINDOWS\System32\ADVAPI32.dll
0x00007ffb91bf0000 - 0x00007ffb91c8e000 	C:\WINDOWS\System32\msvcrt.dll
0x00007ffb91e40000 - 0x00007ffb91e99000 	C:\WINDOWS\System32\sechost.dll
0x00007ffb91550000 - 0x00007ffb91671000 	C:\WINDOWS\System32\RPCRT4.dll
0x00007ffb8fa10000 - 0x00007ffb8fb75000 	C:\WINDOWS\System32\USER32.dll
0x00007ffb8e7f0000 - 0x00007ffb8e80e000 	C:\WINDOWS\System32\win32u.dll
0x00007ffb91510000 - 0x00007ffb91544000 	C:\WINDOWS\System32\GDI32.dll
0x00007ffb8e610000 - 0x00007ffb8e792000 	C:\WINDOWS\System32\gdi32full.dll
0x00007ffb86840000 - 0x00007ffb86aba000 	C:\WINDOWS\WinSxS\amd64_microsoft.windows.common-controls_6595b64144ccf1df_6.0.14393.953_none_42151e83c686086b\COMCTL32.dll
0x00007ffb8f600000 - 0x00007ffb8f8c8000 	C:\WINDOWS\System32\combase.dll
0x00007ffb8e3c0000 - 0x00007ffb8e4b5000 	C:\WINDOWS\System32\ucrtbase.dll
0x00007ffb8f220000 - 0x00007ffb8f28a000 	C:\WINDOWS\System32\bcryptPrimitives.dll
0x00007ffb91ea0000 - 0x00007ffb91ece000 	C:\WINDOWS\System32\IMM32.DLL
0x00000000717c0000 - 0x0000000071892000 	C:\Program Files\Java\jdk1.8.0_05\jre\bin\msvcr100.dll
0x0000000070f90000 - 0x00000000717ba000 	C:\Program Files\Java\jdk1.8.0_05\jre\bin\server\jvm.dll
0x00007ffb8f9a0000 - 0x00007ffb8f9a8000 	C:\WINDOWS\System32\PSAPI.DLL
0x00007ffb80a40000 - 0x00007ffb80a49000 	C:\WINDOWS\SYSTEM32\WSOCK32.dll
0x00007ffb8a680000 - 0x00007ffb8a6a3000 	C:\WINDOWS\SYSTEM32\WINMM.dll
0x00007ffb8a650000 - 0x00007ffb8a67b000 	C:\WINDOWS\SYSTEM32\WINMMBASE.dll
0x00007ffb91690000 - 0x00007ffb916fa000 	C:\WINDOWS\System32\WS2_32.dll
0x00007ffb8e7a0000 - 0x00007ffb8e7e2000 	C:\WINDOWS\System32\cfgmgr32.dll
0x0000000070f80000 - 0x0000000070f8f000 	C:\Program Files\Java\jdk1.8.0_05\jre\bin\verify.dll
0x0000000070f50000 - 0x0000000070f78000 	C:\Program Files\Java\jdk1.8.0_05\jre\bin\java.dll
0x0000000070f20000 - 0x0000000070f43000 	C:\Program Files\Java\jdk1.8.0_05\jre\bin\instrument.dll
0x0000000070f00000 - 0x0000000070f16000 	C:\Program Files\Java\jdk1.8.0_05\jre\bin\zip.dll
0x00007ffb8fb90000 - 0x00007ffb91098000 	C:\WINDOWS\System32\SHELL32.dll
0x00007ffb8eb40000 - 0x00007ffb8f21a000 	C:\WINDOWS\System32\windows.storage.dll
0x00007ffb8e360000 - 0x00007ffb8e3ac000 	C:\WINDOWS\System32\powrprof.dll
0x00007ffb91410000 - 0x00007ffb91462000 	C:\WINDOWS\System32\shlwapi.dll
0x00007ffb8e350000 - 0x00007ffb8e35f000 	C:\WINDOWS\System32\kernel.appcore.dll
0x00007ffb8e810000 - 0x00007ffb8e8b9000 	C:\WINDOWS\System32\shcore.dll
0x00007ffb8e330000 - 0x00007ffb8e344000 	C:\WINDOWS\System32\profapi.dll
0x00007ffb8de00000 - 0x00007ffb8de17000 	C:\WINDOWS\SYSTEM32\CRYPTSP.dll
0x00007ffb8d860000 - 0x00007ffb8d893000 	C:\WINDOWS\system32\rsaenh.dll
0x00007ffb8df10000 - 0x00007ffb8df3b000 	C:\WINDOWS\SYSTEM32\bcrypt.dll
0x00007ffb8dae0000 - 0x00007ffb8daff000 	C:\WINDOWS\SYSTEM32\USERENV.dll
0x00007ffb8de20000 - 0x00007ffb8de2b000 	C:\WINDOWS\SYSTEM32\CRYPTBASE.dll
0x0000000070ee0000 - 0x0000000070efa000 	C:\Program Files\Java\jdk1.8.0_05\jre\bin\net.dll
0x00007ffb8dc60000 - 0x00007ffb8dcbc000 	C:\WINDOWS\system32\mswsock.dll
0x00007ffb8d9e0000 - 0x00007ffb8da18000 	C:\WINDOWS\SYSTEM32\IPHLPAPI.DLL
0x00007ffb91680000 - 0x00007ffb91688000 	C:\WINDOWS\System32\NSI.dll
0x00007ffb88800000 - 0x00007ffb88816000 	C:\WINDOWS\SYSTEM32\dhcpcsvc6.DLL
0x00007ffb88690000 - 0x00007ffb886aa000 	C:\WINDOWS\SYSTEM32\dhcpcsvc.DLL
0x0000000070ec0000 - 0x0000000070ed1000 	C:\Program Files\Java\jdk1.8.0_05\jre\bin\nio.dll
0x00007ffb86f20000 - 0x00007ffb86f2a000 	C:\Users\Martín.Martín-PC\AppData\Local\Temp\jansi-64-5342852707574520045.dll
0x0000000070e70000 - 0x0000000070e7d000 	C:\Program Files\Java\jdk1.8.0_05\jre\bin\management.dll
0x00007ffb8da20000 - 0x00007ffb8dac1000 	C:\WINDOWS\SYSTEM32\DNSAPI.dll
0x00000000743f0000 - 0x0000000074416000 	C:\Program Files\Bonjour\mdnsNSP.dll
0x00007ffb85540000 - 0x00007ffb8554a000 	C:\Windows\System32\rasadhlp.dll
0x00007ffb882a0000 - 0x00007ffb8830a000 	C:\WINDOWS\System32\fwpuclnt.dll
0x0000000070e90000 - 0x0000000070eb4000 	C:\Program Files\Java\jdk1.8.0_05\jre\bin\sunec.dll
0x00007ffb74120000 - 0x00007ffb74136000 	C:\WINDOWS\system32\napinsp.dll
0x00007ffb74230000 - 0x00007ffb7424a000 	C:\WINDOWS\system32\pnrpnsp.dll
0x00007ffb8b730000 - 0x00007ffb8b748000 	C:\WINDOWS\system32\NLAapi.dll
0x00007ffb74280000 - 0x00007ffb7428e000 	C:\WINDOWS\System32\winrnr.dll
0x00007ffb74290000 - 0x00007ffb742a5000 	C:\WINDOWS\System32\wshbth.dll
0x00007ffb84ce0000 - 0x00007ffb84e72000 	C:\WINDOWS\SYSTEM32\dbghelp.dll

VM Arguments:
jvm_args: -Dfile.encoding=UTF-8 -Xmx768M -Xms64M -Dgrails.fork.parent.process.port=5589 -Dgrails.fork.active=true -Dgrails.build.execution.context=C:\Users\Martín.Martín-PC\AppData\Local\Temp\PFPorcino802530982443638311grails-execution-context -Dgrails.home=C:\grails-2.4.4 -javaagent:C:\grails-2.4.4\lib\org.springframework\springloaded\jars\springloaded-1.2.1.RELEASE.jar -Xverify:none -Dspringloaded.synchronize=true -Djdk.reflect.allowGetCallerClass=true -Dspringloaded=profile=grails;cacheDir=C:\Users\Martín.Martín-PC\.grails\2.4.4 
java_command: org.grails.plugins.tomcat.fork.ForkedTomcatServer
java_class_path (initial): C:\Program Files\Java\jdk1.8.0_05\lib\tools.jar;C:\grails-2.4.4\lib\org.codehaus.groovy\groovy-all\jars\groovy-all-2.3.7.jar;C:\grails-2.4.4\lib\org.slf4j\jcl-over-slf4j\jars\jcl-over-slf4j-1.7.5.jar;C:\grails-2.4.4\lib\org.codehaus.gant\gant_groovy1.8\jars\gant_groovy1.8-1.9.6.jar;C:\grails-2.4.4\lib\org.apache.tomcat.embed\tomcat-embed-logging-log4j\jars\tomcat-embed-logging-log4j-7.0.50.jar;C:\grails-2.4.4\dist\grails-plugin-log4j-2.4.4.jar;C:\grails-2.4.4\lib\log4j\log4j\jars\log4j-1.2.17.jar;C:\grails-2.4.4\dist\grails-bootstrap-2.4.4.jar;C:\grails-2.4.4\lib\org.slf4j\slf4j-api\jars\slf4j-api-1.7.5.jar;C:\grails-2.4.4\lib\jline\jline\jars\jline-2.12.jar;C:\grails-2.4.4\lib\org.apache.ant\ant\jars\ant-1.8.4.jar;C:\grails-2.4.4\lib\org.apache.ant\ant-launcher\jars\ant-launcher-1.8.4.jar;C:\grails-2.4.4\lib\org.apache.ant\ant-trax\jars\ant-trax-1.7.1.jar;C:\grails-2.4.4\lib\org.apache.ant\ant-junit\jars\ant-junit-1.8.4.jar;C:\grails-2.4.4\lib\org.apache.ivy\ivy\jars\ivy-2.3.0.jar;C:\grails-2.4.4\lib\org.fusesource.jansi\jansi\jars\jansi-1.11.jar;C:\Users\Martín.Martín-PC\.m2\repository\org\apache\tomcat\tomcat-catalina-ant\7.0.55\tomcat-catalina-ant-7.0.55.jar;C:\Users\Martín.Martín-PC\.m2\repository\org\apache\tomcat\embed\tomcat-embed-jasper\7.0.55\tomcat-embed-jasper-7.0.55.jar;C:\Users\Martín.Martín-PC\.m2\repository\org\apache\tomcat\embed\tomcat-embed-el\7.0.55\tomcat-embed-el-7.0.55.jar;C:\Users\Martín.Martín-PC\.m2\repository\org\apache\tomcat\embed\tomcat-embed-logging-log4j\7.0.55\tomcat-embed-logging-log4j-7.0.55.jar;C:\Users\Martín.Martín-PC\.m2\repository\org\apache\tomcat\embed\tomcat-embed-websocket\7.0.55\tomcat-embed-websocket-7.0.55.jar;C:\Users\Martín.Martín-PC\.m2\repository\org\apache\tomcat\embed\tomcat-embed-core\7.0.55\tomcat-embed-core-7.0.55.jar;C:\Users\Martín.Martín-PC\.m2\repository\org\eclipse\jdt\core\compiler\ecj\3.7.2\ecj-3.7.2.jar;C:\Users\Martín.Martín-PC\IdeaProjects\PFPorcino\target\work\plugins\tom
Launcher Type: SUN_STANDARD

Environment Variables:
JAVA_HOME=C:\Program Files\Java\jdk1.8.0_05
JRE_HOME=C:\Program Files\Java\jdk1.8.0_05\jre
CLASSPATH=.;C:\Program Files\Java\jdk1.8.0_05\lib;C:\Program Files\Java\jdk1.8.0_05\jre\lib
PATH=C:\Program Files (x86)\NVIDIA Corporation\PhysX\Common;c:\windows\system32;c:\windows;c:\windows\system32\wbem;c:\windows\system32\windowspowershell\v1.0\;c:\program files (x86)\ati technologies\ati.ace\core-static;c:\program files\matlab\r2012b\runtime\win64;c:\program files\matlab\r2012b\bin;c:\program files\microsoft sql server\110\tools\binn\;c:\program files (x86)\windows kits\8.1\windows performance toolkit\;c:\program files (x86)\microsoft sdks\typescript\1.0\;c:\program files\statgraphics\statgraphics centurion xvi.ii\;c:\program files (x86)\quicktime\qtsystem\;c:\program files (x86)\amd\ati.ace\core-static;C:\WINDOWS\system32;C:\WINDOWS;C:\WINDOWS\System32\Wbem;C:\WINDOWS\System32\WindowsPowerShell\v1.0\;C:\Program Files\Microsoft SQL Server\120\Tools\Binn\;C:\Program Files\Microsoft SQL Server\Client SDK\ODBC\110\Tools\Binn\;C:\Program Files (x86)\Microsoft SQL Server\120\Tools\Binn\;C:\Program Files\Microsoft SQL Server\120\DTS\Binn\;C:\Program Files (x86)\Microsoft SQL Server\120\Tools\Binn\ManagementStudio\;C:\Program Files (x86)\Microsoft SQL Server\120\DTS\Binn\;C:\Program Files\Java\jdk1.8.0_05\bin;;C:\Users\Martín.Martín-PC\AppData\Local\Microsoft\WindowsApps
USERNAME=Martín
OS=Windows_NT
PROCESSOR_IDENTIFIER=Intel64 Family 6 Model 60 Stepping 3, GenuineIntel



---------------  S Y S T E M  ---------------

OS: Windows 8.1 , 64 bit Build 9600 

CPU:total 4 (2 cores per cpu, 2 threads per core) family 6 model 60 stepping 3, cmov, cx8, fxsr, mmx, sse, sse2, sse3, ssse3, sse4.1, sse4.2, popcnt, avx, avx2, aes, clmul, erms, ht, tsc, tscinvbit

Memory: 4k page, physical 6176556k(1329032k free), swap 9715500k(2817996k free)

vm_info: Java HotSpot(TM) 64-Bit Server VM (25.5-b02) for windows-amd64 JRE (1.8.0_05-b13), built on Mar 18 2014 01:08:39 by "java_re" with MS VC++ 10.0 (VS2010)

time: Mon May 08 01:38:12 2017
elapsed time: 23 seconds

