#
# A fatal error has been detected by the Java Runtime Environment:
#
#  EXCEPTION_ACCESS_VIOLATION (0xc0000005) at pc=0x0000000071054bc2, pid=568, tid=2196
#
# JRE version: Java(TM) SE Runtime Environment (8.0_05-b13) (build 1.8.0_05-b13)
# Java VM: Java HotSpot(TM) 64-Bit Server VM (25.5-b02 mixed mode windows-amd64 compressed oops)
# Problematic frame:
# V  [jvm.dll+0x424bc2]
#
# Failed to write core dump. Minidumps are not enabled by default on client versions of Windows
#
# If you would like to submit a bug report, please visit:
#   http://bugreport.sun.com/bugreport/crash.jsp
#

---------------  T H R E A D  ---------------

Current thread (0x0000000014fe6000):  JavaThread "C2 CompilerThread0" daemon [_thread_in_native, id=2196, stack(0x0000000016910000,0x0000000016a10000)]

siginfo: ExceptionCode=0xc0000005, reading address 0x0000000000000000

Registers:
RAX=0x0000000019df3388, RBX=0x0000000000000600, RCX=0x0000000000000000, RDX=0x0000000019def010
RSP=0x0000000016a0c7e0, RBP=0x00000000000000c0, RSI=0x00000000000000b8, RDI=0x0000000000000000
R8 =0x0000000070c30000, R9 =0x0000000016a0cb00, R10=0x00000000ffffffff, R11=0x000000001660c830
R12=0x0000000019df3aa0, R13=0x0000000018103338, R14=0x0000000000000008, R15=0x0000000018103338
RIP=0x0000000071054bc2, EFLAGS=0x0000000000010206

Top of Stack: (sp=0x0000000016a0c7e0)
0x0000000016a0c7e0:   00000000000000dc 0000000019d1b560
0x0000000016a0c7f0:   0000000000000000 0000000019d68530
0x0000000016a0c800:   0000000000000001 0000000000000600
0x0000000016a0c810:   0000000000000180 00000000000000c0
0x0000000016a0c820:   00000000193c1420 0000000014fed4d0
0x0000000016a0c830:   0000000000000760 0000000019d1b560
0x0000000016a0c840:   0000000016a0cb00 0000000019df03f0
0x0000000016a0c850:   0000000000000020 0000000000000009
0x0000000016a0c860:   0000000019df3a70 00000000000000dc
0x0000000016a0c870:   0000000018103338 000000007105579d
0x0000000016a0c880:   0000000019df3a70 000000000000001c
0x0000000016a0c890:   00000000000000dc 0000000016a0cb00
0x0000000016a0c8a0:   0000000019def010 00000000000000dc
0x0000000016a0c8b0:   0000000019df03f0 0000000000000020
0x0000000016a0c8c0:   0000000017e5e870 0000000016a0ee70
0x0000000016a0c8d0:   0000000019981750 0000000019df3a70 

Instructions: (pc=0x0000000071054bc2)
0x0000000071054ba2:   c6 48 63 f0 48 03 f1 eb 04 48 83 ce ff 48 8b 84
0x0000000071054bb2:   24 a0 00 00 00 48 8b 40 08 48 8b 3c 03 48 8b cf
0x0000000071054bc2:   48 8b 07 ff 50 28 4c 8d 05 31 b4 bd ff 48 63 50
0x0000000071054bd2:   10 4c 8b d8 48 8b ca 48 c1 e1 05 42 80 bc 01 c0 


Register to memory mapping:

RAX=0x0000000019df3388 is an unknown value
RBX=0x0000000000000600 is an unknown value
RCX=0x0000000000000000 is an unknown value
RDX=0x0000000019def010 is an unknown value
RSP=0x0000000016a0c7e0 is pointing into the stack for thread: 0x0000000014fe6000
RBP=0x00000000000000c0 is an unknown value
RSI=0x00000000000000b8 is an unknown value
RDI=0x0000000000000000 is an unknown value
R8 =0x0000000070c30000 is an unknown value
R9 =0x0000000016a0cb00 is pointing into the stack for thread: 0x0000000014fe6000
R10=0x00000000ffffffff is an unknown value
R11=0x000000001660c830 is an unknown value
R12=0x0000000019df3aa0 is an unknown value
R13=0x0000000018103338 is an unknown value
R14=0x0000000000000008 is an unknown value
R15=0x0000000018103338 is an unknown value


Stack: [0x0000000016910000,0x0000000016a10000],  sp=0x0000000016a0c7e0,  free space=1009k
Native frames: (J=compiled Java code, j=interpreted, Vv=VM code, C=native code)
V  [jvm.dll+0x424bc2]
V  [jvm.dll+0x42579d]
V  [jvm.dll+0x425cdf]
V  [jvm.dll+0x4c5874]
V  [jvm.dll+0x44123c]
V  [jvm.dll+0x4436a9]
V  [jvm.dll+0x427532]
V  [jvm.dll+0x96702]
V  [jvm.dll+0x96ef3]
V  [jvm.dll+0x2232c4]
V  [jvm.dll+0x27baca]
C  [msvcr100.dll+0x21d9f]
C  [msvcr100.dll+0x21e3b]
C  [KERNEL32.DLL+0x8364]
C  [ntdll.dll+0x670d1]


Current CompileTask:
C2:  31402 7603       4       groovy.lang.MetaClassImpl::findPropertyMethod (356 bytes)


---------------  P R O C E S S  ---------------

Java Threads: ( => current thread )
  0x0000000017f12800 JavaThread "seguridad.Role.data" daemon [_thread_blocked, id=12200, stack(0x000000001f440000,0x000000001f540000)]
  0x0000000017f16000 JavaThread "net.sf.ehcache.CacheManager@4305c7ae" daemon [_thread_blocked, id=2628, stack(0x000000001f140000,0x000000001f240000)]
  0x0000000017f15800 JavaThread "PoolCleaner[1828868503:1493786357672]" daemon [_thread_blocked, id=348, stack(0x000000001cc40000,0x000000001cd40000)]
  0x0000000018085000 JavaThread "FileSystemWatcher: files=#245 cl=groovy.lang.GroovyClassLoader@6d025197" daemon [_thread_blocked, id=11408, stack(0x000000001ae10000,0x000000001af10000)]
  0x0000000019b2f000 JavaThread "localhost-startStop-1" daemon [_thread_in_vm, id=8776, stack(0x000000001ad10000,0x000000001ae10000)]
  0x0000000019b2e000 JavaThread "Tomcat-startStop-1" daemon [_thread_blocked, id=10672, stack(0x000000001ac10000,0x000000001ad10000)]
  0x0000000019ac7000 JavaThread "Thread-3" [_thread_in_native, id=1472, stack(0x000000001a910000,0x000000001aa10000)]
  0x0000000017f7a800 JavaThread "Thread-2" [_thread_blocked, id=5172, stack(0x000000001a410000,0x000000001a510000)]
  0x00000000170fd800 JavaThread "NonBlockingInputStreamThread" daemon [_thread_blocked, id=11536, stack(0x0000000017c80000,0x0000000017d80000)]
  0x00000000166eb000 JavaThread "Service Thread" daemon [_thread_blocked, id=6612, stack(0x0000000016c10000,0x0000000016d10000)]
  0x0000000014feb000 JavaThread "C1 CompilerThread2" daemon [_thread_blocked, id=5920, stack(0x0000000016b10000,0x0000000016c10000)]
  0x0000000014fea000 JavaThread "C2 CompilerThread1" daemon [_thread_in_native, id=2792, stack(0x0000000016a10000,0x0000000016b10000)]
=>0x0000000014fe6000 JavaThread "C2 CompilerThread0" daemon [_thread_in_native, id=2196, stack(0x0000000016910000,0x0000000016a10000)]
  0x0000000014f9d000 JavaThread "Attach Listener" daemon [_thread_blocked, id=9960, stack(0x0000000016410000,0x0000000016510000)]
  0x0000000014f9c000 JavaThread "Signal Dispatcher" daemon [_thread_blocked, id=5776, stack(0x0000000016310000,0x0000000016410000)]
  0x0000000003226800 JavaThread "Finalizer" daemon [_thread_blocked, id=5096, stack(0x0000000016210000,0x0000000016310000)]
  0x0000000014f67800 JavaThread "Reference Handler" daemon [_thread_blocked, id=6428, stack(0x0000000016110000,0x0000000016210000)]
  0x0000000003133800 JavaThread "main" [_thread_blocked, id=10892, stack(0x0000000002f20000,0x0000000003020000)]

Other Threads:
  0x0000000014f66800 VMThread [stack: 0x0000000016010000,0x0000000016110000] [id=6472]
  0x00000000166e0000 WatcherThread [stack: 0x0000000016d10000,0x0000000016e10000] [id=11320]

VM state:not at safepoint (normal execution)

VM Mutex/Monitor currently owned by a thread: None

Heap:
 PSYoungGen      total 206336K, used 79929K [0x00000000f0000000, 0x0000000100000000, 0x0000000100000000)
  eden space 155648K, 25% used [0x00000000f0000000,0x00000000f270f278,0x00000000f9800000)
  from space 50688K, 78% used [0x00000000fce80000,0x00000000ff57f468,0x0000000100000000)
  to   space 53248K, 0% used [0x00000000f9800000,0x00000000f9800000,0x00000000fcc00000)
 ParOldGen       total 102400K, used 89457K [0x00000000d0000000, 0x00000000d6400000, 0x00000000f0000000)
  object space 102400K, 87% used [0x00000000d0000000,0x00000000d575c6f8,0x00000000d6400000)
 Metaspace       used 70039K, capacity 72064K, committed 72320K, reserved 1114112K
  class space    used 7414K, capacity 7965K, committed 8064K, reserved 1048576K

Card table byte_map: [0x00000000125f0000,0x0000000012780000] byte_map_base: 0x0000000011f70000

Marking Bits: (ParMarkBitMap*) 0x00000000713e13b0
 Begin Bits: [0x0000000012c80000, 0x0000000013880000)
 End Bits:   [0x0000000013880000, 0x0000000014480000)

Polling page: 0x0000000001260000

CodeCache: size=245760Kb used=25490Kb max_used=25490Kb free=220269Kb
 bounds [0x0000000003230000, 0x0000000004b30000, 0x0000000012230000]
 total_blobs=7521 nmethods=6745 adapters=686
 compilation: enabled

Compilation events (10 events):
Event: 31.247 Thread 0x0000000014feb000 7631       3       org.codehaus.groovy.grails.commons.GrailsClassUtils::getGetterName (5 bytes)
Event: 31.248 Thread 0x0000000014feb000 nmethod 7631 0x0000000004b24910 code [0x0000000004b24a80, 0x0000000004b24be8]
Event: 31.248 Thread 0x0000000014feb000 7632       3       groovy.lang.ExpandoMetaClass::registerBeanPropertyForMethod (211 bytes)
Event: 31.249 Thread 0x0000000014feb000 nmethod 7632 0x0000000004b24c90 code [0x0000000004b24f20, 0x0000000004b26238]
Event: 31.262 Thread 0x0000000014feb000 7634       3       groovy.lang.MetaClassImpl::hasProperty (6 bytes)
Event: 31.262 Thread 0x0000000014feb000 nmethod 7634 0x0000000004b26c50 code [0x0000000004b26dc0, 0x0000000004b26fc8]
Event: 31.269 Thread 0x0000000014feb000 7636       3       org.codehaus.groovy.runtime.MetaClassHelper::convertPropertyName (18 bytes)
Event: 31.270 Thread 0x0000000014feb000 nmethod 7636 0x0000000004b27050 code [0x0000000004b27220, 0x0000000004b277f8]
Event: 31.289 Thread 0x0000000014feb000 7639       1       groovy.lang.ExpandoMetaClass::getMetaClass (5 bytes)
Event: 31.290 Thread 0x0000000014feb000 nmethod 7639 0x0000000004b27b10 code [0x0000000004b27c60, 0x0000000004b27d70]

GC Heap History (10 events):
Event: 27.550 GC heap before
{Heap before GC invocations=73 (full 6):
 PSYoungGen      total 217088K, used 208216K [0x00000000f0000000, 0x0000000100000000, 0x0000000100000000)
  eden space 176128K, 100% used [0x00000000f0000000,0x00000000fac00000,0x00000000fac00000)
  from space 40960K, 78% used [0x00000000fd800000,0x00000000ff756118,0x0000000100000000)
  to   space 43008K, 0% used [0x00000000fac00000,0x00000000fac00000,0x00000000fd600000)
 ParOldGen       total 86528K, used 77932K [0x00000000d0000000, 0x00000000d5480000, 0x00000000f0000000)
  object space 86528K, 90% used [0x00000000d0000000,0x00000000d4c1b058,0x00000000d5480000)
 Metaspace       used 66218K, capacity 68140K, committed 68480K, reserved 1110016K
  class space    used 6927K, capacity 7447K, committed 7552K, reserved 1048576K
Event: 27.582 GC heap after
Heap after GC invocations=73 (full 6):
 PSYoungGen      total 211968K, used 35680K [0x00000000f0000000, 0x0000000100000000, 0x0000000100000000)
  eden space 176128K, 0% used [0x00000000f0000000,0x00000000f0000000,0x00000000fac00000)
  from space 35840K, 99% used [0x00000000fac00000,0x00000000fced8190,0x00000000fcf00000)
  to   space 46080K, 0% used [0x00000000fd300000,0x00000000fd300000,0x0000000100000000)
 ParOldGen       total 86528K, used 78065K [0x00000000d0000000, 0x00000000d5480000, 0x00000000f0000000)
  object space 86528K, 90% used [0x00000000d0000000,0x00000000d4c3c628,0x00000000d5480000)
 Metaspace       used 66218K, capacity 68140K, committed 68480K, reserved 1110016K
  class space    used 6927K, capacity 7447K, committed 7552K, reserved 1048576K
}
Event: 28.792 GC heap before
{Heap before GC invocations=74 (full 6):
 PSYoungGen      total 211968K, used 211808K [0x00000000f0000000, 0x0000000100000000, 0x0000000100000000)
  eden space 176128K, 100% used [0x00000000f0000000,0x00000000fac00000,0x00000000fac00000)
  from space 35840K, 99% used [0x00000000fac00000,0x00000000fced8190,0x00000000fcf00000)
  to   space 46080K, 0% used [0x00000000fd300000,0x00000000fd300000,0x0000000100000000)
 ParOldGen       total 86528K, used 78065K [0x00000000d0000000, 0x00000000d5480000, 0x00000000f0000000)
  object space 86528K, 90% used [0x00000000d0000000,0x00000000d4c3c628,0x00000000d5480000)
 Metaspace       used 67474K, capacity 69458K, committed 69760K, reserved 1112064K
  class space    used 7018K, capacity 7544K, committed 7552K, reserved 1048576K
Event: 28.826 GC heap after
Heap after GC invocations=74 (full 6):
 PSYoungGen      total 211968K, used 34838K [0x00000000f0000000, 0x0000000100000000, 0x0000000100000000)
  eden space 165888K, 0% used [0x00000000f0000000,0x00000000f0000000,0x00000000fa200000)
  from space 46080K, 75% used [0x00000000fd300000,0x00000000ff505bc8,0x0000000100000000)
  to   space 48128K, 0% used [0x00000000fa200000,0x00000000fa200000,0x00000000fd100000)
 ParOldGen       total 86528K, used 84280K [0x00000000d0000000, 0x00000000d5480000, 0x00000000f0000000)
  object space 86528K, 97% used [0x00000000d0000000,0x00000000d524e158,0x00000000d5480000)
 Metaspace       used 67474K, capacity 69458K, committed 69760K, reserved 1112064K
  class space    used 7018K, capacity 7544K, committed 7552K, reserved 1048576K
}
Event: 28.826 GC heap before
{Heap before GC invocations=75 (full 7):
 PSYoungGen      total 211968K, used 34838K [0x00000000f0000000, 0x0000000100000000, 0x0000000100000000)
  eden space 165888K, 0% used [0x00000000f0000000,0x00000000f0000000,0x00000000fa200000)
  from space 46080K, 75% used [0x00000000fd300000,0x00000000ff505bc8,0x0000000100000000)
  to   space 48128K, 0% used [0x00000000fa200000,0x00000000fa200000,0x00000000fd100000)
 ParOldGen       total 86528K, used 84280K [0x00000000d0000000, 0x00000000d5480000, 0x00000000f0000000)
  object space 86528K, 97% used [0x00000000d0000000,0x00000000d524e158,0x00000000d5480000)
 Metaspace       used 67474K, capacity 69458K, committed 69760K, reserved 1112064K
  class space    used 7018K, capacity 7544K, committed 7552K, reserved 1048576K
Event: 29.542 GC heap after
Heap after GC invocations=75 (full 7):
 PSYoungGen      total 211968K, used 31997K [0x00000000f0000000, 0x0000000100000000, 0x0000000100000000)
  eden space 165888K, 0% used [0x00000000f0000000,0x00000000f0000000,0x00000000fa200000)
  from space 46080K, 69% used [0x00000000fd300000,0x00000000ff23f630,0x0000000100000000)
  to   space 48128K, 0% used [0x00000000fa200000,0x00000000fa200000,0x00000000fd100000)
 ParOldGen       total 102400K, used 86469K [0x00000000d0000000, 0x00000000d6400000, 0x00000000f0000000)
  object space 102400K, 84% used [0x00000000d0000000,0x00000000d5471548,0x00000000d6400000)
 Metaspace       used 67470K, capacity 69452K, committed 69760K, reserved 1112064K
  class space    used 7017K, capacity 7543K, committed 7552K, reserved 1048576K
}
Event: 30.264 GC heap before
{Heap before GC invocations=76 (full 7):
 PSYoungGen      total 211968K, used 197885K [0x00000000f0000000, 0x0000000100000000, 0x0000000100000000)
  eden space 165888K, 100% used [0x00000000f0000000,0x00000000fa200000,0x00000000fa200000)
  from space 46080K, 69% used [0x00000000fd300000,0x00000000ff23f630,0x0000000100000000)
  to   space 48128K, 0% used [0x00000000fa200000,0x00000000fa200000,0x00000000fd100000)
 ParOldGen       total 102400K, used 86469K [0x00000000d0000000, 0x00000000d6400000, 0x00000000f0000000)
  object space 102400K, 84% used [0x00000000d0000000,0x00000000d5471548,0x00000000d6400000)
 Metaspace       used 69083K, capacity 71026K, committed 71296K, reserved 1112064K
  class space    used 7259K, capacity 7768K, committed 7808K, reserved 1048576K
Event: 30.319 GC heap after
Heap after GC invocations=76 (full 7):
 PSYoungGen      total 203776K, used 37817K [0x00000000f0000000, 0x0000000100000000, 0x0000000100000000)
  eden space 165888K, 0% used [0x00000000f0000000,0x00000000f0000000,0x00000000fa200000)
  from space 37888K, 99% used [0x00000000fa200000,0x00000000fc6ee630,0x00000000fc700000)
  to   space 50688K, 0% used [0x00000000fce80000,0x00000000fce80000,0x0000000100000000)
 ParOldGen       total 102400K, used 87517K [0x00000000d0000000, 0x00000000d6400000, 0x00000000f0000000)
  object space 102400K, 85% used [0x00000000d0000000,0x00000000d5577548,0x00000000d6400000)
 Metaspace       used 69083K, capacity 71026K, committed 71296K, reserved 1112064K
  class space    used 7259K, capacity 7768K, committed 7808K, reserved 1048576K
}
Event: 31.133 GC heap before
{Heap before GC invocations=77 (full 7):
 PSYoungGen      total 203776K, used 203705K [0x00000000f0000000, 0x0000000100000000, 0x0000000100000000)
  eden space 165888K, 100% used [0x00000000f0000000,0x00000000fa200000,0x00000000fa200000)
  from space 37888K, 99% used [0x00000000fa200000,0x00000000fc6ee630,0x00000000fc700000)
  to   space 50688K, 0% used [0x00000000fce80000,0x00000000fce80000,0x0000000100000000)
 ParOldGen       total 102400K, used 87517K [0x00000000d0000000, 0x00000000d6400000, 0x00000000f0000000)
  object space 102400K, 85% used [0x00000000d0000000,0x00000000d5577548,0x00000000d6400000)
 Metaspace       used 69775K, capacity 71768K, committed 71936K, reserved 1114112K
  class space    used 7376K, capacity 7917K, committed 7936K, reserved 1048576K
Event: 31.177 GC heap after
Heap after GC invocations=77 (full 7):
 PSYoungGen      total 206336K, used 39933K [0x00000000f0000000, 0x0000000100000000, 0x0000000100000000)
  eden space 155648K, 0% used [0x00000000f0000000,0x00000000f0000000,0x00000000f9800000)
  from space 50688K, 78% used [0x00000000fce80000,0x00000000ff57f468,0x0000000100000000)
  to   space 53248K, 0% used [0x00000000f9800000,0x00000000f9800000,0x00000000fcc00000)
 ParOldGen       total 102400K, used 89457K [0x00000000d0000000, 0x00000000d6400000, 0x00000000f0000000)
  object space 102400K, 87% used [0x00000000d0000000,0x00000000d575c6f8,0x00000000d6400000)
 Metaspace       used 69775K, capacity 71768K, committed 71936K, reserved 1114112K
  class space    used 7376K, capacity 7917K, committed 7936K, reserved 1048576K
}

Deoptimization events (10 events):
Event: 31.027 Thread 0x0000000019b2f000 Uncommon trap: reason=class_check action=maybe_recompile pc=0x0000000004af39f4 method=groovy.lang.MetaClassImpl.isGenericGetMethod(Lgroovy/lang/MetaMethod;)Z @ 14
Event: 31.027 Thread 0x0000000019b2f000 Uncommon trap: reason=class_check action=maybe_recompile pc=0x0000000004af3a28 method=org.codehaus.groovy.runtime.MetaClassHelper.isGenericSetMethod(Lgroovy/lang/MetaMethod;)Z @ 14
Event: 31.027 Thread 0x0000000019b2f000 Uncommon trap: reason=class_check action=maybe_recompile pc=0x0000000004af39f4 method=groovy.lang.MetaClassImpl.isGenericGetMethod(Lgroovy/lang/MetaMethod;)Z @ 14
Event: 31.028 Thread 0x0000000019b2f000 Uncommon trap: reason=class_check action=maybe_recompile pc=0x0000000004af3a28 method=org.codehaus.groovy.runtime.MetaClassHelper.isGenericSetMethod(Lgroovy/lang/MetaMethod;)Z @ 14
Event: 31.055 Thread 0x0000000019b2f000 Uncommon trap: reason=unreached action=reinterpret pc=0x0000000004ae37e8 method=org.codehaus.groovy.runtime.metaclass.MetaMethodIndex.isNonRealMethod(Lgroovy/lang/MetaMethod;)Z @ 32
Event: 31.212 Thread 0x0000000019b2f000 Uncommon trap: reason=class_check action=maybe_recompile pc=0x0000000004af3a18 method=groovy.lang.MetaClassImpl.checkIfStdMethod(Lgroovy/lang/MetaMethod;)V @ 123
Event: 31.238 Thread 0x0000000019b2f000 Uncommon trap: reason=class_check action=maybe_recompile pc=0x0000000004af3a28 method=org.codehaus.groovy.runtime.MetaClassHelper.isGenericSetMethod(Lgroovy/lang/MetaMethod;)Z @ 14
Event: 31.238 Thread 0x0000000019b2f000 Uncommon trap: reason=class_check action=maybe_recompile pc=0x0000000004af3a28 method=org.codehaus.groovy.runtime.MetaClassHelper.isGenericSetMethod(Lgroovy/lang/MetaMethod;)Z @ 14
Event: 31.238 Thread 0x0000000019b2f000 Uncommon trap: reason=class_check action=maybe_recompile pc=0x0000000004af6390 method=org.codehaus.groovy.runtime.MetaClassHelper.isGenericSetMethod(Lgroovy/lang/MetaMethod;)Z @ 14
Event: 31.238 Thread 0x0000000019b2f000 Uncommon trap: reason=class_check action=maybe_recompile pc=0x0000000004accd5c method=org.codehaus.groovy.runtime.MetaClassHelper.isGenericSetMethod(Lgroovy/lang/MetaMethod;)Z @ 14

Internal exceptions (10 events):
Event: 31.322 Thread 0x0000000019b2f000 Exception <a 'java/security/PrivilegedActionException'> (0x00000000f174b190) thrown at [D:\re\workspace\8-2-build-windows-amd64-cygwin\jdk8u5\2488\hotspot\src\share\vm\prims\jvm.cpp, line 1248]
Event: 31.322 Thread 0x0000000019b2f000 Exception <a 'java/lang/ClassNotFoundException': org/codehaus/groovy/grails/plugins/converters/ConvertersPluginSupport$_enhanceApplication_closure1BeanInfo> (0x00000000f174bc68) thrown at [D:\re\workspace\8-2-build-windows-amd64-cygwin\jdk8u5\2488\hotspot\yÄ‘‹_R?@
Event: 31.322 Thread 0x0000000019b2f000 Exception <a 'java/security/PrivilegedActionException'> (0x00000000f174cf60) thrown at [D:\re\workspace\8-2-build-windows-amd64-cygwin\jdk8u5\2488\hotspot\src\share\vm\prims\jvm.cpp, line 1248]
Event: 31.322 Thread 0x0000000019b2f000 Exception <a 'java/security/PrivilegedActionException'> (0x00000000f1752ff0) thrown at [D:\re\workspace\8-2-build-windows-amd64-cygwin\jdk8u5\2488\hotspot\src\share\vm\prims\jvm.cpp, line 1248]
Event: 31.322 Thread 0x0000000019b2f000 Exception <a 'java/security/PrivilegedActionException'> (0x00000000f176aed0) thrown at [D:\re\workspace\8-2-build-windows-amd64-cygwin\jdk8u5\2488\hotspot\src\share\vm\prims\jvm.cpp, line 1248]
Event: 31.322 Thread 0x0000000019b2f000 Exception <a 'java/security/PrivilegedActionException'> (0x00000000f17896f0) thrown at [D:\re\workspace\8-2-build-windows-amd64-cygwin\jdk8u5\2488\hotspot\src\share\vm\prims\jvm.cpp, line 1248]
Event: 31.322 Thread 0x0000000019b2f000 Exception <a 'java/security/PrivilegedActionException'> (0x00000000f178f780) thrown at [D:\re\workspace\8-2-build-windows-amd64-cygwin\jdk8u5\2488\hotspot\src\share\vm\prims\jvm.cpp, line 1248]
Event: 31.323 Thread 0x0000000019b2f000 Exception <a 'java/security/PrivilegedActionException'> (0x00000000f17a7660) thrown at [D:\re\workspace\8-2-build-windows-amd64-cygwin\jdk8u5\2488\hotspot\src\share\vm\prims\jvm.cpp, line 1248]
Event: 31.323 Thread 0x0000000019b2f000 Exception <a 'java/security/PrivilegedActionException'> (0x00000000f17dcd10) thrown at [D:\re\workspace\8-2-build-windows-amd64-cygwin\jdk8u5\2488\hotspot\src\share\vm\prims\jvm.cpp, line 1248]
Event: 31.323 Thread 0x0000000019b2f000 Exception <a 'java/lang/ClassNotFoundException': org/codehaus/groovy/grails/plugins/converters/ConvertersPluginSupport$_enhanceApplication_closure1Customizer> (0x00000000f17dd7e8) thrown at [D:\re\workspace\8-2-build-windows-amd64-cygwin\jdk8u5\2488\hotspoêK&yYR?@

Events (10 events):
Event: 31.321 loading class org/codehaus/groovy/grails/plugins/converters/ConvertersPluginSupport$_enhanceApplication_closure1BeanInfo
Event: 31.321 loading class org/codehaus/groovy/grails/plugins/converters/ConvertersPluginSupport$_enhanceApplication_closure1BeanInfo done
Event: 31.322 loading class org/codehaus/groovy/grails/plugins/converters/ConvertersPluginSupport$_enhanceApplication_closure1BeanInfo
Event: 31.322 loading class org/codehaus/groovy/grails/plugins/converters/ConvertersPluginSupport$_enhanceApplication_closure1BeanInfo done
Event: 31.322 loading class org/codehaus/groovy/grails/plugins/converters/ConvertersPluginSupport$_enhanceApplication_closure1Customizer
Event: 31.322 loading class org/codehaus/groovy/grails/plugins/converters/ConvertersPluginSupport$_enhanceApplication_closure1Customizer done
Event: 31.322 loading class org/codehaus/groovy/grails/plugins/converters/ConvertersPluginSupport$_enhanceApplication_closure1Customizer
Event: 31.322 loading class org/codehaus/groovy/grails/plugins/converters/ConvertersPluginSupport$_enhanceApplication_closure1Customizer done
Event: 31.323 loading class org/codehaus/groovy/grails/plugins/converters/ConvertersPluginSupport$_enhanceApplication_closure1Customizer
Event: 31.323 loading class org/codehaus/groovy/grails/plugins/converters/ConvertersPluginSupport$_enhanceApplication_closure1Customizer done


Dynamic libraries:
0x00007ff64a030000 - 0x00007ff64a064000 	C:\Program Files\Java\jdk1.8.0_05\bin\java.exe
0x00007fff95b80000 - 0x00007fff95d51000 	C:\WINDOWS\SYSTEM32\ntdll.dll
0x00007fff93970000 - 0x00007fff93a1b000 	C:\WINDOWS\System32\KERNEL32.DLL
0x00007fff92ed0000 - 0x00007fff930ed000 	C:\WINDOWS\System32\KERNELBASE.dll
0x00007fff93f20000 - 0x00007fff93fc2000 	C:\WINDOWS\System32\ADVAPI32.dll
0x00007fff933c0000 - 0x00007fff9345e000 	C:\WINDOWS\System32\msvcrt.dll
0x00007fff93b80000 - 0x00007fff93bd9000 	C:\WINDOWS\System32\sechost.dll
0x00007fff93170000 - 0x00007fff93291000 	C:\WINDOWS\System32\RPCRT4.dll
0x00007fff93be0000 - 0x00007fff93d45000 	C:\WINDOWS\System32\USER32.dll
0x00007fff930f0000 - 0x00007fff9310e000 	C:\WINDOWS\System32\win32u.dll
0x00007fff93930000 - 0x00007fff93964000 	C:\WINDOWS\System32\GDI32.dll
0x00007fff92d40000 - 0x00007fff92ec2000 	C:\WINDOWS\System32\gdi32full.dll
0x00007fff89fe0000 - 0x00007fff8a25a000 	C:\WINDOWS\WinSxS\amd64_microsoft.windows.common-controls_6595b64144ccf1df_6.0.14393.953_none_42151e83c686086b\COMCTL32.dll
0x00007fff93660000 - 0x00007fff93928000 	C:\WINDOWS\System32\combase.dll
0x00007fff92120000 - 0x00007fff92215000 	C:\WINDOWS\System32\ucrtbase.dll
0x00007fff92ab0000 - 0x00007fff92b1a000 	C:\WINDOWS\System32\bcryptPrimitives.dll
0x00007fff93630000 - 0x00007fff9365e000 	C:\WINDOWS\System32\IMM32.DLL
0x0000000071460000 - 0x0000000071532000 	C:\Program Files\Java\jdk1.8.0_05\jre\bin\msvcr100.dll
0x0000000070c30000 - 0x000000007145a000 	C:\Program Files\Java\jdk1.8.0_05\jre\bin\server\jvm.dll
0x00007fff932a0000 - 0x00007fff932a8000 	C:\WINDOWS\System32\PSAPI.DLL
0x00007fff864d0000 - 0x00007fff864d9000 	C:\WINDOWS\SYSTEM32\WSOCK32.dll
0x00007fff8e4a0000 - 0x00007fff8e4c3000 	C:\WINDOWS\SYSTEM32\WINMM.dll
0x00007fff935c0000 - 0x00007fff9362a000 	C:\WINDOWS\System32\WS2_32.dll
0x00007fff8e470000 - 0x00007fff8e49b000 	C:\WINDOWS\SYSTEM32\WINMMBASE.dll
0x00007fff92cf0000 - 0x00007fff92d32000 	C:\WINDOWS\System32\cfgmgr32.dll
0x0000000070c20000 - 0x0000000070c2f000 	C:\Program Files\Java\jdk1.8.0_05\jre\bin\verify.dll
0x0000000070bf0000 - 0x0000000070c18000 	C:\Program Files\Java\jdk1.8.0_05\jre\bin\java.dll
0x0000000070bc0000 - 0x0000000070be3000 	C:\Program Files\Java\jdk1.8.0_05\jre\bin\instrument.dll
0x0000000070ba0000 - 0x0000000070bb6000 	C:\Program Files\Java\jdk1.8.0_05\jre\bin\zip.dll
0x00007fff944d0000 - 0x00007fff959d8000 	C:\WINDOWS\System32\SHELL32.dll
0x00007fff92220000 - 0x00007fff928fa000 	C:\WINDOWS\System32\windows.storage.dll
0x00007fff92020000 - 0x00007fff9206c000 	C:\WINDOWS\System32\powrprof.dll
0x00007fff93560000 - 0x00007fff935b2000 	C:\WINDOWS\System32\shlwapi.dll
0x00007fff92000000 - 0x00007fff9200f000 	C:\WINDOWS\System32\kernel.appcore.dll
0x00007fff92070000 - 0x00007fff92119000 	C:\WINDOWS\System32\shcore.dll
0x00007fff91fe0000 - 0x00007fff91ff4000 	C:\WINDOWS\System32\profapi.dll
0x00007fff91af0000 - 0x00007fff91b07000 	C:\WINDOWS\SYSTEM32\CRYPTSP.dll
0x00007fff911b0000 - 0x00007fff911e3000 	C:\WINDOWS\system32\rsaenh.dll
0x00007fff91e80000 - 0x00007fff91eab000 	C:\WINDOWS\SYSTEM32\bcrypt.dll
0x00007fff914b0000 - 0x00007fff914cf000 	C:\WINDOWS\SYSTEM32\USERENV.dll
0x00007fff918b0000 - 0x00007fff918bb000 	C:\WINDOWS\SYSTEM32\CRYPTBASE.dll
0x0000000070b80000 - 0x0000000070b9a000 	C:\Program Files\Java\jdk1.8.0_05\jre\bin\net.dll
0x00007fff91660000 - 0x00007fff916bc000 	C:\WINDOWS\system32\mswsock.dll
0x00007fff913b0000 - 0x00007fff913e8000 	C:\WINDOWS\SYSTEM32\IPHLPAPI.DLL
0x00007fff94090000 - 0x00007fff94098000 	C:\WINDOWS\System32\NSI.dll
0x00007fff8b8d0000 - 0x00007fff8b8e6000 	C:\WINDOWS\SYSTEM32\dhcpcsvc6.DLL
0x00007fff8b8b0000 - 0x00007fff8b8ca000 	C:\WINDOWS\SYSTEM32\dhcpcsvc.DLL
0x0000000070b60000 - 0x0000000070b71000 	C:\Program Files\Java\jdk1.8.0_05\jre\bin\nio.dll
0x00007fff90a10000 - 0x00007fff90a1a000 	C:\Users\Martín.Martín-PC\AppData\Local\Temp\jansi-64-5067842686548034672.dll
0x0000000070b10000 - 0x0000000070b1d000 	C:\Program Files\Java\jdk1.8.0_05\jre\bin\management.dll
0x00007fff913f0000 - 0x00007fff91491000 	C:\WINDOWS\SYSTEM32\DNSAPI.dll
0x0000000074090000 - 0x00000000740b6000 	C:\Program Files\Bonjour\mdnsNSP.dll
0x00007fff88da0000 - 0x00007fff88daa000 	C:\Windows\System32\rasadhlp.dll
0x00007fff8b5c0000 - 0x00007fff8b62a000 	C:\WINDOWS\System32\fwpuclnt.dll
0x0000000070b30000 - 0x0000000070b54000 	C:\Program Files\Java\jdk1.8.0_05\jre\bin\sunec.dll
0x00007fff77500000 - 0x00007fff77516000 	C:\WINDOWS\system32\napinsp.dll
0x00007fff77520000 - 0x00007fff7753a000 	C:\WINDOWS\system32\pnrpnsp.dll
0x00007fff8f400000 - 0x00007fff8f418000 	C:\WINDOWS\system32\NLAapi.dll
0x00007fff77540000 - 0x00007fff7754e000 	C:\WINDOWS\System32\winrnr.dll
0x00007fff35720000 - 0x00007fff35735000 	C:\WINDOWS\System32\wshbth.dll
0x00007fff91cc0000 - 0x00007fff91e52000 	C:\WINDOWS\SYSTEM32\dbghelp.dll

VM Arguments:
jvm_args: -Dfile.encoding=UTF-8 -Xmx768M -Xms64M -Dgrails.fork.parent.process.port=5058 -Dgrails.fork.active=true -Dgrails.build.execution.context=C:\Users\Martín.Martín-PC\AppData\Local\Temp\PFPorcino7902610145808750235grails-execution-context -Dgrails.home=C:\grails-2.4.4 -javaagent:C:\grails-2.4.4\lib\org.springframework\springloaded\jars\springloaded-1.2.1.RELEASE.jar -Xverify:none -Dspringloaded.synchronize=true -Djdk.reflect.allowGetCallerClass=true -Dspringloaded=profile=grails;cacheDir=C:\Users\Martín.Martín-PC\.grails\2.4.4 
java_command: org.grails.plugins.tomcat.fork.ForkedTomcatServer
java_class_path (initial): C:\Program Files\Java\jdk1.8.0_05\lib\tools.jar;C:\grails-2.4.4\lib\org.codehaus.groovy\groovy-all\jars\groovy-all-2.3.7.jar;C:\grails-2.4.4\lib\org.slf4j\jcl-over-slf4j\jars\jcl-over-slf4j-1.7.5.jar;C:\grails-2.4.4\lib\org.codehaus.gant\gant_groovy1.8\jars\gant_groovy1.8-1.9.6.jar;C:\grails-2.4.4\lib\org.apache.tomcat.embed\tomcat-embed-logging-log4j\jars\tomcat-embed-logging-log4j-7.0.50.jar;C:\grails-2.4.4\dist\grails-plugin-log4j-2.4.4.jar;C:\grails-2.4.4\lib\log4j\log4j\jars\log4j-1.2.17.jar;C:\grails-2.4.4\dist\grails-bootstrap-2.4.4.jar;C:\grails-2.4.4\lib\org.slf4j\slf4j-api\jars\slf4j-api-1.7.5.jar;C:\grails-2.4.4\lib\jline\jline\jars\jline-2.12.jar;C:\grails-2.4.4\lib\org.apache.ant\ant\jars\ant-1.8.4.jar;C:\grails-2.4.4\lib\org.apache.ant\ant-launcher\jars\ant-launcher-1.8.4.jar;C:\grails-2.4.4\lib\org.apache.ant\ant-trax\jars\ant-trax-1.7.1.jar;C:\grails-2.4.4\lib\org.apache.ant\ant-junit\jars\ant-junit-1.8.4.jar;C:\grails-2.4.4\lib\org.apache.ivy\ivy\jars\ivy-2.3.0.jar;C:\grails-2.4.4\lib\org.fusesource.jansi\jansi\jars\jansi-1.11.jar;C:\Users\Martín.Martín-PC\.m2\repository\org\apache\tomcat\tomcat-catalina-ant\7.0.55\tomcat-catalina-ant-7.0.55.jar;C:\Users\Martín.Martín-PC\.m2\repository\org\apache\tomcat\embed\tomcat-embed-jasper\7.0.55\tomcat-embed-jasper-7.0.55.jar;C:\Users\Martín.Martín-PC\.m2\repository\org\apache\tomcat\embed\tomcat-embed-el\7.0.55\tomcat-embed-el-7.0.55.jar;C:\Users\Martín.Martín-PC\.m2\repository\org\apache\tomcat\embed\tomcat-embed-logging-log4j\7.0.55\tomcat-embed-logging-log4j-7.0.55.jar;C:\Users\Martín.Martín-PC\.m2\repository\org\apache\tomcat\embed\tomcat-embed-websocket\7.0.55\tomcat-embed-websocket-7.0.55.jar;C:\Users\Martín.Martín-PC\.m2\repository\org\apache\tomcat\embed\tomcat-embed-core\7.0.55\tomcat-embed-core-7.0.55.jar;C:\Users\Martín.Martín-PC\.m2\repository\org\eclipse\jdt\core\compiler\ecj\3.7.2\ecj-3.7.2.jar;C:\Users\Martín.Martín-PC\IdeaProjects\PFPorcino\target\work\plugins\tom
Launcher Type: SUN_STANDARD

Environment Variables:
JAVA_HOME=C:\Program Files\Java\jdk1.8.0_05
JRE_HOME=C:\Program Files\Java\jdk1.8.0_05\jre
CLASSPATH=.;C:\Program Files\Java\jdk1.8.0_05\lib;C:\Program Files\Java\jdk1.8.0_05\jre\lib
PATH=C:\Program Files (x86)\NVIDIA Corporation\PhysX\Common;c:\windows\system32;c:\windows;c:\windows\system32\wbem;c:\windows\system32\windowspowershell\v1.0\;c:\program files (x86)\ati technologies\ati.ace\core-static;c:\program files\matlab\r2012b\runtime\win64;c:\program files\matlab\r2012b\bin;c:\program files\microsoft sql server\110\tools\binn\;c:\program files (x86)\windows kits\8.1\windows performance toolkit\;c:\program files (x86)\microsoft sdks\typescript\1.0\;c:\program files\statgraphics\statgraphics centurion xvi.ii\;c:\program files (x86)\quicktime\qtsystem\;c:\program files (x86)\amd\ati.ace\core-static;C:\WINDOWS\system32;C:\WINDOWS;C:\WINDOWS\System32\Wbem;C:\WINDOWS\System32\WindowsPowerShell\v1.0\;C:\Program Files\Microsoft SQL Server\120\Tools\Binn\;C:\Program Files\Microsoft SQL Server\Client SDK\ODBC\110\Tools\Binn\;C:\Program Files (x86)\Microsoft SQL Server\120\Tools\Binn\;C:\Program Files\Microsoft SQL Server\120\DTS\Binn\;C:\Program Files (x86)\Microsoft SQL Server\120\Tools\Binn\ManagementStudio\;C:\Program Files (x86)\Microsoft SQL Server\120\DTS\Binn\;C:\Program Files\Java\jdk1.8.0_05\bin;;C:\Users\Martín.Martín-PC\AppData\Local\Microsoft\WindowsApps
USERNAME=Martín
OS=Windows_NT
PROCESSOR_IDENTIFIER=Intel64 Family 6 Model 60 Stepping 3, GenuineIntel



---------------  S Y S T E M  ---------------

OS: Windows 8.1 , 64 bit Build 9600 

CPU:total 4 (2 cores per cpu, 2 threads per core) family 6 model 60 stepping 3, cmov, cx8, fxsr, mmx, sse, sse2, sse3, ssse3, sse4.1, sse4.2, popcnt, avx, avx2, aes, clmul, erms, ht, tsc, tscinvbit

Memory: 4k page, physical 6176556k(1461212k free), swap 9123528k(984276k free)

vm_info: Java HotSpot(TM) 64-Bit Server VM (25.5-b02) for windows-amd64 JRE (1.8.0_05-b13), built on Mar 18 2014 01:08:39 by "java_re" with MS VC++ 10.0 (VS2010)

time: Tue May 02 23:39:30 2017
elapsed time: 31 seconds

