#
# A fatal error has been detected by the Java Runtime Environment:
#
#  EXCEPTION_ACCESS_VIOLATION (0xc0000005) at pc=0x00000000713b4bc2, pid=7276, tid=10532
#
# JRE version: Java(TM) SE Runtime Environment (8.0_05-b13) (build 1.8.0_05-b13)
# Java VM: Java HotSpot(TM) 64-Bit Server VM (25.5-b02 mixed mode windows-amd64 compressed oops)
# Problematic frame:
# V  [jvm.dll+0x424bc2]
#
# Failed to write core dump. Minidumps are not enabled by default on client versions of Windows
#
# If you would like to submit a bug report, please visit:
#   http://bugreport.sun.com/bugreport/crash.jsp
#

---------------  T H R E A D  ---------------

Current thread (0x0000000014fb6800):  JavaThread "C2 CompilerThread1" daemon [_thread_in_native, id=10532, stack(0x00000000169d0000,0x0000000016ad0000)]

siginfo: ExceptionCode=0xc0000005, reading address 0x0000000000000000

Registers:
RAX=0x000000001891ec88, RBX=0x0000000000000600, RCX=0x0000000000000000, RDX=0x000000001891b6f0
RSP=0x0000000016acc150, RBP=0x00000000000000c0, RSI=0x00000000000000b8, RDI=0x0000000000000000
R8 =0x0000000070f90000, R9 =0x0000000016acc470, R10=0x00000000ffffffff, R11=0x00000000165b4920
R12=0x000000001891f390, R13=0x0000000018e5e6e8, R14=0x0000000000000008, R15=0x0000000018e5e6e8
RIP=0x00000000713b4bc2, EFLAGS=0x0000000000010206

Top of Stack: (sp=0x0000000016acc150)
0x0000000016acc150:   00000000000000da 00000000000000b0
0x0000000016acc160:   000000000000000a 000000001acea570
0x0000000016acc170:   0000000000000001 0000000000000600
0x0000000016acc180:   0000000000000180 00000000000000c0
0x0000000016acc190:   000000001b022e40 00000000165b1cb0
0x0000000016acc1a0:   0000000000000760 000000001890a710
0x0000000016acc1b0:   0000000016acc470 000000001891bd30
0x0000000016acc1c0:   0000000000000020 0000000000000009
0x0000000016acc1d0:   000000001891f360 00000000000000da
0x0000000016acc1e0:   0000000018e5e6e8 00000000713b579d
0x0000000016acc1f0:   000000001891f360 000000000000001c
0x0000000016acc200:   00000000000000da 0000000016acc470
0x0000000016acc210:   000000001891b6f0 00000000000000da
0x0000000016acc220:   000000001891bd30 0000000000000020
0x0000000016acc230:   00000000180c8270 0000000016ace7e0
0x0000000016acc240:   00000000180c88a0 000000001891f360 

Instructions: (pc=0x00000000713b4bc2)
0x00000000713b4ba2:   c6 48 63 f0 48 03 f1 eb 04 48 83 ce ff 48 8b 84
0x00000000713b4bb2:   24 a0 00 00 00 48 8b 40 08 48 8b 3c 03 48 8b cf
0x00000000713b4bc2:   48 8b 07 ff 50 28 4c 8d 05 31 b4 bd ff 48 63 50
0x00000000713b4bd2:   10 4c 8b d8 48 8b ca 48 c1 e1 05 42 80 bc 01 c0 


Register to memory mapping:

RAX=0x000000001891ec88 is an unknown value
RBX=0x0000000000000600 is an unknown value
RCX=0x0000000000000000 is an unknown value
RDX=0x000000001891b6f0 is an unknown value
RSP=0x0000000016acc150 is pointing into the stack for thread: 0x0000000014fb6800
RBP=0x00000000000000c0 is an unknown value
RSI=0x00000000000000b8 is an unknown value
RDI=0x0000000000000000 is an unknown value
R8 =0x0000000070f90000 is an unknown value
R9 =0x0000000016acc470 is pointing into the stack for thread: 0x0000000014fb6800
R10=0x00000000ffffffff is an unknown value
R11=0x00000000165b4920 is an unknown value
R12=0x000000001891f390 is an unknown value
R13=0x0000000018e5e6e8 is an unknown value
R14=0x0000000000000008 is an unknown value
R15=0x0000000018e5e6e8 is an unknown value


Stack: [0x00000000169d0000,0x0000000016ad0000],  sp=0x0000000016acc150,  free space=1008k
Native frames: (J=compiled Java code, j=interpreted, Vv=VM code, C=native code)
V  [jvm.dll+0x424bc2]
V  [jvm.dll+0x42579d]
V  [jvm.dll+0x425cdf]
V  [jvm.dll+0x4c5874]
V  [jvm.dll+0x44123c]
V  [jvm.dll+0x4436a9]
V  [jvm.dll+0x427532]
V  [jvm.dll+0x96702]
V  [jvm.dll+0x96ef3]
V  [jvm.dll+0x2232c4]
V  [jvm.dll+0x27baca]
C  [msvcr100.dll+0x21d9f]
C  [msvcr100.dll+0x21e3b]
C  [KERNEL32.DLL+0x8364]
C  [ntdll.dll+0x670d1]


Current CompileTask:
C2:  26021 7650       4       groovy.lang.MetaClassImpl::findPropertyMethod (356 bytes)


---------------  P R O C E S S  ---------------

Java Threads: ( => current thread )
  0x00000000193e2800 JavaThread "seguridad.Role.data" daemon [_thread_blocked, id=9088, stack(0x000000001fc70000,0x000000001fd70000)]
  0x00000000193e5800 JavaThread "net.sf.ehcache.CacheManager@6c1fcc19" daemon [_thread_blocked, id=3016, stack(0x000000001f770000,0x000000001f870000)]
  0x00000000193e6000 JavaThread "PoolCleaner[1828868503:1494233011277]" daemon [_thread_blocked, id=2608, stack(0x000000001e9f0000,0x000000001eaf0000)]
  0x0000000018216800 JavaThread "FileSystemWatcher: files=#249 cl=groovy.lang.GroovyClassLoader@6d025197" daemon [_thread_blocked, id=5332, stack(0x000000001c320000,0x000000001c420000)]
  0x0000000018f4c800 JavaThread "localhost-startStop-1" daemon [_thread_in_Java, id=2320, stack(0x000000001c220000,0x000000001c320000)]
  0x0000000018f4c000 JavaThread "Tomcat-startStop-1" daemon [_thread_blocked, id=7728, stack(0x000000001c120000,0x000000001c220000)]
  0x000000001ac79000 JavaThread "Thread-3" [_thread_in_native, id=3892, stack(0x000000001a990000,0x000000001aa90000)]
  0x000000001941f000 JavaThread "Thread-2" [_thread_blocked, id=10692, stack(0x000000001a890000,0x000000001a990000)]
  0x00000000172b8800 JavaThread "NonBlockingInputStreamThread" daemon [_thread_blocked, id=8804, stack(0x0000000017f10000,0x0000000018010000)]
  0x00000000166b4800 JavaThread "Service Thread" daemon [_thread_blocked, id=9932, stack(0x0000000016bd0000,0x0000000016cd0000)]
  0x00000000165d6000 JavaThread "C1 CompilerThread2" daemon [_thread_blocked, id=10560, stack(0x0000000016ad0000,0x0000000016bd0000)]
=>0x0000000014fb6800 JavaThread "C2 CompilerThread1" daemon [_thread_in_native, id=10532, stack(0x00000000169d0000,0x0000000016ad0000)]
  0x0000000014fb5800 JavaThread "C2 CompilerThread0" daemon [_thread_in_native, id=9720, stack(0x00000000168d0000,0x00000000169d0000)]
  0x0000000014f5e000 JavaThread "Attach Listener" daemon [_thread_blocked, id=9956, stack(0x00000000163d0000,0x00000000164d0000)]
  0x0000000014f5d000 JavaThread "Signal Dispatcher" daemon [_thread_blocked, id=9112, stack(0x00000000162d0000,0x00000000163d0000)]
  0x00000000031e6800 JavaThread "Finalizer" daemon [_thread_blocked, id=10332, stack(0x00000000161d0000,0x00000000162d0000)]
  0x0000000014f27800 JavaThread "Reference Handler" daemon [_thread_blocked, id=4780, stack(0x00000000160d0000,0x00000000161d0000)]
  0x00000000030f3800 JavaThread "main" [_thread_blocked, id=10572, stack(0x0000000002e20000,0x0000000002f20000)]

Other Threads:
  0x0000000014f26800 VMThread [stack: 0x0000000015fd0000,0x00000000160d0000] [id=5736]
  0x00000000166a8000 WatcherThread [stack: 0x0000000016cd0000,0x0000000016dd0000] [id=2104]

VM state:not at safepoint (normal execution)

VM Mutex/Monitor currently owned by a thread: None

Heap:
 PSYoungGen      total 199168K, used 89164K [0x00000000f0000000, 0x0000000100000000, 0x0000000100000000)
  eden space 165376K, 33% used [0x00000000f0000000,0x00000000f3624d80,0x00000000fa180000)
  from space 33792K, 99% used [0x00000000fa180000,0x00000000fc26e5b0,0x00000000fc280000)
  to   space 49664K, 0% used [0x00000000fcf80000,0x00000000fcf80000,0x0000000100000000)
 ParOldGen       total 114176K, used 97826K [0x00000000d0000000, 0x00000000d6f80000, 0x00000000f0000000)
  object space 114176K, 85% used [0x00000000d0000000,0x00000000d5f88b00,0x00000000d6f80000)
 Metaspace       used 70324K, capacity 72334K, committed 72576K, reserved 1114112K
  class space    used 7432K, capacity 7954K, committed 8064K, reserved 1048576K

Card table byte_map: [0x00000000125b0000,0x0000000012740000] byte_map_base: 0x0000000011f30000

Marking Bits: (ParMarkBitMap*) 0x00000000717413b0
 Begin Bits: [0x0000000012c40000, 0x0000000013840000)
 End Bits:   [0x0000000013840000, 0x0000000014440000)

Polling page: 0x00000000011a0000

CodeCache: size=245760Kb used=26032Kb max_used=26032Kb free=219727Kb
 bounds [0x00000000031f0000, 0x0000000004b80000, 0x00000000121f0000]
 total_blobs=7356 nmethods=6580 adapters=686
 compilation: enabled

Compilation events (10 events):
Event: 25.973 Thread 0x00000000165d6000 7652       3       org.codehaus.groovy.runtime.callsite.StaticMetaMethodSite::checkCall (47 bytes)
Event: 25.974 Thread 0x00000000165d6000 nmethod 7652 0x0000000004b65150 code [0x0000000004b65320, 0x0000000004b65c48]
Event: 25.974 Thread 0x0000000014fb6800 nmethod 7598 0x0000000004b65fd0 code [0x0000000004b664a0, 0x0000000004b6bc10]
Event: 25.974 Thread 0x0000000014fb6800 7650       4       groovy.lang.MetaClassImpl::findPropertyMethod (356 bytes)
Event: 25.975 Thread 0x00000000165d6000 7653       3       org.grails.datastore.gorm.AbstractGormApi$_initializeMethods_closure1::$getCallSiteArray (40 bytes)
Event: 25.976 Thread 0x00000000165d6000 nmethod 7653 0x0000000004b64510 code [0x0000000004b646e0, 0x0000000004b64e48]
Event: 25.976 Thread 0x00000000165d6000 7654       3       org.grails.datastore.gorm.AbstractGormApi$_initializeMethods_closure1::doCall (317 bytes)
Event: 25.978 Thread 0x00000000165d6000 nmethod 7654 0x0000000004b61bd0 code [0x0000000004b61f80, 0x0000000004b63a78]
Event: 25.978 Thread 0x00000000165d6000 7655   !   3       java_lang_reflect_Member$getModifiers::call (34 bytes)
Event: 25.978 Thread 0x00000000165d6000 nmethod 7655 0x0000000004b61210 code [0x0000000004b613e0, 0x0000000004b61938]

GC Heap History (10 events):
Event: 22.533 GC heap before
{Heap before GC invocations=61 (full 5):
 PSYoungGen      total 206336K, used 187622K [0x00000000f0000000, 0x00000000fff00000, 0x0000000100000000)
  eden space 160256K, 98% used [0x00000000f0000000,0x00000000f9a2d9c8,0x00000000f9c80000)
  from space 46080K, 64% used [0x00000000f9c80000,0x00000000fb98c1d0,0x00000000fc980000)
  to   space 47104K, 0% used [0x00000000fd100000,0x00000000fd100000,0x00000000fff00000)
 ParOldGen       total 96768K, used 83313K [0x00000000d0000000, 0x00000000d5e80000, 0x00000000f0000000)
  object space 96768K, 86% used [0x00000000d0000000,0x00000000d515c408,0x00000000d5e80000)
 Metaspace       used 66428K, capacity 68268K, committed 68736K, reserved 1110016K
  class space    used 6945K, capacity 7451K, committed 7552K, reserved 1048576K
Event: 22.563 GC heap after
Heap after GC invocations=61 (full 5):
 PSYoungGen      total 214016K, used 28056K [0x00000000f0000000, 0x00000000fff80000, 0x0000000100000000)
  eden space 166912K, 0% used [0x00000000f0000000,0x00000000f0000000,0x00000000fa300000)
  from space 47104K, 59% used [0x00000000fd100000,0x00000000fec661e8,0x00000000fff00000)
  to   space 47104K, 0% used [0x00000000fa300000,0x00000000fa300000,0x00000000fd100000)
 ParOldGen       total 96768K, used 87288K [0x00000000d0000000, 0x00000000d5e80000, 0x00000000f0000000)
  object space 96768K, 90% used [0x00000000d0000000,0x00000000d553e208,0x00000000d5e80000)
 Metaspace       used 66428K, capacity 68268K, committed 68736K, reserved 1110016K
  class space    used 6945K, capacity 7451K, committed 7552K, reserved 1048576K
}
Event: 23.533 GC heap before
{Heap before GC invocations=62 (full 5):
 PSYoungGen      total 214016K, used 194968K [0x00000000f0000000, 0x00000000fff80000, 0x0000000100000000)
  eden space 166912K, 100% used [0x00000000f0000000,0x00000000fa300000,0x00000000fa300000)
  from space 47104K, 59% used [0x00000000fd100000,0x00000000fec661e8,0x00000000fff00000)
  to   space 47104K, 0% used [0x00000000fa300000,0x00000000fa300000,0x00000000fd100000)
 ParOldGen       total 96768K, used 87288K [0x00000000d0000000, 0x00000000d5e80000, 0x00000000f0000000)
  object space 96768K, 90% used [0x00000000d0000000,0x00000000d553e208,0x00000000d5e80000)
 Metaspace       used 67593K, capacity 69426K, committed 69760K, reserved 1112064K
  class space    used 7017K, capacity 7516K, committed 7552K, reserved 1048576K
Event: 23.568 GC heap after
Heap after GC invocations=62 (full 5):
 PSYoungGen      total 200192K, used 32955K [0x00000000f0000000, 0x0000000100000000, 0x0000000100000000)
  eden space 166912K, 0% used [0x00000000f0000000,0x00000000f0000000,0x00000000fa300000)
  from space 33280K, 99% used [0x00000000fa300000,0x00000000fc32ec80,0x00000000fc380000)
  to   space 48640K, 0% used [0x00000000fd080000,0x00000000fd080000,0x0000000100000000)
 ParOldGen       total 96768K, used 88632K [0x00000000d0000000, 0x00000000d5e80000, 0x00000000f0000000)
  object space 96768K, 91% used [0x00000000d0000000,0x00000000d568e208,0x00000000d5e80000)
 Metaspace       used 67593K, capacity 69426K, committed 69760K, reserved 1112064K
  class space    used 7017K, capacity 7516K, committed 7552K, reserved 1048576K
}
Event: 23.568 GC heap before
{Heap before GC invocations=63 (full 6):
 PSYoungGen      total 200192K, used 32955K [0x00000000f0000000, 0x0000000100000000, 0x0000000100000000)
  eden space 166912K, 0% used [0x00000000f0000000,0x00000000f0000000,0x00000000fa300000)
  from space 33280K, 99% used [0x00000000fa300000,0x00000000fc32ec80,0x00000000fc380000)
  to   space 48640K, 0% used [0x00000000fd080000,0x00000000fd080000,0x0000000100000000)
 ParOldGen       total 96768K, used 88632K [0x00000000d0000000, 0x00000000d5e80000, 0x00000000f0000000)
  object space 96768K, 91% used [0x00000000d0000000,0x00000000d568e208,0x00000000d5e80000)
 Metaspace       used 67593K, capacity 69426K, committed 69760K, reserved 1112064K
  class space    used 7017K, capacity 7516K, committed 7552K, reserved 1048576K
Event: 24.334 GC heap after
Heap after GC invocations=63 (full 6):
 PSYoungGen      total 200192K, used 24567K [0x00000000f0000000, 0x0000000100000000, 0x0000000100000000)
  eden space 166912K, 0% used [0x00000000f0000000,0x00000000f0000000,0x00000000fa300000)
  from space 33280K, 73% used [0x00000000fa300000,0x00000000fbafdc70,0x00000000fc380000)
  to   space 48640K, 0% used [0x00000000fd080000,0x00000000fd080000,0x0000000100000000)
 ParOldGen       total 114176K, used 96370K [0x00000000d0000000, 0x00000000d6f80000, 0x00000000f0000000)
  object space 114176K, 84% used [0x00000000d0000000,0x00000000d5e1c940,0x00000000d6f80000)
 Metaspace       used 67589K, capacity 69420K, committed 69760K, reserved 1112064K
  class space    used 7017K, capacity 7515K, committed 7552K, reserved 1048576K
}
Event: 25.035 GC heap before
{Heap before GC invocations=64 (full 6):
 PSYoungGen      total 200192K, used 187173K [0x00000000f0000000, 0x0000000100000000, 0x0000000100000000)
  eden space 166912K, 97% used [0x00000000f0000000,0x00000000f9ecbb58,0x00000000fa300000)
  from space 33280K, 73% used [0x00000000fa300000,0x00000000fbafdc70,0x00000000fc380000)
  to   space 48640K, 0% used [0x00000000fd080000,0x00000000fd080000,0x0000000100000000)
 ParOldGen       total 114176K, used 96370K [0x00000000d0000000, 0x00000000d6f80000, 0x00000000f0000000)
  object space 114176K, 84% used [0x00000000d0000000,0x00000000d5e1c940,0x00000000d6f80000)
 Metaspace       used 69184K, capacity 70994K, committed 71296K, reserved 1112064K
  class space    used 7252K, capacity 7740K, committed 7808K, reserved 1048576K
Event: 25.072 GC heap after
Heap after GC invocations=64 (full 6):
 PSYoungGen      total 214016K, used 29690K [0x00000000f0000000, 0x0000000100000000, 0x0000000100000000)
  eden space 165376K, 0% used [0x00000000f0000000,0x00000000f0000000,0x00000000fa180000)
  from space 48640K, 61% used [0x00000000fd080000,0x00000000fed7e950,0x0000000100000000)
  to   space 48128K, 0% used [0x00000000fa180000,0x00000000fa180000,0x00000000fd080000)
 ParOldGen       total 114176K, used 97698K [0x00000000d0000000, 0x00000000d6f80000, 0x00000000f0000000)
  object space 114176K, 85% used [0x00000000d0000000,0x00000000d5f68b00,0x00000000d6f80000)
 Metaspace       used 69184K, capacity 70994K, committed 71296K, reserved 1112064K
  class space    used 7252K, capacity 7740K, committed 7808K, reserved 1048576K
}
Event: 25.825 GC heap before
{Heap before GC invocations=65 (full 6):
 PSYoungGen      total 214016K, used 190228K [0x00000000f0000000, 0x0000000100000000, 0x0000000100000000)
  eden space 165376K, 97% used [0x00000000f0000000,0x00000000f9cc67e0,0x00000000fa180000)
  from space 48640K, 61% used [0x00000000fd080000,0x00000000fed7e950,0x0000000100000000)
  to   space 48128K, 0% used [0x00000000fa180000,0x00000000fa180000,0x00000000fd080000)
 ParOldGen       total 114176K, used 97698K [0x00000000d0000000, 0x00000000d6f80000, 0x00000000f0000000)
  object space 114176K, 85% used [0x00000000d0000000,0x00000000d5f68b00,0x00000000d6f80000)
 Metaspace       used 69953K, capacity 71890K, committed 72192K, reserved 1114112K
  class space    used 7377K, capacity 7894K, committed 7936K, reserved 1048576K
Event: 25.847 GC heap after
Heap after GC invocations=65 (full 6):
 PSYoungGen      total 199168K, used 33721K [0x00000000f0000000, 0x0000000100000000, 0x0000000100000000)
  eden space 165376K, 0% used [0x00000000f0000000,0x00000000f0000000,0x00000000fa180000)
  from space 33792K, 99% used [0x00000000fa180000,0x00000000fc26e5b0,0x00000000fc280000)
  to   space 49664K, 0% used [0x00000000fcf80000,0x00000000fcf80000,0x0000000100000000)
 ParOldGen       total 114176K, used 97826K [0x00000000d0000000, 0x00000000d6f80000, 0x00000000f0000000)
  object space 114176K, 85% used [0x00000000d0000000,0x00000000d5f88b00,0x00000000d6f80000)
 Metaspace       used 69953K, capacity 71890K, committed 72192K, reserved 1114112K
  class space    used 7377K, capacity 7894K, committed 7936K, reserved 1048576K
}

Deoptimization events (10 events):
Event: 23.408 Thread 0x0000000018f4c800 Uncommon trap: reason=unreached action=reinterpret pc=0x00000000048f1e3c method=org.springframework.beans.factory.support.AbstractAutowireCapableBeanFactory.predictBeanType(Ljava/lang/String;Lorg/springframework/beans/factory/support/RootBeanDefinition;[LjÉb#lQž8@
Event: 24.618 Thread 0x0000000018f4c800 Uncommon trap: reason=null_check action=make_not_entrant pc=0x0000000004a37b34 method=org.springframework.util.ClassUtils.isAssignable(Ljava/lang/Class;Ljava/lang/Class;)Z @ 70
Event: 25.106 Thread 0x0000000018f4c800 Uncommon trap: reason=unreached action=reinterpret pc=0x0000000004254c6c method=org.springframework.util.ObjectUtils.nullSafeEquals(Ljava/lang/Object;Ljava/lang/Object;)Z @ 8
Event: 25.667 Thread 0x0000000018f4c800 Uncommon trap: reason=class_check action=maybe_recompile pc=0x00000000040dc5c8 method=sun.reflect.generics.factory.CoreReflectionFactory.findTypeVariable(Ljava/lang/String;)Ljava/lang/reflect/TypeVariable; @ 5
Event: 25.667 Thread 0x0000000018f4c800 Uncommon trap: reason=class_check action=maybe_recompile pc=0x00000000040dc5c8 method=sun.reflect.generics.factory.CoreReflectionFactory.findTypeVariable(Ljava/lang/String;)Ljava/lang/reflect/TypeVariable; @ 5
Event: 25.669 Thread 0x0000000018f4c800 Uncommon trap: reason=class_check action=maybe_recompile pc=0x00000000040dc5c8 method=sun.reflect.generics.factory.CoreReflectionFactory.findTypeVariable(Ljava/lang/String;)Ljava/lang/reflect/TypeVariable; @ 5
Event: 25.681 Thread 0x0000000018f4c800 Uncommon trap: reason=unreached action=reinterpret pc=0x0000000004b041a4 method=org.codehaus.groovy.runtime.metaclass.MetaMethodIndex.isNonRealMethod(Lgroovy/lang/MetaMethod;)Z @ 32
Event: 25.803 Thread 0x0000000018f4c800 Uncommon trap: reason=null_check action=make_not_entrant pc=0x00000000044af304 method=com.sun.org.apache.xerces.internal.utils.XMLLimitAnalyzer.isTracking(Ljava/lang/String;)Z @ 14
Event: 25.849 Thread 0x0000000018f4c800 Uncommon trap: reason=unreached action=reinterpret pc=0x0000000004aa42d8 method=org.springframework.beans.factory.support.AbstractBeanFactory.isTypeMatch(Ljava/lang/String;Ljava/lang/Class;)Z @ 135
Event: 25.899 Thread 0x0000000018f4c800 Uncommon trap: reason=class_check action=maybe_recompile pc=0x00000000040dc5c8 method=sun.reflect.generics.factory.CoreReflectionFactory.findTypeVariable(Ljava/lang/String;)Ljava/lang/reflect/TypeVariable; @ 5

Internal exceptions (10 events):
Event: 25.995 Thread 0x0000000018f4c800 Exception <a 'java/security/PrivilegedActionException'> (0x00000000f3236d50) thrown at [D:\re\workspace\8-2-build-windows-amd64-cygwin\jdk8u5\2488\hotspot\src\share\vm\prims\jvm.cpp, line 1248]
Event: 25.996 Thread 0x0000000018f4c800 Exception <a 'java/security/PrivilegedActionException'> (0x00000000f3245f98) thrown at [D:\re\workspace\8-2-build-windows-amd64-cygwin\jdk8u5\2488\hotspot\src\share\vm\prims\jvm.cpp, line 1248]
Event: 25.996 Thread 0x0000000018f4c800 Exception <a 'java/security/PrivilegedActionException'> (0x00000000f3266bd8) thrown at [D:\re\workspace\8-2-build-windows-amd64-cygwin\jdk8u5\2488\hotspot\src\share\vm\prims\jvm.cpp, line 1248]
Event: 25.996 Thread 0x0000000018f4c800 Exception <a 'java/lang/ClassNotFoundException': org/grails/datastore/gorm/GormValidationApiCustomizer> (0x00000000f3267c88) thrown at [D:\re\workspace\8-2-build-windows-amd64-cygwin\jdk8u5\2488\hotspot\src\share\vm\classfile\systemDictionary.cpp, line 202LÕÏ
Aÿ9@
Event: 25.997 Thread 0x0000000018f4c800 Exception <a 'java/security/PrivilegedActionException'> (0x00000000f328b4e8) thrown at [D:\re\workspace\8-2-build-windows-amd64-cygwin\jdk8u5\2488\hotspot\src\share\vm\prims\jvm.cpp, line 1248]
Event: 25.997 Thread 0x0000000018f4c800 Exception <a 'java/security/PrivilegedActionException'> (0x00000000f3290950) thrown at [D:\re\workspace\8-2-build-windows-amd64-cygwin\jdk8u5\2488\hotspot\src\share\vm\prims\jvm.cpp, line 1248]
Event: 25.998 Thread 0x0000000018f4c800 Exception <a 'java/security/PrivilegedActionException'> (0x00000000f32a4df8) thrown at [D:\re\workspace\8-2-build-windows-amd64-cygwin\jdk8u5\2488\hotspot\src\share\vm\prims\jvm.cpp, line 1248]
Event: 25.998 Thread 0x0000000018f4c800 Exception <a 'java/security/PrivilegedActionException'> (0x00000000f32be730) thrown at [D:\re\workspace\8-2-build-windows-amd64-cygwin\jdk8u5\2488\hotspot\src\share\vm\prims\jvm.cpp, line 1248]
Event: 25.998 Thread 0x0000000018f4c800 Exception <a 'java/security/PrivilegedActionException'> (0x00000000f32c3d28) thrown at [D:\re\workspace\8-2-build-windows-amd64-cygwin\jdk8u5\2488\hotspot\src\share\vm\prims\jvm.cpp, line 1248]
Event: 25.998 Thread 0x0000000018f4c800 Exception <a 'java/security/PrivilegedActionException'> (0x00000000f32d81d0) thrown at [D:\re\workspace\8-2-build-windows-amd64-cygwin\jdk8u5\2488\hotspot\src\share\vm\prims\jvm.cpp, line 1248]

Events (10 events):
Event: 25.994 loading class org/grails/datastore/gorm/GormValidationApiCustomizer
Event: 25.994 loading class org/grails/datastore/gorm/GormValidationApiCustomizer done
Event: 25.995 loading class org/grails/datastore/gorm/GormValidationApiCustomizer
Event: 25.995 loading class org/grails/datastore/gorm/GormValidationApiCustomizer done
Event: 25.996 loading class org/grails/datastore/gorm/GormValidationApiCustomizer
Event: 25.996 loading class org/grails/datastore/gorm/GormValidationApiCustomizer done
Event: 25.997 loading class org/codehaus/groovy/grails/orm/hibernate/AbstractHibernateGormValidationApiCustomizer
Event: 25.997 loading class org/codehaus/groovy/grails/orm/hibernate/AbstractHibernateGormValidationApiCustomizer done
Event: 25.998 loading class org/codehaus/groovy/grails/orm/hibernate/AbstractHibernateGormValidationApiCustomizer
Event: 25.998 loading class org/codehaus/groovy/grails/orm/hibernate/AbstractHibernateGormValidationApiCustomizer done


Dynamic libraries:
0x00007ff718da0000 - 0x00007ff718dd4000 	C:\Program Files\Java\jdk1.8.0_05\bin\java.exe
0x00007ffb91ed0000 - 0x00007ffb920a1000 	C:\WINDOWS\SYSTEM32\ntdll.dll
0x00007ffb8f8f0000 - 0x00007ffb8f99b000 	C:\WINDOWS\System32\KERNEL32.DLL
0x00007ffb8e8c0000 - 0x00007ffb8eadd000 	C:\WINDOWS\System32\KERNELBASE.dll
0x00007ffb911a0000 - 0x00007ffb91242000 	C:\WINDOWS\System32\ADVAPI32.dll
0x00007ffb91bf0000 - 0x00007ffb91c8e000 	C:\WINDOWS\System32\msvcrt.dll
0x00007ffb91e40000 - 0x00007ffb91e99000 	C:\WINDOWS\System32\sechost.dll
0x00007ffb91550000 - 0x00007ffb91671000 	C:\WINDOWS\System32\RPCRT4.dll
0x00007ffb8fa10000 - 0x00007ffb8fb75000 	C:\WINDOWS\System32\USER32.dll
0x00007ffb8e7f0000 - 0x00007ffb8e80e000 	C:\WINDOWS\System32\win32u.dll
0x00007ffb91510000 - 0x00007ffb91544000 	C:\WINDOWS\System32\GDI32.dll
0x00007ffb8e610000 - 0x00007ffb8e792000 	C:\WINDOWS\System32\gdi32full.dll
0x00007ffb86840000 - 0x00007ffb86aba000 	C:\WINDOWS\WinSxS\amd64_microsoft.windows.common-controls_6595b64144ccf1df_6.0.14393.953_none_42151e83c686086b\COMCTL32.dll
0x00007ffb8f600000 - 0x00007ffb8f8c8000 	C:\WINDOWS\System32\combase.dll
0x00007ffb8e3c0000 - 0x00007ffb8e4b5000 	C:\WINDOWS\System32\ucrtbase.dll
0x00007ffb8f220000 - 0x00007ffb8f28a000 	C:\WINDOWS\System32\bcryptPrimitives.dll
0x00007ffb91ea0000 - 0x00007ffb91ece000 	C:\WINDOWS\System32\IMM32.DLL
0x00000000717c0000 - 0x0000000071892000 	C:\Program Files\Java\jdk1.8.0_05\jre\bin\msvcr100.dll
0x0000000070f90000 - 0x00000000717ba000 	C:\Program Files\Java\jdk1.8.0_05\jre\bin\server\jvm.dll
0x00007ffb8f9a0000 - 0x00007ffb8f9a8000 	C:\WINDOWS\System32\PSAPI.DLL
0x00007ffb80a40000 - 0x00007ffb80a49000 	C:\WINDOWS\SYSTEM32\WSOCK32.dll
0x00007ffb8a680000 - 0x00007ffb8a6a3000 	C:\WINDOWS\SYSTEM32\WINMM.dll
0x00007ffb91690000 - 0x00007ffb916fa000 	C:\WINDOWS\System32\WS2_32.dll
0x00007ffb8a650000 - 0x00007ffb8a67b000 	C:\WINDOWS\SYSTEM32\WINMMBASE.dll
0x00007ffb8e7a0000 - 0x00007ffb8e7e2000 	C:\WINDOWS\System32\cfgmgr32.dll
0x0000000070f80000 - 0x0000000070f8f000 	C:\Program Files\Java\jdk1.8.0_05\jre\bin\verify.dll
0x0000000070f50000 - 0x0000000070f78000 	C:\Program Files\Java\jdk1.8.0_05\jre\bin\java.dll
0x0000000070f20000 - 0x0000000070f43000 	C:\Program Files\Java\jdk1.8.0_05\jre\bin\instrument.dll
0x0000000070f00000 - 0x0000000070f16000 	C:\Program Files\Java\jdk1.8.0_05\jre\bin\zip.dll
0x00007ffb8fb90000 - 0x00007ffb91098000 	C:\WINDOWS\System32\SHELL32.dll
0x00007ffb8eb40000 - 0x00007ffb8f21a000 	C:\WINDOWS\System32\windows.storage.dll
0x00007ffb8e360000 - 0x00007ffb8e3ac000 	C:\WINDOWS\System32\powrprof.dll
0x00007ffb91410000 - 0x00007ffb91462000 	C:\WINDOWS\System32\shlwapi.dll
0x00007ffb8e350000 - 0x00007ffb8e35f000 	C:\WINDOWS\System32\kernel.appcore.dll
0x00007ffb8e810000 - 0x00007ffb8e8b9000 	C:\WINDOWS\System32\shcore.dll
0x00007ffb8e330000 - 0x00007ffb8e344000 	C:\WINDOWS\System32\profapi.dll
0x00007ffb8de00000 - 0x00007ffb8de17000 	C:\WINDOWS\SYSTEM32\CRYPTSP.dll
0x00007ffb8d860000 - 0x00007ffb8d893000 	C:\WINDOWS\system32\rsaenh.dll
0x00007ffb8df10000 - 0x00007ffb8df3b000 	C:\WINDOWS\SYSTEM32\bcrypt.dll
0x00007ffb8dae0000 - 0x00007ffb8daff000 	C:\WINDOWS\SYSTEM32\USERENV.dll
0x00007ffb8de20000 - 0x00007ffb8de2b000 	C:\WINDOWS\SYSTEM32\CRYPTBASE.dll
0x0000000070ee0000 - 0x0000000070efa000 	C:\Program Files\Java\jdk1.8.0_05\jre\bin\net.dll
0x00007ffb8dc60000 - 0x00007ffb8dcbc000 	C:\WINDOWS\system32\mswsock.dll
0x00007ffb8d9e0000 - 0x00007ffb8da18000 	C:\WINDOWS\SYSTEM32\IPHLPAPI.DLL
0x00007ffb91680000 - 0x00007ffb91688000 	C:\WINDOWS\System32\NSI.dll
0x00007ffb88800000 - 0x00007ffb88816000 	C:\WINDOWS\SYSTEM32\dhcpcsvc6.DLL
0x00007ffb88690000 - 0x00007ffb886aa000 	C:\WINDOWS\SYSTEM32\dhcpcsvc.DLL
0x0000000070ec0000 - 0x0000000070ed1000 	C:\Program Files\Java\jdk1.8.0_05\jre\bin\nio.dll
0x00007ffb86f20000 - 0x00007ffb86f2a000 	C:\Users\Martín.Martín-PC\AppData\Local\Temp\jansi-64-1137109853438743918.dll
0x0000000070e70000 - 0x0000000070e7d000 	C:\Program Files\Java\jdk1.8.0_05\jre\bin\management.dll
0x00007ffb8da20000 - 0x00007ffb8dac1000 	C:\WINDOWS\SYSTEM32\DNSAPI.dll
0x00000000743f0000 - 0x0000000074416000 	C:\Program Files\Bonjour\mdnsNSP.dll
0x00007ffb85540000 - 0x00007ffb8554a000 	C:\Windows\System32\rasadhlp.dll
0x00007ffb882a0000 - 0x00007ffb8830a000 	C:\WINDOWS\System32\fwpuclnt.dll
0x0000000070e90000 - 0x0000000070eb4000 	C:\Program Files\Java\jdk1.8.0_05\jre\bin\sunec.dll
0x00007ffb74120000 - 0x00007ffb74136000 	C:\WINDOWS\system32\napinsp.dll
0x00007ffb74230000 - 0x00007ffb7424a000 	C:\WINDOWS\system32\pnrpnsp.dll
0x00007ffb8b730000 - 0x00007ffb8b748000 	C:\WINDOWS\system32\NLAapi.dll
0x00007ffb74280000 - 0x00007ffb7428e000 	C:\WINDOWS\System32\winrnr.dll
0x00007ffb74290000 - 0x00007ffb742a5000 	C:\WINDOWS\System32\wshbth.dll
0x00007ffb84ce0000 - 0x00007ffb84e72000 	C:\WINDOWS\SYSTEM32\dbghelp.dll

VM Arguments:
jvm_args: -Dfile.encoding=UTF-8 -Xmx768M -Xms64M -Dgrails.fork.parent.process.port=6378 -Dgrails.fork.active=true -Dgrails.build.execution.context=C:\Users\Martín.Martín-PC\AppData\Local\Temp\PFPorcino6439231627447878762grails-execution-context -Dgrails.home=C:\grails-2.4.4 -javaagent:C:\grails-2.4.4\lib\org.springframework\springloaded\jars\springloaded-1.2.1.RELEASE.jar -Xverify:none -Dspringloaded.synchronize=true -Djdk.reflect.allowGetCallerClass=true -Dspringloaded=profile=grails;cacheDir=C:\Users\Martín.Martín-PC\.grails\2.4.4 
java_command: org.grails.plugins.tomcat.fork.ForkedTomcatServer
java_class_path (initial): C:\Program Files\Java\jdk1.8.0_05\lib\tools.jar;C:\grails-2.4.4\lib\org.codehaus.groovy\groovy-all\jars\groovy-all-2.3.7.jar;C:\grails-2.4.4\lib\org.slf4j\jcl-over-slf4j\jars\jcl-over-slf4j-1.7.5.jar;C:\grails-2.4.4\lib\org.codehaus.gant\gant_groovy1.8\jars\gant_groovy1.8-1.9.6.jar;C:\grails-2.4.4\lib\org.apache.tomcat.embed\tomcat-embed-logging-log4j\jars\tomcat-embed-logging-log4j-7.0.50.jar;C:\grails-2.4.4\dist\grails-plugin-log4j-2.4.4.jar;C:\grails-2.4.4\lib\log4j\log4j\jars\log4j-1.2.17.jar;C:\grails-2.4.4\dist\grails-bootstrap-2.4.4.jar;C:\grails-2.4.4\lib\org.slf4j\slf4j-api\jars\slf4j-api-1.7.5.jar;C:\grails-2.4.4\lib\jline\jline\jars\jline-2.12.jar;C:\grails-2.4.4\lib\org.apache.ant\ant\jars\ant-1.8.4.jar;C:\grails-2.4.4\lib\org.apache.ant\ant-launcher\jars\ant-launcher-1.8.4.jar;C:\grails-2.4.4\lib\org.apache.ant\ant-trax\jars\ant-trax-1.7.1.jar;C:\grails-2.4.4\lib\org.apache.ant\ant-junit\jars\ant-junit-1.8.4.jar;C:\grails-2.4.4\lib\org.apache.ivy\ivy\jars\ivy-2.3.0.jar;C:\grails-2.4.4\lib\org.fusesource.jansi\jansi\jars\jansi-1.11.jar;C:\Users\Martín.Martín-PC\.m2\repository\org\apache\tomcat\tomcat-catalina-ant\7.0.55\tomcat-catalina-ant-7.0.55.jar;C:\Users\Martín.Martín-PC\.m2\repository\org\apache\tomcat\embed\tomcat-embed-jasper\7.0.55\tomcat-embed-jasper-7.0.55.jar;C:\Users\Martín.Martín-PC\.m2\repository\org\apache\tomcat\embed\tomcat-embed-el\7.0.55\tomcat-embed-el-7.0.55.jar;C:\Users\Martín.Martín-PC\.m2\repository\org\apache\tomcat\embed\tomcat-embed-logging-log4j\7.0.55\tomcat-embed-logging-log4j-7.0.55.jar;C:\Users\Martín.Martín-PC\.m2\repository\org\apache\tomcat\embed\tomcat-embed-websocket\7.0.55\tomcat-embed-websocket-7.0.55.jar;C:\Users\Martín.Martín-PC\.m2\repository\org\apache\tomcat\embed\tomcat-embed-core\7.0.55\tomcat-embed-core-7.0.55.jar;C:\Users\Martín.Martín-PC\.m2\repository\org\eclipse\jdt\core\compiler\ecj\3.7.2\ecj-3.7.2.jar;C:\Users\Martín.Martín-PC\IdeaProjects\PFPorcino\target\work\plugins\tom
Launcher Type: SUN_STANDARD

Environment Variables:
JAVA_HOME=C:\Program Files\Java\jdk1.8.0_05
JRE_HOME=C:\Program Files\Java\jdk1.8.0_05\jre
CLASSPATH=.;C:\Program Files\Java\jdk1.8.0_05\lib;C:\Program Files\Java\jdk1.8.0_05\jre\lib
PATH=C:\Program Files (x86)\NVIDIA Corporation\PhysX\Common;c:\windows\system32;c:\windows;c:\windows\system32\wbem;c:\windows\system32\windowspowershell\v1.0\;c:\program files (x86)\ati technologies\ati.ace\core-static;c:\program files\matlab\r2012b\runtime\win64;c:\program files\matlab\r2012b\bin;c:\program files\microsoft sql server\110\tools\binn\;c:\program files (x86)\windows kits\8.1\windows performance toolkit\;c:\program files (x86)\microsoft sdks\typescript\1.0\;c:\program files\statgraphics\statgraphics centurion xvi.ii\;c:\program files (x86)\quicktime\qtsystem\;c:\program files (x86)\amd\ati.ace\core-static;C:\WINDOWS\system32;C:\WINDOWS;C:\WINDOWS\System32\Wbem;C:\WINDOWS\System32\WindowsPowerShell\v1.0\;C:\Program Files\Microsoft SQL Server\120\Tools\Binn\;C:\Program Files\Microsoft SQL Server\Client SDK\ODBC\110\Tools\Binn\;C:\Program Files (x86)\Microsoft SQL Server\120\Tools\Binn\;C:\Program Files\Microsoft SQL Server\120\DTS\Binn\;C:\Program Files (x86)\Microsoft SQL Server\120\Tools\Binn\ManagementStudio\;C:\Program Files (x86)\Microsoft SQL Server\120\DTS\Binn\;C:\Program Files\Java\jdk1.8.0_05\bin;;C:\Users\Martín.Martín-PC\AppData\Local\Microsoft\WindowsApps
USERNAME=Martín
OS=Windows_NT
PROCESSOR_IDENTIFIER=Intel64 Family 6 Model 60 Stepping 3, GenuineIntel



---------------  S Y S T E M  ---------------

OS: Windows 8.1 , 64 bit Build 9600 

CPU:total 4 (2 cores per cpu, 2 threads per core) family 6 model 60 stepping 3, cmov, cx8, fxsr, mmx, sse, sse2, sse3, ssse3, sse4.1, sse4.2, popcnt, avx, avx2, aes, clmul, erms, ht, tsc, tscinvbit

Memory: 4k page, physical 6176556k(1165516k free), swap 9715500k(2560904k free)

vm_info: Java HotSpot(TM) 64-Bit Server VM (25.5-b02) for windows-amd64 JRE (1.8.0_05-b13), built on Mar 18 2014 01:08:39 by "java_re" with MS VC++ 10.0 (VS2010)

time: Mon May 08 03:43:42 2017
elapsed time: 26 seconds

