#
# A fatal error has been detected by the Java Runtime Environment:
#
#  EXCEPTION_ACCESS_VIOLATION (0xc0000005) at pc=0x0000000071054bc2, pid=1688, tid=4692
#
# JRE version: Java(TM) SE Runtime Environment (8.0_05-b13) (build 1.8.0_05-b13)
# Java VM: Java HotSpot(TM) 64-Bit Server VM (25.5-b02 mixed mode windows-amd64 compressed oops)
# Problematic frame:
# V  [jvm.dll+0x424bc2]
#
# Failed to write core dump. Minidumps are not enabled by default on client versions of Windows
#
# If you would like to submit a bug report, please visit:
#   http://bugreport.sun.com/bugreport/crash.jsp
#

---------------  T H R E A D  ---------------

Current thread (0x000000001536d800):  JavaThread "C2 CompilerThread1" daemon [_thread_in_native, id=4692, stack(0x0000000016d80000,0x0000000016e80000)]

siginfo: ExceptionCode=0xc0000005, reading address 0x0000000000000000

Registers:
RAX=0x000000001dc22ad8, RBX=0x0000000000000600, RCX=0x0000000000000000, RDX=0x0000000018697c70
RSP=0x0000000016e7c830, RBP=0x00000000000000c0, RSI=0x00000000000000b8, RDI=0x0000000000000000
R8 =0x0000000070c30000, R9 =0x0000000016e7cb50, R10=0x00000000ffffffff, R11=0x000000001697ec90
R12=0x000000001dc231f0, R13=0x000000001dae90b8, R14=0x0000000000000008, R15=0x000000001dae90b8
RIP=0x0000000071054bc2, EFLAGS=0x0000000000010206

Top of Stack: (sp=0x0000000016e7c830)
0x0000000016e7c830:   00000000000000dc 0000000018693450
0x0000000016e7c840:   0000000000000000 000000001a100a68
0x0000000016e7c850:   0000000000000001 0000000000000600
0x0000000016e7c860:   0000000000000180 00000000000000c0
0x0000000016e7c870:   000000001b7925a0 0000000015369480
0x0000000016e7c880:   0000000000000738 0000000018693450
0x0000000016e7c890:   0000000016e7cb50 000000001dc1fb60
0x0000000016e7c8a0:   0000000000000020 0000000000000009
0x0000000016e7c8b0:   000000001dc231c0 00000000000000dc
0x0000000016e7c8c0:   000000001dae90b8 000000007105579d
0x0000000016e7c8d0:   000000001dc231c0 000000000000001c
0x0000000016e7c8e0:   00000000000000dc 0000000016e7cb50
0x0000000016e7c8f0:   0000000018697c70 00000000000000dc
0x0000000016e7c900:   000000001dc1fb60 0000000000000020
0x0000000016e7c910:   0000000018778058 0000000016e7eec0
0x0000000016e7c920:   0000000018778688 000000001dc231c0 

Instructions: (pc=0x0000000071054bc2)
0x0000000071054ba2:   c6 48 63 f0 48 03 f1 eb 04 48 83 ce ff 48 8b 84
0x0000000071054bb2:   24 a0 00 00 00 48 8b 40 08 48 8b 3c 03 48 8b cf
0x0000000071054bc2:   48 8b 07 ff 50 28 4c 8d 05 31 b4 bd ff 48 63 50
0x0000000071054bd2:   10 4c 8b d8 48 8b ca 48 c1 e1 05 42 80 bc 01 c0 


Register to memory mapping:

RAX=0x000000001dc22ad8 is an unknown value
RBX=0x0000000000000600 is an unknown value
RCX=0x0000000000000000 is an unknown value
RDX=0x0000000018697c70 is an unknown value
RSP=0x0000000016e7c830 is pointing into the stack for thread: 0x000000001536d800
RBP=0x00000000000000c0 is an unknown value
RSI=0x00000000000000b8 is an unknown value
RDI=0x0000000000000000 is an unknown value
R8 =0x0000000070c30000 is an unknown value
R9 =0x0000000016e7cb50 is pointing into the stack for thread: 0x000000001536d800
R10=0x00000000ffffffff is an unknown value
R11=0x000000001697ec90 is an unknown value
R12=0x000000001dc231f0 is an unknown value
R13=0x000000001dae90b8 is an unknown value
R14=0x0000000000000008 is an unknown value
R15=0x000000001dae90b8 is an unknown value


Stack: [0x0000000016d80000,0x0000000016e80000],  sp=0x0000000016e7c830,  free space=1010k
Native frames: (J=compiled Java code, j=interpreted, Vv=VM code, C=native code)
V  [jvm.dll+0x424bc2]
V  [jvm.dll+0x42579d]
V  [jvm.dll+0x425cdf]
V  [jvm.dll+0x4c5874]
V  [jvm.dll+0x44123c]
V  [jvm.dll+0x4436a9]
V  [jvm.dll+0x427532]
V  [jvm.dll+0x96702]
V  [jvm.dll+0x96ef3]
V  [jvm.dll+0x2232c4]
V  [jvm.dll+0x27baca]
C  [msvcr100.dll+0x21d9f]
C  [msvcr100.dll+0x21e3b]
C  [KERNEL32.DLL+0x8364]
C  [ntdll.dll+0x670d1]


Current CompileTask:
C2:  29714 7503       4       groovy.lang.MetaClassImpl::findPropertyMethod (356 bytes)


---------------  P R O C E S S  ---------------

Java Threads: ( => current thread )
  0x000000001a5ec000 JavaThread "seguridad.Role.data" daemon [_thread_blocked, id=11660, stack(0x000000001e780000,0x000000001e880000)]
  0x00000000197f2000 JavaThread "net.sf.ehcache.CacheManager@589b1cfb" daemon [_thread_blocked, id=9264, stack(0x000000001e1c0000,0x000000001e2c0000)]
  0x000000001d823800 JavaThread "PoolCleaner[1705072168:1493707269171]" daemon [_thread_blocked, id=8804, stack(0x000000001c910000,0x000000001ca10000)]
  0x000000001867c000 JavaThread "FileSystemWatcher: files=#239 cl=groovy.lang.GroovyClassLoader@65a15628" daemon [_thread_blocked, id=12012, stack(0x000000001b240000,0x000000001b340000)]
  0x0000000016af7000 JavaThread "localhost-startStop-1" daemon [_thread_in_native, id=8400, stack(0x000000001b140000,0x000000001b240000)]
  0x000000001a2c0800 JavaThread "Tomcat-startStop-1" daemon [_thread_blocked, id=6836, stack(0x000000001b040000,0x000000001b140000)]
  0x000000001a249800 JavaThread "Thread-3" [_thread_in_native, id=2788, stack(0x000000001ad40000,0x000000001ae40000)]
  0x0000000018f82800 JavaThread "Thread-2" [_thread_blocked, id=9292, stack(0x00000000192c0000,0x00000000193c0000)]
  0x00000000174ee000 JavaThread "NonBlockingInputStreamThread" daemon [_thread_blocked, id=5800, stack(0x0000000017ff0000,0x00000000180f0000)]
  0x0000000016aa5800 JavaThread "Service Thread" daemon [_thread_blocked, id=8176, stack(0x0000000016f80000,0x0000000017080000)]
  0x0000000015368000 JavaThread "C1 CompilerThread2" daemon [_thread_blocked, id=76, stack(0x0000000016e80000,0x0000000016f80000)]
=>0x000000001536d800 JavaThread "C2 CompilerThread1" daemon [_thread_in_native, id=4692, stack(0x0000000016d80000,0x0000000016e80000)]
  0x000000001536d000 JavaThread "C2 CompilerThread0" daemon [_thread_in_native, id=1764, stack(0x0000000016c80000,0x0000000016d80000)]
  0x000000001531f800 JavaThread "Attach Listener" daemon [_thread_blocked, id=6180, stack(0x0000000016780000,0x0000000016880000)]
  0x000000001531e800 JavaThread "Signal Dispatcher" daemon [_thread_blocked, id=10588, stack(0x0000000016680000,0x0000000016780000)]
  0x00000000152e8800 JavaThread "Finalizer" daemon [_thread_blocked, id=10384, stack(0x0000000016580000,0x0000000016680000)]
  0x00000000152e7800 JavaThread "Reference Handler" daemon [_thread_blocked, id=8480, stack(0x0000000016480000,0x0000000016580000)]
  0x00000000034b3800 JavaThread "main" [_thread_blocked, id=8488, stack(0x0000000003040000,0x0000000003140000)]

Other Threads:
  0x00000000152e6000 VMThread [stack: 0x0000000016380000,0x0000000016480000] [id=7048]
  0x0000000016aa7000 WatcherThread [stack: 0x0000000017080000,0x0000000017180000] [id=6520]

VM state:not at safepoint (normal execution)

VM Mutex/Monitor currently owned by a thread: None

Heap:
 PSYoungGen      total 212480K, used 194620K [0x00000000f0000000, 0x0000000100000000, 0x0000000100000000)
  eden space 171008K, 92% used [0x00000000f0000000,0x00000000f99d9b50,0x00000000fa700000)
  from space 41472K, 89% used [0x00000000fa700000,0x00000000fcb35700,0x00000000fcf80000)
  to   space 48640K, 0% used [0x00000000fd080000,0x00000000fd080000,0x0000000100000000)
 ParOldGen       total 100352K, used 87348K [0x00000000d0000000, 0x00000000d6200000, 0x00000000f0000000)
  object space 100352K, 87% used [0x00000000d0000000,0x00000000d554d1e0,0x00000000d6200000)
 Metaspace       used 69395K, capacity 71366K, committed 71680K, reserved 1114112K
  class space    used 7352K, capacity 7876K, committed 7936K, reserved 1048576K

Card table byte_map: [0x0000000012970000,0x0000000012b00000] byte_map_base: 0x00000000122f0000

Marking Bits: (ParMarkBitMap*) 0x00000000713e13b0
 Begin Bits: [0x0000000013000000, 0x0000000013c00000)
 End Bits:   [0x0000000013c00000, 0x0000000014800000)

Polling page: 0x00000000018e0000

CodeCache: size=245760Kb used=24773Kb max_used=24773Kb free=220987Kb
 bounds [0x00000000035b0000, 0x0000000004e00000, 0x00000000125b0000]
 total_blobs=7247 nmethods=6470 adapters=686
 compilation: enabled

Compilation events (10 events):
Event: 29.582 Thread 0x0000000015368000 7510       3       com.sun.proxy.$Proxy27::<init> (6 bytes)
Event: 29.582 Thread 0x0000000015368000 nmethod 7510 0x0000000004de7990 code [0x0000000004de7b20, 0x0000000004de7e88]
Event: 29.583 Thread 0x0000000015368000 7511   !   3       sun.reflect.GeneratedConstructorAccessor34::newInstance (53 bytes)
Event: 29.584 Thread 0x0000000015368000 nmethod 7511 0x0000000004def910 code [0x0000000004defb00, 0x0000000004df02c8]
Event: 29.589 Thread 0x0000000015368000 7512       2       org.codehaus.groovy.reflection.ParameterTypes::isValidMethod (79 bytes)
Event: 29.589 Thread 0x0000000015368000 nmethod 7512 0x0000000004de7390 code [0x0000000004de7520, 0x0000000004de77c8]
Event: 29.595 Thread 0x0000000015368000 7515       1       org.codehaus.groovy.runtime.metaclass.ClosureMetaMethod$AnonymousMetaMethod::getName (5 bytes)
Event: 29.596 Thread 0x0000000015368000 nmethod 7515 0x0000000003883ed0 code [0x0000000003884020, 0x0000000003884130]
Event: 29.615 Thread 0x0000000015368000 7517       2       groovy.lang.MetaClassImpl::findMatchingMethod (93 bytes)
Event: 29.616 Thread 0x0000000015368000 nmethod 7517 0x0000000004de9010 code [0x0000000004de91a0, 0x0000000004de94d8]

GC Heap History (10 events):
Event: 25.718 GC heap before
{Heap before GC invocations=68 (full 6):
 PSYoungGen      total 220672K, used 206509K [0x00000000f0000000, 0x00000000fff80000, 0x0000000100000000)
  eden space 179200K, 100% used [0x00000000f0000000,0x00000000faf00000,0x00000000faf00000)
  from space 41472K, 65% used [0x00000000faf00000,0x00000000fc9ab638,0x00000000fd780000)
  to   space 40960K, 0% used [0x00000000fd780000,0x00000000fd780000,0x00000000fff80000)
 ParOldGen       total 87552K, used 76723K [0x00000000d0000000, 0x00000000d5580000, 0x00000000f0000000)
  object space 87552K, 87% used [0x00000000d0000000,0x00000000d4aecef8,0x00000000d5580000)
 Metaspace       used 65057K, capacity 66962K, committed 67328K, reserved 1110016K
  class space    used 6788K, capacity 7314K, committed 7424K, reserved 1048576K
Event: 25.762 GC heap after
Heap after GC invocations=68 (full 6):
 PSYoungGen      total 219136K, used 31564K [0x00000000f0000000, 0x0000000100000000, 0x0000000100000000)
  eden space 178176K, 0% used [0x00000000f0000000,0x00000000f0000000,0x00000000fae00000)
  from space 40960K, 77% used [0x00000000fd780000,0x00000000ff653040,0x00000000fff80000)
  to   space 41984K, 0% used [0x00000000fae00000,0x00000000fae00000,0x00000000fd700000)
 ParOldGen       total 87552K, used 78203K [0x00000000d0000000, 0x00000000d5580000, 0x00000000f0000000)
  object space 87552K, 89% used [0x00000000d0000000,0x00000000d4c5ed58,0x00000000d5580000)
 Metaspace       used 65057K, capacity 66962K, committed 67328K, reserved 1110016K
  class space    used 6788K, capacity 7314K, committed 7424K, reserved 1048576K
}
Event: 26.584 GC heap before
{Heap before GC invocations=69 (full 6):
 PSYoungGen      total 219136K, used 207933K [0x00000000f0000000, 0x0000000100000000, 0x0000000100000000)
  eden space 178176K, 98% used [0x00000000f0000000,0x00000000fac3c530,0x00000000fae00000)
  from space 40960K, 77% used [0x00000000fd780000,0x00000000ff653040,0x00000000fff80000)
  to   space 41984K, 0% used [0x00000000fae00000,0x00000000fae00000,0x00000000fd700000)
 ParOldGen       total 87552K, used 78203K [0x00000000d0000000, 0x00000000d5580000, 0x00000000f0000000)
  object space 87552K, 89% used [0x00000000d0000000,0x00000000d4c5ed58,0x00000000d5580000)
 Metaspace       used 66005K, capacity 67934K, committed 68224K, reserved 1110016K
  class space    used 6916K, capacity 7445K, committed 7552K, reserved 1048576K
Event: 26.620 GC heap after
Heap after GC invocations=69 (full 6):
 PSYoungGen      total 212480K, used 33883K [0x00000000f0000000, 0x0000000100000000, 0x0000000100000000)
  eden space 178176K, 0% used [0x00000000f0000000,0x00000000f0000000,0x00000000fae00000)
  from space 34304K, 98% used [0x00000000fae00000,0x00000000fcf16d58,0x00000000fcf80000)
  to   space 43520K, 0% used [0x00000000fd580000,0x00000000fd580000,0x0000000100000000)
 ParOldGen       total 87552K, used 79475K [0x00000000d0000000, 0x00000000d5580000, 0x00000000f0000000)
  object space 87552K, 90% used [0x00000000d0000000,0x00000000d4d9cd58,0x00000000d5580000)
 Metaspace       used 66005K, capacity 67934K, committed 68224K, reserved 1110016K
  class space    used 6916K, capacity 7445K, committed 7552K, reserved 1048576K
}
Event: 27.681 GC heap before
{Heap before GC invocations=70 (full 6):
 PSYoungGen      total 212480K, used 212059K [0x00000000f0000000, 0x0000000100000000, 0x0000000100000000)
  eden space 178176K, 100% used [0x00000000f0000000,0x00000000fae00000,0x00000000fae00000)
  from space 34304K, 98% used [0x00000000fae00000,0x00000000fcf16d58,0x00000000fcf80000)
  to   space 43520K, 0% used [0x00000000fd580000,0x00000000fd580000,0x0000000100000000)
 ParOldGen       total 87552K, used 79475K [0x00000000d0000000, 0x00000000d5580000, 0x00000000f0000000)
  object space 87552K, 90% used [0x00000000d0000000,0x00000000d4d9cd58,0x00000000d5580000)
 Metaspace       used 67141K, capacity 69028K, committed 69248K, reserved 1112064K
  class space    used 7002K, capacity 7510K, committed 7552K, reserved 1048576K
Event: 27.723 GC heap after
Heap after GC invocations=70 (full 6):
 PSYoungGen      total 214528K, used 37262K [0x00000000f0000000, 0x0000000100000000, 0x0000000100000000)
  eden space 171008K, 0% used [0x00000000f0000000,0x00000000f0000000,0x00000000fa700000)
  from space 43520K, 85% used [0x00000000fd580000,0x00000000ff9e3b20,0x0000000100000000)
  to   space 45568K, 0% used [0x00000000fa700000,0x00000000fa700000,0x00000000fd380000)
 ParOldGen       total 87552K, used 81100K [0x00000000d0000000, 0x00000000d5580000, 0x00000000f0000000)
  object space 87552K, 92% used [0x00000000d0000000,0x00000000d4f33030,0x00000000d5580000)
 Metaspace       used 67141K, capacity 69028K, committed 69248K, reserved 1112064K
  class space    used 7002K, capacity 7510K, committed 7552K, reserved 1048576K
}
Event: 28.413 GC heap before
{Heap before GC invocations=71 (full 6):
 PSYoungGen      total 214528K, used 208270K [0x00000000f0000000, 0x0000000100000000, 0x0000000100000000)
  eden space 171008K, 100% used [0x00000000f0000000,0x00000000fa700000,0x00000000fa700000)
  from space 43520K, 85% used [0x00000000fd580000,0x00000000ff9e3b20,0x0000000100000000)
  to   space 45568K, 0% used [0x00000000fa700000,0x00000000fa700000,0x00000000fd380000)
 ParOldGen       total 87552K, used 81100K [0x00000000d0000000, 0x00000000d5580000, 0x00000000f0000000)
  object space 87552K, 92% used [0x00000000d0000000,0x00000000d4f33030,0x00000000d5580000)
 Metaspace       used 68778K, capacity 70698K, committed 71040K, reserved 1112064K
  class space    used 7245K, capacity 7767K, committed 7808K, reserved 1048576K
Event: 28.455 GC heap after
Heap after GC invocations=71 (full 6):
 PSYoungGen      total 212480K, used 41029K [0x00000000f0000000, 0x0000000100000000, 0x0000000100000000)
  eden space 171008K, 0% used [0x00000000f0000000,0x00000000f0000000,0x00000000fa700000)
  from space 41472K, 98% used [0x00000000fa700000,0x00000000fcf11778,0x00000000fcf80000)
  to   space 48640K, 0% used [0x00000000fd080000,0x00000000fd080000,0x0000000100000000)
 ParOldGen       total 87552K, used 84038K [0x00000000d0000000, 0x00000000d5580000, 0x00000000f0000000)
  object space 87552K, 95% used [0x00000000d0000000,0x00000000d5211828,0x00000000d5580000)
 Metaspace       used 68778K, capacity 70698K, committed 71040K, reserved 1112064K
  class space    used 7245K, capacity 7767K, committed 7808K, reserved 1048576K
}
Event: 28.455 GC heap before
{Heap before GC invocations=72 (full 7):
 PSYoungGen      total 212480K, used 41029K [0x00000000f0000000, 0x0000000100000000, 0x0000000100000000)
  eden space 171008K, 0% used [0x00000000f0000000,0x00000000f0000000,0x00000000fa700000)
  from space 41472K, 98% used [0x00000000fa700000,0x00000000fcf11778,0x00000000fcf80000)
  to   space 48640K, 0% used [0x00000000fd080000,0x00000000fd080000,0x0000000100000000)
 ParOldGen       total 87552K, used 84038K [0x00000000d0000000, 0x00000000d5580000, 0x00000000f0000000)
  object space 87552K, 95% used [0x00000000d0000000,0x00000000d5211828,0x00000000d5580000)
 Metaspace       used 68778K, capacity 70698K, committed 71040K, reserved 1112064K
  class space    used 7245K, capacity 7767K, committed 7808K, reserved 1048576K
Event: 29.079 GC heap after
Heap after GC invocations=72 (full 7):
 PSYoungGen      total 212480K, used 37077K [0x00000000f0000000, 0x0000000100000000, 0x0000000100000000)
  eden space 171008K, 0% used [0x00000000f0000000,0x00000000f0000000,0x00000000fa700000)
  from space 41472K, 89% used [0x00000000fa700000,0x00000000fcb35700,0x00000000fcf80000)
  to   space 48640K, 0% used [0x00000000fd080000,0x00000000fd080000,0x0000000100000000)
 ParOldGen       total 100352K, used 87348K [0x00000000d0000000, 0x00000000d6200000, 0x00000000f0000000)
  object space 100352K, 87% used [0x00000000d0000000,0x00000000d554d1e0,0x00000000d6200000)
 Metaspace       used 68774K, capacity 70692K, committed 71040K, reserved 1112064K
  class space    used 7244K, capacity 7766K, committed 7808K, reserved 1048576K
}

Deoptimization events (10 events):
Event: 27.764 Thread 0x0000000016af7000 Uncommon trap: reason=array_check action=maybe_recompile pc=0x0000000003868870 method=java.util.ComparableTimSort.binarySort([Ljava/lang/Object;III)V @ 193
Event: 27.764 Thread 0x0000000016af7000 Uncommon trap: reason=array_check action=maybe_recompile pc=0x0000000003868910 method=java.util.ComparableTimSort.binarySort([Ljava/lang/Object;III)V @ 183
Event: 27.775 Thread 0x0000000016af7000 Uncommon trap: reason=array_check action=maybe_recompile pc=0x0000000003868910 method=java.util.ComparableTimSort.binarySort([Ljava/lang/Object;III)V @ 183
Event: 27.816 Thread 0x0000000016af7000 Uncommon trap: reason=class_check action=maybe_recompile pc=0x0000000004186e88 method=sun.reflect.generics.factory.CoreReflectionFactory.getDeclsLoader()Ljava/lang/ClassLoader; @ 25
Event: 27.816 Thread 0x0000000016af7000 Uncommon trap: reason=class_check action=maybe_recompile pc=0x0000000004186e88 method=sun.reflect.generics.factory.CoreReflectionFactory.getDeclsLoader()Ljava/lang/ClassLoader; @ 25
Event: 27.954 Thread 0x0000000016af7000 Uncommon trap: reason=array_check action=maybe_recompile pc=0x00000000040cf7d8 method=java.util.ComparableTimSort.binarySort([Ljava/lang/Object;III)V @ 215
Event: 28.038 Thread 0x0000000016af7000 Uncommon trap: reason=class_check action=maybe_recompile pc=0x0000000004186e88 method=sun.reflect.generics.factory.CoreReflectionFactory.getDeclsLoader()Ljava/lang/ClassLoader; @ 25
Event: 28.038 Thread 0x0000000016af7000 Uncommon trap: reason=class_check action=maybe_recompile pc=0x0000000004186e88 method=sun.reflect.generics.factory.CoreReflectionFactory.getDeclsLoader()Ljava/lang/ClassLoader; @ 25
Event: 28.083 Thread 0x0000000016af7000 Uncommon trap: reason=null_check action=make_not_entrant pc=0x0000000003bcda30 method=org.springframework.util.ClassUtils.isAssignable(Ljava/lang/Class;Ljava/lang/Class;)Z @ 70
Event: 29.106 Thread 0x0000000016af7000 Uncommon trap: reason=unreached action=reinterpret pc=0x000000000384bb30 method=org.springframework.util.ObjectUtils.nullSafeEquals(Ljava/lang/Object;Ljava/lang/Object;)Z @ 8

Internal exceptions (10 events):
Event: 29.616 Thread 0x0000000016af7000 Exception <a 'java/security/PrivilegedActionException'> (0x00000000f82270c0) thrown at [D:\re\workspace\8-2-build-windows-amd64-cygwin\jdk8u5\2488\hotspot\src\share\vm\prims\jvm.cpp, line 1248]
Event: 29.617 Thread 0x0000000016af7000 Exception <a 'java/security/PrivilegedActionException'> (0x00000000f822b1a0) thrown at [D:\re\workspace\8-2-build-windows-amd64-cygwin\jdk8u5\2488\hotspot\src\share\vm\prims\jvm.cpp, line 1248]
Event: 29.617 Thread 0x0000000016af7000 Exception <a 'java/security/PrivilegedActionException'> (0x00000000f823a868) thrown at [D:\re\workspace\8-2-build-windows-amd64-cygwin\jdk8u5\2488\hotspot\src\share\vm\prims\jvm.cpp, line 1248]
Event: 29.617 Thread 0x0000000016af7000 Exception <a 'java/security/PrivilegedActionException'> (0x00000000f825d108) thrown at [D:\re\workspace\8-2-build-windows-amd64-cygwin\jdk8u5\2488\hotspot\src\share\vm\prims\jvm.cpp, line 1248]
Event: 29.617 Thread 0x0000000016af7000 Exception <a 'java/lang/ClassNotFoundException': org/grails/async/factory/gpars/GparsPromiseFactoryBeanInfo> (0x00000000f825dea0) thrown at [D:\re\workspace\8-2-build-windows-amd64-cygwin\jdk8u5\2488\hotspot\src\share\vm\classfile\systemDictionary.cpp, lin?çÇû=@
Event: 29.617 Thread 0x0000000016af7000 Exception <a 'java/security/PrivilegedActionException'> (0x00000000f825eeb8) thrown at [D:\re\workspace\8-2-build-windows-amd64-cygwin\jdk8u5\2488\hotspot\src\share\vm\prims\jvm.cpp, line 1248]
Event: 29.617 Thread 0x0000000016af7000 Exception <a 'java/security/PrivilegedActionException'> (0x00000000f8262eb0) thrown at [D:\re\workspace\8-2-build-windows-amd64-cygwin\jdk8u5\2488\hotspot\src\share\vm\prims\jvm.cpp, line 1248]
Event: 29.618 Thread 0x0000000016af7000 Exception <a 'java/security/PrivilegedActionException'> (0x00000000f82721a0) thrown at [D:\re\workspace\8-2-build-windows-amd64-cygwin\jdk8u5\2488\hotspot\src\share\vm\prims\jvm.cpp, line 1248]
Event: 29.618 Thread 0x0000000016af7000 Exception <a 'java/security/PrivilegedActionException'> (0x00000000f82854a0) thrown at [D:\re\workspace\8-2-build-windows-amd64-cygwin\jdk8u5\2488\hotspot\src\share\vm\prims\jvm.cpp, line 1248]
Event: 29.618 Thread 0x0000000016af7000 Exception <a 'java/security/PrivilegedActionException'> (0x00000000f8289498) thrown at [D:\re\workspace\8-2-build-windows-amd64-cygwin\jdk8u5\2488\hotspot\src\share\vm\prims\jvm.cpp, line 1248]

Events (10 events):
Event: 29.616 loading class org/grails/async/factory/gpars/GparsPromiseFactoryBeanInfo
Event: 29.616 loading class org/grails/async/factory/gpars/GparsPromiseFactoryBeanInfo done
Event: 29.616 loading class org/grails/async/factory/gpars/GparsPromiseFactoryBeanInfo
Event: 29.616 loading class org/grails/async/factory/gpars/GparsPromiseFactoryBeanInfo done
Event: 29.617 loading class org/grails/async/factory/gpars/GparsPromiseFactoryBeanInfo
Event: 29.617 loading class org/grails/async/factory/gpars/GparsPromiseFactoryBeanInfo done
Event: 29.617 loading class org/grails/async/factory/AbstractPromiseFactoryBeanInfo
Event: 29.617 loading class org/grails/async/factory/AbstractPromiseFactoryBeanInfo done
Event: 29.618 loading class org/grails/async/factory/AbstractPromiseFactoryBeanInfo
Event: 29.618 loading class org/grails/async/factory/AbstractPromiseFactoryBeanInfo done


Dynamic libraries:
0x00007ff7dadb0000 - 0x00007ff7dade4000 	C:\Program Files\Java\jdk1.8.0_05\bin\java.exe
0x00007fff95b80000 - 0x00007fff95d51000 	C:\WINDOWS\SYSTEM32\ntdll.dll
0x00007fff93970000 - 0x00007fff93a1b000 	C:\WINDOWS\System32\KERNEL32.DLL
0x00007fff92ed0000 - 0x00007fff930ed000 	C:\WINDOWS\System32\KERNELBASE.dll
0x00007fff93f20000 - 0x00007fff93fc2000 	C:\WINDOWS\System32\ADVAPI32.dll
0x00007fff933c0000 - 0x00007fff9345e000 	C:\WINDOWS\System32\msvcrt.dll
0x00007fff93b80000 - 0x00007fff93bd9000 	C:\WINDOWS\System32\sechost.dll
0x00007fff93170000 - 0x00007fff93291000 	C:\WINDOWS\System32\RPCRT4.dll
0x00007fff93be0000 - 0x00007fff93d45000 	C:\WINDOWS\System32\USER32.dll
0x00007fff930f0000 - 0x00007fff9310e000 	C:\WINDOWS\System32\win32u.dll
0x00007fff93930000 - 0x00007fff93964000 	C:\WINDOWS\System32\GDI32.dll
0x00007fff92d40000 - 0x00007fff92ec2000 	C:\WINDOWS\System32\gdi32full.dll
0x00007fff89fe0000 - 0x00007fff8a25a000 	C:\WINDOWS\WinSxS\amd64_microsoft.windows.common-controls_6595b64144ccf1df_6.0.14393.953_none_42151e83c686086b\COMCTL32.dll
0x00007fff93660000 - 0x00007fff93928000 	C:\WINDOWS\System32\combase.dll
0x00007fff92120000 - 0x00007fff92215000 	C:\WINDOWS\System32\ucrtbase.dll
0x00007fff92ab0000 - 0x00007fff92b1a000 	C:\WINDOWS\System32\bcryptPrimitives.dll
0x00007fff93630000 - 0x00007fff9365e000 	C:\WINDOWS\System32\IMM32.DLL
0x0000000071460000 - 0x0000000071532000 	C:\Program Files\Java\jdk1.8.0_05\jre\bin\msvcr100.dll
0x0000000070c30000 - 0x000000007145a000 	C:\Program Files\Java\jdk1.8.0_05\jre\bin\server\jvm.dll
0x00007fff932a0000 - 0x00007fff932a8000 	C:\WINDOWS\System32\PSAPI.DLL
0x00007fff864d0000 - 0x00007fff864d9000 	C:\WINDOWS\SYSTEM32\WSOCK32.dll
0x00007fff8e4a0000 - 0x00007fff8e4c3000 	C:\WINDOWS\SYSTEM32\WINMM.dll
0x00007fff935c0000 - 0x00007fff9362a000 	C:\WINDOWS\System32\WS2_32.dll
0x00007fff8e470000 - 0x00007fff8e49b000 	C:\WINDOWS\SYSTEM32\WINMMBASE.dll
0x00007fff92cf0000 - 0x00007fff92d32000 	C:\WINDOWS\System32\cfgmgr32.dll
0x0000000070c20000 - 0x0000000070c2f000 	C:\Program Files\Java\jdk1.8.0_05\jre\bin\verify.dll
0x0000000070bf0000 - 0x0000000070c18000 	C:\Program Files\Java\jdk1.8.0_05\jre\bin\java.dll
0x0000000070bc0000 - 0x0000000070be3000 	C:\Program Files\Java\jdk1.8.0_05\jre\bin\instrument.dll
0x0000000070ba0000 - 0x0000000070bb6000 	C:\Program Files\Java\jdk1.8.0_05\jre\bin\zip.dll
0x00007fff944d0000 - 0x00007fff959d8000 	C:\WINDOWS\System32\SHELL32.dll
0x00007fff92220000 - 0x00007fff928fa000 	C:\WINDOWS\System32\windows.storage.dll
0x00007fff92020000 - 0x00007fff9206c000 	C:\WINDOWS\System32\powrprof.dll
0x00007fff93560000 - 0x00007fff935b2000 	C:\WINDOWS\System32\shlwapi.dll
0x00007fff92000000 - 0x00007fff9200f000 	C:\WINDOWS\System32\kernel.appcore.dll
0x00007fff92070000 - 0x00007fff92119000 	C:\WINDOWS\System32\shcore.dll
0x00007fff91fe0000 - 0x00007fff91ff4000 	C:\WINDOWS\System32\profapi.dll
0x00007fff91af0000 - 0x00007fff91b07000 	C:\WINDOWS\SYSTEM32\CRYPTSP.dll
0x00007fff911b0000 - 0x00007fff911e3000 	C:\WINDOWS\system32\rsaenh.dll
0x00007fff91e80000 - 0x00007fff91eab000 	C:\WINDOWS\SYSTEM32\bcrypt.dll
0x00007fff914b0000 - 0x00007fff914cf000 	C:\WINDOWS\SYSTEM32\USERENV.dll
0x00007fff918b0000 - 0x00007fff918bb000 	C:\WINDOWS\SYSTEM32\CRYPTBASE.dll
0x0000000070b80000 - 0x0000000070b9a000 	C:\Program Files\Java\jdk1.8.0_05\jre\bin\net.dll
0x00007fff91660000 - 0x00007fff916bc000 	C:\WINDOWS\system32\mswsock.dll
0x00007fff913b0000 - 0x00007fff913e8000 	C:\WINDOWS\SYSTEM32\IPHLPAPI.DLL
0x00007fff94090000 - 0x00007fff94098000 	C:\WINDOWS\System32\NSI.dll
0x00007fff8b8d0000 - 0x00007fff8b8e6000 	C:\WINDOWS\SYSTEM32\dhcpcsvc6.DLL
0x00007fff8b8b0000 - 0x00007fff8b8ca000 	C:\WINDOWS\SYSTEM32\dhcpcsvc.DLL
0x0000000070b60000 - 0x0000000070b71000 	C:\Program Files\Java\jdk1.8.0_05\jre\bin\nio.dll
0x00007fff7d3c0000 - 0x00007fff7d3ca000 	C:\Users\MartÌn.MartÌn-PC\AppData\Local\Temp\jansi-64-4133188686673725967.dll
0x0000000070b10000 - 0x0000000070b1d000 	C:\Program Files\Java\jdk1.8.0_05\jre\bin\management.dll
0x00007fff913f0000 - 0x00007fff91491000 	C:\WINDOWS\SYSTEM32\DNSAPI.dll
0x0000000074090000 - 0x00000000740b6000 	C:\Program Files\Bonjour\mdnsNSP.dll
0x00007fff88da0000 - 0x00007fff88daa000 	C:\Windows\System32\rasadhlp.dll
0x00007fff8b5c0000 - 0x00007fff8b62a000 	C:\WINDOWS\System32\fwpuclnt.dll
0x0000000070b30000 - 0x0000000070b54000 	C:\Program Files\Java\jdk1.8.0_05\jre\bin\sunec.dll
0x00007fff77500000 - 0x00007fff77516000 	C:\WINDOWS\system32\napinsp.dll
0x00007fff77520000 - 0x00007fff7753a000 	C:\WINDOWS\system32\pnrpnsp.dll
0x00007fff8f400000 - 0x00007fff8f418000 	C:\WINDOWS\system32\NLAapi.dll
0x00007fff77540000 - 0x00007fff7754e000 	C:\WINDOWS\System32\winrnr.dll
0x00007fff91cc0000 - 0x00007fff91e52000 	C:\WINDOWS\SYSTEM32\dbghelp.dll

VM Arguments:
jvm_args: -Dfile.encoding=UTF-8 -Xmx768M -Xms64M -Dgrails.fork.parent.process.port=62017 -Dgrails.fork.active=true -Dgrails.build.execution.context=C:\Users\MartÌn.MartÌn-PC\AppData\Local\Temp\PFPorcino4480349711423647334grails-execution-context -Dgrails.home=C:\grails-2.4.4 -javaagent:C:\grails-2.4.4\lib\org.springframework\springloaded\jars\springloaded-1.2.1.RELEASE.jar -Xverify:none -Dspringloaded.synchronize=true -Djdk.reflect.allowGetCallerClass=true -Dspringloaded=profile=grails;cacheDir=C:\Users\MartÌn.MartÌn-PC\.grails\2.4.4 
java_command: org.grails.plugins.tomcat.fork.ForkedTomcatServer
java_class_path (initial): C:\Program Files\Java\jdk1.8.0_05\lib\tools.jar;C:\grails-2.4.4\lib\org.codehaus.groovy\groovy-all\jars\groovy-all-2.3.7.jar;C:\grails-2.4.4\lib\org.slf4j\jcl-over-slf4j\jars\jcl-over-slf4j-1.7.5.jar;C:\grails-2.4.4\lib\org.codehaus.gant\gant_groovy1.8\jars\gant_groovy1.8-1.9.6.jar;C:\grails-2.4.4\lib\org.apache.tomcat.embed\tomcat-embed-logging-log4j\jars\tomcat-embed-logging-log4j-7.0.50.jar;C:\grails-2.4.4\dist\grails-plugin-log4j-2.4.4.jar;C:\grails-2.4.4\lib\log4j\log4j\jars\log4j-1.2.17.jar;C:\grails-2.4.4\dist\grails-bootstrap-2.4.4.jar;C:\grails-2.4.4\lib\org.slf4j\slf4j-api\jars\slf4j-api-1.7.5.jar;C:\grails-2.4.4\lib\jline\jline\jars\jline-2.12.jar;C:\grails-2.4.4\lib\org.apache.ant\ant\jars\ant-1.8.4.jar;C:\grails-2.4.4\lib\org.apache.ant\ant-launcher\jars\ant-launcher-1.8.4.jar;C:\grails-2.4.4\lib\org.apache.ant\ant-trax\jars\ant-trax-1.7.1.jar;C:\grails-2.4.4\lib\org.apache.ant\ant-junit\jars\ant-junit-1.8.4.jar;C:\grails-2.4.4\lib\org.apache.ivy\ivy\jars\ivy-2.3.0.jar;C:\grails-2.4.4\lib\org.fusesource.jansi\jansi\jars\jansi-1.11.jar;C:\Users\MartÌn.MartÌn-PC\.m2\repository\org\apache\tomcat\tomcat-catalina-ant\7.0.55\tomcat-catalina-ant-7.0.55.jar;C:\Users\MartÌn.MartÌn-PC\.m2\repository\org\apache\tomcat\embed\tomcat-embed-jasper\7.0.55\tomcat-embed-jasper-7.0.55.jar;C:\Users\MartÌn.MartÌn-PC\.m2\repository\org\apache\tomcat\embed\tomcat-embed-el\7.0.55\tomcat-embed-el-7.0.55.jar;C:\Users\MartÌn.MartÌn-PC\.m2\repository\org\apache\tomcat\embed\tomcat-embed-logging-log4j\7.0.55\tomcat-embed-logging-log4j-7.0.55.jar;C:\Users\MartÌn.MartÌn-PC\.m2\repository\org\apache\tomcat\embed\tomcat-embed-websocket\7.0.55\tomcat-embed-websocket-7.0.55.jar;C:\Users\MartÌn.MartÌn-PC\.m2\repository\org\apache\tomcat\embed\tomcat-embed-core\7.0.55\tomcat-embed-core-7.0.55.jar;C:\Users\MartÌn.MartÌn-PC\.m2\repository\org\eclipse\jdt\core\compiler\ecj\3.7.2\ecj-3.7.2.jar;C:\Users\MartÌn.MartÌn-PC\IdeaProjects\PFPorcino\target\work\plugins\tom
Launcher Type: SUN_STANDARD

Environment Variables:
JAVA_HOME=C:\Program Files\Java\jdk1.8.0_05
JRE_HOME=C:\Program Files\Java\jdk1.8.0_05\jre
CLASSPATH=.;C:\Program Files\Java\jdk1.8.0_05\lib;C:\Program Files\Java\jdk1.8.0_05\jre\lib
PATH=C:\Program Files (x86)\NVIDIA Corporation\PhysX\Common;c:\windows\system32;c:\windows;c:\windows\system32\wbem;c:\windows\system32\windowspowershell\v1.0\;c:\program files (x86)\ati technologies\ati.ace\core-static;c:\program files\matlab\r2012b\runtime\win64;c:\program files\matlab\r2012b\bin;c:\program files\microsoft sql server\110\tools\binn\;c:\program files (x86)\windows kits\8.1\windows performance toolkit\;c:\program files (x86)\microsoft sdks\typescript\1.0\;c:\program files\statgraphics\statgraphics centurion xvi.ii\;c:\program files (x86)\quicktime\qtsystem\;c:\program files (x86)\amd\ati.ace\core-static;C:\WINDOWS\system32;C:\WINDOWS;C:\WINDOWS\System32\Wbem;C:\WINDOWS\System32\WindowsPowerShell\v1.0\;C:\Program Files\Microsoft SQL Server\120\Tools\Binn\;C:\Program Files\Microsoft SQL Server\Client SDK\ODBC\110\Tools\Binn\;C:\Program Files (x86)\Microsoft SQL Server\120\Tools\Binn\;C:\Program Files\Microsoft SQL Server\120\DTS\Binn\;C:\Program Files (x86)\Microsoft SQL Server\120\Tools\Binn\ManagementStudio\;C:\Program Files (x86)\Microsoft SQL Server\120\DTS\Binn\;C:\Program Files\Java\jdk1.8.0_05\bin;;C:\Users\MartÌn.MartÌn-PC\AppData\Local\Microsoft\WindowsApps
USERNAME=MartÌn
OS=Windows_NT
PROCESSOR_IDENTIFIER=Intel64 Family 6 Model 60 Stepping 3, GenuineIntel



---------------  S Y S T E M  ---------------

OS: Windows 8.1 , 64 bit Build 9600 

CPU:total 4 (2 cores per cpu, 2 threads per core) family 6 model 60 stepping 3, cmov, cx8, fxsr, mmx, sse, sse2, sse3, ssse3, sse4.1, sse4.2, popcnt, avx, avx2, aes, clmul, erms, ht, tsc, tscinvbit

Memory: 4k page, physical 6176556k(1202508k free), swap 9408996k(1089076k free)

vm_info: Java HotSpot(TM) 64-Bit Server VM (25.5-b02) for windows-amd64 JRE (1.8.0_05-b13), built on Mar 18 2014 01:08:39 by "java_re" with MS VC++ 10.0 (VS2010)

time: Tue May 02 01:41:21 2017
elapsed time: 29 seconds

