#
# A fatal error has been detected by the Java Runtime Environment:
#
#  EXCEPTION_ACCESS_VIOLATION (0xc0000005) at pc=0x0000000058e24bc2, pid=1276, tid=4224
#
# JRE version: Java(TM) SE Runtime Environment (8.0_05-b13) (build 1.8.0_05-b13)
# Java VM: Java HotSpot(TM) 64-Bit Server VM (25.5-b02 mixed mode windows-amd64 compressed oops)
# Problematic frame:
# V  [jvm.dll+0x424bc2]
#
# Failed to write core dump. Minidumps are not enabled by default on client versions of Windows
#
# If you would like to submit a bug report, please visit:
#   http://bugreport.sun.com/bugreport/crash.jsp
#

---------------  T H R E A D  ---------------

Current thread (0x0000000014697000):  JavaThread "C2 CompilerThread1" daemon [_thread_in_native, id=4224, stack(0x00000000160a0000,0x00000000161a0000)]

siginfo: ExceptionCode=0xc0000005, reading address 0x0000000000000000

Registers:
RAX=0x000000001d494918, RBX=0x0000000000000600, RCX=0x0000000000000000, RDX=0x0000000018141810
RSP=0x000000001619c090, RBP=0x00000000000000c0, RSI=0x00000000000000b8, RDI=0x0000000000000000
R8 =0x0000000058a00000, R9 =0x000000001619c3b0, R10=0x00000000ffffffff, R11=0x0000000015c9c870
R12=0x000000001d495030, R13=0x0000000017c883e8, R14=0x0000000000000008, R15=0x0000000017c883e8
RIP=0x0000000058e24bc2, EFLAGS=0x0000000000010206

Top of Stack: (sp=0x000000001619c090)
0x000000001619c090:   00000000000000dc 000000001813cf20
0x000000001619c0a0:   0000000000000000 0000000015deed48
0x000000001619c0b0:   0000000000000001 0000000000000600
0x000000001619c0c0:   0000000000000180 00000000000000c0
0x000000001619c0d0:   000000001969d530 000000001468afb0
0x000000001619c0e0:   0000000000000758 000000001813cf20
0x000000001619c0f0:   000000001619c3b0 000000001d491990
0x000000001619c100:   0000000000000020 0000000000000009
0x000000001619c110:   000000001d495000 00000000000000dc
0x000000001619c120:   0000000017c883e8 0000000058e2579d
0x000000001619c130:   000000001d495000 000000000000001c
0x000000001619c140:   00000000000000dc 000000001619c3b0
0x000000001619c150:   0000000018141810 00000000000000dc
0x000000001619c160:   000000001d491990 0000000000000020
0x000000001619c170:   000000001c9f8df0 000000001619e720
0x000000001619c180:   00000000192d15b0 000000001d495000 

Instructions: (pc=0x0000000058e24bc2)
0x0000000058e24ba2:   c6 48 63 f0 48 03 f1 eb 04 48 83 ce ff 48 8b 84
0x0000000058e24bb2:   24 a0 00 00 00 48 8b 40 08 48 8b 3c 03 48 8b cf
0x0000000058e24bc2:   48 8b 07 ff 50 28 4c 8d 05 31 b4 bd ff 48 63 50
0x0000000058e24bd2:   10 4c 8b d8 48 8b ca 48 c1 e1 05 42 80 bc 01 c0 


Register to memory mapping:

RAX=0x000000001d494918 is an unknown value
RBX=0x0000000000000600 is an unknown value
RCX=0x0000000000000000 is an unknown value
RDX=0x0000000018141810 is an unknown value
RSP=0x000000001619c090 is pointing into the stack for thread: 0x0000000014697000
RBP=0x00000000000000c0 is an unknown value
RSI=0x00000000000000b8 is an unknown value
RDI=0x0000000000000000 is an unknown value
R8 =0x0000000058a00000 is an unknown value
R9 =0x000000001619c3b0 is pointing into the stack for thread: 0x0000000014697000
R10=0x00000000ffffffff is an unknown value
R11=0x0000000015c9c870 is an unknown value
R12=0x000000001d495030 is an unknown value
R13=0x0000000017c883e8 is an unknown value
R14=0x0000000000000008 is an unknown value
R15=0x0000000017c883e8 is an unknown value


Stack: [0x00000000160a0000,0x00000000161a0000],  sp=0x000000001619c090,  free space=1008k
Native frames: (J=compiled Java code, j=interpreted, Vv=VM code, C=native code)
V  [jvm.dll+0x424bc2]
V  [jvm.dll+0x42579d]
V  [jvm.dll+0x425cdf]
V  [jvm.dll+0x4c5874]
V  [jvm.dll+0x44123c]
V  [jvm.dll+0x4436a9]
V  [jvm.dll+0x427532]
V  [jvm.dll+0x96702]
V  [jvm.dll+0x96ef3]
V  [jvm.dll+0x2232c4]
V  [jvm.dll+0x27baca]
C  [msvcr100.dll+0x21d9f]
C  [msvcr100.dll+0x21e3b]
C  [KERNEL32.DLL+0x8364]
C  [ntdll.dll+0x670d1]


Current CompileTask:
C2:  25188 7547       4       groovy.lang.MetaClassImpl::findPropertyMethod (356 bytes)


---------------  P R O C E S S  ---------------

Java Threads: ( => current thread )
  0x0000000018636800 JavaThread "seguridad.Role.data" daemon [_thread_blocked, id=7616, stack(0x000000001f220000,0x000000001f320000)]
  0x000000001863b000 JavaThread "net.sf.ehcache.CacheManager@3bb07be1" daemon [_thread_blocked, id=7832, stack(0x000000001ef20000,0x000000001f020000)]
  0x000000001863a800 JavaThread "PoolCleaner[1828868503:1493858071580]" daemon [_thread_blocked, id=3632, stack(0x000000001e920000,0x000000001ea20000)]
  0x0000000017e1a800 JavaThread "FileSystemWatcher: files=#246 cl=groovy.lang.GroovyClassLoader@6d025197" daemon [_thread_blocked, id=8456, stack(0x000000001a7c0000,0x000000001a8c0000)]
  0x0000000019cbe800 JavaThread "localhost-startStop-1" daemon [_thread_in_Java, id=7772, stack(0x000000001a6c0000,0x000000001a7c0000)]
  0x0000000019cbd800 JavaThread "Tomcat-startStop-1" daemon [_thread_blocked, id=2840, stack(0x0000000019f70000,0x000000001a070000)]
  0x0000000018357000 JavaThread "Thread-3" [_thread_in_native, id=2232, stack(0x0000000018e00000,0x0000000018f00000)]
  0x00000000182ce000 JavaThread "Thread-2" [_thread_blocked, id=8036, stack(0x00000000178e0000,0x00000000179e0000)]
  0x000000001682e800 JavaThread "NonBlockingInputStreamThread" daemon [_thread_blocked, id=8792, stack(0x00000000175e0000,0x00000000176e0000)]
  0x0000000015d9b000 JavaThread "Service Thread" daemon [_thread_blocked, id=7020, stack(0x00000000162a0000,0x00000000163a0000)]
  0x000000001468a000 JavaThread "C1 CompilerThread2" daemon [_thread_blocked, id=8116, stack(0x00000000161a0000,0x00000000162a0000)]
=>0x0000000014697000 JavaThread "C2 CompilerThread1" daemon [_thread_in_native, id=4224, stack(0x00000000160a0000,0x00000000161a0000)]
  0x000000001468f000 JavaThread "C2 CompilerThread0" daemon [_thread_in_native, id=8364, stack(0x0000000015fa0000,0x00000000160a0000)]
  0x000000001463e800 JavaThread "Attach Listener" daemon [_thread_blocked, id=9208, stack(0x0000000015aa0000,0x0000000015ba0000)]
  0x000000001463d000 JavaThread "Signal Dispatcher" daemon [_thread_blocked, id=9188, stack(0x00000000159a0000,0x0000000015aa0000)]
  0x0000000014608800 JavaThread "Finalizer" daemon [_thread_blocked, id=8252, stack(0x00000000158a0000,0x00000000159a0000)]
  0x0000000014607800 JavaThread "Reference Handler" daemon [_thread_blocked, id=1056, stack(0x00000000157a0000,0x00000000158a0000)]
  0x00000000027d3800 JavaThread "main" [_thread_blocked, id=7820, stack(0x0000000002520000,0x0000000002620000)]

Other Threads:
  0x0000000014606000 VMThread [stack: 0x00000000156a0000,0x00000000157a0000] [id=7548]
  0x0000000015da0800 WatcherThread [stack: 0x00000000163a0000,0x00000000164a0000] [id=2724]

VM state:not at safepoint (normal execution)

VM Mutex/Monitor currently owned by a thread: None

Heap:
 PSYoungGen      total 216576K, used 207433K [0x00000000f0000000, 0x0000000100000000, 0x0000000100000000)
  eden space 177152K, 98% used [0x00000000f0000000,0x00000000faa41130,0x00000000fad00000)
  from space 39424K, 83% used [0x00000000fd980000,0x00000000ff9d1498,0x0000000100000000)
  to   space 42496K, 0% used [0x00000000fad00000,0x00000000fad00000,0x00000000fd680000)
 ParOldGen       total 109568K, used 93100K [0x00000000d0000000, 0x00000000d6b00000, 0x00000000f0000000)
  object space 109568K, 84% used [0x00000000d0000000,0x00000000d5aeb038,0x00000000d6b00000)
 Metaspace       used 70032K, capacity 72110K, committed 72276K, reserved 1114112K
  class space    used 7421K, capacity 7964K, committed 8064K, reserved 1048576K

Card table byte_map: [0x0000000011c90000,0x0000000011e20000] byte_map_base: 0x0000000011610000

Marking Bits: (ParMarkBitMap*) 0x00000000591b13b0
 Begin Bits: [0x0000000012320000, 0x0000000012f20000)
 End Bits:   [0x0000000012f20000, 0x0000000013b20000)

Polling page: 0x00000000022e0000

CodeCache: size=245760Kb used=23572Kb max_used=23572Kb free=222187Kb
 bounds [0x00000000028d0000, 0x0000000003ff0000, 0x00000000118d0000]
 total_blobs=7327 nmethods=6551 adapters=686
 compilation: enabled

Compilation events (10 events):
Event: 25.121 Thread 0x000000001468a000 7544       2       java.util.regex.Pattern::read (33 bytes)
Event: 25.121 Thread 0x000000001468a000 nmethod 7544 0x0000000003fe04d0 code [0x0000000003fe0640, 0x0000000003fe0808]
Event: 25.123 Thread 0x000000001468a000 7545       2       org.hibernate.service.internal.ConcurrentServiceBinding$Node::get (72 bytes)
Event: 25.124 Thread 0x000000001468a000 nmethod 7545 0x0000000003fdffd0 code [0x0000000003fe0140, 0x0000000003fe0358]
Event: 25.135 Thread 0x000000001468a000 7546       2       org.codehaus.groovy.grails.commons.metaclass.BaseApiProvider::isConstructorCallMethod (50 bytes)
Event: 25.136 Thread 0x000000001468a000 nmethod 7546 0x0000000003fdfa90 code [0x0000000003fdfc00, 0x0000000003fdfe58]
Event: 25.141 Thread 0x0000000014697000 nmethod 7498 0x0000000003fe8410 code [0x0000000003fe86a0, 0x0000000003fe9fb8]
Event: 25.141 Thread 0x0000000014697000 7547       4       groovy.lang.MetaClassImpl::findPropertyMethod (356 bytes)
Event: 25.165 Thread 0x000000001468a000 7549       2       sun.reflect.generics.factory.CoreReflectionFactory::makeTypeVariable (11 bytes)
Event: 25.165 Thread 0x000000001468a000 nmethod 7549 0x0000000003fde210 code [0x0000000003fde380, 0x0000000003fde4e8]

GC Heap History (10 events):
Event: 20.768 GC heap before
{Heap before GC invocations=65 (full 6):
 PSYoungGen      total 227840K, used 226641K [0x00000000f0000000, 0x0000000100000000, 0x0000000100000000)
  eden space 200704K, 100% used [0x00000000f0000000,0x00000000fc400000,0x00000000fc400000)
  from space 27136K, 95% used [0x00000000fe580000,0x00000000ffed4468,0x0000000100000000)
  to   space 30720K, 0% used [0x00000000fc400000,0x00000000fc400000,0x00000000fe200000)
 ParOldGen       total 93184K, used 77423K [0x00000000d0000000, 0x00000000d5b00000, 0x00000000f0000000)
  object space 93184K, 83% used [0x00000000d0000000,0x00000000d4b9bcc8,0x00000000d5b00000)
 Metaspace       used 65087K, capacity 67036K, committed 67284K, reserved 1110016K
  class space    used 6793K, capacity 7316K, committed 7424K, reserved 1048576K
Event: 20.814 GC heap after
Heap after GC invocations=65 (full 6):
 PSYoungGen      total 231424K, used 30692K [0x00000000f0000000, 0x0000000100000000, 0x0000000100000000)
  eden space 200704K, 0% used [0x00000000f0000000,0x00000000f0000000,0x00000000fc400000)
  from space 30720K, 99% used [0x00000000fc400000,0x00000000fe1f91c0,0x00000000fe200000)
  to   space 30720K, 0% used [0x00000000fe200000,0x00000000fe200000,0x0000000100000000)
 ParOldGen       total 93184K, used 79127K [0x00000000d0000000, 0x00000000d5b00000, 0x00000000f0000000)
  object space 93184K, 84% used [0x00000000d0000000,0x00000000d4d45d40,0x00000000d5b00000)
 Metaspace       used 65087K, capacity 67036K, committed 67284K, reserved 1110016K
  class space    used 6793K, capacity 7316K, committed 7424K, reserved 1048576K
}
Event: 21.730 GC heap before
{Heap before GC invocations=66 (full 6):
 PSYoungGen      total 231424K, used 230751K [0x00000000f0000000, 0x0000000100000000, 0x0000000100000000)
  eden space 200704K, 99% used [0x00000000f0000000,0x00000000fc35ed50,0x00000000fc400000)
  from space 30720K, 99% used [0x00000000fc400000,0x00000000fe1f91c0,0x00000000fe200000)
  to   space 30720K, 0% used [0x00000000fe200000,0x00000000fe200000,0x0000000100000000)
 ParOldGen       total 93184K, used 79127K [0x00000000d0000000, 0x00000000d5b00000, 0x00000000f0000000)
  object space 93184K, 84% used [0x00000000d0000000,0x00000000d4d45d40,0x00000000d5b00000)
 Metaspace       used 66217K, capacity 68168K, committed 68436K, reserved 1110016K
  class space    used 6951K, capacity 7479K, committed 7552K, reserved 1048576K
Event: 21.767 GC heap after
Heap after GC invocations=66 (full 6):
 PSYoungGen      total 217088K, used 28429K [0x00000000f0000000, 0x0000000100000000, 0x0000000100000000)
  eden space 186368K, 0% used [0x00000000f0000000,0x00000000f0000000,0x00000000fb600000)
  from space 30720K, 92% used [0x00000000fe200000,0x00000000ffdc3470,0x0000000100000000)
  to   space 37888K, 0% used [0x00000000fb600000,0x00000000fb600000,0x00000000fdb00000)
 ParOldGen       total 93184K, used 86509K [0x00000000d0000000, 0x00000000d5b00000, 0x00000000f0000000)
  object space 93184K, 92% used [0x00000000d0000000,0x00000000d547b6e8,0x00000000d5b00000)
 Metaspace       used 66217K, capacity 68168K, committed 68436K, reserved 1110016K
  class space    used 6951K, capacity 7479K, committed 7552K, reserved 1048576K
}
Event: 21.767 GC heap before
{Heap before GC invocations=67 (full 7):
 PSYoungGen      total 217088K, used 28429K [0x00000000f0000000, 0x0000000100000000, 0x0000000100000000)
  eden space 186368K, 0% used [0x00000000f0000000,0x00000000f0000000,0x00000000fb600000)
  from space 30720K, 92% used [0x00000000fe200000,0x00000000ffdc3470,0x0000000100000000)
  to   space 37888K, 0% used [0x00000000fb600000,0x00000000fb600000,0x00000000fdb00000)
 ParOldGen       total 93184K, used 86509K [0x00000000d0000000, 0x00000000d5b00000, 0x00000000f0000000)
  object space 93184K, 92% used [0x00000000d0000000,0x00000000d547b6e8,0x00000000d5b00000)
 Metaspace       used 66217K, capacity 68168K, committed 68436K, reserved 1110016K
  class space    used 6951K, capacity 7479K, committed 7552K, reserved 1048576K
Event: 22.331 GC heap after
Heap after GC invocations=67 (full 7):
 PSYoungGen      total 217088K, used 20483K [0x00000000f0000000, 0x0000000100000000, 0x0000000100000000)
  eden space 186368K, 0% used [0x00000000f0000000,0x00000000f0000000,0x00000000fb600000)
  from space 30720K, 66% used [0x00000000fe200000,0x00000000ff600ef0,0x0000000100000000)
  to   space 37888K, 0% used [0x00000000fb600000,0x00000000fb600000,0x00000000fdb00000)
 ParOldGen       total 109568K, used 93092K [0x00000000d0000000, 0x00000000d6b00000, 0x00000000f0000000)
  object space 109568K, 84% used [0x00000000d0000000,0x00000000d5ae9038,0x00000000d6b00000)
 Metaspace       used 66217K, capacity 68168K, committed 68436K, reserved 1110016K
  class space    used 6951K, capacity 7479K, committed 7552K, reserved 1048576K
}
Event: 23.660 GC heap before
{Heap before GC invocations=68 (full 7):
 PSYoungGen      total 217088K, used 206851K [0x00000000f0000000, 0x0000000100000000, 0x0000000100000000)
  eden space 186368K, 100% used [0x00000000f0000000,0x00000000fb600000,0x00000000fb600000)
  from space 30720K, 66% used [0x00000000fe200000,0x00000000ff600ef0,0x0000000100000000)
  to   space 37888K, 0% used [0x00000000fb600000,0x00000000fb600000,0x00000000fdb00000)
 ParOldGen       total 109568K, used 93092K [0x00000000d0000000, 0x00000000d6b00000, 0x00000000f0000000)
  object space 109568K, 84% used [0x00000000d0000000,0x00000000d5ae9038,0x00000000d6b00000)
 Metaspace       used 67472K, capacity 69454K, committed 69716K, reserved 1112064K
  class space    used 7033K, capacity 7544K, committed 7552K, reserved 1048576K
Event: 23.701 GC heap after
Heap after GC invocations=68 (full 7):
 PSYoungGen      total 213504K, used 26789K [0x00000000f0000000, 0x0000000100000000, 0x0000000100000000)
  eden space 186368K, 0% used [0x00000000f0000000,0x00000000f0000000,0x00000000fb600000)
  from space 27136K, 98% used [0x00000000fb600000,0x00000000fd0296d8,0x00000000fd080000)
  to   space 39424K, 0% used [0x00000000fd980000,0x00000000fd980000,0x0000000100000000)
 ParOldGen       total 109568K, used 93100K [0x00000000d0000000, 0x00000000d6b00000, 0x00000000f0000000)
  object space 109568K, 84% used [0x00000000d0000000,0x00000000d5aeb038,0x00000000d6b00000)
 Metaspace       used 67472K, capacity 69454K, committed 69716K, reserved 1112064K
  class space    used 7033K, capacity 7544K, committed 7552K, reserved 1048576K
}
Event: 24.429 GC heap before
{Heap before GC invocations=69 (full 7):
 PSYoungGen      total 213504K, used 213157K [0x00000000f0000000, 0x0000000100000000, 0x0000000100000000)
  eden space 186368K, 100% used [0x00000000f0000000,0x00000000fb600000,0x00000000fb600000)
  from space 27136K, 98% used [0x00000000fb600000,0x00000000fd0296d8,0x00000000fd080000)
  to   space 39424K, 0% used [0x00000000fd980000,0x00000000fd980000,0x0000000100000000)
 ParOldGen       total 109568K, used 93100K [0x00000000d0000000, 0x00000000d6b00000, 0x00000000f0000000)
  object space 109568K, 84% used [0x00000000d0000000,0x00000000d5aeb038,0x00000000d6b00000)
 Metaspace       used 69075K, capacity 71000K, committed 71252K, reserved 1112064K
  class space    used 7271K, capacity 7775K, committed 7808K, reserved 1048576K
Event: 24.470 GC heap after
Heap after GC invocations=69 (full 7):
 PSYoungGen      total 216576K, used 33093K [0x00000000f0000000, 0x0000000100000000, 0x0000000100000000)
  eden space 177152K, 0% used [0x00000000f0000000,0x00000000f0000000,0x00000000fad00000)
  from space 39424K, 83% used [0x00000000fd980000,0x00000000ff9d1498,0x0000000100000000)
  to   space 42496K, 0% used [0x00000000fad00000,0x00000000fad00000,0x00000000fd680000)
 ParOldGen       total 109568K, used 93100K [0x00000000d0000000, 0x00000000d6b00000, 0x00000000f0000000)
  object space 109568K, 84% used [0x00000000d0000000,0x00000000d5aeb038,0x00000000d6b00000)
 Metaspace       used 69075K, capacity 71000K, committed 71252K, reserved 1112064K
  class space    used 7271K, capacity 7775K, committed 7808K, reserved 1048576K
}

Deoptimization events (10 events):
Event: 23.199 Thread 0x0000000019cbe800 Uncommon trap: reason=unreached action=reinterpret pc=0x00000000037f3a04 method=org.codehaus.groovy.runtime.metaclass.MetaMethodIndex.getMethods(Ljava/lang/Class;Ljava/lang/String;)Lorg/codehaus/groovy/runtime/metaclass/MetaMethodIndex$Entry; @ 61
Event: 23.332 Thread 0x0000000019cbe800 Uncommon trap: reason=null_check action=make_not_entrant pc=0x0000000002ac33e4 method=org.springframework.util.ReflectionUtils.getDeclaredMethods(Ljava/lang/Class;)[Ljava/lang/reflect/Method; @ 9
Event: 24.105 Thread 0x0000000019cbe800 Uncommon trap: reason=unloaded action=reinterpret pc=0x0000000002d83d7c method=org.springframework.core.BridgeMethodResolver.findBridgedMethod(Ljava/lang/reflect/Method;)Ljava/lang/reflect/Method; @ 13
Event: 24.278 Thread 0x0000000019cbe800 Uncommon trap: reason=unreached action=reinterpret pc=0x0000000002d73dac method=org.springframework.util.ObjectUtils.nullSafeEquals(Ljava/lang/Object;Ljava/lang/Object;)Z @ 8
Event: 24.741 Thread 0x0000000019cbe800 Uncommon trap: reason=unreached action=reinterpret pc=0x0000000003055b1c method=groovy.lang.ExpandoMetaClass.hasOverrideGetProperty(Ljava/lang/String;)Z @ 4
Event: 24.859 Thread 0x0000000019cbe800 Uncommon trap: reason=class_check action=maybe_recompile pc=0x0000000003d72210 method=sun.reflect.generics.factory.CoreReflectionFactory.findTypeVariable(Ljava/lang/String;)Ljava/lang/reflect/TypeVariable; @ 5
Event: 24.859 Thread 0x0000000019cbe800 Uncommon trap: reason=class_check action=maybe_recompile pc=0x0000000003d72210 method=sun.reflect.generics.factory.CoreReflectionFactory.findTypeVariable(Ljava/lang/String;)Ljava/lang/reflect/TypeVariable; @ 5
Event: 24.861 Thread 0x0000000019cbe800 Uncommon trap: reason=class_check action=maybe_recompile pc=0x0000000003d72210 method=sun.reflect.generics.factory.CoreReflectionFactory.findTypeVariable(Ljava/lang/String;)Ljava/lang/reflect/TypeVariable; @ 5
Event: 24.868 Thread 0x0000000019cbe800 Uncommon trap: reason=unreached action=reinterpret pc=0x00000000039512a8 method=org.codehaus.groovy.runtime.metaclass.MetaMethodIndex.isNonRealMethod(Lgroovy/lang/MetaMethod;)Z @ 32
Event: 24.993 Thread 0x0000000019cbe800 Uncommon trap: reason=class_check action=maybe_recompile pc=0x0000000003d72210 method=sun.reflect.generics.factory.CoreReflectionFactory.findTypeVariable(Ljava/lang/String;)Ljava/lang/reflect/TypeVariable; @ 5

Internal exceptions (10 events):
Event: 25.163 Thread 0x0000000019cbe800 Exception <a 'java/security/PrivilegedActionException'> (0x00000000fa70bc70) thrown at [D:\re\workspace\8-2-build-windows-amd64-cygwin\jdk8u5\2488\hotspot\src\share\vm\prims\jvm.cpp, line 1248]
Event: 25.163 Thread 0x0000000019cbe800 Exception <a 'java/lang/ClassNotFoundException': org/grails/datastore/mapping/reflect/ClassPropertyFetcherBeanInfo> (0x00000000fa70cba8) thrown at [D:\re\workspace\8-2-build-windows-amd64-cygwin\jdk8u5\2488\hotspot\src\share\vm\classfile\systemDictionary.cÑè£³)9@
Event: 25.163 Thread 0x0000000019cbe800 Exception <a 'java/security/PrivilegedActionException'> (0x00000000fa70de08) thrown at [D:\re\workspace\8-2-build-windows-amd64-cygwin\jdk8u5\2488\hotspot\src\share\vm\prims\jvm.cpp, line 1248]
Event: 25.163 Thread 0x0000000019cbe800 Exception <a 'java/security/PrivilegedActionException'> (0x00000000fa7126d8) thrown at [D:\re\workspace\8-2-build-windows-amd64-cygwin\jdk8u5\2488\hotspot\src\share\vm\prims\jvm.cpp, line 1248]
Event: 25.163 Thread 0x0000000019cbe800 Exception <a 'java/security/PrivilegedActionException'> (0x00000000fa723d18) thrown at [D:\re\workspace\8-2-build-windows-amd64-cygwin\jdk8u5\2488\hotspot\src\share\vm\prims\jvm.cpp, line 1248]
Event: 25.164 Thread 0x0000000019cbe800 Exception <a 'java/security/PrivilegedActionException'> (0x00000000fa739938) thrown at [D:\re\workspace\8-2-build-windows-amd64-cygwin\jdk8u5\2488\hotspot\src\share\vm\prims\jvm.cpp, line 1248]
Event: 25.164 Thread 0x0000000019cbe800 Exception <a 'java/security/PrivilegedActionException'> (0x00000000fa73e208) thrown at [D:\re\workspace\8-2-build-windows-amd64-cygwin\jdk8u5\2488\hotspot\src\share\vm\prims\jvm.cpp, line 1248]
Event: 25.164 Thread 0x0000000019cbe800 Exception <a 'java/security/PrivilegedActionException'> (0x00000000fa74f848) thrown at [D:\re\workspace\8-2-build-windows-amd64-cygwin\jdk8u5\2488\hotspot\src\share\vm\prims\jvm.cpp, line 1248]
Event: 25.165 Thread 0x0000000019cbe800 Exception <a 'java/security/PrivilegedActionException'> (0x00000000fa775b48) thrown at [D:\re\workspace\8-2-build-windows-amd64-cygwin\jdk8u5\2488\hotspot\src\share\vm\prims\jvm.cpp, line 1248]
Event: 25.165 Thread 0x0000000019cbe800 Exception <a 'java/lang/ClassNotFoundException': org/grails/datastore/mapping/reflect/ClassPropertyFetcherCustomizer> (0x00000000fa776a80) thrown at [D:\re\workspace\8-2-build-windows-amd64-cygwin\jdk8u5\2488\hotspot\src\share\vm\classfile\systemDictionaryä´ÍK¨)9@

Events (10 events):
Event: 25.162 loading class org/grails/datastore/mapping/reflect/ClassPropertyFetcherBeanInfo
Event: 25.162 loading class org/grails/datastore/mapping/reflect/ClassPropertyFetcherBeanInfo done
Event: 25.163 loading class org/grails/datastore/mapping/reflect/ClassPropertyFetcherBeanInfo
Event: 25.163 loading class org/grails/datastore/mapping/reflect/ClassPropertyFetcherBeanInfo done
Event: 25.163 loading class org/grails/datastore/mapping/reflect/ClassPropertyFetcherCustomizer
Event: 25.163 loading class org/grails/datastore/mapping/reflect/ClassPropertyFetcherCustomizer done
Event: 25.164 loading class org/grails/datastore/mapping/reflect/ClassPropertyFetcherCustomizer
Event: 25.164 loading class org/grails/datastore/mapping/reflect/ClassPropertyFetcherCustomizer done
Event: 25.165 loading class org/grails/datastore/mapping/reflect/ClassPropertyFetcherCustomizer
Event: 25.165 loading class org/grails/datastore/mapping/reflect/ClassPropertyFetcherCustomizer done


Dynamic libraries:
0x00007ff755d50000 - 0x00007ff755d84000 	C:\Program Files\Java\jdk1.8.0_05\bin\java.exe
0x00007fff30ac0000 - 0x00007fff30c91000 	C:\WINDOWS\SYSTEM32\ntdll.dll
0x00007fff2e620000 - 0x00007fff2e6cb000 	C:\WINDOWS\System32\KERNEL32.DLL
0x00007fff2d2d0000 - 0x00007fff2d4ed000 	C:\WINDOWS\System32\KERNELBASE.dll
0x00007fff2e230000 - 0x00007fff2e2d2000 	C:\WINDOWS\System32\ADVAPI32.dll
0x00007fff2f2b0000 - 0x00007fff2f34e000 	C:\WINDOWS\System32\msvcrt.dll
0x00007fff2e3e0000 - 0x00007fff2e439000 	C:\WINDOWS\System32\sechost.dll
0x00007fff2ef30000 - 0x00007fff2f051000 	C:\WINDOWS\System32\RPCRT4.dll
0x00007fff2f140000 - 0x00007fff2f2a5000 	C:\WINDOWS\System32\USER32.dll
0x00007fff2d4f0000 - 0x00007fff2d50e000 	C:\WINDOWS\System32\win32u.dll
0x00007fff2e1f0000 - 0x00007fff2e224000 	C:\WINDOWS\System32\GDI32.dll
0x00007fff2d770000 - 0x00007fff2d8f2000 	C:\WINDOWS\System32\gdi32full.dll
0x00007fff21e90000 - 0x00007fff2210a000 	C:\WINDOWS\WinSxS\amd64_microsoft.windows.common-controls_6595b64144ccf1df_6.0.14393.953_none_42151e83c686086b\COMCTL32.dll
0x00007fff2ec60000 - 0x00007fff2ef28000 	C:\WINDOWS\System32\combase.dll
0x00007fff2d5c0000 - 0x00007fff2d6b5000 	C:\WINDOWS\System32\ucrtbase.dll
0x00007fff2dfe0000 - 0x00007fff2e04a000 	C:\WINDOWS\System32\bcryptPrimitives.dll
0x00007fff2f100000 - 0x00007fff2f12e000 	C:\WINDOWS\System32\IMM32.DLL
0x0000000059230000 - 0x0000000059302000 	C:\Program Files\Java\jdk1.8.0_05\jre\bin\msvcr100.dll
0x0000000058a00000 - 0x000000005922a000 	C:\Program Files\Java\jdk1.8.0_05\jre\bin\server\jvm.dll
0x00007fff2f3e0000 - 0x00007fff2f3e8000 	C:\WINDOWS\System32\PSAPI.DLL
0x00007fff24090000 - 0x00007fff24099000 	C:\WINDOWS\SYSTEM32\WSOCK32.dll
0x00007fff293e0000 - 0x00007fff29403000 	C:\WINDOWS\SYSTEM32\WINMM.dll
0x00007fff2f530000 - 0x00007fff2f59a000 	C:\WINDOWS\System32\WS2_32.dll
0x00007fff293b0000 - 0x00007fff293db000 	C:\WINDOWS\SYSTEM32\WINMMBASE.dll
0x00007fff2d570000 - 0x00007fff2d5b2000 	C:\WINDOWS\System32\cfgmgr32.dll
0x00000000589f0000 - 0x00000000589ff000 	C:\Program Files\Java\jdk1.8.0_05\jre\bin\verify.dll
0x00000000589c0000 - 0x00000000589e8000 	C:\Program Files\Java\jdk1.8.0_05\jre\bin\java.dll
0x0000000058990000 - 0x00000000589b3000 	C:\Program Files\Java\jdk1.8.0_05\jre\bin\instrument.dll
0x0000000058970000 - 0x0000000058986000 	C:\Program Files\Java\jdk1.8.0_05\jre\bin\zip.dll
0x00007fff2f5b0000 - 0x00007fff30ab8000 	C:\WINDOWS\System32\SHELL32.dll
0x00007fff2d900000 - 0x00007fff2dfda000 	C:\WINDOWS\System32\windows.storage.dll
0x00007fff2cf50000 - 0x00007fff2cf9c000 	C:\WINDOWS\System32\powrprof.dll
0x00007fff2e500000 - 0x00007fff2e552000 	C:\WINDOWS\System32\shlwapi.dll
0x00007fff2cfa0000 - 0x00007fff2cfaf000 	C:\WINDOWS\System32\kernel.appcore.dll
0x00007fff2d6c0000 - 0x00007fff2d769000 	C:\WINDOWS\System32\shcore.dll
0x00007fff2cf20000 - 0x00007fff2cf34000 	C:\WINDOWS\System32\profapi.dll
0x00007fff2cb80000 - 0x00007fff2cb97000 	C:\WINDOWS\SYSTEM32\CRYPTSP.dll
0x00007fff2c0f0000 - 0x00007fff2c123000 	C:\WINDOWS\system32\rsaenh.dll
0x00007fff2ce60000 - 0x00007fff2ce8b000 	C:\WINDOWS\SYSTEM32\bcrypt.dll
0x00007fff2c370000 - 0x00007fff2c38f000 	C:\WINDOWS\SYSTEM32\USERENV.dll
0x00007fff2c6e0000 - 0x00007fff2c6eb000 	C:\WINDOWS\SYSTEM32\CRYPTBASE.dll
0x0000000058950000 - 0x000000005896a000 	C:\Program Files\Java\jdk1.8.0_05\jre\bin\net.dll
0x00007fff2c510000 - 0x00007fff2c56c000 	C:\WINDOWS\system32\mswsock.dll
0x00007fff2c270000 - 0x00007fff2c2a8000 	C:\WINDOWS\SYSTEM32\IPHLPAPI.DLL
0x00007fff2f5a0000 - 0x00007fff2f5a8000 	C:\WINDOWS\System32\NSI.dll
0x00007fff27c20000 - 0x00007fff27c36000 	C:\WINDOWS\SYSTEM32\dhcpcsvc6.DLL
0x00007fff27c00000 - 0x00007fff27c1a000 	C:\WINDOWS\SYSTEM32\dhcpcsvc.DLL
0x0000000058930000 - 0x0000000058941000 	C:\Program Files\Java\jdk1.8.0_05\jre\bin\nio.dll
0x00007fff18010000 - 0x00007fff1801a000 	C:\Users\Martín.Martín-PC\AppData\Local\Temp\jansi-64-343541050891521036.dll
0x00000000588e0000 - 0x00000000588ed000 	C:\Program Files\Java\jdk1.8.0_05\jre\bin\management.dll
0x00007fff2c2b0000 - 0x00007fff2c351000 	C:\WINDOWS\SYSTEM32\DNSAPI.dll
0x000000005bfe0000 - 0x000000005c006000 	C:\Program Files\Bonjour\mdnsNSP.dll
0x00007fff24100000 - 0x00007fff2410a000 	C:\Windows\System32\rasadhlp.dll
0x00007fff27ac0000 - 0x00007fff27b2a000 	C:\WINDOWS\System32\fwpuclnt.dll
0x0000000058900000 - 0x0000000058924000 	C:\Program Files\Java\jdk1.8.0_05\jre\bin\sunec.dll
0x00007fff0f7f0000 - 0x00007fff0f806000 	C:\WINDOWS\system32\napinsp.dll
0x00007fff124b0000 - 0x00007fff124ca000 	C:\WINDOWS\system32\pnrpnsp.dll
0x00007fff2a130000 - 0x00007fff2a148000 	C:\WINDOWS\system32\NLAapi.dll
0x00007fff15430000 - 0x00007fff1543e000 	C:\WINDOWS\System32\winrnr.dll
0x00007fff0f810000 - 0x00007fff0f825000 	C:\WINDOWS\System32\wshbth.dll
0x00007fff2cba0000 - 0x00007fff2cd32000 	C:\WINDOWS\SYSTEM32\dbghelp.dll

VM Arguments:
jvm_args: -Dfile.encoding=UTF-8 -Xmx768M -Xms64M -Dgrails.fork.parent.process.port=2780 -Dgrails.fork.active=true -Dgrails.build.execution.context=C:\Users\Martín.Martín-PC\AppData\Local\Temp\PFPorcino4650166162267480222grails-execution-context -Dgrails.home=C:\grails-2.4.4 -javaagent:C:\grails-2.4.4\lib\org.springframework\springloaded\jars\springloaded-1.2.1.RELEASE.jar -Xverify:none -Dspringloaded.synchronize=true -Djdk.reflect.allowGetCallerClass=true -Dspringloaded=profile=grails;cacheDir=C:\Users\Martín.Martín-PC\.grails\2.4.4 
java_command: org.grails.plugins.tomcat.fork.ForkedTomcatServer
java_class_path (initial): C:\Program Files\Java\jdk1.8.0_05\lib\tools.jar;C:\grails-2.4.4\lib\org.codehaus.groovy\groovy-all\jars\groovy-all-2.3.7.jar;C:\grails-2.4.4\lib\org.slf4j\jcl-over-slf4j\jars\jcl-over-slf4j-1.7.5.jar;C:\grails-2.4.4\lib\org.codehaus.gant\gant_groovy1.8\jars\gant_groovy1.8-1.9.6.jar;C:\grails-2.4.4\lib\org.apache.tomcat.embed\tomcat-embed-logging-log4j\jars\tomcat-embed-logging-log4j-7.0.50.jar;C:\grails-2.4.4\dist\grails-plugin-log4j-2.4.4.jar;C:\grails-2.4.4\lib\log4j\log4j\jars\log4j-1.2.17.jar;C:\grails-2.4.4\dist\grails-bootstrap-2.4.4.jar;C:\grails-2.4.4\lib\org.slf4j\slf4j-api\jars\slf4j-api-1.7.5.jar;C:\grails-2.4.4\lib\jline\jline\jars\jline-2.12.jar;C:\grails-2.4.4\lib\org.apache.ant\ant\jars\ant-1.8.4.jar;C:\grails-2.4.4\lib\org.apache.ant\ant-launcher\jars\ant-launcher-1.8.4.jar;C:\grails-2.4.4\lib\org.apache.ant\ant-trax\jars\ant-trax-1.7.1.jar;C:\grails-2.4.4\lib\org.apache.ant\ant-junit\jars\ant-junit-1.8.4.jar;C:\grails-2.4.4\lib\org.apache.ivy\ivy\jars\ivy-2.3.0.jar;C:\grails-2.4.4\lib\org.fusesource.jansi\jansi\jars\jansi-1.11.jar;C:\Users\Martín.Martín-PC\.m2\repository\org\apache\tomcat\tomcat-catalina-ant\7.0.55\tomcat-catalina-ant-7.0.55.jar;C:\Users\Martín.Martín-PC\.m2\repository\org\apache\tomcat\embed\tomcat-embed-jasper\7.0.55\tomcat-embed-jasper-7.0.55.jar;C:\Users\Martín.Martín-PC\.m2\repository\org\apache\tomcat\embed\tomcat-embed-el\7.0.55\tomcat-embed-el-7.0.55.jar;C:\Users\Martín.Martín-PC\.m2\repository\org\apache\tomcat\embed\tomcat-embed-logging-log4j\7.0.55\tomcat-embed-logging-log4j-7.0.55.jar;C:\Users\Martín.Martín-PC\.m2\repository\org\apache\tomcat\embed\tomcat-embed-websocket\7.0.55\tomcat-embed-websocket-7.0.55.jar;C:\Users\Martín.Martín-PC\.m2\repository\org\apache\tomcat\embed\tomcat-embed-core\7.0.55\tomcat-embed-core-7.0.55.jar;C:\Users\Martín.Martín-PC\.m2\repository\org\eclipse\jdt\core\compiler\ecj\3.7.2\ecj-3.7.2.jar;C:\Users\Martín.Martín-PC\IdeaProjects\PFPorcino\target\work\plugins\tom
Launcher Type: SUN_STANDARD

Environment Variables:
JAVA_HOME=C:\Program Files\Java\jdk1.8.0_05
JRE_HOME=C:\Program Files\Java\jdk1.8.0_05\jre
CLASSPATH=.;C:\Program Files\Java\jdk1.8.0_05\lib;C:\Program Files\Java\jdk1.8.0_05\jre\lib
PATH=C:\Program Files (x86)\NVIDIA Corporation\PhysX\Common;c:\windows\system32;c:\windows;c:\windows\system32\wbem;c:\windows\system32\windowspowershell\v1.0\;c:\program files (x86)\ati technologies\ati.ace\core-static;c:\program files\matlab\r2012b\runtime\win64;c:\program files\matlab\r2012b\bin;c:\program files\microsoft sql server\110\tools\binn\;c:\program files (x86)\windows kits\8.1\windows performance toolkit\;c:\program files (x86)\microsoft sdks\typescript\1.0\;c:\program files\statgraphics\statgraphics centurion xvi.ii\;c:\program files (x86)\quicktime\qtsystem\;c:\program files (x86)\amd\ati.ace\core-static;C:\WINDOWS\system32;C:\WINDOWS;C:\WINDOWS\System32\Wbem;C:\WINDOWS\System32\WindowsPowerShell\v1.0\;C:\Program Files\Microsoft SQL Server\120\Tools\Binn\;C:\Program Files\Microsoft SQL Server\Client SDK\ODBC\110\Tools\Binn\;C:\Program Files (x86)\Microsoft SQL Server\120\Tools\Binn\;C:\Program Files\Microsoft SQL Server\120\DTS\Binn\;C:\Program Files (x86)\Microsoft SQL Server\120\Tools\Binn\ManagementStudio\;C:\Program Files (x86)\Microsoft SQL Server\120\DTS\Binn\;C:\Program Files\Java\jdk1.8.0_05\bin;;C:\Users\Martín.Martín-PC\AppData\Local\Microsoft\WindowsApps
USERNAME=Martín
OS=Windows_NT
PROCESSOR_IDENTIFIER=Intel64 Family 6 Model 60 Stepping 3, GenuineIntel



---------------  S Y S T E M  ---------------

OS: Windows 8.1 , 64 bit Build 9600 

CPU:total 4 (2 cores per cpu, 2 threads per core) family 6 model 60 stepping 3, cmov, cx8, fxsr, mmx, sse, sse2, sse3, ssse3, sse4.1, sse4.2, popcnt, avx, avx2, aes, clmul, erms, ht, tsc, tscinvbit

Memory: 4k page, physical 6176556k(1620100k free), swap 8535852k(2366364k free)

vm_info: Java HotSpot(TM) 64-Bit Server VM (25.5-b02) for windows-amd64 JRE (1.8.0_05-b13), built on Mar 18 2014 01:08:39 by "java_re" with MS VC++ 10.0 (VS2010)

time: Wed May 03 19:34:42 2017
elapsed time: 25 seconds

